<?xml version="1.0" encoding="UTF-8"?>
<testsuite xmlns:xsi="http://www.w3.org/2001/XMLSchema-instance" xsi:noNamespaceSchemaLocation="https://maven.apache.org/surefire/maven-failsafe-plugin/xsd/failsafe-test-report-3.0.xsd" version="3.0" name="Class6BDD.Runner" time="42.702" tests="3" errors="0" skipped="0" failures="0">
  <properties>
    <property name="java.specification.version" value="19"/>
    <property name="sun.cpu.isalist" value="amd64"/>
    <property name="sun.jnu.encoding" value="Cp1252"/>
    <property name="java.class.path" value="C:\Users\esaug\OneDrive - advancio.com\Documents\GitHub\Final-Project---SeleniumCourse\target\test-classes;C:\Users\esaug\OneDrive - advancio.com\Documents\GitHub\Final-Project---SeleniumCourse\target\test-1.0-SNAPSHOT.jar;C:\Users\esaug\.m2\repository\net\serenity-bdd\serenity-core\3.5.1\serenity-core-3.5.1.jar;C:\Users\esaug\.m2\repository\net\serenity-bdd\serenity-model\3.5.1\serenity-model-3.5.1.jar;C:\Users\esaug\.m2\repository\org\apache\commons\commons-text\1.10.0\commons-text-1.10.0.jar;C:\Users\esaug\.m2\repository\commons-net\commons-net\3.8.0\commons-net-3.8.0.jar;C:\Users\esaug\.m2\repository\com\google\guava\guava\31.1-jre\guava-31.1-jre.jar;C:\Users\esaug\.m2\repository\com\google\guava\failureaccess\1.0.1\failureaccess-1.0.1.jar;C:\Users\esaug\.m2\repository\com\google\guava\listenablefuture\9999.0-empty-to-avoid-conflict-with-guava\listenablefuture-9999.0-empty-to-avoid-conflict-with-guava.jar;C:\Users\esaug\.m2\repository\com\google\code\findbugs\jsr305\3.0.2\jsr305-3.0.2.jar;C:\Users\esaug\.m2\repository\org\checkerframework\checker-qual\3.12.0\checker-qual-3.12.0.jar;C:\Users\esaug\.m2\repository\com\google\errorprone\error_prone_annotations\2.11.0\error_prone_annotations-2.11.0.jar;C:\Users\esaug\.m2\repository\com\google\j2objc\j2objc-annotations\1.3\j2objc-annotations-1.3.jar;C:\Users\esaug\.m2\repository\com\google\inject\guice\5.1.0\guice-5.1.0.jar;C:\Users\esaug\.m2\repository\javax\inject\javax.inject\1\javax.inject-1.jar;C:\Users\esaug\.m2\repository\aopalliance\aopalliance\1.0\aopalliance-1.0.jar;C:\Users\esaug\.m2\repository\org\jsoup\jsoup\1.14.3\jsoup-1.14.3.jar;C:\Users\esaug\.m2\repository\com\thoughtworks\xstream\xstream\1.4.19\xstream-1.4.19.jar;C:\Users\esaug\.m2\repository\io\github\x-stream\mxparser\1.2.2\mxparser-1.2.2.jar;C:\Users\esaug\.m2\repository\xmlpull\xmlpull\1.1.3.1\xmlpull-1.1.3.1.jar;C:\Users\esaug\.m2\repository\com\typesafe\config\1.4.2\config-1.4.2.jar;C:\Users\esaug\.m2\repository\org\imgscalr\imgscalr-lib\4.2\imgscalr-lib-4.2.jar;C:\Users\esaug\.m2\repository\org\awaitility\awaitility\4.2.0\awaitility-4.2.0.jar;C:\Users\esaug\.m2\repository\org\freemarker\freemarker\2.3.31\freemarker-2.3.31.jar;C:\Users\esaug\.m2\repository\io\github\classgraph\classgraph\4.8.138\classgraph-4.8.138.jar;C:\Users\esaug\.m2\repository\net\sourceforge\jexcelapi\jxl\2.6.12\jxl-2.6.12.jar;C:\Users\esaug\.m2\repository\net\bytebuddy\byte-buddy\1.12.18\byte-buddy-1.12.18.jar;C:\Users\esaug\.m2\repository\net\bytebuddy\byte-buddy-agent\1.12.18\byte-buddy-agent-1.12.18.jar;C:\Users\esaug\.m2\repository\org\objenesis\objenesis\3.1\objenesis-3.1.jar;C:\Users\esaug\.m2\repository\net\serenity-bdd\serenity-reports\3.5.1\serenity-reports-3.5.1.jar;C:\Users\esaug\.m2\repository\net\serenity-bdd\serenity-stats\3.5.1\serenity-stats-3.5.1.jar;C:\Users\esaug\.m2\repository\org\jetbrains\kotlin\kotlin-stdlib\1.7.21\kotlin-stdlib-1.7.21.jar;C:\Users\esaug\.m2\repository\org\jetbrains\kotlin\kotlin-stdlib-common\1.7.21\kotlin-stdlib-common-1.7.21.jar;C:\Users\esaug\.m2\repository\org\jetbrains\annotations\13.0\annotations-13.0.jar;C:\Users\esaug\.m2\repository\net\serenity-bdd\serenity-reports-configuration\3.5.1\serenity-reports-configuration-3.5.1.jar;C:\Users\esaug\.m2\repository\com\vladsch\flexmark\flexmark-all\0.34.30\flexmark-all-0.34.30.jar;C:\Users\esaug\.m2\repository\com\vladsch\flexmark\flexmark\0.34.30\flexmark-0.34.30.jar;C:\Users\esaug\.m2\repository\com\vladsch\flexmark\flexmark-ext-abbreviation\0.34.30\flexmark-ext-abbreviation-0.34.30.jar;C:\Users\esaug\.m2\repository\com\vladsch\flexmark\flexmark-ext-admonition\0.34.30\flexmark-ext-admonition-0.34.30.jar;C:\Users\esaug\.m2\repository\com\vladsch\flexmark\flexmark-ext-anchorlink\0.34.30\flexmark-ext-anchorlink-0.34.30.jar;C:\Users\esaug\.m2\repository\com\vladsch\flexmark\flexmark-ext-aside\0.34.30\flexmark-ext-aside-0.34.30.jar;C:\Users\esaug\.m2\repository\com\vladsch\flexmark\flexmark-ext-attributes\0.34.30\flexmark-ext-attributes-0.34.30.jar;C:\Users\esaug\.m2\repository\com\vladsch\flexmark\flexmark-ext-autolink\0.34.30\flexmark-ext-autolink-0.34.30.jar;C:\Users\esaug\.m2\repository\org\nibor\autolink\autolink\0.6.0\autolink-0.6.0.jar;C:\Users\esaug\.m2\repository\com\vladsch\flexmark\flexmark-ext-definition\0.34.30\flexmark-ext-definition-0.34.30.jar;C:\Users\esaug\.m2\repository\com\vladsch\flexmark\flexmark-ext-emoji\0.34.30\flexmark-ext-emoji-0.34.30.jar;C:\Users\esaug\.m2\repository\com\vladsch\flexmark\flexmark-ext-enumerated-reference\0.34.30\flexmark-ext-enumerated-reference-0.34.30.jar;C:\Users\esaug\.m2\repository\com\vladsch\flexmark\flexmark-ext-escaped-character\0.34.30\flexmark-ext-escaped-character-0.34.30.jar;C:\Users\esaug\.m2\repository\com\vladsch\flexmark\flexmark-ext-footnotes\0.34.30\flexmark-ext-footnotes-0.34.30.jar;C:\Users\esaug\.m2\repository\com\vladsch\flexmark\flexmark-ext-gfm-issues\0.34.30\flexmark-ext-gfm-issues-0.34.30.jar;C:\Users\esaug\.m2\repository\com\vladsch\flexmark\flexmark-ext-gfm-strikethrough\0.34.30\flexmark-ext-gfm-strikethrough-0.34.30.jar;C:\Users\esaug\.m2\repository\com\vladsch\flexmark\flexmark-ext-gfm-tables\0.34.30\flexmark-ext-gfm-tables-0.34.30.jar;C:\Users\esaug\.m2\repository\com\vladsch\flexmark\flexmark-ext-gfm-tasklist\0.34.30\flexmark-ext-gfm-tasklist-0.34.30.jar;C:\Users\esaug\.m2\repository\com\vladsch\flexmark\flexmark-ext-gfm-users\0.34.30\flexmark-ext-gfm-users-0.34.30.jar;C:\Users\esaug\.m2\repository\com\vladsch\flexmark\flexmark-ext-gitlab\0.34.30\flexmark-ext-gitlab-0.34.30.jar;C:\Users\esaug\.m2\repository\com\vladsch\flexmark\flexmark-ext-jekyll-front-matter\0.34.30\flexmark-ext-jekyll-front-matter-0.34.30.jar;C:\Users\esaug\.m2\repository\com\vladsch\flexmark\flexmark-ext-jekyll-tag\0.34.30\flexmark-ext-jekyll-tag-0.34.30.jar;C:\Users\esaug\.m2\repository\com\vladsch\flexmark\flexmark-ext-media-tags\0.34.30\flexmark-ext-media-tags-0.34.30.jar;C:\Users\esaug\.m2\repository\com\vladsch\flexmark\flexmark-test-util\0.34.30\flexmark-test-util-0.34.30.jar;C:\Users\esaug\.m2\repository\com\vladsch\flexmark\flexmark-ext-ins\0.34.30\flexmark-ext-ins-0.34.30.jar;C:\Users\esaug\.m2\repository\com\vladsch\flexmark\flexmark-ext-xwiki-macros\0.34.30\flexmark-ext-xwiki-macros-0.34.30.jar;C:\Users\esaug\.m2\repository\com\vladsch\flexmark\flexmark-ext-superscript\0.34.30\flexmark-ext-superscript-0.34.30.jar;C:\Users\esaug\.m2\repository\com\vladsch\flexmark\flexmark-ext-tables\0.34.30\flexmark-ext-tables-0.34.30.jar;C:\Users\esaug\.m2\repository\com\vladsch\flexmark\flexmark-ext-toc\0.34.30\flexmark-ext-toc-0.34.30.jar;C:\Users\esaug\.m2\repository\com\vladsch\flexmark\flexmark-ext-typographic\0.34.30\flexmark-ext-typographic-0.34.30.jar;C:\Users\esaug\.m2\repository\com\vladsch\flexmark\flexmark-ext-wikilink\0.34.30\flexmark-ext-wikilink-0.34.30.jar;C:\Users\esaug\.m2\repository\com\vladsch\flexmark\flexmark-ext-yaml-front-matter\0.34.30\flexmark-ext-yaml-front-matter-0.34.30.jar;C:\Users\esaug\.m2\repository\com\vladsch\flexmark\flexmark-ext-youtube-embedded\0.34.30\flexmark-ext-youtube-embedded-0.34.30.jar;C:\Users\esaug\.m2\repository\com\vladsch\flexmark\flexmark-formatter\0.34.30\flexmark-formatter-0.34.30.jar;C:\Users\esaug\.m2\repository\com\vladsch\flexmark\flexmark-html-parser\0.34.30\flexmark-html-parser-0.34.30.jar;C:\Users\esaug\.m2\repository\com\vladsch\flexmark\flexmark-jira-converter\0.34.30\flexmark-jira-converter-0.34.30.jar;C:\Users\esaug\.m2\repository\com\vladsch\flexmark\flexmark-pdf-converter\0.34.30\flexmark-pdf-converter-0.34.30.jar;C:\Users\esaug\.m2\repository\com\openhtmltopdf\openhtmltopdf-core\0.0.1-RC13\openhtmltopdf-core-0.0.1-RC13.jar;C:\Users\esaug\.m2\repository\com\openhtmltopdf\openhtmltopdf-pdfbox\0.0.1-RC13\openhtmltopdf-pdfbox-0.0.1-RC13.jar;C:\Users\esaug\.m2\repository\org\apache\pdfbox\pdfbox\2.0.8\pdfbox-2.0.8.jar;C:\Users\esaug\.m2\repository\org\apache\pdfbox\fontbox\2.0.8\fontbox-2.0.8.jar;C:\Users\esaug\.m2\repository\org\apache\pdfbox\xmpbox\2.0.8\xmpbox-2.0.8.jar;C:\Users\esaug\.m2\repository\de\rototor\pdfbox\graphics2d\0.12\graphics2d-0.12.jar;C:\Users\esaug\.m2\repository\com\openhtmltopdf\openhtmltopdf-rtl-support\0.0.1-RC13\openhtmltopdf-rtl-support-0.0.1-RC13.jar;C:\Users\esaug\.m2\repository\com\ibm\icu\icu4j\59.1\icu4j-59.1.jar;C:\Users\esaug\.m2\repository\com\openhtmltopdf\openhtmltopdf-jsoup-dom-converter\0.0.1-RC13\openhtmltopdf-jsoup-dom-converter-0.0.1-RC13.jar;C:\Users\esaug\.m2\repository\com\vladsch\flexmark\flexmark-profile-pegdown\0.34.30\flexmark-profile-pegdown-0.34.30.jar;C:\Users\esaug\.m2\repository\com\vladsch\flexmark\flexmark-util\0.34.30\flexmark-util-0.34.30.jar;C:\Users\esaug\.m2\repository\com\vladsch\flexmark\flexmark-youtrack-converter\0.34.30\flexmark-youtrack-converter-0.34.30.jar;C:\Users\esaug\.m2\repository\es\nitaur\markdown\txtmark\0.16\txtmark-0.16.jar;C:\Users\esaug\.m2\repository\net\serenity-bdd\serenity-report-resources\3.5.1\serenity-report-resources-3.5.1.jar;C:\Users\esaug\.m2\repository\com\google\code\gson\gson\2.9.0\gson-2.9.0.jar;C:\Users\esaug\.m2\repository\com\fasterxml\jackson\core\jackson-core\2.13.4\jackson-core-2.13.4.jar;C:\Users\esaug\.m2\repository\com\fasterxml\jackson\core\jackson-databind\2.13.4\jackson-databind-2.13.4.jar;C:\Users\esaug\.m2\repository\com\fasterxml\jackson\core\jackson-annotations\2.13.4\jackson-annotations-2.13.4.jar;C:\Users\esaug\.m2\repository\commons-codec\commons-codec\1.15\commons-codec-1.15.jar;C:\Users\esaug\.m2\repository\commons-io\commons-io\2.11.0\commons-io-2.11.0.jar;C:\Users\esaug\.m2\repository\org\apache\httpcomponents\httpclient\4.5.13\httpclient-4.5.13.jar;C:\Users\esaug\.m2\repository\org\apache\httpcomponents\httpcore\4.4.13\httpcore-4.4.13.jar;C:\Users\esaug\.m2\repository\commons-logging\commons-logging\1.2\commons-logging-1.2.jar;C:\Users\esaug\.m2\repository\org\seleniumhq\selenium\selenium-api\4.7.1\selenium-api-4.7.1.jar;C:\Users\esaug\.m2\repository\org\seleniumhq\selenium\selenium-support\4.7.1\selenium-support-4.7.1.jar;C:\Users\esaug\.m2\repository\com\google\auto\service\auto-service-annotations\1.0.1\auto-service-annotations-1.0.1.jar;C:\Users\esaug\.m2\repository\com\google\auto\service\auto-service\1.0.1\auto-service-1.0.1.jar;C:\Users\esaug\.m2\repository\com\google\auto\auto-common\1.2\auto-common-1.2.jar;C:\Users\esaug\.m2\repository\org\seleniumhq\selenium\selenium-json\4.7.1\selenium-json-4.7.1.jar;C:\Users\esaug\.m2\repository\org\seleniumhq\selenium\selenium-chrome-driver\4.7.1\selenium-chrome-driver-4.7.1.jar;C:\Users\esaug\.m2\repository\org\seleniumhq\selenium\selenium-chromium-driver\4.7.1\selenium-chromium-driver-4.7.1.jar;C:\Users\esaug\.m2\repository\org\seleniumhq\selenium\selenium-firefox-driver\4.7.1\selenium-firefox-driver-4.7.1.jar;C:\Users\esaug\.m2\repository\org\seleniumhq\selenium\selenium-http\4.7.1\selenium-http-4.7.1.jar;C:\Users\esaug\.m2\repository\dev\failsafe\failsafe\3.3.0\failsafe-3.3.0.jar;C:\Users\esaug\.m2\repository\org\seleniumhq\selenium\selenium-edge-driver\4.7.1\selenium-edge-driver-4.7.1.jar;C:\Users\esaug\.m2\repository\org\seleniumhq\selenium\selenium-ie-driver\4.7.1\selenium-ie-driver-4.7.1.jar;C:\Users\esaug\.m2\repository\org\projectlombok\lombok\1.18.20\lombok-1.18.20.jar;C:\Users\esaug\.m2\repository\io\appium\java-client\8.3.0\java-client-8.3.0.jar;C:\Users\esaug\.m2\repository\commons-validator\commons-validator\1.7\commons-validator-1.7.jar;C:\Users\esaug\.m2\repository\commons-digester\commons-digester\2.1\commons-digester-2.1.jar;C:\Users\esaug\.m2\repository\org\apache\groovy\groovy\4.0.6\groovy-4.0.6.jar;C:\Users\esaug\.m2\repository\net\sf\opencsv\opencsv\2.0\opencsv-2.0.jar;C:\Users\esaug\.m2\repository\commons-beanutils\commons-beanutils\1.9.4\commons-beanutils-1.9.4.jar;C:\Users\esaug\.m2\repository\org\apache\commons\commons-lang3\3.12.0\commons-lang3-3.12.0.jar;C:\Users\esaug\.m2\repository\commons-collections\commons-collections\3.2.2\commons-collections-3.2.2.jar;C:\Users\esaug\.m2\repository\org\fluentlenium\fluentlenium-core\0.10.2\fluentlenium-core-0.10.2.jar;C:\Users\esaug\.m2\repository\io\github\bonigarcia\webdrivermanager\5.3.0\webdrivermanager-5.3.0.jar;C:\Users\esaug\.m2\repository\com\github\docker-java\docker-java\3.2.13\docker-java-3.2.13.jar;C:\Users\esaug\.m2\repository\com\github\docker-java\docker-java-core\3.2.13\docker-java-core-3.2.13.jar;C:\Users\esaug\.m2\repository\com\github\docker-java\docker-java-api\3.2.13\docker-java-api-3.2.13.jar;C:\Users\esaug\.m2\repository\org\apache\commons\commons-compress\1.21\commons-compress-1.21.jar;C:\Users\esaug\.m2\repository\org\bouncycastle\bcpkix-jdk15on\1.64\bcpkix-jdk15on-1.64.jar;C:\Users\esaug\.m2\repository\org\bouncycastle\bcprov-jdk15on\1.64\bcprov-jdk15on-1.64.jar;C:\Users\esaug\.m2\repository\org\slf4j\jcl-over-slf4j\1.7.30\jcl-over-slf4j-1.7.30.jar;C:\Users\esaug\.m2\repository\com\github\docker-java\docker-java-transport-httpclient5\3.2.13\docker-java-transport-httpclient5-3.2.13.jar;C:\Users\esaug\.m2\repository\com\github\docker-java\docker-java-transport\3.2.13\docker-java-transport-3.2.13.jar;C:\Users\esaug\.m2\repository\net\java\dev\jna\jna\5.8.0\jna-5.8.0.jar;C:\Users\esaug\.m2\repository\org\brotli\dec\0.1.2\dec-0.1.2.jar;C:\Users\esaug\.m2\repository\org\apache\httpcomponents\client5\httpclient5\5.1.3\httpclient5-5.1.3.jar;C:\Users\esaug\.m2\repository\org\apache\httpcomponents\core5\httpcore5\5.1.3\httpcore5-5.1.3.jar;C:\Users\esaug\.m2\repository\org\apache\httpcomponents\core5\httpcore5-h2\5.1.3\httpcore5-h2-5.1.3.jar;C:\Users\esaug\.m2\repository\com\jhlabs\filters\2.0.235\filters-2.0.235.jar;C:\Users\esaug\.m2\repository\com\paulhammant\ngwebdriver\1.1.6\ngwebdriver-1.1.6.jar;C:\Users\esaug\.m2\repository\joda-time\joda-time\2.8.2\joda-time-2.8.2.jar;C:\Users\esaug\.m2\repository\org\hamcrest\hamcrest\2.2\hamcrest-2.2.jar;C:\Users\esaug\.m2\repository\com\google\jimfs\jimfs\1.2\jimfs-1.2.jar;C:\Users\esaug\.m2\repository\org\mockito\mockito-core\3.3.3\mockito-core-3.3.3.jar;C:\Users\esaug\.m2\repository\org\assertj\assertj-core\3.22.0\assertj-core-3.22.0.jar;C:\Users\esaug\.m2\repository\javax\xml\bind\jaxb-api\2.3.1\jaxb-api-2.3.1.jar;C:\Users\esaug\.m2\repository\javax\activation\javax.activation-api\1.2.0\javax.activation-api-1.2.0.jar;C:\Users\esaug\.m2\repository\com\sun\xml\bind\jaxb-core\2.3.0.1\jaxb-core-2.3.0.1.jar;C:\Users\esaug\.m2\repository\com\sun\xml\bind\jaxb-impl\2.3.3\jaxb-impl-2.3.3.jar;C:\Users\esaug\.m2\repository\jakarta\xml\bind\jakarta.xml.bind-api\2.3.3\jakarta.xml.bind-api-2.3.3.jar;C:\Users\esaug\.m2\repository\com\sun\activation\jakarta.activation\1.2.2\jakarta.activation-1.2.2.jar;C:\Users\esaug\.m2\repository\javax\activation\activation\1.1.1\activation-1.1.1.jar;C:\Users\esaug\.m2\repository\net\serenity-bdd\serenity-junit\3.5.1\serenity-junit-3.5.1.jar;C:\Users\esaug\.m2\repository\net\serenity-bdd\serenity-cucumber\3.5.1\serenity-cucumber-3.5.1.jar;C:\Users\esaug\.m2\repository\net\serenity-bdd\serenity-screenplay\3.5.1\serenity-screenplay-3.5.1.jar;C:\Users\esaug\.m2\repository\net\serenity-bdd\serenity-screenplay-webdriver\3.5.1\serenity-screenplay-webdriver-3.5.1.jar;C:\Users\esaug\.m2\repository\io\cucumber\cucumber-core\7.8.1\cucumber-core-7.8.1.jar;C:\Users\esaug\.m2\repository\io\cucumber\cucumber-gherkin\7.8.1\cucumber-gherkin-7.8.1.jar;C:\Users\esaug\.m2\repository\io\cucumber\cucumber-gherkin-messages\7.8.1\cucumber-gherkin-messages-7.8.1.jar;C:\Users\esaug\.m2\repository\io\cucumber\gherkin\24.0.0\gherkin-24.0.0.jar;C:\Users\esaug\.m2\repository\io\cucumber\messages\19.1.4\messages-19.1.4.jar;C:\Users\esaug\.m2\repository\io\cucumber\tag-expressions\4.1.0\tag-expressions-4.1.0.jar;C:\Users\esaug\.m2\repository\io\cucumber\cucumber-expressions\16.0.0\cucumber-expressions-16.0.0.jar;C:\Users\esaug\.m2\repository\io\cucumber\datatable\7.8.1\datatable-7.8.1.jar;C:\Users\esaug\.m2\repository\io\cucumber\cucumber-plugin\7.8.1\cucumber-plugin-7.8.1.jar;C:\Users\esaug\.m2\repository\io\cucumber\docstring\7.8.1\docstring-7.8.1.jar;C:\Users\esaug\.m2\repository\io\cucumber\html-formatter\20.1.0\html-formatter-20.1.0.jar;C:\Users\esaug\.m2\repository\io\cucumber\ci-environment\9.1.0\ci-environment-9.1.0.jar;C:\Users\esaug\.m2\repository\io\cucumber\cucumber-java\7.8.1\cucumber-java-7.8.1.jar;C:\Users\esaug\.m2\repository\io\cucumber\cucumber-junit\7.8.1\cucumber-junit-7.8.1.jar;C:\Users\esaug\.m2\repository\org\apiguardian\apiguardian-api\1.1.2\apiguardian-api-1.1.2.jar;C:\Users\esaug\.m2\repository\org\apache\commons\commons-csv\1.5\commons-csv-1.5.jar;C:\Users\esaug\.m2\repository\ch\qos\logback\logback-classic\1.4.5\logback-classic-1.4.5.jar;C:\Users\esaug\.m2\repository\ch\qos\logback\logback-core\1.4.5\logback-core-1.4.5.jar;C:\Users\esaug\.m2\repository\org\slf4j\slf4j-api\2.0.4\slf4j-api-2.0.4.jar;C:\Users\esaug\.m2\repository\org\apache\maven\plugins\maven-failsafe-plugin\3.0.0-M8\maven-failsafe-plugin-3.0.0-M8.jar;C:\Users\esaug\.m2\repository\org\apache\maven\surefire\maven-surefire-common\3.0.0-M8\maven-surefire-common-3.0.0-M8.jar;C:\Users\esaug\.m2\repository\org\apache\maven\surefire\surefire-api\3.0.0-M8\surefire-api-3.0.0-M8.jar;C:\Users\esaug\.m2\repository\org\apache\maven\surefire\surefire-logger-api\3.0.0-M8\surefire-logger-api-3.0.0-M8.jar;C:\Users\esaug\.m2\repository\org\apache\maven\surefire\surefire-extensions-api\3.0.0-M8\surefire-extensions-api-3.0.0-M8.jar;C:\Users\esaug\.m2\repository\org\apache\maven\surefire\surefire-booter\3.0.0-M8\surefire-booter-3.0.0-M8.jar;C:\Users\esaug\.m2\repository\org\apache\maven\surefire\surefire-extensions-spi\3.0.0-M8\surefire-extensions-spi-3.0.0-M8.jar;C:\Users\esaug\.m2\repository\org\apache\maven\shared\maven-common-artifact-filters\3.1.1\maven-common-artifact-filters-3.1.1.jar;C:\Users\esaug\.m2\repository\org\apache\maven\maven-artifact\3.1.0\maven-artifact-3.1.0.jar;C:\Users\esaug\.m2\repository\org\codehaus\plexus\plexus-utils\3.0.10\plexus-utils-3.0.10.jar;C:\Users\esaug\.m2\repository\org\apache\maven\maven-core\3.1.0\maven-core-3.1.0.jar;C:\Users\esaug\.m2\repository\org\apache\maven\maven-settings\3.1.0\maven-settings-3.1.0.jar;C:\Users\esaug\.m2\repository\org\apache\maven\maven-settings-builder\3.1.0\maven-settings-builder-3.1.0.jar;C:\Users\esaug\.m2\repository\org\apache\maven\maven-repository-metadata\3.1.0\maven-repository-metadata-3.1.0.jar;C:\Users\esaug\.m2\repository\org\apache\maven\maven-model-builder\3.1.0\maven-model-builder-3.1.0.jar;C:\Users\esaug\.m2\repository\org\apache\maven\maven-aether-provider\3.1.0\maven-aether-provider-3.1.0.jar;C:\Users\esaug\.m2\repository\org\eclipse\aether\aether-spi\0.9.0.M2\aether-spi-0.9.0.M2.jar;C:\Users\esaug\.m2\repository\org\eclipse\aether\aether-impl\0.9.0.M2\aether-impl-0.9.0.M2.jar;C:\Users\esaug\.m2\repository\org\eclipse\aether\aether-api\0.9.0.M2\aether-api-0.9.0.M2.jar;C:\Users\esaug\.m2\repository\org\eclipse\aether\aether-util\0.9.0.M2\aether-util-0.9.0.M2.jar;C:\Users\esaug\.m2\repository\org\eclipse\sisu\org.eclipse.sisu.plexus\0.0.0.M2a\org.eclipse.sisu.plexus-0.0.0.M2a.jar;C:\Users\esaug\.m2\repository\javax\enterprise\cdi-api\1.0\cdi-api-1.0.jar;C:\Users\esaug\.m2\repository\javax\annotation\jsr250-api\1.0\jsr250-api-1.0.jar;C:\Users\esaug\.m2\repository\org\sonatype\sisu\sisu-guice\3.1.0\sisu-guice-3.1.0-no_aop.jar;C:\Users\esaug\.m2\repository\org\eclipse\sisu\org.eclipse.sisu.inject\0.0.0.M2a\org.eclipse.sisu.inject-0.0.0.M2a.jar;C:\Users\esaug\.m2\repository\asm\asm\3.3.1\asm-3.3.1.jar;C:\Users\esaug\.m2\repository\org\codehaus\plexus\plexus-interpolation\1.16\plexus-interpolation-1.16.jar;C:\Users\esaug\.m2\repository\org\codehaus\plexus\plexus-classworlds\2.4.2\plexus-classworlds-2.4.2.jar;C:\Users\esaug\.m2\repository\org\codehaus\plexus\plexus-component-annotations\1.5.5\plexus-component-annotations-1.5.5.jar;C:\Users\esaug\.m2\repository\org\sonatype\plexus\plexus-sec-dispatcher\1.3\plexus-sec-dispatcher-1.3.jar;C:\Users\esaug\.m2\repository\org\sonatype\plexus\plexus-cipher\1.4\plexus-cipher-1.4.jar;C:\Users\esaug\.m2\repository\org\apache\maven\maven-plugin-api\3.1.0\maven-plugin-api-3.1.0.jar;C:\Users\esaug\.m2\repository\org\codehaus\plexus\plexus-java\1.1.2\plexus-java-1.1.2.jar;C:\Users\esaug\.m2\repository\org\ow2\asm\asm\9.4\asm-9.4.jar;C:\Users\esaug\.m2\repository\com\thoughtworks\qdox\qdox\2.0.3\qdox-2.0.3.jar;C:\Users\esaug\.m2\repository\org\apache\maven\surefire\surefire-shared-utils\3.0.0-M8\surefire-shared-utils-3.0.0-M8.jar;C:\Users\esaug\.m2\repository\org\seleniumhq\selenium\selenium-java\4.7.2\selenium-java-4.7.2.jar;C:\Users\esaug\.m2\repository\org\seleniumhq\selenium\selenium-devtools-v106\4.7.2\selenium-devtools-v106-4.7.2.jar;C:\Users\esaug\.m2\repository\org\seleniumhq\selenium\selenium-devtools-v107\4.7.2\selenium-devtools-v107-4.7.2.jar;C:\Users\esaug\.m2\repository\org\seleniumhq\selenium\selenium-devtools-v108\4.7.2\selenium-devtools-v108-4.7.2.jar;C:\Users\esaug\.m2\repository\org\seleniumhq\selenium\selenium-devtools-v85\4.7.2\selenium-devtools-v85-4.7.2.jar;C:\Users\esaug\.m2\repository\org\seleniumhq\selenium\selenium-remote-driver\4.7.2\selenium-remote-driver-4.7.2.jar;C:\Users\esaug\.m2\repository\com\beust\jcommander\1.82\jcommander-1.82.jar;C:\Users\esaug\.m2\repository\io\netty\netty-buffer\4.1.84.Final\netty-buffer-4.1.84.Final.jar;C:\Users\esaug\.m2\repository\io\netty\netty-codec-http\4.1.84.Final\netty-codec-http-4.1.84.Final.jar;C:\Users\esaug\.m2\repository\io\netty\netty-codec\4.1.84.Final\netty-codec-4.1.84.Final.jar;C:\Users\esaug\.m2\repository\io\netty\netty-handler\4.1.84.Final\netty-handler-4.1.84.Final.jar;C:\Users\esaug\.m2\repository\io\netty\netty-common\4.1.84.Final\netty-common-4.1.84.Final.jar;C:\Users\esaug\.m2\repository\io\netty\netty-transport-classes-epoll\4.1.84.Final\netty-transport-classes-epoll-4.1.84.Final.jar;C:\Users\esaug\.m2\repository\io\netty\netty-transport-classes-kqueue\4.1.84.Final\netty-transport-classes-kqueue-4.1.84.Final.jar;C:\Users\esaug\.m2\repository\io\netty\netty-transport-native-epoll\4.1.84.Final\netty-transport-native-epoll-4.1.84.Final.jar;C:\Users\esaug\.m2\repository\io\netty\netty-transport-native-kqueue\4.1.84.Final\netty-transport-native-kqueue-4.1.84.Final.jar;C:\Users\esaug\.m2\repository\io\netty\netty-transport-native-unix-common\4.1.84.Final\netty-transport-native-unix-common-4.1.84.Final.jar;C:\Users\esaug\.m2\repository\io\netty\netty-transport\4.1.84.Final\netty-transport-4.1.84.Final.jar;C:\Users\esaug\.m2\repository\io\netty\netty-resolver\4.1.84.Final\netty-resolver-4.1.84.Final.jar;C:\Users\esaug\.m2\repository\io\opentelemetry\opentelemetry-api\1.19.0\opentelemetry-api-1.19.0.jar;C:\Users\esaug\.m2\repository\io\opentelemetry\opentelemetry-context\1.19.0\opentelemetry-context-1.19.0.jar;C:\Users\esaug\.m2\repository\io\opentelemetry\opentelemetry-exporter-logging\1.19.0\opentelemetry-exporter-logging-1.19.0.jar;C:\Users\esaug\.m2\repository\io\opentelemetry\opentelemetry-sdk-metrics\1.19.0\opentelemetry-sdk-metrics-1.19.0.jar;C:\Users\esaug\.m2\repository\io\opentelemetry\opentelemetry-sdk-logs\1.19.0-alpha\opentelemetry-sdk-logs-1.19.0-alpha.jar;C:\Users\esaug\.m2\repository\io\opentelemetry\opentelemetry-api-logs\1.19.0-alpha\opentelemetry-api-logs-1.19.0-alpha.jar;C:\Users\esaug\.m2\repository\io\opentelemetry\opentelemetry-sdk-common\1.19.0\opentelemetry-sdk-common-1.19.0.jar;C:\Users\esaug\.m2\repository\io\opentelemetry\opentelemetry-sdk-extension-autoconfigure-spi\1.19.0\opentelemetry-sdk-extension-autoconfigure-spi-1.19.0.jar;C:\Users\esaug\.m2\repository\io\opentelemetry\opentelemetry-sdk-extension-autoconfigure\1.19.0-alpha\opentelemetry-sdk-extension-autoconfigure-1.19.0-alpha.jar;C:\Users\esaug\.m2\repository\io\opentelemetry\opentelemetry-exporter-common\1.19.0\opentelemetry-exporter-common-1.19.0.jar;C:\Users\esaug\.m2\repository\io\opentelemetry\opentelemetry-sdk-trace\1.19.0\opentelemetry-sdk-trace-1.19.0.jar;C:\Users\esaug\.m2\repository\io\opentelemetry\opentelemetry-sdk\1.19.0\opentelemetry-sdk-1.19.0.jar;C:\Users\esaug\.m2\repository\io\opentelemetry\opentelemetry-semconv\1.19.0-alpha\opentelemetry-semconv-1.19.0-alpha.jar;C:\Users\esaug\.m2\repository\io\ous\jtoml\2.0.0\jtoml-2.0.0.jar;C:\Users\esaug\.m2\repository\org\apache\commons\commons-exec\1.3\commons-exec-1.3.jar;C:\Users\esaug\.m2\repository\org\asynchttpclient\async-http-client\2.12.3\async-http-client-2.12.3.jar;C:\Users\esaug\.m2\repository\org\asynchttpclient\async-http-client-netty-utils\2.12.3\async-http-client-netty-utils-2.12.3.jar;C:\Users\esaug\.m2\repository\io\netty\netty-codec-socks\4.1.60.Final\netty-codec-socks-4.1.60.Final.jar;C:\Users\esaug\.m2\repository\io\netty\netty-handler-proxy\4.1.60.Final\netty-handler-proxy-4.1.60.Final.jar;C:\Users\esaug\.m2\repository\io\netty\netty-transport-native-epoll\4.1.60.Final\netty-transport-native-epoll-4.1.60.Final-linux-x86_64.jar;C:\Users\esaug\.m2\repository\io\netty\netty-transport-native-kqueue\4.1.60.Final\netty-transport-native-kqueue-4.1.60.Final-osx-x86_64.jar;C:\Users\esaug\.m2\repository\org\reactivestreams\reactive-streams\1.0.3\reactive-streams-1.0.3.jar;C:\Users\esaug\.m2\repository\com\typesafe\netty\netty-reactive-streams\2.0.4\netty-reactive-streams-2.0.4.jar;C:\Users\esaug\.m2\repository\org\seleniumhq\selenium\selenium-manager\4.7.2\selenium-manager-4.7.2.jar;C:\Users\esaug\.m2\repository\org\seleniumhq\selenium\selenium-safari-driver\4.7.2\selenium-safari-driver-4.7.2.jar;C:\Users\esaug\.m2\repository\junit\junit\4.13.2\junit-4.13.2.jar;C:\Users\esaug\.m2\repository\org\hamcrest\hamcrest-core\1.3\hamcrest-core-1.3.jar;"/>
    <property name="java.vm.vendor" value="Oracle Corporation"/>
    <property name="sun.arch.data.model" value="64"/>
    <property name="user.variant" value=""/>
    <property name="java.vendor.url" value="https://java.oracle.com/"/>
    <property name="user.timezone" value="America/Tijuana"/>
    <property name="os.name" value="Windows 10"/>
    <property name="java.vm.specification.version" value="19"/>
    <property name="sun.java.launcher" value="SUN_STANDARD"/>
    <property name="user.country" value="US"/>
    <property name="sun.boot.library.path" value="C:\Users\esaug\.jdks\openjdk-19.0.1\bin"/>
    <property name="sun.java.command" value="C:\Users\esaug\AppData\Local\Temp\surefire13269854955938274610\surefirebooter-20230227111548978_3.jar C:\Users\esaug\AppData\Local\Temp\surefire13269854955938274610 2023-02-27T11-15-48_744-jvmRun1 surefire-20230227111548978_1tmp surefire_0-20230227111548978_2tmp"/>
    <property name="webdriver.driver" value="chrome"/>
    <property name="jdk.debug" value="release"/>
    <property name="surefire.test.class.path" value="C:\Users\esaug\OneDrive - advancio.com\Documents\GitHub\Final-Project---SeleniumCourse\target\test-classes;C:\Users\esaug\OneDrive - advancio.com\Documents\GitHub\Final-Project---SeleniumCourse\target\test-1.0-SNAPSHOT.jar;C:\Users\esaug\.m2\repository\net\serenity-bdd\serenity-core\3.5.1\serenity-core-3.5.1.jar;C:\Users\esaug\.m2\repository\net\serenity-bdd\serenity-model\3.5.1\serenity-model-3.5.1.jar;C:\Users\esaug\.m2\repository\org\apache\commons\commons-text\1.10.0\commons-text-1.10.0.jar;C:\Users\esaug\.m2\repository\commons-net\commons-net\3.8.0\commons-net-3.8.0.jar;C:\Users\esaug\.m2\repository\com\google\guava\guava\31.1-jre\guava-31.1-jre.jar;C:\Users\esaug\.m2\repository\com\google\guava\failureaccess\1.0.1\failureaccess-1.0.1.jar;C:\Users\esaug\.m2\repository\com\google\guava\listenablefuture\9999.0-empty-to-avoid-conflict-with-guava\listenablefuture-9999.0-empty-to-avoid-conflict-with-guava.jar;C:\Users\esaug\.m2\repository\com\google\code\findbugs\jsr305\3.0.2\jsr305-3.0.2.jar;C:\Users\esaug\.m2\repository\org\checkerframework\checker-qual\3.12.0\checker-qual-3.12.0.jar;C:\Users\esaug\.m2\repository\com\google\errorprone\error_prone_annotations\2.11.0\error_prone_annotations-2.11.0.jar;C:\Users\esaug\.m2\repository\com\google\j2objc\j2objc-annotations\1.3\j2objc-annotations-1.3.jar;C:\Users\esaug\.m2\repository\com\google\inject\guice\5.1.0\guice-5.1.0.jar;C:\Users\esaug\.m2\repository\javax\inject\javax.inject\1\javax.inject-1.jar;C:\Users\esaug\.m2\repository\aopalliance\aopalliance\1.0\aopalliance-1.0.jar;C:\Users\esaug\.m2\repository\org\jsoup\jsoup\1.14.3\jsoup-1.14.3.jar;C:\Users\esaug\.m2\repository\com\thoughtworks\xstream\xstream\1.4.19\xstream-1.4.19.jar;C:\Users\esaug\.m2\repository\io\github\x-stream\mxparser\1.2.2\mxparser-1.2.2.jar;C:\Users\esaug\.m2\repository\xmlpull\xmlpull\1.1.3.1\xmlpull-1.1.3.1.jar;C:\Users\esaug\.m2\repository\com\typesafe\config\1.4.2\config-1.4.2.jar;C:\Users\esaug\.m2\repository\org\imgscalr\imgscalr-lib\4.2\imgscalr-lib-4.2.jar;C:\Users\esaug\.m2\repository\org\awaitility\awaitility\4.2.0\awaitility-4.2.0.jar;C:\Users\esaug\.m2\repository\org\freemarker\freemarker\2.3.31\freemarker-2.3.31.jar;C:\Users\esaug\.m2\repository\io\github\classgraph\classgraph\4.8.138\classgraph-4.8.138.jar;C:\Users\esaug\.m2\repository\net\sourceforge\jexcelapi\jxl\2.6.12\jxl-2.6.12.jar;C:\Users\esaug\.m2\repository\net\bytebuddy\byte-buddy\1.12.18\byte-buddy-1.12.18.jar;C:\Users\esaug\.m2\repository\net\bytebuddy\byte-buddy-agent\1.12.18\byte-buddy-agent-1.12.18.jar;C:\Users\esaug\.m2\repository\org\objenesis\objenesis\3.1\objenesis-3.1.jar;C:\Users\esaug\.m2\repository\net\serenity-bdd\serenity-reports\3.5.1\serenity-reports-3.5.1.jar;C:\Users\esaug\.m2\repository\net\serenity-bdd\serenity-stats\3.5.1\serenity-stats-3.5.1.jar;C:\Users\esaug\.m2\repository\org\jetbrains\kotlin\kotlin-stdlib\1.7.21\kotlin-stdlib-1.7.21.jar;C:\Users\esaug\.m2\repository\org\jetbrains\kotlin\kotlin-stdlib-common\1.7.21\kotlin-stdlib-common-1.7.21.jar;C:\Users\esaug\.m2\repository\org\jetbrains\annotations\13.0\annotations-13.0.jar;C:\Users\esaug\.m2\repository\net\serenity-bdd\serenity-reports-configuration\3.5.1\serenity-reports-configuration-3.5.1.jar;C:\Users\esaug\.m2\repository\com\vladsch\flexmark\flexmark-all\0.34.30\flexmark-all-0.34.30.jar;C:\Users\esaug\.m2\repository\com\vladsch\flexmark\flexmark\0.34.30\flexmark-0.34.30.jar;C:\Users\esaug\.m2\repository\com\vladsch\flexmark\flexmark-ext-abbreviation\0.34.30\flexmark-ext-abbreviation-0.34.30.jar;C:\Users\esaug\.m2\repository\com\vladsch\flexmark\flexmark-ext-admonition\0.34.30\flexmark-ext-admonition-0.34.30.jar;C:\Users\esaug\.m2\repository\com\vladsch\flexmark\flexmark-ext-anchorlink\0.34.30\flexmark-ext-anchorlink-0.34.30.jar;C:\Users\esaug\.m2\repository\com\vladsch\flexmark\flexmark-ext-aside\0.34.30\flexmark-ext-aside-0.34.30.jar;C:\Users\esaug\.m2\repository\com\vladsch\flexmark\flexmark-ext-attributes\0.34.30\flexmark-ext-attributes-0.34.30.jar;C:\Users\esaug\.m2\repository\com\vladsch\flexmark\flexmark-ext-autolink\0.34.30\flexmark-ext-autolink-0.34.30.jar;C:\Users\esaug\.m2\repository\org\nibor\autolink\autolink\0.6.0\autolink-0.6.0.jar;C:\Users\esaug\.m2\repository\com\vladsch\flexmark\flexmark-ext-definition\0.34.30\flexmark-ext-definition-0.34.30.jar;C:\Users\esaug\.m2\repository\com\vladsch\flexmark\flexmark-ext-emoji\0.34.30\flexmark-ext-emoji-0.34.30.jar;C:\Users\esaug\.m2\repository\com\vladsch\flexmark\flexmark-ext-enumerated-reference\0.34.30\flexmark-ext-enumerated-reference-0.34.30.jar;C:\Users\esaug\.m2\repository\com\vladsch\flexmark\flexmark-ext-escaped-character\0.34.30\flexmark-ext-escaped-character-0.34.30.jar;C:\Users\esaug\.m2\repository\com\vladsch\flexmark\flexmark-ext-footnotes\0.34.30\flexmark-ext-footnotes-0.34.30.jar;C:\Users\esaug\.m2\repository\com\vladsch\flexmark\flexmark-ext-gfm-issues\0.34.30\flexmark-ext-gfm-issues-0.34.30.jar;C:\Users\esaug\.m2\repository\com\vladsch\flexmark\flexmark-ext-gfm-strikethrough\0.34.30\flexmark-ext-gfm-strikethrough-0.34.30.jar;C:\Users\esaug\.m2\repository\com\vladsch\flexmark\flexmark-ext-gfm-tables\0.34.30\flexmark-ext-gfm-tables-0.34.30.jar;C:\Users\esaug\.m2\repository\com\vladsch\flexmark\flexmark-ext-gfm-tasklist\0.34.30\flexmark-ext-gfm-tasklist-0.34.30.jar;C:\Users\esaug\.m2\repository\com\vladsch\flexmark\flexmark-ext-gfm-users\0.34.30\flexmark-ext-gfm-users-0.34.30.jar;C:\Users\esaug\.m2\repository\com\vladsch\flexmark\flexmark-ext-gitlab\0.34.30\flexmark-ext-gitlab-0.34.30.jar;C:\Users\esaug\.m2\repository\com\vladsch\flexmark\flexmark-ext-jekyll-front-matter\0.34.30\flexmark-ext-jekyll-front-matter-0.34.30.jar;C:\Users\esaug\.m2\repository\com\vladsch\flexmark\flexmark-ext-jekyll-tag\0.34.30\flexmark-ext-jekyll-tag-0.34.30.jar;C:\Users\esaug\.m2\repository\com\vladsch\flexmark\flexmark-ext-media-tags\0.34.30\flexmark-ext-media-tags-0.34.30.jar;C:\Users\esaug\.m2\repository\com\vladsch\flexmark\flexmark-test-util\0.34.30\flexmark-test-util-0.34.30.jar;C:\Users\esaug\.m2\repository\com\vladsch\flexmark\flexmark-ext-ins\0.34.30\flexmark-ext-ins-0.34.30.jar;C:\Users\esaug\.m2\repository\com\vladsch\flexmark\flexmark-ext-xwiki-macros\0.34.30\flexmark-ext-xwiki-macros-0.34.30.jar;C:\Users\esaug\.m2\repository\com\vladsch\flexmark\flexmark-ext-superscript\0.34.30\flexmark-ext-superscript-0.34.30.jar;C:\Users\esaug\.m2\repository\com\vladsch\flexmark\flexmark-ext-tables\0.34.30\flexmark-ext-tables-0.34.30.jar;C:\Users\esaug\.m2\repository\com\vladsch\flexmark\flexmark-ext-toc\0.34.30\flexmark-ext-toc-0.34.30.jar;C:\Users\esaug\.m2\repository\com\vladsch\flexmark\flexmark-ext-typographic\0.34.30\flexmark-ext-typographic-0.34.30.jar;C:\Users\esaug\.m2\repository\com\vladsch\flexmark\flexmark-ext-wikilink\0.34.30\flexmark-ext-wikilink-0.34.30.jar;C:\Users\esaug\.m2\repository\com\vladsch\flexmark\flexmark-ext-yaml-front-matter\0.34.30\flexmark-ext-yaml-front-matter-0.34.30.jar;C:\Users\esaug\.m2\repository\com\vladsch\flexmark\flexmark-ext-youtube-embedded\0.34.30\flexmark-ext-youtube-embedded-0.34.30.jar;C:\Users\esaug\.m2\repository\com\vladsch\flexmark\flexmark-formatter\0.34.30\flexmark-formatter-0.34.30.jar;C:\Users\esaug\.m2\repository\com\vladsch\flexmark\flexmark-html-parser\0.34.30\flexmark-html-parser-0.34.30.jar;C:\Users\esaug\.m2\repository\com\vladsch\flexmark\flexmark-jira-converter\0.34.30\flexmark-jira-converter-0.34.30.jar;C:\Users\esaug\.m2\repository\com\vladsch\flexmark\flexmark-pdf-converter\0.34.30\flexmark-pdf-converter-0.34.30.jar;C:\Users\esaug\.m2\repository\com\openhtmltopdf\openhtmltopdf-core\0.0.1-RC13\openhtmltopdf-core-0.0.1-RC13.jar;C:\Users\esaug\.m2\repository\com\openhtmltopdf\openhtmltopdf-pdfbox\0.0.1-RC13\openhtmltopdf-pdfbox-0.0.1-RC13.jar;C:\Users\esaug\.m2\repository\org\apache\pdfbox\pdfbox\2.0.8\pdfbox-2.0.8.jar;C:\Users\esaug\.m2\repository\org\apache\pdfbox\fontbox\2.0.8\fontbox-2.0.8.jar;C:\Users\esaug\.m2\repository\org\apache\pdfbox\xmpbox\2.0.8\xmpbox-2.0.8.jar;C:\Users\esaug\.m2\repository\de\rototor\pdfbox\graphics2d\0.12\graphics2d-0.12.jar;C:\Users\esaug\.m2\repository\com\openhtmltopdf\openhtmltopdf-rtl-support\0.0.1-RC13\openhtmltopdf-rtl-support-0.0.1-RC13.jar;C:\Users\esaug\.m2\repository\com\ibm\icu\icu4j\59.1\icu4j-59.1.jar;C:\Users\esaug\.m2\repository\com\openhtmltopdf\openhtmltopdf-jsoup-dom-converter\0.0.1-RC13\openhtmltopdf-jsoup-dom-converter-0.0.1-RC13.jar;C:\Users\esaug\.m2\repository\com\vladsch\flexmark\flexmark-profile-pegdown\0.34.30\flexmark-profile-pegdown-0.34.30.jar;C:\Users\esaug\.m2\repository\com\vladsch\flexmark\flexmark-util\0.34.30\flexmark-util-0.34.30.jar;C:\Users\esaug\.m2\repository\com\vladsch\flexmark\flexmark-youtrack-converter\0.34.30\flexmark-youtrack-converter-0.34.30.jar;C:\Users\esaug\.m2\repository\es\nitaur\markdown\txtmark\0.16\txtmark-0.16.jar;C:\Users\esaug\.m2\repository\net\serenity-bdd\serenity-report-resources\3.5.1\serenity-report-resources-3.5.1.jar;C:\Users\esaug\.m2\repository\com\google\code\gson\gson\2.9.0\gson-2.9.0.jar;C:\Users\esaug\.m2\repository\com\fasterxml\jackson\core\jackson-core\2.13.4\jackson-core-2.13.4.jar;C:\Users\esaug\.m2\repository\com\fasterxml\jackson\core\jackson-databind\2.13.4\jackson-databind-2.13.4.jar;C:\Users\esaug\.m2\repository\com\fasterxml\jackson\core\jackson-annotations\2.13.4\jackson-annotations-2.13.4.jar;C:\Users\esaug\.m2\repository\commons-codec\commons-codec\1.15\commons-codec-1.15.jar;C:\Users\esaug\.m2\repository\commons-io\commons-io\2.11.0\commons-io-2.11.0.jar;C:\Users\esaug\.m2\repository\org\apache\httpcomponents\httpclient\4.5.13\httpclient-4.5.13.jar;C:\Users\esaug\.m2\repository\org\apache\httpcomponents\httpcore\4.4.13\httpcore-4.4.13.jar;C:\Users\esaug\.m2\repository\commons-logging\commons-logging\1.2\commons-logging-1.2.jar;C:\Users\esaug\.m2\repository\org\seleniumhq\selenium\selenium-api\4.7.1\selenium-api-4.7.1.jar;C:\Users\esaug\.m2\repository\org\seleniumhq\selenium\selenium-support\4.7.1\selenium-support-4.7.1.jar;C:\Users\esaug\.m2\repository\com\google\auto\service\auto-service-annotations\1.0.1\auto-service-annotations-1.0.1.jar;C:\Users\esaug\.m2\repository\com\google\auto\service\auto-service\1.0.1\auto-service-1.0.1.jar;C:\Users\esaug\.m2\repository\com\google\auto\auto-common\1.2\auto-common-1.2.jar;C:\Users\esaug\.m2\repository\org\seleniumhq\selenium\selenium-json\4.7.1\selenium-json-4.7.1.jar;C:\Users\esaug\.m2\repository\org\seleniumhq\selenium\selenium-chrome-driver\4.7.1\selenium-chrome-driver-4.7.1.jar;C:\Users\esaug\.m2\repository\org\seleniumhq\selenium\selenium-chromium-driver\4.7.1\selenium-chromium-driver-4.7.1.jar;C:\Users\esaug\.m2\repository\org\seleniumhq\selenium\selenium-firefox-driver\4.7.1\selenium-firefox-driver-4.7.1.jar;C:\Users\esaug\.m2\repository\org\seleniumhq\selenium\selenium-http\4.7.1\selenium-http-4.7.1.jar;C:\Users\esaug\.m2\repository\dev\failsafe\failsafe\3.3.0\failsafe-3.3.0.jar;C:\Users\esaug\.m2\repository\org\seleniumhq\selenium\selenium-edge-driver\4.7.1\selenium-edge-driver-4.7.1.jar;C:\Users\esaug\.m2\repository\org\seleniumhq\selenium\selenium-ie-driver\4.7.1\selenium-ie-driver-4.7.1.jar;C:\Users\esaug\.m2\repository\org\projectlombok\lombok\1.18.20\lombok-1.18.20.jar;C:\Users\esaug\.m2\repository\io\appium\java-client\8.3.0\java-client-8.3.0.jar;C:\Users\esaug\.m2\repository\commons-validator\commons-validator\1.7\commons-validator-1.7.jar;C:\Users\esaug\.m2\repository\commons-digester\commons-digester\2.1\commons-digester-2.1.jar;C:\Users\esaug\.m2\repository\org\apache\groovy\groovy\4.0.6\groovy-4.0.6.jar;C:\Users\esaug\.m2\repository\net\sf\opencsv\opencsv\2.0\opencsv-2.0.jar;C:\Users\esaug\.m2\repository\commons-beanutils\commons-beanutils\1.9.4\commons-beanutils-1.9.4.jar;C:\Users\esaug\.m2\repository\org\apache\commons\commons-lang3\3.12.0\commons-lang3-3.12.0.jar;C:\Users\esaug\.m2\repository\commons-collections\commons-collections\3.2.2\commons-collections-3.2.2.jar;C:\Users\esaug\.m2\repository\org\fluentlenium\fluentlenium-core\0.10.2\fluentlenium-core-0.10.2.jar;C:\Users\esaug\.m2\repository\io\github\bonigarcia\webdrivermanager\5.3.0\webdrivermanager-5.3.0.jar;C:\Users\esaug\.m2\repository\com\github\docker-java\docker-java\3.2.13\docker-java-3.2.13.jar;C:\Users\esaug\.m2\repository\com\github\docker-java\docker-java-core\3.2.13\docker-java-core-3.2.13.jar;C:\Users\esaug\.m2\repository\com\github\docker-java\docker-java-api\3.2.13\docker-java-api-3.2.13.jar;C:\Users\esaug\.m2\repository\org\apache\commons\commons-compress\1.21\commons-compress-1.21.jar;C:\Users\esaug\.m2\repository\org\bouncycastle\bcpkix-jdk15on\1.64\bcpkix-jdk15on-1.64.jar;C:\Users\esaug\.m2\repository\org\bouncycastle\bcprov-jdk15on\1.64\bcprov-jdk15on-1.64.jar;C:\Users\esaug\.m2\repository\org\slf4j\jcl-over-slf4j\1.7.30\jcl-over-slf4j-1.7.30.jar;C:\Users\esaug\.m2\repository\com\github\docker-java\docker-java-transport-httpclient5\3.2.13\docker-java-transport-httpclient5-3.2.13.jar;C:\Users\esaug\.m2\repository\com\github\docker-java\docker-java-transport\3.2.13\docker-java-transport-3.2.13.jar;C:\Users\esaug\.m2\repository\net\java\dev\jna\jna\5.8.0\jna-5.8.0.jar;C:\Users\esaug\.m2\repository\org\brotli\dec\0.1.2\dec-0.1.2.jar;C:\Users\esaug\.m2\repository\org\apache\httpcomponents\client5\httpclient5\5.1.3\httpclient5-5.1.3.jar;C:\Users\esaug\.m2\repository\org\apache\httpcomponents\core5\httpcore5\5.1.3\httpcore5-5.1.3.jar;C:\Users\esaug\.m2\repository\org\apache\httpcomponents\core5\httpcore5-h2\5.1.3\httpcore5-h2-5.1.3.jar;C:\Users\esaug\.m2\repository\com\jhlabs\filters\2.0.235\filters-2.0.235.jar;C:\Users\esaug\.m2\repository\com\paulhammant\ngwebdriver\1.1.6\ngwebdriver-1.1.6.jar;C:\Users\esaug\.m2\repository\joda-time\joda-time\2.8.2\joda-time-2.8.2.jar;C:\Users\esaug\.m2\repository\org\hamcrest\hamcrest\2.2\hamcrest-2.2.jar;C:\Users\esaug\.m2\repository\com\google\jimfs\jimfs\1.2\jimfs-1.2.jar;C:\Users\esaug\.m2\repository\org\mockito\mockito-core\3.3.3\mockito-core-3.3.3.jar;C:\Users\esaug\.m2\repository\org\assertj\assertj-core\3.22.0\assertj-core-3.22.0.jar;C:\Users\esaug\.m2\repository\javax\xml\bind\jaxb-api\2.3.1\jaxb-api-2.3.1.jar;C:\Users\esaug\.m2\repository\javax\activation\javax.activation-api\1.2.0\javax.activation-api-1.2.0.jar;C:\Users\esaug\.m2\repository\com\sun\xml\bind\jaxb-core\2.3.0.1\jaxb-core-2.3.0.1.jar;C:\Users\esaug\.m2\repository\com\sun\xml\bind\jaxb-impl\2.3.3\jaxb-impl-2.3.3.jar;C:\Users\esaug\.m2\repository\jakarta\xml\bind\jakarta.xml.bind-api\2.3.3\jakarta.xml.bind-api-2.3.3.jar;C:\Users\esaug\.m2\repository\com\sun\activation\jakarta.activation\1.2.2\jakarta.activation-1.2.2.jar;C:\Users\esaug\.m2\repository\javax\activation\activation\1.1.1\activation-1.1.1.jar;C:\Users\esaug\.m2\repository\net\serenity-bdd\serenity-junit\3.5.1\serenity-junit-3.5.1.jar;C:\Users\esaug\.m2\repository\net\serenity-bdd\serenity-cucumber\3.5.1\serenity-cucumber-3.5.1.jar;C:\Users\esaug\.m2\repository\net\serenity-bdd\serenity-screenplay\3.5.1\serenity-screenplay-3.5.1.jar;C:\Users\esaug\.m2\repository\net\serenity-bdd\serenity-screenplay-webdriver\3.5.1\serenity-screenplay-webdriver-3.5.1.jar;C:\Users\esaug\.m2\repository\io\cucumber\cucumber-core\7.8.1\cucumber-core-7.8.1.jar;C:\Users\esaug\.m2\repository\io\cucumber\cucumber-gherkin\7.8.1\cucumber-gherkin-7.8.1.jar;C:\Users\esaug\.m2\repository\io\cucumber\cucumber-gherkin-messages\7.8.1\cucumber-gherkin-messages-7.8.1.jar;C:\Users\esaug\.m2\repository\io\cucumber\gherkin\24.0.0\gherkin-24.0.0.jar;C:\Users\esaug\.m2\repository\io\cucumber\messages\19.1.4\messages-19.1.4.jar;C:\Users\esaug\.m2\repository\io\cucumber\tag-expressions\4.1.0\tag-expressions-4.1.0.jar;C:\Users\esaug\.m2\repository\io\cucumber\cucumber-expressions\16.0.0\cucumber-expressions-16.0.0.jar;C:\Users\esaug\.m2\repository\io\cucumber\datatable\7.8.1\datatable-7.8.1.jar;C:\Users\esaug\.m2\repository\io\cucumber\cucumber-plugin\7.8.1\cucumber-plugin-7.8.1.jar;C:\Users\esaug\.m2\repository\io\cucumber\docstring\7.8.1\docstring-7.8.1.jar;C:\Users\esaug\.m2\repository\io\cucumber\html-formatter\20.1.0\html-formatter-20.1.0.jar;C:\Users\esaug\.m2\repository\io\cucumber\ci-environment\9.1.0\ci-environment-9.1.0.jar;C:\Users\esaug\.m2\repository\io\cucumber\cucumber-java\7.8.1\cucumber-java-7.8.1.jar;C:\Users\esaug\.m2\repository\io\cucumber\cucumber-junit\7.8.1\cucumber-junit-7.8.1.jar;C:\Users\esaug\.m2\repository\org\apiguardian\apiguardian-api\1.1.2\apiguardian-api-1.1.2.jar;C:\Users\esaug\.m2\repository\org\apache\commons\commons-csv\1.5\commons-csv-1.5.jar;C:\Users\esaug\.m2\repository\ch\qos\logback\logback-classic\1.4.5\logback-classic-1.4.5.jar;C:\Users\esaug\.m2\repository\ch\qos\logback\logback-core\1.4.5\logback-core-1.4.5.jar;C:\Users\esaug\.m2\repository\org\slf4j\slf4j-api\2.0.4\slf4j-api-2.0.4.jar;C:\Users\esaug\.m2\repository\org\apache\maven\plugins\maven-failsafe-plugin\3.0.0-M8\maven-failsafe-plugin-3.0.0-M8.jar;C:\Users\esaug\.m2\repository\org\apache\maven\surefire\maven-surefire-common\3.0.0-M8\maven-surefire-common-3.0.0-M8.jar;C:\Users\esaug\.m2\repository\org\apache\maven\surefire\surefire-api\3.0.0-M8\surefire-api-3.0.0-M8.jar;C:\Users\esaug\.m2\repository\org\apache\maven\surefire\surefire-logger-api\3.0.0-M8\surefire-logger-api-3.0.0-M8.jar;C:\Users\esaug\.m2\repository\org\apache\maven\surefire\surefire-extensions-api\3.0.0-M8\surefire-extensions-api-3.0.0-M8.jar;C:\Users\esaug\.m2\repository\org\apache\maven\surefire\surefire-booter\3.0.0-M8\surefire-booter-3.0.0-M8.jar;C:\Users\esaug\.m2\repository\org\apache\maven\surefire\surefire-extensions-spi\3.0.0-M8\surefire-extensions-spi-3.0.0-M8.jar;C:\Users\esaug\.m2\repository\org\apache\maven\shared\maven-common-artifact-filters\3.1.1\maven-common-artifact-filters-3.1.1.jar;C:\Users\esaug\.m2\repository\org\apache\maven\maven-artifact\3.1.0\maven-artifact-3.1.0.jar;C:\Users\esaug\.m2\repository\org\codehaus\plexus\plexus-utils\3.0.10\plexus-utils-3.0.10.jar;C:\Users\esaug\.m2\repository\org\apache\maven\maven-core\3.1.0\maven-core-3.1.0.jar;C:\Users\esaug\.m2\repository\org\apache\maven\maven-settings\3.1.0\maven-settings-3.1.0.jar;C:\Users\esaug\.m2\repository\org\apache\maven\maven-settings-builder\3.1.0\maven-settings-builder-3.1.0.jar;C:\Users\esaug\.m2\repository\org\apache\maven\maven-repository-metadata\3.1.0\maven-repository-metadata-3.1.0.jar;C:\Users\esaug\.m2\repository\org\apache\maven\maven-model-builder\3.1.0\maven-model-builder-3.1.0.jar;C:\Users\esaug\.m2\repository\org\apache\maven\maven-aether-provider\3.1.0\maven-aether-provider-3.1.0.jar;C:\Users\esaug\.m2\repository\org\eclipse\aether\aether-spi\0.9.0.M2\aether-spi-0.9.0.M2.jar;C:\Users\esaug\.m2\repository\org\eclipse\aether\aether-impl\0.9.0.M2\aether-impl-0.9.0.M2.jar;C:\Users\esaug\.m2\repository\org\eclipse\aether\aether-api\0.9.0.M2\aether-api-0.9.0.M2.jar;C:\Users\esaug\.m2\repository\org\eclipse\aether\aether-util\0.9.0.M2\aether-util-0.9.0.M2.jar;C:\Users\esaug\.m2\repository\org\eclipse\sisu\org.eclipse.sisu.plexus\0.0.0.M2a\org.eclipse.sisu.plexus-0.0.0.M2a.jar;C:\Users\esaug\.m2\repository\javax\enterprise\cdi-api\1.0\cdi-api-1.0.jar;C:\Users\esaug\.m2\repository\javax\annotation\jsr250-api\1.0\jsr250-api-1.0.jar;C:\Users\esaug\.m2\repository\org\sonatype\sisu\sisu-guice\3.1.0\sisu-guice-3.1.0-no_aop.jar;C:\Users\esaug\.m2\repository\org\eclipse\sisu\org.eclipse.sisu.inject\0.0.0.M2a\org.eclipse.sisu.inject-0.0.0.M2a.jar;C:\Users\esaug\.m2\repository\asm\asm\3.3.1\asm-3.3.1.jar;C:\Users\esaug\.m2\repository\org\codehaus\plexus\plexus-interpolation\1.16\plexus-interpolation-1.16.jar;C:\Users\esaug\.m2\repository\org\codehaus\plexus\plexus-classworlds\2.4.2\plexus-classworlds-2.4.2.jar;C:\Users\esaug\.m2\repository\org\codehaus\plexus\plexus-component-annotations\1.5.5\plexus-component-annotations-1.5.5.jar;C:\Users\esaug\.m2\repository\org\sonatype\plexus\plexus-sec-dispatcher\1.3\plexus-sec-dispatcher-1.3.jar;C:\Users\esaug\.m2\repository\org\sonatype\plexus\plexus-cipher\1.4\plexus-cipher-1.4.jar;C:\Users\esaug\.m2\repository\org\apache\maven\maven-plugin-api\3.1.0\maven-plugin-api-3.1.0.jar;C:\Users\esaug\.m2\repository\org\codehaus\plexus\plexus-java\1.1.2\plexus-java-1.1.2.jar;C:\Users\esaug\.m2\repository\org\ow2\asm\asm\9.4\asm-9.4.jar;C:\Users\esaug\.m2\repository\com\thoughtworks\qdox\qdox\2.0.3\qdox-2.0.3.jar;C:\Users\esaug\.m2\repository\org\apache\maven\surefire\surefire-shared-utils\3.0.0-M8\surefire-shared-utils-3.0.0-M8.jar;C:\Users\esaug\.m2\repository\org\seleniumhq\selenium\selenium-java\4.7.2\selenium-java-4.7.2.jar;C:\Users\esaug\.m2\repository\org\seleniumhq\selenium\selenium-devtools-v106\4.7.2\selenium-devtools-v106-4.7.2.jar;C:\Users\esaug\.m2\repository\org\seleniumhq\selenium\selenium-devtools-v107\4.7.2\selenium-devtools-v107-4.7.2.jar;C:\Users\esaug\.m2\repository\org\seleniumhq\selenium\selenium-devtools-v108\4.7.2\selenium-devtools-v108-4.7.2.jar;C:\Users\esaug\.m2\repository\org\seleniumhq\selenium\selenium-devtools-v85\4.7.2\selenium-devtools-v85-4.7.2.jar;C:\Users\esaug\.m2\repository\org\seleniumhq\selenium\selenium-remote-driver\4.7.2\selenium-remote-driver-4.7.2.jar;C:\Users\esaug\.m2\repository\com\beust\jcommander\1.82\jcommander-1.82.jar;C:\Users\esaug\.m2\repository\io\netty\netty-buffer\4.1.84.Final\netty-buffer-4.1.84.Final.jar;C:\Users\esaug\.m2\repository\io\netty\netty-codec-http\4.1.84.Final\netty-codec-http-4.1.84.Final.jar;C:\Users\esaug\.m2\repository\io\netty\netty-codec\4.1.84.Final\netty-codec-4.1.84.Final.jar;C:\Users\esaug\.m2\repository\io\netty\netty-handler\4.1.84.Final\netty-handler-4.1.84.Final.jar;C:\Users\esaug\.m2\repository\io\netty\netty-common\4.1.84.Final\netty-common-4.1.84.Final.jar;C:\Users\esaug\.m2\repository\io\netty\netty-transport-classes-epoll\4.1.84.Final\netty-transport-classes-epoll-4.1.84.Final.jar;C:\Users\esaug\.m2\repository\io\netty\netty-transport-classes-kqueue\4.1.84.Final\netty-transport-classes-kqueue-4.1.84.Final.jar;C:\Users\esaug\.m2\repository\io\netty\netty-transport-native-epoll\4.1.84.Final\netty-transport-native-epoll-4.1.84.Final.jar;C:\Users\esaug\.m2\repository\io\netty\netty-transport-native-kqueue\4.1.84.Final\netty-transport-native-kqueue-4.1.84.Final.jar;C:\Users\esaug\.m2\repository\io\netty\netty-transport-native-unix-common\4.1.84.Final\netty-transport-native-unix-common-4.1.84.Final.jar;C:\Users\esaug\.m2\repository\io\netty\netty-transport\4.1.84.Final\netty-transport-4.1.84.Final.jar;C:\Users\esaug\.m2\repository\io\netty\netty-resolver\4.1.84.Final\netty-resolver-4.1.84.Final.jar;C:\Users\esaug\.m2\repository\io\opentelemetry\opentelemetry-api\1.19.0\opentelemetry-api-1.19.0.jar;C:\Users\esaug\.m2\repository\io\opentelemetry\opentelemetry-context\1.19.0\opentelemetry-context-1.19.0.jar;C:\Users\esaug\.m2\repository\io\opentelemetry\opentelemetry-exporter-logging\1.19.0\opentelemetry-exporter-logging-1.19.0.jar;C:\Users\esaug\.m2\repository\io\opentelemetry\opentelemetry-sdk-metrics\1.19.0\opentelemetry-sdk-metrics-1.19.0.jar;C:\Users\esaug\.m2\repository\io\opentelemetry\opentelemetry-sdk-logs\1.19.0-alpha\opentelemetry-sdk-logs-1.19.0-alpha.jar;C:\Users\esaug\.m2\repository\io\opentelemetry\opentelemetry-api-logs\1.19.0-alpha\opentelemetry-api-logs-1.19.0-alpha.jar;C:\Users\esaug\.m2\repository\io\opentelemetry\opentelemetry-sdk-common\1.19.0\opentelemetry-sdk-common-1.19.0.jar;C:\Users\esaug\.m2\repository\io\opentelemetry\opentelemetry-sdk-extension-autoconfigure-spi\1.19.0\opentelemetry-sdk-extension-autoconfigure-spi-1.19.0.jar;C:\Users\esaug\.m2\repository\io\opentelemetry\opentelemetry-sdk-extension-autoconfigure\1.19.0-alpha\opentelemetry-sdk-extension-autoconfigure-1.19.0-alpha.jar;C:\Users\esaug\.m2\repository\io\opentelemetry\opentelemetry-exporter-common\1.19.0\opentelemetry-exporter-common-1.19.0.jar;C:\Users\esaug\.m2\repository\io\opentelemetry\opentelemetry-sdk-trace\1.19.0\opentelemetry-sdk-trace-1.19.0.jar;C:\Users\esaug\.m2\repository\io\opentelemetry\opentelemetry-sdk\1.19.0\opentelemetry-sdk-1.19.0.jar;C:\Users\esaug\.m2\repository\io\opentelemetry\opentelemetry-semconv\1.19.0-alpha\opentelemetry-semconv-1.19.0-alpha.jar;C:\Users\esaug\.m2\repository\io\ous\jtoml\2.0.0\jtoml-2.0.0.jar;C:\Users\esaug\.m2\repository\org\apache\commons\commons-exec\1.3\commons-exec-1.3.jar;C:\Users\esaug\.m2\repository\org\asynchttpclient\async-http-client\2.12.3\async-http-client-2.12.3.jar;C:\Users\esaug\.m2\repository\org\asynchttpclient\async-http-client-netty-utils\2.12.3\async-http-client-netty-utils-2.12.3.jar;C:\Users\esaug\.m2\repository\io\netty\netty-codec-socks\4.1.60.Final\netty-codec-socks-4.1.60.Final.jar;C:\Users\esaug\.m2\repository\io\netty\netty-handler-proxy\4.1.60.Final\netty-handler-proxy-4.1.60.Final.jar;C:\Users\esaug\.m2\repository\io\netty\netty-transport-native-epoll\4.1.60.Final\netty-transport-native-epoll-4.1.60.Final-linux-x86_64.jar;C:\Users\esaug\.m2\repository\io\netty\netty-transport-native-kqueue\4.1.60.Final\netty-transport-native-kqueue-4.1.60.Final-osx-x86_64.jar;C:\Users\esaug\.m2\repository\org\reactivestreams\reactive-streams\1.0.3\reactive-streams-1.0.3.jar;C:\Users\esaug\.m2\repository\com\typesafe\netty\netty-reactive-streams\2.0.4\netty-reactive-streams-2.0.4.jar;C:\Users\esaug\.m2\repository\org\seleniumhq\selenium\selenium-manager\4.7.2\selenium-manager-4.7.2.jar;C:\Users\esaug\.m2\repository\org\seleniumhq\selenium\selenium-safari-driver\4.7.2\selenium-safari-driver-4.7.2.jar;C:\Users\esaug\.m2\repository\junit\junit\4.13.2\junit-4.13.2.jar;C:\Users\esaug\.m2\repository\org\hamcrest\hamcrest-core\1.3\hamcrest-core-1.3.jar;"/>
    <property name="sun.cpu.endian" value="little"/>
    <property name="user.home" value="C:\Users\esaug"/>
    <property name="user.language" value="en"/>
    <property name="java.specification.vendor" value="Oracle Corporation"/>
    <property name="java.version.date" value="2022-10-18"/>
    <property name="java.home" value="C:\Users\esaug\.jdks\openjdk-19.0.1"/>
    <property name="file.separator" value="\"/>
    <property name="basedir" value="C:\Users\esaug\OneDrive - advancio.com\Documents\GitHub\Final-Project---SeleniumCourse"/>
    <property name="java.vm.compressedOopsMode" value="Zero based"/>
    <property name="line.separator" value="&#10;"/>
    <property name="chrome.switches" value="--window-size=1920,1080;--headless;"/>
    <property name="java.vm.specification.vendor" value="Oracle Corporation"/>
    <property name="java.specification.name" value="Java Platform API Specification"/>
    <property name="surefire.real.class.path" value="C:\Users\esaug\AppData\Local\Temp\surefire13269854955938274610\surefirebooter-20230227111548978_3.jar"/>
    <property name="user.script" value=""/>
    <property name="sun.management.compiler" value="HotSpot 64-Bit Tiered Compilers"/>
    <property name="java.runtime.version" value="19.0.1+10-21"/>
    <property name="user.name" value="esaug"/>
    <property name="stdout.encoding" value="Cp1252"/>
    <property name="path.separator" value=";"/>
    <property name="os.version" value="10.0"/>
    <property name="java.runtime.name" value="OpenJDK Runtime Environment"/>
    <property name="file.encoding" value="UTF-8"/>
    <property name="java.vm.name" value="OpenJDK 64-Bit Server VM"/>
    <property name="localRepository" value="C:\Users\esaug\.m2\repository"/>
    <property name="java.vendor.url.bug" value="https://bugreport.java.com/bugreport/"/>
    <property name="java.io.tmpdir" value="C:\Users\esaug\AppData\Local\Temp\"/>
    <property name="idea.version" value="2022.3.1"/>
    <property name="java.version" value="19.0.1"/>
    <property name="user.dir" value="C:\Users\esaug\OneDrive - advancio.com\Documents\GitHub\Final-Project---SeleniumCourse"/>
    <property name="os.arch" value="amd64"/>
    <property name="java.vm.specification.name" value="Java Virtual Machine Specification"/>
    <property name="sun.os.patch.level" value=""/>
    <property name="native.encoding" value="Cp1252"/>
    <property name="java.library.path" value="C:\Users\esaug\.jdks\openjdk-19.0.1\bin;C:\Windows\Sun\Java\bin;C:\Windows\system32;C:\Windows;C:\Windows\system32;C:\Windows;C:\Windows\System32\Wbem;C:\Windows\System32\WindowsPowerShell\v1.0\;C:\Windows\System32\OpenSSH\;C:\Program Files\Microsoft SQL Server\150\Tools\Binn\;C:\Program Files\Microsoft SQL Server\Client SDK\ODBC\170\Tools\Binn\;C:\Program Files\dotnet\;C:\Program Files\Git\cmd;C:\Users\esaug\AppData\Local\Microsoft\WindowsApps;C:\Users\esaug\.dotnet\tools;C:\Users\esaug\AppData\Local\GitHubDesktop\bin;."/>
    <property name="java.vm.info" value="mixed mode, sharing"/>
    <property name="stderr.encoding" value="Cp1252"/>
    <property name="java.vendor" value="Oracle Corporation"/>
    <property name="java.vm.version" value="19.0.1+10-21"/>
    <property name="sun.io.unicode.encoding" value="UnicodeLittle"/>
    <property name="java.class.version" value="63.0"/>
  </properties>
  <testcase name="Login with standard_user" classname="SwagLabs Login tests" time="18.07">
    <system-out><![CDATA[11:15:50.518 [main] DEBUG net.thucydides.core.guice.Injectors - Created injector for module net.thucydides.core.guice.ThucydidesModule
11:15:50.732 [main] INFO io.cucumber.core.plugin.SerenityReporter - Running feature from file:///C:/Users/esaug/OneDrive%20-%20advancio.com/Documents/GitHub/Final-Project---SeleniumCourse/src/test/resources/features/SwagLabs.feature
11:15:50.903 [main] DEBUG net.thucydides.core.guice.Injectors - Created injector for module net.thucydides.core.guice.webdriver.WebDriverModule
11:15:50.918 [main] INFO  - 

-------------------------------------------------------------------------------------
     _______. _______ .______       _______ .__   __.  __  .___________.____    ____ 
    /       ||   ____||   _  \     |   ____||  \ |  | |  | |           |\   \  /   / 
   |   (----`|  |__   |  |_)  |    |  |__   |   \|  | |  | `---|  |----` \   \/   /  
    \   \    |   __|  |      /     |   __|  |  . `  | |  |     |  |       \_    _/   
.----)   |   |  |____ |  |\  \----.|  |____ |  |\   | |  |     |  |         |  |     
|_______/    |_______|| _| `._____||_______||__| \__| |__|     |__|         |__|    
                                                                                     
 News and tutorials at http://www.serenity-bdd.info                                  
 Documentation at https://wakaleo.gitbooks.io/the-serenity-book/content/             
 Join the Serenity Community on Gitter: https://gitter.im/serenity-bdd/serenity-core 
 Serenity BDD Support and Training at http://serenity-bdd.info/#/trainingandsupport  
-------------------------------------------------------------------------------------

11:15:50.920 [main] DEBUG net.thucydides.core.steps.StepEventBus - Test suite started for story net.thucydides.core.model.Story@fad66ad8
11:15:50.921 [main] INFO  - Test Suite Started: SwagLabs Login tests
11:15:50.966 [main] INFO io.cucumber.core.plugin.SerenityReporter - Running feature from file:///C:/Users/esaug/OneDrive%20-%20advancio.com/Documents/GitHub/Final-Project---SeleniumCourse/src/test/resources/features/SwagLabs.feature
11:15:50.972 [main] DEBUG net.thucydides.core.steps.StepEventBus - Test suite started for story net.thucydides.core.model.Story@fad66ad8
11:15:50.973 [main] INFO  - Test Suite Started: SwagLabs Login tests

Scenario: Login with standard_user           &amp#27;[90m# src/test/resources/features/SwagLabs.feature:2&amp#27;[0m
11:15:51.162 [main] INFO io.cucumber.core.plugin.SerenityReporter - Running feature from file:///C:/Users/esaug/OneDrive%20-%20advancio.com/Documents/GitHub/Final-Project---SeleniumCourse/src/test/resources/features/SwagLabs.feature
11:15:51.292 [main] INFO  - 
  _____   ___   ___   _____     ___   _____     _     ___   _____   ___   ___  
 |_   _| | __| / __| |_   _|   / __| |_   _|   /_\   | _ \ |_   _| | __| |   \ 
   | |   | _|  \__ \   | |     \__ \   | |    / _ \  |   /   | |   | _|  | |) |
   |_|   |___| |___/   |_|     |___/   |_|   /_/ \_\ |_|_\   |_|   |___| |___/ 

Login with standard_user(swaglabs-login-tests;login-with-standard-user)
--------------------------------------------------------------------------------
11:15:52.061 [main] INFO net.serenitybdd.core.webdriver.driverproviders.ChromeDriverProvider - Starting Chrome driver instance with capabilities:
11:15:52.063 [main] INFO net.serenitybdd.core.webdriver.driverproviders.ChromeDriverProvider - Capabilities {acceptInsecureCerts: false, browserName: chrome, goog:chromeOptions: {args: [--window-size=1920,1080, --headless], extensions: []}}
11:15:52.118 [main] DEBUG io.netty.util.internal.logging.InternalLoggerFactory - Using SLF4J as the default logging framework
11:15:52.120 [main] DEBUG io.netty.util.ResourceLeakDetector - -Dio.netty.leakDetection.level: simple
11:15:52.120 [main] DEBUG io.netty.util.ResourceLeakDetector - -Dio.netty.leakDetection.targetRecords: 4
11:15:52.124 [main] DEBUG io.netty.util.ResourceLeakDetectorFactory - Loaded default ResourceLeakDetector: io.netty.util.ResourceLeakDetector@75d982d3
11:15:52.148 [main] DEBUG io.netty.util.internal.PlatformDependent0 - -Dio.netty.noUnsafe: false
11:15:52.149 [main] DEBUG io.netty.util.internal.PlatformDependent0 - Java version: 19
11:15:52.150 [main] DEBUG io.netty.util.internal.PlatformDependent0 - sun.misc.Unsafe.theUnsafe: available
11:15:52.151 [main] DEBUG io.netty.util.internal.PlatformDependent0 - sun.misc.Unsafe.copyMemory: available
11:15:52.152 [main] DEBUG io.netty.util.internal.PlatformDependent0 - sun.misc.Unsafe.storeFence: available
11:15:52.152 [main] DEBUG io.netty.util.internal.PlatformDependent0 - java.nio.Buffer.address: available
11:15:52.153 [main] DEBUG io.netty.util.internal.PlatformDependent0 - direct buffer constructor: unavailable: Reflective setAccessible(true) disabled
11:15:52.153 [main] DEBUG io.netty.util.internal.PlatformDependent0 - java.nio.Bits.unaligned: available, true
11:15:52.155 [main] DEBUG io.netty.util.internal.PlatformDependent0 - jdk.internal.misc.Unsafe.allocateUninitializedArray(int): unavailable: class io.netty.util.internal.PlatformDependent0$7 cannot access class jdk.internal.misc.Unsafe (in module java.base) because module java.base does not export jdk.internal.misc to unnamed module @74650e52
11:15:52.156 [main] DEBUG io.netty.util.internal.PlatformDependent0 - java.nio.DirectByteBuffer.<init>(long, int): unavailable
11:15:52.156 [main] DEBUG io.netty.util.internal.PlatformDependent - sun.misc.Unsafe: available
11:15:52.158 [main] DEBUG io.netty.util.internal.PlatformDependent - maxDirectMemory: 4263510016 bytes (maybe)
11:15:52.159 [main] DEBUG io.netty.util.internal.PlatformDependent - -Dio.netty.tmpdir: C:\Users\esaug\AppData\Local\Temp (java.io.tmpdir)
11:15:52.159 [main] DEBUG io.netty.util.internal.PlatformDependent - -Dio.netty.bitMode: 64 (sun.arch.data.model)
11:15:52.160 [main] DEBUG io.netty.util.internal.PlatformDependent - Platform: Windows
11:15:52.160 [main] DEBUG io.netty.util.internal.PlatformDependent - -Dio.netty.maxDirectMemory: -1 bytes
11:15:52.160 [main] DEBUG io.netty.util.internal.PlatformDependent - -Dio.netty.uninitializedArrayAllocationThreshold: -1
11:15:52.162 [main] DEBUG io.netty.util.internal.CleanerJava9 - java.nio.ByteBuffer.cleaner(): available
11:15:52.162 [main] DEBUG io.netty.util.internal.PlatformDependent - -Dio.netty.noPreferDirect: false
11:15:52.172 [main] DEBUG io.netty.util.internal.PlatformDependent - org.jctools-core.MpscChunkedArrayQueue: available
11:15:52.212 [main] DEBUG io.netty.util.internal.InternalThreadLocalMap - -Dio.netty.threadLocalMap.stringBuilder.initialSize: 1024
11:15:52.213 [main] DEBUG io.netty.util.internal.InternalThreadLocalMap - -Dio.netty.threadLocalMap.stringBuilder.maxSize: 4096
11:15:52.437 [main] DEBUG io.netty.handler.ssl.JdkSslContext - Default protocols (JDK): [TLSv1.3, TLSv1.2] 
11:15:52.438 [main] DEBUG io.netty.handler.ssl.JdkSslContext - Default cipher suites (JDK): [TLS_ECDHE_ECDSA_WITH_AES_256_GCM_SHA384, TLS_ECDHE_ECDSA_WITH_AES_128_GCM_SHA256, TLS_ECDHE_RSA_WITH_AES_128_GCM_SHA256, TLS_ECDHE_RSA_WITH_AES_256_GCM_SHA384, TLS_ECDHE_RSA_WITH_AES_128_CBC_SHA, TLS_ECDHE_RSA_WITH_AES_256_CBC_SHA, TLS_RSA_WITH_AES_128_GCM_SHA256, TLS_RSA_WITH_AES_128_CBC_SHA, TLS_RSA_WITH_AES_256_CBC_SHA, TLS_AES_128_GCM_SHA256, TLS_AES_256_GCM_SHA384]
11:15:52.469 [main] DEBUG io.netty.channel.MultithreadEventLoopGroup - -Dio.netty.eventLoopThreads: 16
11:15:52.478 [main] DEBUG io.netty.channel.nio.NioEventLoop - -Dio.netty.noKeySetOptimization: false
11:15:52.479 [main] DEBUG io.netty.channel.nio.NioEventLoop - -Dio.netty.selectorAutoRebuildThreshold: 512
11:15:52.531 [main] DEBUG io.netty.buffer.PooledByteBufAllocator - -Dio.netty.allocator.numHeapArenas: 16
11:15:52.532 [main] DEBUG io.netty.buffer.PooledByteBufAllocator - -Dio.netty.allocator.numDirectArenas: 16
11:15:52.532 [main] DEBUG io.netty.buffer.PooledByteBufAllocator - -Dio.netty.allocator.pageSize: 8192
11:15:52.532 [main] DEBUG io.netty.buffer.PooledByteBufAllocator - -Dio.netty.allocator.maxOrder: 9
11:15:52.532 [main] DEBUG io.netty.buffer.PooledByteBufAllocator - -Dio.netty.allocator.chunkSize: 4194304
11:15:52.532 [main] DEBUG io.netty.buffer.PooledByteBufAllocator - -Dio.netty.allocator.smallCacheSize: 256
11:15:52.532 [main] DEBUG io.netty.buffer.PooledByteBufAllocator - -Dio.netty.allocator.normalCacheSize: 64
11:15:52.532 [main] DEBUG io.netty.buffer.PooledByteBufAllocator - -Dio.netty.allocator.maxCachedBufferCapacity: 32768
11:15:52.532 [main] DEBUG io.netty.buffer.PooledByteBufAllocator - -Dio.netty.allocator.cacheTrimInterval: 8192
11:15:52.532 [main] DEBUG io.netty.buffer.PooledByteBufAllocator - -Dio.netty.allocator.cacheTrimIntervalMillis: 0
11:15:52.532 [main] DEBUG io.netty.buffer.PooledByteBufAllocator - -Dio.netty.allocator.useCacheForAllThreads: false
11:15:52.532 [main] DEBUG io.netty.buffer.PooledByteBufAllocator - -Dio.netty.allocator.maxCachedByteBuffersPerChunk: 1023
11:15:52.542 [main] DEBUG io.netty.buffer.ByteBufUtil - -Dio.netty.allocator.type: pooled
11:15:52.542 [main] DEBUG io.netty.buffer.ByteBufUtil - -Dio.netty.threadLocalDirectBufferSize: 0
11:15:52.542 [main] DEBUG io.netty.buffer.ByteBufUtil - -Dio.netty.maxThreadLocalCharBufferSize: 16384
11:15:52.937 [Forwarding newSession on session null to remote] DEBUG io.netty.channel.DefaultChannelId - -Dio.netty.processId: 18376 (auto-detected)
11:15:52.938 [Forwarding newSession on session null to remote] DEBUG io.netty.util.NetUtil - -Djava.net.preferIPv4Stack: false
11:15:52.938 [Forwarding newSession on session null to remote] DEBUG io.netty.util.NetUtil - -Djava.net.preferIPv6Addresses: false
11:15:52.968 [Forwarding newSession on session null to remote] DEBUG io.netty.util.NetUtilInitializations - Loopback interface: lo (Software Loopback Interface 1, 127.0.0.1)
11:15:52.970 [Forwarding newSession on session null to remote] DEBUG io.netty.util.NetUtil - Failed to get SOMAXCONN from sysctl and file \proc\sys\net\core\somaxconn. Default: 200
11:15:53.055 [Forwarding newSession on session null to remote] DEBUG io.netty.channel.DefaultChannelId - -Dio.netty.machineId: 10:5b:ad:ff:fe:b4:37:b5 (auto-detected)
11:15:53.132 [AsyncHttpClient-1-2] DEBUG io.netty.buffer.AbstractByteBuf - -Dio.netty.buffer.checkAccessible: true
11:15:53.132 [AsyncHttpClient-1-2] DEBUG io.netty.buffer.AbstractByteBuf - -Dio.netty.buffer.checkBounds: true
11:15:53.132 [AsyncHttpClient-1-2] DEBUG io.netty.util.ResourceLeakDetectorFactory - Loaded default ResourceLeakDetector: io.netty.util.ResourceLeakDetector@3654b722
11:15:53.150 [AsyncHttpClient-1-2] DEBUG org.asynchttpclient.netty.channel.NettyConnectListener - Using new Channel '[id: 0x9d045e13, L:/127.0.0.1:64286 - R:localhost/127.0.0.1:16881]' for 'POST' to '/session'
11:15:53.170 [AsyncHttpClient-1-2] DEBUG io.netty.util.Recycler - -Dio.netty.recycler.maxCapacityPerThread: 4096
11:15:53.170 [AsyncHttpClient-1-2] DEBUG io.netty.util.Recycler - -Dio.netty.recycler.ratio: 8
11:15:53.170 [AsyncHttpClient-1-2] DEBUG io.netty.util.Recycler - -Dio.netty.recycler.chunkSize: 32
11:15:53.170 [AsyncHttpClient-1-2] DEBUG io.netty.util.Recycler - -Dio.netty.recycler.blocking: false
11:15:54.573 [AsyncHttpClient-1-2] DEBUG io.netty.handler.codec.compression.Brotli - brotli4j not in the classpath; Brotli support will be unavailable.
11:15:54.573 [AsyncHttpClient-1-2] DEBUG org.asynchttpclient.netty.handler.HttpHandler - 

Request DefaultHttpRequest(decodeResult: success, version: HTTP/1.1)
POST /session HTTP/1.1
User-Agent: selenium/4.7.1 (java windows)
Content-Length: 557
Content-Type: application/json; charset=utf-8
host: localhost:16881
accept: */*

Response DefaultHttpResponse(decodeResult: success, version: HTTP/1.1)
HTTP/1.1 200 OK
Content-Type: application/json; charset=utf-8
cache-control: no-cache
content-length: 790

11:15:54.581 [AsyncHttpClient-1-2] DEBUG org.asynchttpclient.netty.channel.ChannelManager - Adding key: http://localhost:16881 for channel [id: 0x9d045e13, L:/127.0.0.1:64286 - R:localhost/127.0.0.1:16881]
11:15:54.669 [AsyncHttpClient-1-3] DEBUG org.asynchttpclient.netty.channel.NettyConnectListener - Using new Channel '[id: 0x5dfb3eba, L:/127.0.0.1:64293 - R:localhost/127.0.0.1:64287]' for 'GET' to '/json/version'
11:15:54.672 [AsyncHttpClient-1-3] DEBUG org.asynchttpclient.netty.handler.HttpHandler - 

Request DefaultFullHttpRequest(decodeResult: success, version: HTTP/1.1, content: EmptyByteBufBE)
GET /json/version HTTP/1.1
User-Agent: selenium/4.7.1 (java windows)
host: localhost:64287
accept: */*

Response DefaultHttpResponse(decodeResult: success, version: HTTP/1.1)
HTTP/1.1 200 OK
Content-Security-Policy: frame-ancestors 'none'
Content-Type: application/json; charset=UTF-8
content-length: 445

11:15:54.673 [AsyncHttpClient-1-3] DEBUG org.asynchttpclient.netty.channel.ChannelManager - Adding key: http://localhost:64287 for channel [id: 0x5dfb3eba, L:/127.0.0.1:64293 - R:localhost/127.0.0.1:64287]
11:15:54.684 [main] DEBUG io.netty.util.internal.ThreadLocalRandom - -Dio.netty.initialSeedUniquifier: 0x474514ff17e7cfff
11:15:54.688 [AsyncHttpClient-1-4] DEBUG org.asynchttpclient.netty.channel.NettyConnectListener - Using new Channel '[id: 0x1dd10f57, L:/127.0.0.1:64294 - R:localhost/127.0.0.1:64287]' for 'GET' to '/devtools/browser/b586c57c-4a4d-4c31-8aef-aed51369e970'
11:15:54.691 [AsyncHttpClient-1-4] DEBUG org.asynchttpclient.netty.handler.WebSocketHandler - 

Request DefaultFullHttpRequest(decodeResult: success, version: HTTP/1.1, content: EmptyByteBufBE)
GET /devtools/browser/b586c57c-4a4d-4c31-8aef-aed51369e970 HTTP/1.1
upgrade: websocket
connection: upgrade
sec-websocket-key: 6RH0pNCifJ39+kpZiqKIig==
sec-websocket-version: 13
origin: http://localhost:64287
host: localhost:64287
accept: */*
user-agent: AHC/2.1

Response DefaultHttpResponse(decodeResult: success, version: HTTP/1.1)
HTTP/1.1 101 WebSocket Protocol Handshake
Upgrade: WebSocket
Connection: Upgrade
Sec-WebSocket-Accept: AzH2V+t2qUZ1eNY3uMb0LvFWDYs=

11:15:55.660 [main] DEBUG net.thucydides.core.reflection.ClassFinder - Could not load class .Class6BDD.PO.CartPo
11:15:55.661 [main] DEBUG net.thucydides.core.reflection.ClassFinder - Could not load class .Class6BDD.PO.LoginPo
11:15:55.661 [main] DEBUG net.thucydides.core.reflection.ClassFinder - Could not load class .Class6BDD.PO.ProductsPo
11:15:55.661 [main] DEBUG net.thucydides.core.reflection.ClassFinder - Could not load class .Class6BDD.Runner
11:15:55.661 [main] DEBUG net.thucydides.core.reflection.ClassFinder - Could not load class .Class6BDD.SwagLabsTests
11:15:55.661 [main] DEBUG net.thucydides.core.reflection.ClassFinder - Could not load class .Class6BDD.driver.DriverBase
11:15:55.661 [main] DEBUG net.thucydides.core.reflection.ClassFinder - Could not load class .Class6BDD.driver.DriverManager
11:15:55.661 [main] DEBUG net.thucydides.core.reflection.ClassFinder - Could not load class .Class6BDD.steps.CartSteps
11:15:55.661 [main] DEBUG net.thucydides.core.reflection.ClassFinder - Could not load class .Class6BDD.steps.CommonSteps
11:15:55.661 [main] DEBUG net.thucydides.core.reflection.ClassFinder - Could not load class .Class6BDD.steps.LoginSteps
11:15:55.661 [main] DEBUG net.thucydides.core.reflection.ClassFinder - Could not load class .Class6BDD.steps.ProductSteps
11:15:55.662 [main] DEBUG net.thucydides.core.reflection.ClassFinder - Could not load class META-INF.versions.9.com.sun.istack.logging.StackHelper
11:15:55.663 [main] DEBUG net.thucydides.core.reflection.ClassFinder - Could not load class META-INF.versions.9.com.sun.xml.bind.v2.runtime.reflect.opt.AccessorInjector
11:15:55.663 [main] DEBUG net.thucydides.core.reflection.ClassFinder - Could not load class META-INF.versions.9.com.sun.xml.bind.v2.runtime.reflect.opt.Injector
11:15:55.664 [main] DEBUG net.thucydides.core.reflection.ClassFinder - Could not load class META-INF.versions.9.com.sun.xml.bind.v2.runtime.reflect.opt.OptimizedAccessorFactory
11:15:55.664 [main] DEBUG net.thucydides.core.reflection.ClassFinder - Could not load class META-INF.versions.9.com.sun.xml.bind.v2.runtime.reflect.opt.OptimizedTransducedAccessorFactory
11:15:55.664 [main] DEBUG net.thucydides.core.reflection.ClassFinder - Could not load class META-INF.versions.9.io.opentelemetry.sdk.internal.CurrentJavaVersionSpecific
11:15:55.664 [main] DEBUG net.thucydides.core.reflection.ClassFinder - Could not load class META-INF.versions.9.io.opentelemetry.sdk.internal.Java9VersionSpecific
11:15:55.665 [main] DEBUG net.thucydides.core.reflection.ClassFinder - Could not load class META-INF.versions.9.javax.xml.bind.ModuleUtil
11:15:55.665 [main] DEBUG net.thucydides.core.reflection.ClassFinder - Could not load class META-INF.versions.9.module-info
11:15:55.665 [main] DEBUG net.thucydides.core.reflection.ClassFinder - Could not load class META-INF.versions.9.org.codehaus.plexus.languages.java.jpms.BinaryModuleInfoParser
11:15:55.666 [main] DEBUG net.thucydides.core.reflection.ClassFinder - Could not load class META-INF.versions.9.org.codehaus.plexus.languages.java.jpms.CmdModuleNameExtractor
11:15:55.679 [AsyncHttpClient-1-1] DEBUG org.asynchttpclient.netty.channel.DefaultChannelPool - Entry count for : http://localhost:16881 : 1
11:15:55.679 [AsyncHttpClient-1-1] DEBUG org.asynchttpclient.netty.channel.DefaultChannelPool - Entry count for : http://localhost:64287 : 1
11:15:56.061 [main] DEBUG net.thucydides.core.reflection.ClassFinder - Could not load class com.google.gson.internal.
11:15:56.273 [main] DEBUG net.thucydides.core.reflection.ClassFinder - Could not load class com.sun.xml.bind.v2.runtime.output.FastInfosetStreamWriterOutput
11:15:56.786 [AsyncHttpClient-1-1] DEBUG org.asynchttpclient.netty.channel.DefaultChannelPool - Entry count for : http://localhost:16881 : 1
11:15:56.787 [AsyncHttpClient-1-1] DEBUG org.asynchttpclient.netty.channel.DefaultChannelPool - Entry count for : http://localhost:64287 : 1
11:15:56.856 [main] DEBUG net.thucydides.core.reflection.ClassFinder - Could not load class module-info
11:15:57.689 [main] DEBUG net.thucydides.core.reflection.ClassFinder - Could not load class org.assertj.core.api.JUnitJupiterBDDSoftAssertions
11:15:57.690 [main] DEBUG net.thucydides.core.reflection.ClassFinder - Could not load class org.assertj.core.api.JUnitJupiterSoftAssertions
11:15:57.716 [main] DEBUG net.thucydides.core.reflection.ClassFinder - Could not load class org.assertj.core.api.junit.jupiter.SoftAssertionsExtension
11:15:57.717 [main] DEBUG net.thucydides.core.reflection.ClassFinder - Could not load class org.assertj.core.api.junit.jupiter.SoftlyExtension
11:15:57.733 [main] DEBUG net.thucydides.core.reflection.ClassFinder - Could not load class org.assertj.core.error.AssertJMultipleFailuresError
11:15:57.887 [AsyncHttpClient-1-1] DEBUG org.asynchttpclient.netty.channel.DefaultChannelPool - Entry count for : http://localhost:16881 : 1
11:15:57.887 [AsyncHttpClient-1-1] DEBUG org.asynchttpclient.netty.channel.DefaultChannelPool - Entry count for : http://localhost:64287 : 1
11:15:58.980 [AsyncHttpClient-1-1] DEBUG org.asynchttpclient.netty.channel.DefaultChannelPool - Entry count for : http://localhost:16881 : 1
11:15:58.982 [AsyncHttpClient-1-1] DEBUG org.asynchttpclient.netty.channel.DefaultChannelPool - Entry count for : http://localhost:64287 : 1
11:16:00.079 [AsyncHttpClient-1-1] DEBUG org.asynchttpclient.netty.channel.DefaultChannelPool - Entry count for : http://localhost:16881 : 1
11:16:00.079 [AsyncHttpClient-1-1] DEBUG org.asynchttpclient.netty.channel.DefaultChannelPool - Entry count for : http://localhost:64287 : 1
11:16:01.178 [AsyncHttpClient-1-1] DEBUG org.asynchttpclient.netty.channel.DefaultChannelPool - Entry count for : http://localhost:16881 : 1
11:16:01.178 [AsyncHttpClient-1-1] DEBUG org.asynchttpclient.netty.channel.DefaultChannelPool - Entry count for : http://localhost:64287 : 1
11:16:01.341 [Forwarding maximizeCurrentWindow on session c2d42de92a345c0f7a4eda71ace5f8ad to remote] DEBUG org.asynchttpclient.netty.request.NettyRequestSender - Using pooled Channel '[id: 0x9d045e13, L:/127.0.0.1:64286 - R:localhost/127.0.0.1:16881]' for 'POST' to 'http://localhost:16881/session/c2d42de92a345c0f7a4eda71ace5f8ad/window/maximize'
11:16:01.341 [Forwarding maximizeCurrentWindow on session c2d42de92a345c0f7a4eda71ace5f8ad to remote] DEBUG org.asynchttpclient.netty.request.NettyRequestSender - Using open Channel [id: 0x9d045e13, L:/127.0.0.1:64286 - R:localhost/127.0.0.1:16881] for POST '/session/c2d42de92a345c0f7a4eda71ace5f8ad/window/maximize'
11:16:01.457 [AsyncHttpClient-1-2] DEBUG org.asynchttpclient.netty.handler.HttpHandler - 

Request DefaultHttpRequest(decodeResult: success, version: HTTP/1.1)
POST /session/c2d42de92a345c0f7a4eda71ace5f8ad/window/maximize HTTP/1.1
User-Agent: selenium/4.7.1 (java windows)
Content-Length: 3
Content-Type: application/json; charset=utf-8
host: localhost:16881
accept: */*

Response DefaultHttpResponse(decodeResult: success, version: HTTP/1.1)
HTTP/1.1 200 OK
Content-Type: application/json; charset=utf-8
cache-control: no-cache
content-length: 50

11:16:01.458 [AsyncHttpClient-1-2] DEBUG org.asynchttpclient.netty.channel.ChannelManager - Adding key: http://localhost:16881 for channel [id: 0x9d045e13, L:/127.0.0.1:64286 - R:localhost/127.0.0.1:16881]
11:16:01.478 [Forwarding get on session c2d42de92a345c0f7a4eda71ace5f8ad to remote] DEBUG org.asynchttpclient.netty.request.NettyRequestSender - Using pooled Channel '[id: 0x9d045e13, L:/127.0.0.1:64286 - R:localhost/127.0.0.1:16881]' for 'POST' to 'http://localhost:16881/session/c2d42de92a345c0f7a4eda71ace5f8ad/url'
11:16:01.479 [Forwarding get on session c2d42de92a345c0f7a4eda71ace5f8ad to remote] DEBUG org.asynchttpclient.netty.request.NettyRequestSender - Using open Channel [id: 0x9d045e13, L:/127.0.0.1:64286 - R:localhost/127.0.0.1:16881] for POST '/session/c2d42de92a345c0f7a4eda71ace5f8ad/url'
11:16:01.812 [AsyncHttpClient-1-2] DEBUG org.asynchttpclient.netty.handler.HttpHandler - 

Request DefaultHttpRequest(decodeResult: success, version: HTTP/1.1)
POST /session/c2d42de92a345c0f7a4eda71ace5f8ad/url HTTP/1.1
User-Agent: selenium/4.7.1 (java windows)
Content-Length: 56
Content-Type: application/json; charset=utf-8
host: localhost:16881
accept: */*

Response DefaultHttpResponse(decodeResult: success, version: HTTP/1.1)
HTTP/1.1 200 OK
Content-Type: application/json; charset=utf-8
cache-control: no-cache
content-length: 14

11:16:01.813 [AsyncHttpClient-1-2] DEBUG org.asynchttpclient.netty.channel.ChannelManager - Adding key: http://localhost:16881 for channel [id: 0x9d045e13, L:/127.0.0.1:64286 - R:localhost/127.0.0.1:16881]
11:16:01.817 [Forwarding setTimeout on session c2d42de92a345c0f7a4eda71ace5f8ad to remote] DEBUG org.asynchttpclient.netty.request.NettyRequestSender - Using pooled Channel '[id: 0x9d045e13, L:/127.0.0.1:64286 - R:localhost/127.0.0.1:16881]' for 'POST' to 'http://localhost:16881/session/c2d42de92a345c0f7a4eda71ace5f8ad/timeouts'
11:16:01.817 [Forwarding setTimeout on session c2d42de92a345c0f7a4eda71ace5f8ad to remote] DEBUG org.asynchttpclient.netty.request.NettyRequestSender - Using open Channel [id: 0x9d045e13, L:/127.0.0.1:64286 - R:localhost/127.0.0.1:16881] for POST '/session/c2d42de92a345c0f7a4eda71ace5f8ad/timeouts'
11:16:01.819 [AsyncHttpClient-1-2] DEBUG org.asynchttpclient.netty.handler.HttpHandler - 

Request DefaultHttpRequest(decodeResult: success, version: HTTP/1.1)
POST /session/c2d42de92a345c0f7a4eda71ace5f8ad/timeouts HTTP/1.1
User-Agent: selenium/4.7.1 (java windows)
Content-Length: 22
Content-Type: application/json; charset=utf-8
host: localhost:16881
accept: */*

Response DefaultHttpResponse(decodeResult: success, version: HTTP/1.1)
HTTP/1.1 200 OK
Content-Type: application/json; charset=utf-8
cache-control: no-cache
content-length: 14

11:16:01.819 [AsyncHttpClient-1-2] DEBUG org.asynchttpclient.netty.channel.ChannelManager - Adding key: http://localhost:16881 for channel [id: 0x9d045e13, L:/127.0.0.1:64286 - R:localhost/127.0.0.1:16881]
  &amp#27;[32mGiven &amp#27;[0m&amp#27;[32mI go to &amp#27;[0m&amp#27;[32m&amp#27;[1m"https://www.saucedemo.com/"&amp#27;[0m &amp#27;[90m# Class6BDD.steps.CommonSteps.fillCrossDockSection(java.lang.String)&amp#27;[0m
11:16:01.852 [main] DEBUG net.serenitybdd.core.photography.Darkroom - Opening darkroom
11:16:01.854 [Darkroom Processing Line] DEBUG net.serenitybdd.core.photography.DarkroomProcessingLine - Darkroom processing line starting up
11:16:01.887 [Forwarding getCurrentWindowHandle on session c2d42de92a345c0f7a4eda71ace5f8ad to remote] DEBUG org.asynchttpclient.netty.request.NettyRequestSender - Using pooled Channel '[id: 0x9d045e13, L:/127.0.0.1:64286 - R:localhost/127.0.0.1:16881]' for 'GET' to 'http://localhost:16881/session/c2d42de92a345c0f7a4eda71ace5f8ad/window'
11:16:01.887 [Forwarding getCurrentWindowHandle on session c2d42de92a345c0f7a4eda71ace5f8ad to remote] DEBUG org.asynchttpclient.netty.request.NettyRequestSender - Using open Channel [id: 0x9d045e13, L:/127.0.0.1:64286 - R:localhost/127.0.0.1:16881] for GET '/session/c2d42de92a345c0f7a4eda71ace5f8ad/window'
11:16:01.888 [AsyncHttpClient-1-2] DEBUG org.asynchttpclient.netty.handler.HttpHandler - 

Request DefaultFullHttpRequest(decodeResult: success, version: HTTP/1.1, content: EmptyByteBufBE)
GET /session/c2d42de92a345c0f7a4eda71ace5f8ad/window HTTP/1.1
User-Agent: selenium/4.7.1 (java windows)
Cache-Control: no-cache
Content-Type: application/json; charset=utf-8
host: localhost:16881
accept: */*

Response DefaultHttpResponse(decodeResult: success, version: HTTP/1.1)
HTTP/1.1 200 OK
Content-Type: application/json; charset=utf-8
cache-control: no-cache
content-length: 53

11:16:01.888 [AsyncHttpClient-1-2] DEBUG org.asynchttpclient.netty.channel.ChannelManager - Adding key: http://localhost:16881 for channel [id: 0x9d045e13, L:/127.0.0.1:64286 - R:localhost/127.0.0.1:16881]
11:16:01.891 [Forwarding getAlertText on session c2d42de92a345c0f7a4eda71ace5f8ad to remote] DEBUG org.asynchttpclient.netty.request.NettyRequestSender - Using pooled Channel '[id: 0x9d045e13, L:/127.0.0.1:64286 - R:localhost/127.0.0.1:16881]' for 'GET' to 'http://localhost:16881/session/c2d42de92a345c0f7a4eda71ace5f8ad/alert/text'
11:16:01.891 [Forwarding getAlertText on session c2d42de92a345c0f7a4eda71ace5f8ad to remote] DEBUG org.asynchttpclient.netty.request.NettyRequestSender - Using open Channel [id: 0x9d045e13, L:/127.0.0.1:64286 - R:localhost/127.0.0.1:16881] for GET '/session/c2d42de92a345c0f7a4eda71ace5f8ad/alert/text'
11:16:01.893 [AsyncHttpClient-1-2] DEBUG org.asynchttpclient.netty.handler.HttpHandler - 

Request DefaultFullHttpRequest(decodeResult: success, version: HTTP/1.1, content: EmptyByteBufBE)
GET /session/c2d42de92a345c0f7a4eda71ace5f8ad/alert/text HTTP/1.1
User-Agent: selenium/4.7.1 (java windows)
Cache-Control: no-cache
Content-Type: application/json; charset=utf-8
host: localhost:16881
accept: */*

Response DefaultHttpResponse(decodeResult: success, version: HTTP/1.1)
HTTP/1.1 404 Not Found
Content-Type: application/json; charset=utf-8
cache-control: no-cache
content-length: 834

11:16:01.894 [AsyncHttpClient-1-2] DEBUG org.asynchttpclient.netty.channel.ChannelManager - Adding key: http://localhost:16881 for channel [id: 0x9d045e13, L:/127.0.0.1:64286 - R:localhost/127.0.0.1:16881]
11:16:01.905 [Forwarding switchToWindow on session c2d42de92a345c0f7a4eda71ace5f8ad to remote] DEBUG org.asynchttpclient.netty.request.NettyRequestSender - Using pooled Channel '[id: 0x9d045e13, L:/127.0.0.1:64286 - R:localhost/127.0.0.1:16881]' for 'POST' to 'http://localhost:16881/session/c2d42de92a345c0f7a4eda71ace5f8ad/window'
11:16:01.905 [Forwarding switchToWindow on session c2d42de92a345c0f7a4eda71ace5f8ad to remote] DEBUG org.asynchttpclient.netty.request.NettyRequestSender - Using open Channel [id: 0x9d045e13, L:/127.0.0.1:64286 - R:localhost/127.0.0.1:16881] for POST '/session/c2d42de92a345c0f7a4eda71ace5f8ad/window'
11:16:01.907 [AsyncHttpClient-1-2] DEBUG org.asynchttpclient.netty.handler.HttpHandler - 

Request DefaultHttpRequest(decodeResult: success, version: HTTP/1.1)
POST /session/c2d42de92a345c0f7a4eda71ace5f8ad/window HTTP/1.1
User-Agent: selenium/4.7.1 (java windows)
Content-Length: 59
Content-Type: application/json; charset=utf-8
host: localhost:16881
accept: */*

Response DefaultHttpResponse(decodeResult: success, version: HTTP/1.1)
HTTP/1.1 200 OK
Content-Type: application/json; charset=utf-8
cache-control: no-cache
content-length: 14

11:16:01.908 [AsyncHttpClient-1-2] DEBUG org.asynchttpclient.netty.channel.ChannelManager - Adding key: http://localhost:16881 for channel [id: 0x9d045e13, L:/127.0.0.1:64286 - R:localhost/127.0.0.1:16881]
11:16:01.909 [Forwarding getCurrentUrl on session c2d42de92a345c0f7a4eda71ace5f8ad to remote] DEBUG org.asynchttpclient.netty.request.NettyRequestSender - Using pooled Channel '[id: 0x9d045e13, L:/127.0.0.1:64286 - R:localhost/127.0.0.1:16881]' for 'GET' to 'http://localhost:16881/session/c2d42de92a345c0f7a4eda71ace5f8ad/url'
11:16:01.909 [Forwarding getCurrentUrl on session c2d42de92a345c0f7a4eda71ace5f8ad to remote] DEBUG org.asynchttpclient.netty.request.NettyRequestSender - Using open Channel [id: 0x9d045e13, L:/127.0.0.1:64286 - R:localhost/127.0.0.1:16881] for GET '/session/c2d42de92a345c0f7a4eda71ace5f8ad/url'
11:16:01.914 [AsyncHttpClient-1-2] DEBUG org.asynchttpclient.netty.handler.HttpHandler - 

Request DefaultFullHttpRequest(decodeResult: success, version: HTTP/1.1, content: EmptyByteBufBE)
GET /session/c2d42de92a345c0f7a4eda71ace5f8ad/url HTTP/1.1
User-Agent: selenium/4.7.1 (java windows)
Cache-Control: no-cache
Content-Type: application/json; charset=utf-8
host: localhost:16881
accept: */*

Response DefaultHttpResponse(decodeResult: success, version: HTTP/1.1)
HTTP/1.1 200 OK
Content-Type: application/json; charset=utf-8
cache-control: no-cache
content-length: 38

11:16:01.914 [AsyncHttpClient-1-2] DEBUG org.asynchttpclient.netty.channel.ChannelManager - Adding key: http://localhost:16881 for channel [id: 0x9d045e13, L:/127.0.0.1:64286 - R:localhost/127.0.0.1:16881]
11:16:01.916 [Forwarding screenshot on session c2d42de92a345c0f7a4eda71ace5f8ad to remote] DEBUG org.asynchttpclient.netty.request.NettyRequestSender - Using pooled Channel '[id: 0x9d045e13, L:/127.0.0.1:64286 - R:localhost/127.0.0.1:16881]' for 'GET' to 'http://localhost:16881/session/c2d42de92a345c0f7a4eda71ace5f8ad/screenshot'
11:16:01.917 [Forwarding screenshot on session c2d42de92a345c0f7a4eda71ace5f8ad to remote] DEBUG org.asynchttpclient.netty.request.NettyRequestSender - Using open Channel [id: 0x9d045e13, L:/127.0.0.1:64286 - R:localhost/127.0.0.1:16881] for GET '/session/c2d42de92a345c0f7a4eda71ace5f8ad/screenshot'
11:16:02.051 [AsyncHttpClient-1-2] DEBUG org.asynchttpclient.netty.handler.HttpHandler - 

Request DefaultFullHttpRequest(decodeResult: success, version: HTTP/1.1, content: EmptyByteBufBE)
GET /session/c2d42de92a345c0f7a4eda71ace5f8ad/screenshot HTTP/1.1
User-Agent: selenium/4.7.1 (java windows)
Cache-Control: no-cache
Content-Type: application/json; charset=utf-8
host: localhost:16881
accept: */*

Response DefaultHttpResponse(decodeResult: success, version: HTTP/1.1)
HTTP/1.1 200 OK
Content-Type: application/json; charset=utf-8
cache-control: no-cache
content-length: 80692

11:16:02.052 [AsyncHttpClient-1-2] DEBUG org.asynchttpclient.netty.channel.ChannelManager - Adding key: http://localhost:16881 for channel [id: 0x9d045e13, L:/127.0.0.1:64286 - R:localhost/127.0.0.1:16881]
11:16:02.151 [main] DEBUG net.serenitybdd.core.photography.Darkroom - Send negative for processing for target\site\serenity\15a7514d6fa104e3b1d014195f40b59ecdad25387af39f26ebf9f7e5154565c1.png
11:16:02.152 [Darkroom Processing Line] DEBUG net.serenitybdd.core.photography.DarkroomProcessingLine - Processing screenshot image in /var/screenshots/screenshot-852491916500507365
11:16:02.152 [Darkroom Processing Line] DEBUG net.serenitybdd.core.photography.DarkroomProcessingLine - Saving screenshot to target\site\serenity\15a7514d6fa104e3b1d014195f40b59ecdad25387af39f26ebf9f7e5154565c1.png
11:16:02.161 [Forwarding getPageSource on session c2d42de92a345c0f7a4eda71ace5f8ad to remote] DEBUG org.asynchttpclient.netty.request.NettyRequestSender - Using pooled Channel '[id: 0x9d045e13, L:/127.0.0.1:64286 - R:localhost/127.0.0.1:16881]' for 'POST' to 'http://localhost:16881/session/c2d42de92a345c0f7a4eda71ace5f8ad/execute/sync'
11:16:02.161 [Forwarding getPageSource on session c2d42de92a345c0f7a4eda71ace5f8ad to remote] DEBUG org.asynchttpclient.netty.request.NettyRequestSender - Using open Channel [id: 0x9d045e13, L:/127.0.0.1:64286 - R:localhost/127.0.0.1:16881] for POST '/session/c2d42de92a345c0f7a4eda71ace5f8ad/execute/sync'
11:16:02.167 [AsyncHttpClient-1-2] DEBUG org.asynchttpclient.netty.handler.HttpHandler - 

Request DefaultHttpRequest(decodeResult: success, version: HTTP/1.1)
POST /session/c2d42de92a345c0f7a4eda71ace5f8ad/execute/sync HTTP/1.1
User-Agent: selenium/4.7.1 (java windows)
Content-Length: 176
Content-Type: application/json; charset=utf-8
host: localhost:16881
accept: */*

Response DefaultHttpResponse(decodeResult: success, version: HTTP/1.1)
HTTP/1.1 200 OK
Content-Type: application/json; charset=utf-8
cache-control: no-cache
content-length: 4160

11:16:02.168 [AsyncHttpClient-1-2] DEBUG org.asynchttpclient.netty.channel.ChannelManager - Adding key: http://localhost:16881 for channel [id: 0x9d045e13, L:/127.0.0.1:64286 - R:localhost/127.0.0.1:16881]
11:16:02.256 [Forwarding getCurrentUrl on session c2d42de92a345c0f7a4eda71ace5f8ad to remote] DEBUG org.asynchttpclient.netty.request.NettyRequestSender - Using pooled Channel '[id: 0x9d045e13, L:/127.0.0.1:64286 - R:localhost/127.0.0.1:16881]' for 'GET' to 'http://localhost:16881/session/c2d42de92a345c0f7a4eda71ace5f8ad/url'
11:16:02.256 [Forwarding getCurrentUrl on session c2d42de92a345c0f7a4eda71ace5f8ad to remote] DEBUG org.asynchttpclient.netty.request.NettyRequestSender - Using open Channel [id: 0x9d045e13, L:/127.0.0.1:64286 - R:localhost/127.0.0.1:16881] for GET '/session/c2d42de92a345c0f7a4eda71ace5f8ad/url'
11:16:02.261 [AsyncHttpClient-1-2] DEBUG org.asynchttpclient.netty.handler.HttpHandler - 

Request DefaultFullHttpRequest(decodeResult: success, version: HTTP/1.1, content: EmptyByteBufBE)
GET /session/c2d42de92a345c0f7a4eda71ace5f8ad/url HTTP/1.1
User-Agent: selenium/4.7.1 (java windows)
Cache-Control: no-cache
Content-Type: application/json; charset=utf-8
host: localhost:16881
accept: */*

Response DefaultHttpResponse(decodeResult: success, version: HTTP/1.1)
HTTP/1.1 200 OK
Content-Type: application/json; charset=utf-8
cache-control: no-cache
content-length: 38

11:16:02.262 [AsyncHttpClient-1-2] DEBUG org.asynchttpclient.netty.channel.ChannelManager - Adding key: http://localhost:16881 for channel [id: 0x9d045e13, L:/127.0.0.1:64286 - R:localhost/127.0.0.1:16881]
11:16:02.268 [Forwarding maximizeCurrentWindow on session c2d42de92a345c0f7a4eda71ace5f8ad to remote] DEBUG org.asynchttpclient.netty.request.NettyRequestSender - Using pooled Channel '[id: 0x9d045e13, L:/127.0.0.1:64286 - R:localhost/127.0.0.1:16881]' for 'POST' to 'http://localhost:16881/session/c2d42de92a345c0f7a4eda71ace5f8ad/window/maximize'
11:16:02.268 [Forwarding maximizeCurrentWindow on session c2d42de92a345c0f7a4eda71ace5f8ad to remote] DEBUG org.asynchttpclient.netty.request.NettyRequestSender - Using open Channel [id: 0x9d045e13, L:/127.0.0.1:64286 - R:localhost/127.0.0.1:16881] for POST '/session/c2d42de92a345c0f7a4eda71ace5f8ad/window/maximize'
11:16:02.272 [AsyncHttpClient-1-2] DEBUG org.asynchttpclient.netty.handler.HttpHandler - 

Request DefaultHttpRequest(decodeResult: success, version: HTTP/1.1)
POST /session/c2d42de92a345c0f7a4eda71ace5f8ad/window/maximize HTTP/1.1
User-Agent: selenium/4.7.1 (java windows)
Content-Length: 3
Content-Type: application/json; charset=utf-8
host: localhost:16881
accept: */*

Response DefaultHttpResponse(decodeResult: success, version: HTTP/1.1)
HTTP/1.1 200 OK
Content-Type: application/json; charset=utf-8
cache-control: no-cache
content-length: 50

11:16:02.272 [AsyncHttpClient-1-2] DEBUG org.asynchttpclient.netty.channel.ChannelManager - Adding key: http://localhost:16881 for channel [id: 0x9d045e13, L:/127.0.0.1:64286 - R:localhost/127.0.0.1:16881]
11:16:02.286 [AsyncHttpClient-1-1] DEBUG org.asynchttpclient.netty.channel.DefaultChannelPool - Entry count for : http://localhost:16881 : 1
11:16:02.286 [AsyncHttpClient-1-1] DEBUG org.asynchttpclient.netty.channel.DefaultChannelPool - Entry count for : http://localhost:64287 : 1
11:16:02.288 [Forwarding findElement on session c2d42de92a345c0f7a4eda71ace5f8ad to remote] DEBUG org.asynchttpclient.netty.request.NettyRequestSender - Using pooled Channel '[id: 0x9d045e13, L:/127.0.0.1:64286 - R:localhost/127.0.0.1:16881]' for 'POST' to 'http://localhost:16881/session/c2d42de92a345c0f7a4eda71ace5f8ad/element'
11:16:02.288 [Forwarding findElement on session c2d42de92a345c0f7a4eda71ace5f8ad to remote] DEBUG org.asynchttpclient.netty.request.NettyRequestSender - Using open Channel [id: 0x9d045e13, L:/127.0.0.1:64286 - R:localhost/127.0.0.1:16881] for POST '/session/c2d42de92a345c0f7a4eda71ace5f8ad/element'
11:16:02.298 [AsyncHttpClient-1-2] DEBUG org.asynchttpclient.netty.handler.HttpHandler - 

Request DefaultHttpRequest(decodeResult: success, version: HTTP/1.1)
POST /session/c2d42de92a345c0f7a4eda71ace5f8ad/element HTTP/1.1
User-Agent: selenium/4.7.1 (java windows)
Content-Length: 56
Content-Type: application/json; charset=utf-8
host: localhost:16881
accept: */*

Response DefaultHttpResponse(decodeResult: success, version: HTTP/1.1)
HTTP/1.1 200 OK
Content-Type: application/json; charset=utf-8
cache-control: no-cache
content-length: 88

11:16:02.298 [AsyncHttpClient-1-2] DEBUG org.asynchttpclient.netty.channel.ChannelManager - Adding key: http://localhost:16881 for channel [id: 0x9d045e13, L:/127.0.0.1:64286 - R:localhost/127.0.0.1:16881]
11:16:02.304 [Forwarding sendKeysToElement on session c2d42de92a345c0f7a4eda71ace5f8ad to remote] DEBUG org.asynchttpclient.netty.request.NettyRequestSender - Using pooled Channel '[id: 0x9d045e13, L:/127.0.0.1:64286 - R:localhost/127.0.0.1:16881]' for 'POST' to 'http://localhost:16881/session/c2d42de92a345c0f7a4eda71ace5f8ad/element/123d0936-800a-4e08-8965-209698f46f59/value'
11:16:02.304 [Forwarding sendKeysToElement on session c2d42de92a345c0f7a4eda71ace5f8ad to remote] DEBUG org.asynchttpclient.netty.request.NettyRequestSender - Using open Channel [id: 0x9d045e13, L:/127.0.0.1:64286 - R:localhost/127.0.0.1:16881] for POST '/session/c2d42de92a345c0f7a4eda71ace5f8ad/element/123d0936-800a-4e08-8965-209698f46f59/value'
11:16:02.368 [AsyncHttpClient-1-2] DEBUG org.asynchttpclient.netty.handler.HttpHandler - 

Request DefaultHttpRequest(decodeResult: success, version: HTTP/1.1)
POST /session/c2d42de92a345c0f7a4eda71ace5f8ad/element/123d0936-800a-4e08-8965-209698f46f59/value HTTP/1.1
User-Agent: selenium/4.7.1 (java windows)
Content-Length: 211
Content-Type: application/json; charset=utf-8
host: localhost:16881
accept: */*

Response DefaultHttpResponse(decodeResult: success, version: HTTP/1.1)
HTTP/1.1 200 OK
Content-Type: application/json; charset=utf-8
cache-control: no-cache
content-length: 14

11:16:02.368 [AsyncHttpClient-1-2] DEBUG org.asynchttpclient.netty.channel.ChannelManager - Adding key: http://localhost:16881 for channel [id: 0x9d045e13, L:/127.0.0.1:64286 - R:localhost/127.0.0.1:16881]
  &amp#27;[32mThen &amp#27;[0m&amp#27;[32mI fill username &amp#27;[0m&amp#27;[32m&amp#27;[1m"standard_user"&amp#27;[0m       &amp#27;[90m# Class6BDD.steps.LoginSteps.iFillUsername(java.lang.String)&amp#27;[0m
11:16:02.377 [Forwarding getCurrentWindowHandle on session c2d42de92a345c0f7a4eda71ace5f8ad to remote] DEBUG org.asynchttpclient.netty.request.NettyRequestSender - Using pooled Channel '[id: 0x9d045e13, L:/127.0.0.1:64286 - R:localhost/127.0.0.1:16881]' for 'GET' to 'http://localhost:16881/session/c2d42de92a345c0f7a4eda71ace5f8ad/window'
11:16:02.377 [Forwarding getCurrentWindowHandle on session c2d42de92a345c0f7a4eda71ace5f8ad to remote] DEBUG org.asynchttpclient.netty.request.NettyRequestSender - Using open Channel [id: 0x9d045e13, L:/127.0.0.1:64286 - R:localhost/127.0.0.1:16881] for GET '/session/c2d42de92a345c0f7a4eda71ace5f8ad/window'
11:16:02.378 [AsyncHttpClient-1-2] DEBUG org.asynchttpclient.netty.handler.HttpHandler - 

Request DefaultFullHttpRequest(decodeResult: success, version: HTTP/1.1, content: EmptyByteBufBE)
GET /session/c2d42de92a345c0f7a4eda71ace5f8ad/window HTTP/1.1
User-Agent: selenium/4.7.1 (java windows)
Cache-Control: no-cache
Content-Type: application/json; charset=utf-8
host: localhost:16881
accept: */*

Response DefaultHttpResponse(decodeResult: success, version: HTTP/1.1)
HTTP/1.1 200 OK
Content-Type: application/json; charset=utf-8
cache-control: no-cache
content-length: 53

11:16:02.378 [AsyncHttpClient-1-2] DEBUG org.asynchttpclient.netty.channel.ChannelManager - Adding key: http://localhost:16881 for channel [id: 0x9d045e13, L:/127.0.0.1:64286 - R:localhost/127.0.0.1:16881]
11:16:02.380 [Forwarding getAlertText on session c2d42de92a345c0f7a4eda71ace5f8ad to remote] DEBUG org.asynchttpclient.netty.request.NettyRequestSender - Using pooled Channel '[id: 0x9d045e13, L:/127.0.0.1:64286 - R:localhost/127.0.0.1:16881]' for 'GET' to 'http://localhost:16881/session/c2d42de92a345c0f7a4eda71ace5f8ad/alert/text'
11:16:02.380 [Forwarding getAlertText on session c2d42de92a345c0f7a4eda71ace5f8ad to remote] DEBUG org.asynchttpclient.netty.request.NettyRequestSender - Using open Channel [id: 0x9d045e13, L:/127.0.0.1:64286 - R:localhost/127.0.0.1:16881] for GET '/session/c2d42de92a345c0f7a4eda71ace5f8ad/alert/text'
11:16:02.382 [AsyncHttpClient-1-2] DEBUG org.asynchttpclient.netty.handler.HttpHandler - 

Request DefaultFullHttpRequest(decodeResult: success, version: HTTP/1.1, content: EmptyByteBufBE)
GET /session/c2d42de92a345c0f7a4eda71ace5f8ad/alert/text HTTP/1.1
User-Agent: selenium/4.7.1 (java windows)
Cache-Control: no-cache
Content-Type: application/json; charset=utf-8
host: localhost:16881
accept: */*

Response DefaultHttpResponse(decodeResult: success, version: HTTP/1.1)
HTTP/1.1 404 Not Found
Content-Type: application/json; charset=utf-8
cache-control: no-cache
content-length: 834

11:16:02.382 [AsyncHttpClient-1-2] DEBUG org.asynchttpclient.netty.channel.ChannelManager - Adding key: http://localhost:16881 for channel [id: 0x9d045e13, L:/127.0.0.1:64286 - R:localhost/127.0.0.1:16881]
11:16:02.386 [Forwarding switchToWindow on session c2d42de92a345c0f7a4eda71ace5f8ad to remote] DEBUG org.asynchttpclient.netty.request.NettyRequestSender - Using pooled Channel '[id: 0x9d045e13, L:/127.0.0.1:64286 - R:localhost/127.0.0.1:16881]' for 'POST' to 'http://localhost:16881/session/c2d42de92a345c0f7a4eda71ace5f8ad/window'
11:16:02.386 [Forwarding switchToWindow on session c2d42de92a345c0f7a4eda71ace5f8ad to remote] DEBUG org.asynchttpclient.netty.request.NettyRequestSender - Using open Channel [id: 0x9d045e13, L:/127.0.0.1:64286 - R:localhost/127.0.0.1:16881] for POST '/session/c2d42de92a345c0f7a4eda71ace5f8ad/window'
11:16:02.388 [AsyncHttpClient-1-2] DEBUG org.asynchttpclient.netty.handler.HttpHandler - 

Request DefaultHttpRequest(decodeResult: success, version: HTTP/1.1)
POST /session/c2d42de92a345c0f7a4eda71ace5f8ad/window HTTP/1.1
User-Agent: selenium/4.7.1 (java windows)
Content-Length: 59
Content-Type: application/json; charset=utf-8
host: localhost:16881
accept: */*

Response DefaultHttpResponse(decodeResult: success, version: HTTP/1.1)
HTTP/1.1 200 OK
Content-Type: application/json; charset=utf-8
cache-control: no-cache
content-length: 14

11:16:02.389 [AsyncHttpClient-1-2] DEBUG org.asynchttpclient.netty.channel.ChannelManager - Adding key: http://localhost:16881 for channel [id: 0x9d045e13, L:/127.0.0.1:64286 - R:localhost/127.0.0.1:16881]
11:16:02.390 [Forwarding getCurrentUrl on session c2d42de92a345c0f7a4eda71ace5f8ad to remote] DEBUG org.asynchttpclient.netty.request.NettyRequestSender - Using pooled Channel '[id: 0x9d045e13, L:/127.0.0.1:64286 - R:localhost/127.0.0.1:16881]' for 'GET' to 'http://localhost:16881/session/c2d42de92a345c0f7a4eda71ace5f8ad/url'
11:16:02.390 [Forwarding getCurrentUrl on session c2d42de92a345c0f7a4eda71ace5f8ad to remote] DEBUG org.asynchttpclient.netty.request.NettyRequestSender - Using open Channel [id: 0x9d045e13, L:/127.0.0.1:64286 - R:localhost/127.0.0.1:16881] for GET '/session/c2d42de92a345c0f7a4eda71ace5f8ad/url'
11:16:02.394 [AsyncHttpClient-1-2] DEBUG org.asynchttpclient.netty.handler.HttpHandler - 

Request DefaultFullHttpRequest(decodeResult: success, version: HTTP/1.1, content: EmptyByteBufBE)
GET /session/c2d42de92a345c0f7a4eda71ace5f8ad/url HTTP/1.1
User-Agent: selenium/4.7.1 (java windows)
Cache-Control: no-cache
Content-Type: application/json; charset=utf-8
host: localhost:16881
accept: */*

Response DefaultHttpResponse(decodeResult: success, version: HTTP/1.1)
HTTP/1.1 200 OK
Content-Type: application/json; charset=utf-8
cache-control: no-cache
content-length: 38

11:16:02.395 [AsyncHttpClient-1-2] DEBUG org.asynchttpclient.netty.channel.ChannelManager - Adding key: http://localhost:16881 for channel [id: 0x9d045e13, L:/127.0.0.1:64286 - R:localhost/127.0.0.1:16881]
11:16:02.395 [Forwarding screenshot on session c2d42de92a345c0f7a4eda71ace5f8ad to remote] DEBUG org.asynchttpclient.netty.request.NettyRequestSender - Using pooled Channel '[id: 0x9d045e13, L:/127.0.0.1:64286 - R:localhost/127.0.0.1:16881]' for 'GET' to 'http://localhost:16881/session/c2d42de92a345c0f7a4eda71ace5f8ad/screenshot'
11:16:02.397 [Forwarding screenshot on session c2d42de92a345c0f7a4eda71ace5f8ad to remote] DEBUG org.asynchttpclient.netty.request.NettyRequestSender - Using open Channel [id: 0x9d045e13, L:/127.0.0.1:64286 - R:localhost/127.0.0.1:16881] for GET '/session/c2d42de92a345c0f7a4eda71ace5f8ad/screenshot'
11:16:02.595 [AsyncHttpClient-1-2] DEBUG org.asynchttpclient.netty.handler.HttpHandler - 

Request DefaultFullHttpRequest(decodeResult: success, version: HTTP/1.1, content: EmptyByteBufBE)
GET /session/c2d42de92a345c0f7a4eda71ace5f8ad/screenshot HTTP/1.1
User-Agent: selenium/4.7.1 (java windows)
Cache-Control: no-cache
Content-Type: application/json; charset=utf-8
host: localhost:16881
accept: */*

Response DefaultHttpResponse(decodeResult: success, version: HTTP/1.1)
HTTP/1.1 200 OK
Content-Type: application/json; charset=utf-8
cache-control: no-cache
content-length: 81524

11:16:02.596 [AsyncHttpClient-1-2] DEBUG org.asynchttpclient.netty.channel.ChannelManager - Adding key: http://localhost:16881 for channel [id: 0x9d045e13, L:/127.0.0.1:64286 - R:localhost/127.0.0.1:16881]
11:16:02.602 [main] DEBUG net.serenitybdd.core.photography.Darkroom - Send negative for processing for target\site\serenity\4d348736925d136719aeae1b6214215cd9df14df0a0e9287ede36be35ff0d279.png
11:16:02.602 [Darkroom Processing Line] DEBUG net.serenitybdd.core.photography.DarkroomProcessingLine - Processing screenshot image in /var/screenshots/screenshot-2072526431819677704
11:16:02.602 [Darkroom Processing Line] DEBUG net.serenitybdd.core.photography.DarkroomProcessingLine - Saving screenshot to target\site\serenity\4d348736925d136719aeae1b6214215cd9df14df0a0e9287ede36be35ff0d279.png
11:16:02.609 [Forwarding getPageSource on session c2d42de92a345c0f7a4eda71ace5f8ad to remote] DEBUG org.asynchttpclient.netty.request.NettyRequestSender - Using pooled Channel '[id: 0x9d045e13, L:/127.0.0.1:64286 - R:localhost/127.0.0.1:16881]' for 'POST' to 'http://localhost:16881/session/c2d42de92a345c0f7a4eda71ace5f8ad/execute/sync'
11:16:02.609 [Forwarding getPageSource on session c2d42de92a345c0f7a4eda71ace5f8ad to remote] DEBUG org.asynchttpclient.netty.request.NettyRequestSender - Using open Channel [id: 0x9d045e13, L:/127.0.0.1:64286 - R:localhost/127.0.0.1:16881] for POST '/session/c2d42de92a345c0f7a4eda71ace5f8ad/execute/sync'
11:16:02.614 [AsyncHttpClient-1-2] DEBUG org.asynchttpclient.netty.handler.HttpHandler - 

Request DefaultHttpRequest(decodeResult: success, version: HTTP/1.1)
POST /session/c2d42de92a345c0f7a4eda71ace5f8ad/execute/sync HTTP/1.1
User-Agent: selenium/4.7.1 (java windows)
Content-Length: 176
Content-Type: application/json; charset=utf-8
host: localhost:16881
accept: */*

Response DefaultHttpResponse(decodeResult: success, version: HTTP/1.1)
HTTP/1.1 200 OK
Content-Type: application/json; charset=utf-8
cache-control: no-cache
content-length: 4173

11:16:02.614 [AsyncHttpClient-1-2] DEBUG org.asynchttpclient.netty.channel.ChannelManager - Adding key: http://localhost:16881 for channel [id: 0x9d045e13, L:/127.0.0.1:64286 - R:localhost/127.0.0.1:16881]
11:16:02.618 [Forwarding getCurrentUrl on session c2d42de92a345c0f7a4eda71ace5f8ad to remote] DEBUG org.asynchttpclient.netty.request.NettyRequestSender - Using pooled Channel '[id: 0x9d045e13, L:/127.0.0.1:64286 - R:localhost/127.0.0.1:16881]' for 'GET' to 'http://localhost:16881/session/c2d42de92a345c0f7a4eda71ace5f8ad/url'
11:16:02.618 [Forwarding getCurrentUrl on session c2d42de92a345c0f7a4eda71ace5f8ad to remote] DEBUG org.asynchttpclient.netty.request.NettyRequestSender - Using open Channel [id: 0x9d045e13, L:/127.0.0.1:64286 - R:localhost/127.0.0.1:16881] for GET '/session/c2d42de92a345c0f7a4eda71ace5f8ad/url'
11:16:02.621 [AsyncHttpClient-1-2] DEBUG org.asynchttpclient.netty.handler.HttpHandler - 

Request DefaultFullHttpRequest(decodeResult: success, version: HTTP/1.1, content: EmptyByteBufBE)
GET /session/c2d42de92a345c0f7a4eda71ace5f8ad/url HTTP/1.1
User-Agent: selenium/4.7.1 (java windows)
Cache-Control: no-cache
Content-Type: application/json; charset=utf-8
host: localhost:16881
accept: */*

Response DefaultHttpResponse(decodeResult: success, version: HTTP/1.1)
HTTP/1.1 200 OK
Content-Type: application/json; charset=utf-8
cache-control: no-cache
content-length: 38

11:16:02.621 [AsyncHttpClient-1-2] DEBUG org.asynchttpclient.netty.channel.ChannelManager - Adding key: http://localhost:16881 for channel [id: 0x9d045e13, L:/127.0.0.1:64286 - R:localhost/127.0.0.1:16881]
11:16:02.625 [Forwarding findElement on session c2d42de92a345c0f7a4eda71ace5f8ad to remote] DEBUG org.asynchttpclient.netty.request.NettyRequestSender - Using pooled Channel '[id: 0x9d045e13, L:/127.0.0.1:64286 - R:localhost/127.0.0.1:16881]' for 'POST' to 'http://localhost:16881/session/c2d42de92a345c0f7a4eda71ace5f8ad/element'
11:16:02.625 [Forwarding findElement on session c2d42de92a345c0f7a4eda71ace5f8ad to remote] DEBUG org.asynchttpclient.netty.request.NettyRequestSender - Using open Channel [id: 0x9d045e13, L:/127.0.0.1:64286 - R:localhost/127.0.0.1:16881] for POST '/session/c2d42de92a345c0f7a4eda71ace5f8ad/element'
11:16:02.634 [AsyncHttpClient-1-2] DEBUG org.asynchttpclient.netty.handler.HttpHandler - 

Request DefaultHttpRequest(decodeResult: success, version: HTTP/1.1)
POST /session/c2d42de92a345c0f7a4eda71ace5f8ad/element HTTP/1.1
User-Agent: selenium/4.7.1 (java windows)
Content-Length: 53
Content-Type: application/json; charset=utf-8
host: localhost:16881
accept: */*

Response DefaultHttpResponse(decodeResult: success, version: HTTP/1.1)
HTTP/1.1 200 OK
Content-Type: application/json; charset=utf-8
cache-control: no-cache
content-length: 88

11:16:02.634 [AsyncHttpClient-1-2] DEBUG org.asynchttpclient.netty.channel.ChannelManager - Adding key: http://localhost:16881 for channel [id: 0x9d045e13, L:/127.0.0.1:64286 - R:localhost/127.0.0.1:16881]
11:16:02.636 [Forwarding sendKeysToElement on session c2d42de92a345c0f7a4eda71ace5f8ad to remote] DEBUG org.asynchttpclient.netty.request.NettyRequestSender - Using pooled Channel '[id: 0x9d045e13, L:/127.0.0.1:64286 - R:localhost/127.0.0.1:16881]' for 'POST' to 'http://localhost:16881/session/c2d42de92a345c0f7a4eda71ace5f8ad/element/a429988f-e2e9-4cbb-84d5-7c4f34b3e74e/value'
11:16:02.636 [Forwarding sendKeysToElement on session c2d42de92a345c0f7a4eda71ace5f8ad to remote] DEBUG org.asynchttpclient.netty.request.NettyRequestSender - Using open Channel [id: 0x9d045e13, L:/127.0.0.1:64286 - R:localhost/127.0.0.1:16881] for POST '/session/c2d42de92a345c0f7a4eda71ace5f8ad/element/a429988f-e2e9-4cbb-84d5-7c4f34b3e74e/value'
11:16:02.686 [AsyncHttpClient-1-2] DEBUG org.asynchttpclient.netty.handler.HttpHandler - 

Request DefaultHttpRequest(decodeResult: success, version: HTTP/1.1)
POST /session/c2d42de92a345c0f7a4eda71ace5f8ad/element/a429988f-e2e9-4cbb-84d5-7c4f34b3e74e/value HTTP/1.1
User-Agent: selenium/4.7.1 (java windows)
Content-Length: 201
Content-Type: application/json; charset=utf-8
host: localhost:16881
accept: */*

Response DefaultHttpResponse(decodeResult: success, version: HTTP/1.1)
HTTP/1.1 200 OK
Content-Type: application/json; charset=utf-8
cache-control: no-cache
content-length: 14

11:16:02.686 [AsyncHttpClient-1-2] DEBUG org.asynchttpclient.netty.channel.ChannelManager - Adding key: http://localhost:16881 for channel [id: 0x9d045e13, L:/127.0.0.1:64286 - R:localhost/127.0.0.1:16881]
  &amp#27;[32mThen &amp#27;[0m&amp#27;[32mI fill password &amp#27;[0m&amp#27;[32m&amp#27;[1m"secret_sauce"&amp#27;[0m        &amp#27;[90m# Class6BDD.steps.LoginSteps.iFillPassword(java.lang.String)&amp#27;[0m
11:16:02.693 [Forwarding getCurrentWindowHandle on session c2d42de92a345c0f7a4eda71ace5f8ad to remote] DEBUG org.asynchttpclient.netty.request.NettyRequestSender - Using pooled Channel '[id: 0x9d045e13, L:/127.0.0.1:64286 - R:localhost/127.0.0.1:16881]' for 'GET' to 'http://localhost:16881/session/c2d42de92a345c0f7a4eda71ace5f8ad/window'
11:16:02.693 [Forwarding getCurrentWindowHandle on session c2d42de92a345c0f7a4eda71ace5f8ad to remote] DEBUG org.asynchttpclient.netty.request.NettyRequestSender - Using open Channel [id: 0x9d045e13, L:/127.0.0.1:64286 - R:localhost/127.0.0.1:16881] for GET '/session/c2d42de92a345c0f7a4eda71ace5f8ad/window'
11:16:02.694 [AsyncHttpClient-1-2] DEBUG org.asynchttpclient.netty.handler.HttpHandler - 

Request DefaultFullHttpRequest(decodeResult: success, version: HTTP/1.1, content: EmptyByteBufBE)
GET /session/c2d42de92a345c0f7a4eda71ace5f8ad/window HTTP/1.1
User-Agent: selenium/4.7.1 (java windows)
Cache-Control: no-cache
Content-Type: application/json; charset=utf-8
host: localhost:16881
accept: */*

Response DefaultHttpResponse(decodeResult: success, version: HTTP/1.1)
HTTP/1.1 200 OK
Content-Type: application/json; charset=utf-8
cache-control: no-cache
content-length: 53

11:16:02.694 [AsyncHttpClient-1-2] DEBUG org.asynchttpclient.netty.channel.ChannelManager - Adding key: http://localhost:16881 for channel [id: 0x9d045e13, L:/127.0.0.1:64286 - R:localhost/127.0.0.1:16881]
11:16:02.695 [Forwarding getAlertText on session c2d42de92a345c0f7a4eda71ace5f8ad to remote] DEBUG org.asynchttpclient.netty.request.NettyRequestSender - Using pooled Channel '[id: 0x9d045e13, L:/127.0.0.1:64286 - R:localhost/127.0.0.1:16881]' for 'GET' to 'http://localhost:16881/session/c2d42de92a345c0f7a4eda71ace5f8ad/alert/text'
11:16:02.695 [Forwarding getAlertText on session c2d42de92a345c0f7a4eda71ace5f8ad to remote] DEBUG org.asynchttpclient.netty.request.NettyRequestSender - Using open Channel [id: 0x9d045e13, L:/127.0.0.1:64286 - R:localhost/127.0.0.1:16881] for GET '/session/c2d42de92a345c0f7a4eda71ace5f8ad/alert/text'
11:16:02.697 [AsyncHttpClient-1-2] DEBUG org.asynchttpclient.netty.handler.HttpHandler - 

Request DefaultFullHttpRequest(decodeResult: success, version: HTTP/1.1, content: EmptyByteBufBE)
GET /session/c2d42de92a345c0f7a4eda71ace5f8ad/alert/text HTTP/1.1
User-Agent: selenium/4.7.1 (java windows)
Cache-Control: no-cache
Content-Type: application/json; charset=utf-8
host: localhost:16881
accept: */*

Response DefaultHttpResponse(decodeResult: success, version: HTTP/1.1)
HTTP/1.1 404 Not Found
Content-Type: application/json; charset=utf-8
cache-control: no-cache
content-length: 834

11:16:02.698 [AsyncHttpClient-1-2] DEBUG org.asynchttpclient.netty.channel.ChannelManager - Adding key: http://localhost:16881 for channel [id: 0x9d045e13, L:/127.0.0.1:64286 - R:localhost/127.0.0.1:16881]
11:16:02.702 [Forwarding switchToWindow on session c2d42de92a345c0f7a4eda71ace5f8ad to remote] DEBUG org.asynchttpclient.netty.request.NettyRequestSender - Using pooled Channel '[id: 0x9d045e13, L:/127.0.0.1:64286 - R:localhost/127.0.0.1:16881]' for 'POST' to 'http://localhost:16881/session/c2d42de92a345c0f7a4eda71ace5f8ad/window'
11:16:02.703 [Forwarding switchToWindow on session c2d42de92a345c0f7a4eda71ace5f8ad to remote] DEBUG org.asynchttpclient.netty.request.NettyRequestSender - Using open Channel [id: 0x9d045e13, L:/127.0.0.1:64286 - R:localhost/127.0.0.1:16881] for POST '/session/c2d42de92a345c0f7a4eda71ace5f8ad/window'
11:16:02.705 [AsyncHttpClient-1-2] DEBUG org.asynchttpclient.netty.handler.HttpHandler - 

Request DefaultHttpRequest(decodeResult: success, version: HTTP/1.1)
POST /session/c2d42de92a345c0f7a4eda71ace5f8ad/window HTTP/1.1
User-Agent: selenium/4.7.1 (java windows)
Content-Length: 59
Content-Type: application/json; charset=utf-8
host: localhost:16881
accept: */*

Response DefaultHttpResponse(decodeResult: success, version: HTTP/1.1)
HTTP/1.1 200 OK
Content-Type: application/json; charset=utf-8
cache-control: no-cache
content-length: 14

11:16:02.705 [AsyncHttpClient-1-2] DEBUG org.asynchttpclient.netty.channel.ChannelManager - Adding key: http://localhost:16881 for channel [id: 0x9d045e13, L:/127.0.0.1:64286 - R:localhost/127.0.0.1:16881]
11:16:02.707 [Forwarding getCurrentUrl on session c2d42de92a345c0f7a4eda71ace5f8ad to remote] DEBUG org.asynchttpclient.netty.request.NettyRequestSender - Using pooled Channel '[id: 0x9d045e13, L:/127.0.0.1:64286 - R:localhost/127.0.0.1:16881]' for 'GET' to 'http://localhost:16881/session/c2d42de92a345c0f7a4eda71ace5f8ad/url'
11:16:02.707 [Forwarding getCurrentUrl on session c2d42de92a345c0f7a4eda71ace5f8ad to remote] DEBUG org.asynchttpclient.netty.request.NettyRequestSender - Using open Channel [id: 0x9d045e13, L:/127.0.0.1:64286 - R:localhost/127.0.0.1:16881] for GET '/session/c2d42de92a345c0f7a4eda71ace5f8ad/url'
11:16:02.709 [AsyncHttpClient-1-2] DEBUG org.asynchttpclient.netty.handler.HttpHandler - 

Request DefaultFullHttpRequest(decodeResult: success, version: HTTP/1.1, content: EmptyByteBufBE)
GET /session/c2d42de92a345c0f7a4eda71ace5f8ad/url HTTP/1.1
User-Agent: selenium/4.7.1 (java windows)
Cache-Control: no-cache
Content-Type: application/json; charset=utf-8
host: localhost:16881
accept: */*

Response DefaultHttpResponse(decodeResult: success, version: HTTP/1.1)
HTTP/1.1 200 OK
Content-Type: application/json; charset=utf-8
cache-control: no-cache
content-length: 38

11:16:02.709 [AsyncHttpClient-1-2] DEBUG org.asynchttpclient.netty.channel.ChannelManager - Adding key: http://localhost:16881 for channel [id: 0x9d045e13, L:/127.0.0.1:64286 - R:localhost/127.0.0.1:16881]
11:16:02.711 [Forwarding screenshot on session c2d42de92a345c0f7a4eda71ace5f8ad to remote] DEBUG org.asynchttpclient.netty.request.NettyRequestSender - Using pooled Channel '[id: 0x9d045e13, L:/127.0.0.1:64286 - R:localhost/127.0.0.1:16881]' for 'GET' to 'http://localhost:16881/session/c2d42de92a345c0f7a4eda71ace5f8ad/screenshot'
11:16:02.711 [Forwarding screenshot on session c2d42de92a345c0f7a4eda71ace5f8ad to remote] DEBUG org.asynchttpclient.netty.request.NettyRequestSender - Using open Channel [id: 0x9d045e13, L:/127.0.0.1:64286 - R:localhost/127.0.0.1:16881] for GET '/session/c2d42de92a345c0f7a4eda71ace5f8ad/screenshot'
11:16:02.846 [AsyncHttpClient-1-2] DEBUG org.asynchttpclient.netty.handler.HttpHandler - 

Request DefaultFullHttpRequest(decodeResult: success, version: HTTP/1.1, content: EmptyByteBufBE)
GET /session/c2d42de92a345c0f7a4eda71ace5f8ad/screenshot HTTP/1.1
User-Agent: selenium/4.7.1 (java windows)
Cache-Control: no-cache
Content-Type: application/json; charset=utf-8
host: localhost:16881
accept: */*

Response DefaultHttpResponse(decodeResult: success, version: HTTP/1.1)
HTTP/1.1 200 OK
Content-Type: application/json; charset=utf-8
cache-control: no-cache
content-length: 79692

11:16:02.848 [AsyncHttpClient-1-2] DEBUG org.asynchttpclient.netty.channel.ChannelManager - Adding key: http://localhost:16881 for channel [id: 0x9d045e13, L:/127.0.0.1:64286 - R:localhost/127.0.0.1:16881]
11:16:02.852 [main] DEBUG net.serenitybdd.core.photography.Darkroom - Send negative for processing for target\site\serenity\8c6f63fcb14352919fcdb8c076bcd1b21379ad33d10ce6571f23fa6472357aea.png
11:16:02.852 [Darkroom Processing Line] DEBUG net.serenitybdd.core.photography.DarkroomProcessingLine - Processing screenshot image in /var/screenshots/screenshot-3535541908148621464
11:16:02.852 [Darkroom Processing Line] DEBUG net.serenitybdd.core.photography.DarkroomProcessingLine - Saving screenshot to target\site\serenity\8c6f63fcb14352919fcdb8c076bcd1b21379ad33d10ce6571f23fa6472357aea.png
11:16:02.859 [Forwarding getPageSource on session c2d42de92a345c0f7a4eda71ace5f8ad to remote] DEBUG org.asynchttpclient.netty.request.NettyRequestSender - Using pooled Channel '[id: 0x9d045e13, L:/127.0.0.1:64286 - R:localhost/127.0.0.1:16881]' for 'POST' to 'http://localhost:16881/session/c2d42de92a345c0f7a4eda71ace5f8ad/execute/sync'
11:16:02.859 [Forwarding getPageSource on session c2d42de92a345c0f7a4eda71ace5f8ad to remote] DEBUG org.asynchttpclient.netty.request.NettyRequestSender - Using open Channel [id: 0x9d045e13, L:/127.0.0.1:64286 - R:localhost/127.0.0.1:16881] for POST '/session/c2d42de92a345c0f7a4eda71ace5f8ad/execute/sync'
11:16:02.864 [AsyncHttpClient-1-2] DEBUG org.asynchttpclient.netty.handler.HttpHandler - 

Request DefaultHttpRequest(decodeResult: success, version: HTTP/1.1)
POST /session/c2d42de92a345c0f7a4eda71ace5f8ad/execute/sync HTTP/1.1
User-Agent: selenium/4.7.1 (java windows)
Content-Length: 176
Content-Type: application/json; charset=utf-8
host: localhost:16881
accept: */*

Response DefaultHttpResponse(decodeResult: success, version: HTTP/1.1)
HTTP/1.1 200 OK
Content-Type: application/json; charset=utf-8
cache-control: no-cache
content-length: 4185

11:16:02.865 [AsyncHttpClient-1-2] DEBUG org.asynchttpclient.netty.channel.ChannelManager - Adding key: http://localhost:16881 for channel [id: 0x9d045e13, L:/127.0.0.1:64286 - R:localhost/127.0.0.1:16881]
11:16:02.869 [Forwarding getCurrentUrl on session c2d42de92a345c0f7a4eda71ace5f8ad to remote] DEBUG org.asynchttpclient.netty.request.NettyRequestSender - Using pooled Channel '[id: 0x9d045e13, L:/127.0.0.1:64286 - R:localhost/127.0.0.1:16881]' for 'GET' to 'http://localhost:16881/session/c2d42de92a345c0f7a4eda71ace5f8ad/url'
11:16:02.869 [Forwarding getCurrentUrl on session c2d42de92a345c0f7a4eda71ace5f8ad to remote] DEBUG org.asynchttpclient.netty.request.NettyRequestSender - Using open Channel [id: 0x9d045e13, L:/127.0.0.1:64286 - R:localhost/127.0.0.1:16881] for GET '/session/c2d42de92a345c0f7a4eda71ace5f8ad/url'
11:16:02.873 [AsyncHttpClient-1-2] DEBUG org.asynchttpclient.netty.handler.HttpHandler - 

Request DefaultFullHttpRequest(decodeResult: success, version: HTTP/1.1, content: EmptyByteBufBE)
GET /session/c2d42de92a345c0f7a4eda71ace5f8ad/url HTTP/1.1
User-Agent: selenium/4.7.1 (java windows)
Cache-Control: no-cache
Content-Type: application/json; charset=utf-8
host: localhost:16881
accept: */*

Response DefaultHttpResponse(decodeResult: success, version: HTTP/1.1)
HTTP/1.1 200 OK
Content-Type: application/json; charset=utf-8
cache-control: no-cache
content-length: 38

11:16:02.873 [AsyncHttpClient-1-2] DEBUG org.asynchttpclient.netty.channel.ChannelManager - Adding key: http://localhost:16881 for channel [id: 0x9d045e13, L:/127.0.0.1:64286 - R:localhost/127.0.0.1:16881]
11:16:02.878 [Forwarding findElement on session c2d42de92a345c0f7a4eda71ace5f8ad to remote] DEBUG org.asynchttpclient.netty.request.NettyRequestSender - Using pooled Channel '[id: 0x9d045e13, L:/127.0.0.1:64286 - R:localhost/127.0.0.1:16881]' for 'POST' to 'http://localhost:16881/session/c2d42de92a345c0f7a4eda71ace5f8ad/element'
11:16:02.879 [Forwarding findElement on session c2d42de92a345c0f7a4eda71ace5f8ad to remote] DEBUG org.asynchttpclient.netty.request.NettyRequestSender - Using open Channel [id: 0x9d045e13, L:/127.0.0.1:64286 - R:localhost/127.0.0.1:16881] for POST '/session/c2d42de92a345c0f7a4eda71ace5f8ad/element'
11:16:02.895 [AsyncHttpClient-1-2] DEBUG org.asynchttpclient.netty.handler.HttpHandler - 

Request DefaultHttpRequest(decodeResult: success, version: HTTP/1.1)
POST /session/c2d42de92a345c0f7a4eda71ace5f8ad/element HTTP/1.1
User-Agent: selenium/4.7.1 (java windows)
Content-Length: 59
Content-Type: application/json; charset=utf-8
host: localhost:16881
accept: */*

Response DefaultHttpResponse(decodeResult: success, version: HTTP/1.1)
HTTP/1.1 200 OK
Content-Type: application/json; charset=utf-8
cache-control: no-cache
content-length: 88

11:16:02.895 [AsyncHttpClient-1-2] DEBUG org.asynchttpclient.netty.channel.ChannelManager - Adding key: http://localhost:16881 for channel [id: 0x9d045e13, L:/127.0.0.1:64286 - R:localhost/127.0.0.1:16881]
11:16:02.898 [Forwarding clickElement on session c2d42de92a345c0f7a4eda71ace5f8ad to remote] DEBUG org.asynchttpclient.netty.request.NettyRequestSender - Using pooled Channel '[id: 0x9d045e13, L:/127.0.0.1:64286 - R:localhost/127.0.0.1:16881]' for 'POST' to 'http://localhost:16881/session/c2d42de92a345c0f7a4eda71ace5f8ad/element/fa32b623-cfde-415f-9124-9b4702ee697b/click'
11:16:02.898 [Forwarding clickElement on session c2d42de92a345c0f7a4eda71ace5f8ad to remote] DEBUG org.asynchttpclient.netty.request.NettyRequestSender - Using open Channel [id: 0x9d045e13, L:/127.0.0.1:64286 - R:localhost/127.0.0.1:16881] for POST '/session/c2d42de92a345c0f7a4eda71ace5f8ad/element/fa32b623-cfde-415f-9124-9b4702ee697b/click'
11:16:03.012 [AsyncHttpClient-1-2] DEBUG org.asynchttpclient.netty.handler.HttpHandler - 

Request DefaultHttpRequest(decodeResult: success, version: HTTP/1.1)
POST /session/c2d42de92a345c0f7a4eda71ace5f8ad/element/fa32b623-cfde-415f-9124-9b4702ee697b/click HTTP/1.1
User-Agent: selenium/4.7.1 (java windows)
Content-Length: 50
Content-Type: application/json; charset=utf-8
host: localhost:16881
accept: */*

Response DefaultHttpResponse(decodeResult: success, version: HTTP/1.1)
HTTP/1.1 200 OK
Content-Type: application/json; charset=utf-8
cache-control: no-cache
content-length: 14

11:16:03.013 [AsyncHttpClient-1-2] DEBUG org.asynchttpclient.netty.channel.ChannelManager - Adding key: http://localhost:16881 for channel [id: 0x9d045e13, L:/127.0.0.1:64286 - R:localhost/127.0.0.1:16881]
  &amp#27;[32mThen &amp#27;[0m&amp#27;[32mI click on Login&amp#27;[0m                      &amp#27;[90m# Class6BDD.steps.LoginSteps.IClickLoginButton()&amp#27;[0m
11:16:03.024 [Forwarding getCurrentWindowHandle on session c2d42de92a345c0f7a4eda71ace5f8ad to remote] DEBUG org.asynchttpclient.netty.request.NettyRequestSender - Using pooled Channel '[id: 0x9d045e13, L:/127.0.0.1:64286 - R:localhost/127.0.0.1:16881]' for 'GET' to 'http://localhost:16881/session/c2d42de92a345c0f7a4eda71ace5f8ad/window'
11:16:03.024 [Forwarding getCurrentWindowHandle on session c2d42de92a345c0f7a4eda71ace5f8ad to remote] DEBUG org.asynchttpclient.netty.request.NettyRequestSender - Using open Channel [id: 0x9d045e13, L:/127.0.0.1:64286 - R:localhost/127.0.0.1:16881] for GET '/session/c2d42de92a345c0f7a4eda71ace5f8ad/window'
11:16:03.026 [AsyncHttpClient-1-2] DEBUG org.asynchttpclient.netty.handler.HttpHandler - 

Request DefaultFullHttpRequest(decodeResult: success, version: HTTP/1.1, content: EmptyByteBufBE)
GET /session/c2d42de92a345c0f7a4eda71ace5f8ad/window HTTP/1.1
User-Agent: selenium/4.7.1 (java windows)
Cache-Control: no-cache
Content-Type: application/json; charset=utf-8
host: localhost:16881
accept: */*

Response DefaultHttpResponse(decodeResult: success, version: HTTP/1.1)
HTTP/1.1 200 OK
Content-Type: application/json; charset=utf-8
cache-control: no-cache
content-length: 53

11:16:03.026 [AsyncHttpClient-1-2] DEBUG org.asynchttpclient.netty.channel.ChannelManager - Adding key: http://localhost:16881 for channel [id: 0x9d045e13, L:/127.0.0.1:64286 - R:localhost/127.0.0.1:16881]
11:16:03.029 [Forwarding getAlertText on session c2d42de92a345c0f7a4eda71ace5f8ad to remote] DEBUG org.asynchttpclient.netty.request.NettyRequestSender - Using pooled Channel '[id: 0x9d045e13, L:/127.0.0.1:64286 - R:localhost/127.0.0.1:16881]' for 'GET' to 'http://localhost:16881/session/c2d42de92a345c0f7a4eda71ace5f8ad/alert/text'
11:16:03.029 [Forwarding getAlertText on session c2d42de92a345c0f7a4eda71ace5f8ad to remote] DEBUG org.asynchttpclient.netty.request.NettyRequestSender - Using open Channel [id: 0x9d045e13, L:/127.0.0.1:64286 - R:localhost/127.0.0.1:16881] for GET '/session/c2d42de92a345c0f7a4eda71ace5f8ad/alert/text'
11:16:03.032 [AsyncHttpClient-1-2] DEBUG org.asynchttpclient.netty.handler.HttpHandler - 

Request DefaultFullHttpRequest(decodeResult: success, version: HTTP/1.1, content: EmptyByteBufBE)
GET /session/c2d42de92a345c0f7a4eda71ace5f8ad/alert/text HTTP/1.1
User-Agent: selenium/4.7.1 (java windows)
Cache-Control: no-cache
Content-Type: application/json; charset=utf-8
host: localhost:16881
accept: */*

Response DefaultHttpResponse(decodeResult: success, version: HTTP/1.1)
HTTP/1.1 404 Not Found
Content-Type: application/json; charset=utf-8
cache-control: no-cache
content-length: 834

11:16:03.032 [AsyncHttpClient-1-2] DEBUG org.asynchttpclient.netty.channel.ChannelManager - Adding key: http://localhost:16881 for channel [id: 0x9d045e13, L:/127.0.0.1:64286 - R:localhost/127.0.0.1:16881]
11:16:03.034 [Forwarding switchToWindow on session c2d42de92a345c0f7a4eda71ace5f8ad to remote] DEBUG org.asynchttpclient.netty.request.NettyRequestSender - Using pooled Channel '[id: 0x9d045e13, L:/127.0.0.1:64286 - R:localhost/127.0.0.1:16881]' for 'POST' to 'http://localhost:16881/session/c2d42de92a345c0f7a4eda71ace5f8ad/window'
11:16:03.034 [Forwarding switchToWindow on session c2d42de92a345c0f7a4eda71ace5f8ad to remote] DEBUG org.asynchttpclient.netty.request.NettyRequestSender - Using open Channel [id: 0x9d045e13, L:/127.0.0.1:64286 - R:localhost/127.0.0.1:16881] for POST '/session/c2d42de92a345c0f7a4eda71ace5f8ad/window'
11:16:03.036 [AsyncHttpClient-1-2] DEBUG org.asynchttpclient.netty.handler.HttpHandler - 

Request DefaultHttpRequest(decodeResult: success, version: HTTP/1.1)
POST /session/c2d42de92a345c0f7a4eda71ace5f8ad/window HTTP/1.1
User-Agent: selenium/4.7.1 (java windows)
Content-Length: 59
Content-Type: application/json; charset=utf-8
host: localhost:16881
accept: */*

Response DefaultHttpResponse(decodeResult: success, version: HTTP/1.1)
HTTP/1.1 200 OK
Content-Type: application/json; charset=utf-8
cache-control: no-cache
content-length: 14

11:16:03.036 [AsyncHttpClient-1-2] DEBUG org.asynchttpclient.netty.channel.ChannelManager - Adding key: http://localhost:16881 for channel [id: 0x9d045e13, L:/127.0.0.1:64286 - R:localhost/127.0.0.1:16881]
11:16:03.037 [Forwarding getCurrentUrl on session c2d42de92a345c0f7a4eda71ace5f8ad to remote] DEBUG org.asynchttpclient.netty.request.NettyRequestSender - Using pooled Channel '[id: 0x9d045e13, L:/127.0.0.1:64286 - R:localhost/127.0.0.1:16881]' for 'GET' to 'http://localhost:16881/session/c2d42de92a345c0f7a4eda71ace5f8ad/url'
11:16:03.038 [Forwarding getCurrentUrl on session c2d42de92a345c0f7a4eda71ace5f8ad to remote] DEBUG org.asynchttpclient.netty.request.NettyRequestSender - Using open Channel [id: 0x9d045e13, L:/127.0.0.1:64286 - R:localhost/127.0.0.1:16881] for GET '/session/c2d42de92a345c0f7a4eda71ace5f8ad/url'
11:16:03.042 [AsyncHttpClient-1-2] DEBUG org.asynchttpclient.netty.handler.HttpHandler - 

Request DefaultFullHttpRequest(decodeResult: success, version: HTTP/1.1, content: EmptyByteBufBE)
GET /session/c2d42de92a345c0f7a4eda71ace5f8ad/url HTTP/1.1
User-Agent: selenium/4.7.1 (java windows)
Cache-Control: no-cache
Content-Type: application/json; charset=utf-8
host: localhost:16881
accept: */*

Response DefaultHttpResponse(decodeResult: success, version: HTTP/1.1)
HTTP/1.1 200 OK
Content-Type: application/json; charset=utf-8
cache-control: no-cache
content-length: 52

11:16:03.042 [AsyncHttpClient-1-2] DEBUG org.asynchttpclient.netty.channel.ChannelManager - Adding key: http://localhost:16881 for channel [id: 0x9d045e13, L:/127.0.0.1:64286 - R:localhost/127.0.0.1:16881]
11:16:03.043 [Forwarding screenshot on session c2d42de92a345c0f7a4eda71ace5f8ad to remote] DEBUG org.asynchttpclient.netty.request.NettyRequestSender - Using pooled Channel '[id: 0x9d045e13, L:/127.0.0.1:64286 - R:localhost/127.0.0.1:16881]' for 'GET' to 'http://localhost:16881/session/c2d42de92a345c0f7a4eda71ace5f8ad/screenshot'
11:16:03.043 [Forwarding screenshot on session c2d42de92a345c0f7a4eda71ace5f8ad to remote] DEBUG org.asynchttpclient.netty.request.NettyRequestSender - Using open Channel [id: 0x9d045e13, L:/127.0.0.1:64286 - R:localhost/127.0.0.1:16881] for GET '/session/c2d42de92a345c0f7a4eda71ace5f8ad/screenshot'
11:16:03.380 [AsyncHttpClient-1-1] DEBUG org.asynchttpclient.netty.channel.DefaultChannelPool - Entry count for : http://localhost:64287 : 1
11:16:03.450 [AsyncHttpClient-1-2] DEBUG org.asynchttpclient.netty.handler.HttpHandler - 

Request DefaultFullHttpRequest(decodeResult: success, version: HTTP/1.1, content: EmptyByteBufBE)
GET /session/c2d42de92a345c0f7a4eda71ace5f8ad/screenshot HTTP/1.1
User-Agent: selenium/4.7.1 (java windows)
Cache-Control: no-cache
Content-Type: application/json; charset=utf-8
host: localhost:16881
accept: */*

Response DefaultHttpResponse(decodeResult: success, version: HTTP/1.1)
HTTP/1.1 200 OK
Content-Type: application/json; charset=utf-8
cache-control: no-cache
content-length: 864432

11:16:03.454 [AsyncHttpClient-1-2] DEBUG org.asynchttpclient.netty.channel.ChannelManager - Adding key: http://localhost:16881 for channel [id: 0x9d045e13, L:/127.0.0.1:64286 - R:localhost/127.0.0.1:16881]
11:16:03.474 [main] DEBUG net.serenitybdd.core.photography.Darkroom - Send negative for processing for target\site\serenity\6c97ac4a99088a602f07984e966d0ef82e4e8c88bd79fe2d507860854f688f2b.png
11:16:03.474 [Darkroom Processing Line] DEBUG net.serenitybdd.core.photography.DarkroomProcessingLine - Processing screenshot image in /var/screenshots/screenshot-12303636295215276391
11:16:03.474 [Darkroom Processing Line] DEBUG net.serenitybdd.core.photography.DarkroomProcessingLine - Saving screenshot to target\site\serenity\6c97ac4a99088a602f07984e966d0ef82e4e8c88bd79fe2d507860854f688f2b.png
11:16:03.479 [Forwarding getPageSource on session c2d42de92a345c0f7a4eda71ace5f8ad to remote] DEBUG org.asynchttpclient.netty.request.NettyRequestSender - Using pooled Channel '[id: 0x9d045e13, L:/127.0.0.1:64286 - R:localhost/127.0.0.1:16881]' for 'POST' to 'http://localhost:16881/session/c2d42de92a345c0f7a4eda71ace5f8ad/execute/sync'
11:16:03.479 [Forwarding getPageSource on session c2d42de92a345c0f7a4eda71ace5f8ad to remote] DEBUG org.asynchttpclient.netty.request.NettyRequestSender - Using open Channel [id: 0x9d045e13, L:/127.0.0.1:64286 - R:localhost/127.0.0.1:16881] for POST '/session/c2d42de92a345c0f7a4eda71ace5f8ad/execute/sync'
11:16:03.500 [AsyncHttpClient-1-2] DEBUG org.asynchttpclient.netty.handler.HttpHandler - 

Request DefaultHttpRequest(decodeResult: success, version: HTTP/1.1)
POST /session/c2d42de92a345c0f7a4eda71ace5f8ad/execute/sync HTTP/1.1
User-Agent: selenium/4.7.1 (java windows)
Content-Length: 176
Content-Type: application/json; charset=utf-8
host: localhost:16881
accept: */*

Response DefaultHttpResponse(decodeResult: success, version: HTTP/1.1)
HTTP/1.1 200 OK
Content-Type: application/json; charset=utf-8
cache-control: no-cache
content-length: 15270

11:16:03.500 [AsyncHttpClient-1-2] DEBUG org.asynchttpclient.netty.channel.ChannelManager - Adding key: http://localhost:16881 for channel [id: 0x9d045e13, L:/127.0.0.1:64286 - R:localhost/127.0.0.1:16881]
11:16:03.511 [Forwarding getCurrentUrl on session c2d42de92a345c0f7a4eda71ace5f8ad to remote] DEBUG org.asynchttpclient.netty.request.NettyRequestSender - Using pooled Channel '[id: 0x9d045e13, L:/127.0.0.1:64286 - R:localhost/127.0.0.1:16881]' for 'GET' to 'http://localhost:16881/session/c2d42de92a345c0f7a4eda71ace5f8ad/url'
11:16:03.511 [Forwarding getCurrentUrl on session c2d42de92a345c0f7a4eda71ace5f8ad to remote] DEBUG org.asynchttpclient.netty.request.NettyRequestSender - Using open Channel [id: 0x9d045e13, L:/127.0.0.1:64286 - R:localhost/127.0.0.1:16881] for GET '/session/c2d42de92a345c0f7a4eda71ace5f8ad/url'
11:16:03.514 [AsyncHttpClient-1-2] DEBUG org.asynchttpclient.netty.handler.HttpHandler - 

Request DefaultFullHttpRequest(decodeResult: success, version: HTTP/1.1, content: EmptyByteBufBE)
GET /session/c2d42de92a345c0f7a4eda71ace5f8ad/url HTTP/1.1
User-Agent: selenium/4.7.1 (java windows)
Cache-Control: no-cache
Content-Type: application/json; charset=utf-8
host: localhost:16881
accept: */*

Response DefaultHttpResponse(decodeResult: success, version: HTTP/1.1)
HTTP/1.1 200 OK
Content-Type: application/json; charset=utf-8
cache-control: no-cache
content-length: 52

11:16:03.514 [AsyncHttpClient-1-2] DEBUG org.asynchttpclient.netty.channel.ChannelManager - Adding key: http://localhost:16881 for channel [id: 0x9d045e13, L:/127.0.0.1:64286 - R:localhost/127.0.0.1:16881]
11:16:04.478 [AsyncHttpClient-1-1] DEBUG org.asynchttpclient.netty.channel.DefaultChannelPool - Entry count for : http://localhost:16881 : 1
11:16:04.478 [AsyncHttpClient-1-1] DEBUG org.asynchttpclient.netty.channel.DefaultChannelPool - Entry count for : http://localhost:64287 : 1
11:16:05.580 [AsyncHttpClient-1-1] DEBUG org.asynchttpclient.netty.channel.DefaultChannelPool - Entry count for : http://localhost:16881 : 1
11:16:05.580 [AsyncHttpClient-1-1] DEBUG org.asynchttpclient.netty.channel.DefaultChannelPool - Entry count for : http://localhost:64287 : 1
11:16:06.685 [AsyncHttpClient-1-1] DEBUG org.asynchttpclient.netty.channel.DefaultChannelPool - Entry count for : http://localhost:16881 : 1
11:16:06.685 [AsyncHttpClient-1-1] DEBUG org.asynchttpclient.netty.channel.DefaultChannelPool - Entry count for : http://localhost:64287 : 1
11:16:07.781 [AsyncHttpClient-1-1] DEBUG org.asynchttpclient.netty.channel.DefaultChannelPool - Entry count for : http://localhost:16881 : 1
11:16:07.781 [AsyncHttpClient-1-1] DEBUG org.asynchttpclient.netty.channel.DefaultChannelPool - Entry count for : http://localhost:64287 : 1
  &amp#27;[32mThen &amp#27;[0m&amp#27;[32mJust wait &amp#27;[0m&amp#27;[32m&amp#27;[1m5000&amp#27;[0m                        &amp#27;[90m# Class6BDD.steps.CommonSteps.justWait(int)&amp#27;[0m
11:16:08.558 [Forwarding getCurrentWindowHandle on session c2d42de92a345c0f7a4eda71ace5f8ad to remote] DEBUG org.asynchttpclient.netty.request.NettyRequestSender - Using pooled Channel '[id: 0x9d045e13, L:/127.0.0.1:64286 - R:localhost/127.0.0.1:16881]' for 'GET' to 'http://localhost:16881/session/c2d42de92a345c0f7a4eda71ace5f8ad/window'
11:16:08.558 [Forwarding getCurrentWindowHandle on session c2d42de92a345c0f7a4eda71ace5f8ad to remote] DEBUG org.asynchttpclient.netty.request.NettyRequestSender - Using open Channel [id: 0x9d045e13, L:/127.0.0.1:64286 - R:localhost/127.0.0.1:16881] for GET '/session/c2d42de92a345c0f7a4eda71ace5f8ad/window'
11:16:08.560 [AsyncHttpClient-1-2] DEBUG org.asynchttpclient.netty.handler.HttpHandler - 

Request DefaultFullHttpRequest(decodeResult: success, version: HTTP/1.1, content: EmptyByteBufBE)
GET /session/c2d42de92a345c0f7a4eda71ace5f8ad/window HTTP/1.1
User-Agent: selenium/4.7.1 (java windows)
Cache-Control: no-cache
Content-Type: application/json; charset=utf-8
host: localhost:16881
accept: */*

Response DefaultHttpResponse(decodeResult: success, version: HTTP/1.1)
HTTP/1.1 200 OK
Content-Type: application/json; charset=utf-8
cache-control: no-cache
content-length: 53

11:16:08.560 [AsyncHttpClient-1-2] DEBUG org.asynchttpclient.netty.channel.ChannelManager - Adding key: http://localhost:16881 for channel [id: 0x9d045e13, L:/127.0.0.1:64286 - R:localhost/127.0.0.1:16881]
11:16:08.563 [Forwarding getAlertText on session c2d42de92a345c0f7a4eda71ace5f8ad to remote] DEBUG org.asynchttpclient.netty.request.NettyRequestSender - Using pooled Channel '[id: 0x9d045e13, L:/127.0.0.1:64286 - R:localhost/127.0.0.1:16881]' for 'GET' to 'http://localhost:16881/session/c2d42de92a345c0f7a4eda71ace5f8ad/alert/text'
11:16:08.563 [Forwarding getAlertText on session c2d42de92a345c0f7a4eda71ace5f8ad to remote] DEBUG org.asynchttpclient.netty.request.NettyRequestSender - Using open Channel [id: 0x9d045e13, L:/127.0.0.1:64286 - R:localhost/127.0.0.1:16881] for GET '/session/c2d42de92a345c0f7a4eda71ace5f8ad/alert/text'
11:16:08.566 [AsyncHttpClient-1-2] DEBUG org.asynchttpclient.netty.handler.HttpHandler - 

Request DefaultFullHttpRequest(decodeResult: success, version: HTTP/1.1, content: EmptyByteBufBE)
GET /session/c2d42de92a345c0f7a4eda71ace5f8ad/alert/text HTTP/1.1
User-Agent: selenium/4.7.1 (java windows)
Cache-Control: no-cache
Content-Type: application/json; charset=utf-8
host: localhost:16881
accept: */*

Response DefaultHttpResponse(decodeResult: success, version: HTTP/1.1)
HTTP/1.1 404 Not Found
Content-Type: application/json; charset=utf-8
cache-control: no-cache
content-length: 834

11:16:08.566 [AsyncHttpClient-1-2] DEBUG org.asynchttpclient.netty.channel.ChannelManager - Adding key: http://localhost:16881 for channel [id: 0x9d045e13, L:/127.0.0.1:64286 - R:localhost/127.0.0.1:16881]
11:16:08.570 [Forwarding switchToWindow on session c2d42de92a345c0f7a4eda71ace5f8ad to remote] DEBUG org.asynchttpclient.netty.request.NettyRequestSender - Using pooled Channel '[id: 0x9d045e13, L:/127.0.0.1:64286 - R:localhost/127.0.0.1:16881]' for 'POST' to 'http://localhost:16881/session/c2d42de92a345c0f7a4eda71ace5f8ad/window'
11:16:08.570 [Forwarding switchToWindow on session c2d42de92a345c0f7a4eda71ace5f8ad to remote] DEBUG org.asynchttpclient.netty.request.NettyRequestSender - Using open Channel [id: 0x9d045e13, L:/127.0.0.1:64286 - R:localhost/127.0.0.1:16881] for POST '/session/c2d42de92a345c0f7a4eda71ace5f8ad/window'
11:16:08.573 [AsyncHttpClient-1-2] DEBUG org.asynchttpclient.netty.handler.HttpHandler - 

Request DefaultHttpRequest(decodeResult: success, version: HTTP/1.1)
POST /session/c2d42de92a345c0f7a4eda71ace5f8ad/window HTTP/1.1
User-Agent: selenium/4.7.1 (java windows)
Content-Length: 59
Content-Type: application/json; charset=utf-8
host: localhost:16881
accept: */*

Response DefaultHttpResponse(decodeResult: success, version: HTTP/1.1)
HTTP/1.1 200 OK
Content-Type: application/json; charset=utf-8
cache-control: no-cache
content-length: 14

11:16:08.573 [AsyncHttpClient-1-2] DEBUG org.asynchttpclient.netty.channel.ChannelManager - Adding key: http://localhost:16881 for channel [id: 0x9d045e13, L:/127.0.0.1:64286 - R:localhost/127.0.0.1:16881]
11:16:08.574 [Forwarding getCurrentUrl on session c2d42de92a345c0f7a4eda71ace5f8ad to remote] DEBUG org.asynchttpclient.netty.request.NettyRequestSender - Using pooled Channel '[id: 0x9d045e13, L:/127.0.0.1:64286 - R:localhost/127.0.0.1:16881]' for 'GET' to 'http://localhost:16881/session/c2d42de92a345c0f7a4eda71ace5f8ad/url'
11:16:08.574 [Forwarding getCurrentUrl on session c2d42de92a345c0f7a4eda71ace5f8ad to remote] DEBUG org.asynchttpclient.netty.request.NettyRequestSender - Using open Channel [id: 0x9d045e13, L:/127.0.0.1:64286 - R:localhost/127.0.0.1:16881] for GET '/session/c2d42de92a345c0f7a4eda71ace5f8ad/url'
11:16:08.578 [AsyncHttpClient-1-2] DEBUG org.asynchttpclient.netty.handler.HttpHandler - 

Request DefaultFullHttpRequest(decodeResult: success, version: HTTP/1.1, content: EmptyByteBufBE)
GET /session/c2d42de92a345c0f7a4eda71ace5f8ad/url HTTP/1.1
User-Agent: selenium/4.7.1 (java windows)
Cache-Control: no-cache
Content-Type: application/json; charset=utf-8
host: localhost:16881
accept: */*

Response DefaultHttpResponse(decodeResult: success, version: HTTP/1.1)
HTTP/1.1 200 OK
Content-Type: application/json; charset=utf-8
cache-control: no-cache
content-length: 52

11:16:08.579 [AsyncHttpClient-1-2] DEBUG org.asynchttpclient.netty.channel.ChannelManager - Adding key: http://localhost:16881 for channel [id: 0x9d045e13, L:/127.0.0.1:64286 - R:localhost/127.0.0.1:16881]
11:16:08.580 [Forwarding screenshot on session c2d42de92a345c0f7a4eda71ace5f8ad to remote] DEBUG org.asynchttpclient.netty.request.NettyRequestSender - Using pooled Channel '[id: 0x9d045e13, L:/127.0.0.1:64286 - R:localhost/127.0.0.1:16881]' for 'GET' to 'http://localhost:16881/session/c2d42de92a345c0f7a4eda71ace5f8ad/screenshot'
11:16:08.580 [Forwarding screenshot on session c2d42de92a345c0f7a4eda71ace5f8ad to remote] DEBUG org.asynchttpclient.netty.request.NettyRequestSender - Using open Channel [id: 0x9d045e13, L:/127.0.0.1:64286 - R:localhost/127.0.0.1:16881] for GET '/session/c2d42de92a345c0f7a4eda71ace5f8ad/screenshot'
11:16:08.854 [AsyncHttpClient-1-2] DEBUG org.asynchttpclient.netty.handler.HttpHandler - 

Request DefaultFullHttpRequest(decodeResult: success, version: HTTP/1.1, content: EmptyByteBufBE)
GET /session/c2d42de92a345c0f7a4eda71ace5f8ad/screenshot HTTP/1.1
User-Agent: selenium/4.7.1 (java windows)
Cache-Control: no-cache
Content-Type: application/json; charset=utf-8
host: localhost:16881
accept: */*

Response DefaultHttpResponse(decodeResult: success, version: HTTP/1.1)
HTTP/1.1 200 OK
Content-Type: application/json; charset=utf-8
cache-control: no-cache
content-length: 864432

11:16:08.859 [AsyncHttpClient-1-2] DEBUG org.asynchttpclient.netty.channel.ChannelManager - Adding key: http://localhost:16881 for channel [id: 0x9d045e13, L:/127.0.0.1:64286 - R:localhost/127.0.0.1:16881]
11:16:08.884 [AsyncHttpClient-1-1] DEBUG org.asynchttpclient.netty.channel.DefaultChannelPool - Entry count for : http://localhost:16881 : 1
11:16:08.884 [AsyncHttpClient-1-1] DEBUG org.asynchttpclient.netty.channel.DefaultChannelPool - Entry count for : http://localhost:64287 : 1
11:16:08.892 [main] DEBUG net.serenitybdd.core.photography.Darkroom - Send negative for processing for target\site\serenity\6c97ac4a99088a602f07984e966d0ef82e4e8c88bd79fe2d507860854f688f2b.png
11:16:08.895 [main] INFO  - 
  _____   ___   ___   _____     ___     _     ___   ___   ___   ___  
 |_   _| | __| / __| |_   _|   | _ \   /_\   / __| / __| | __| |   \ 
   | |   | _|  \__ \   | |     |  _/  / _ \  \__ \ \__ \ | _|  | |) |
   |_|   |___| |___/   |_|     |_|   /_/ \_\ |___/ |___/ |___| |___/ 

Login with standard_user
----------------------------------------------------------------------
11:16:08.950 [Driver Command Executor] DEBUG org.asynchttpclient.netty.request.NettyRequestSender - Using pooled Channel '[id: 0x9d045e13, L:/127.0.0.1:64286 - R:localhost/127.0.0.1:16881]' for 'DELETE' to 'http://localhost:16881/session/c2d42de92a345c0f7a4eda71ace5f8ad'
11:16:08.950 [Driver Command Executor] DEBUG org.asynchttpclient.netty.request.NettyRequestSender - Using open Channel [id: 0x9d045e13, L:/127.0.0.1:64286 - R:localhost/127.0.0.1:16881] for DELETE '/session/c2d42de92a345c0f7a4eda71ace5f8ad'
11:16:08.951 [AsyncHttpClient-1-4] DEBUG org.asynchttpclient.netty.handler.WebSocketHandler - Unexpected I/O exception on channel [id: 0x1dd10f57, L:/127.0.0.1:64294 - R:localhost/127.0.0.1:64287]
java.io.IOException: An established connection was aborted by the software in your host machine
	at java.base/sun.nio.ch.SocketDispatcher.read0(Native Method)
	at java.base/sun.nio.ch.SocketDispatcher.read(SocketDispatcher.java:46)
	at java.base/sun.nio.ch.IOUtil.readIntoNativeBuffer(IOUtil.java:339)
	at java.base/sun.nio.ch.IOUtil.read(IOUtil.java:293)
	at java.base/sun.nio.ch.IOUtil.read(IOUtil.java:268)
	at java.base/sun.nio.ch.SocketChannelImpl.read(SocketChannelImpl.java:425)
	at io.netty.buffer.PooledByteBuf.setBytes(PooledByteBuf.java:259)
	at io.netty.buffer.AbstractByteBuf.writeBytes(AbstractByteBuf.java:1132)
	at io.netty.channel.socket.nio.NioSocketChannel.doReadBytes(NioSocketChannel.java:357)
	at io.netty.channel.nio.AbstractNioByteChannel$NioByteUnsafe.read(AbstractNioByteChannel.java:151)
	at io.netty.channel.nio.NioEventLoop.processSelectedKey(NioEventLoop.java:788)
	at io.netty.channel.nio.NioEventLoop.processSelectedKeysOptimized(NioEventLoop.java:724)
	at io.netty.channel.nio.NioEventLoop.processSelectedKeys(NioEventLoop.java:650)
	at io.netty.channel.nio.NioEventLoop.run(NioEventLoop.java:562)
	at io.netty.util.concurrent.SingleThreadEventExecutor$4.run(SingleThreadEventExecutor.java:997)
	at io.netty.util.internal.ThreadExecutorMap$2.run(ThreadExecutorMap.java:74)
	at io.netty.util.concurrent.FastThreadLocalRunnable.run(FastThreadLocalRunnable.java:30)
	at java.base/java.lang.Thread.run(Thread.java:1589)
11:16:08.954 [AsyncHttpClient-1-4] DEBUG org.asynchttpclient.netty.handler.WebSocketHandler - Trying to recover from dead Channel: [id: 0x1dd10f57, L:/127.0.0.1:64294 - R:localhost/127.0.0.1:64287]
11:16:08.955 [AsyncHttpClient-1-4] DEBUG org.asynchttpclient.netty.handler.WebSocketHandler - Channel Closed: [id: 0x1dd10f57, L:/127.0.0.1:64294 ! R:localhost/127.0.0.1:64287] with attribute NettyResponseFuture{currentRetry=0,
	isDone=1,
	isCancelled=0,
	asyncHandler=org.asynchttpclient.ws.WebSocketUpgradeHandler@7fc22f47,
	nettyRequest=org.asynchttpclient.netty.request.NettyRequest@260777c,
	future=java.util.concurrent.CompletableFuture@67fff25b[Completed normally],
	uri=ws://localhost:64287/devtools/browser/b586c57c-4a4d-4c31-8aef-aed51369e970,
	keepAlive=true,
	redirectCount=0,
	timeoutsHolder=null,
	inAuth=0,
	touch=1677525368953}
11:16:08.955 [AsyncHttpClient-1-4] DEBUG org.asynchttpclient.netty.channel.ChannelManager - Closing Channel [id: 0x1dd10f57, L:/127.0.0.1:64294 ! R:localhost/127.0.0.1:64287] 
11:16:08.958 [AsyncHttpClient-1-3] DEBUG org.asynchttpclient.netty.handler.HttpHandler - Unexpected I/O exception on channel [id: 0x5dfb3eba, L:/127.0.0.1:64293 - R:localhost/127.0.0.1:64287]
java.net.SocketException: Connection reset
	at java.base/sun.nio.ch.SocketChannelImpl.throwConnectionReset(SocketChannelImpl.java:401)
	at java.base/sun.nio.ch.SocketChannelImpl.read(SocketChannelImpl.java:434)
	at io.netty.buffer.PooledByteBuf.setBytes(PooledByteBuf.java:259)
	at io.netty.buffer.AbstractByteBuf.writeBytes(AbstractByteBuf.java:1132)
	at io.netty.channel.socket.nio.NioSocketChannel.doReadBytes(NioSocketChannel.java:357)
	at io.netty.channel.nio.AbstractNioByteChannel$NioByteUnsafe.read(AbstractNioByteChannel.java:151)
	at io.netty.channel.nio.NioEventLoop.processSelectedKey(NioEventLoop.java:788)
	at io.netty.channel.nio.NioEventLoop.processSelectedKeysOptimized(NioEventLoop.java:724)
	at io.netty.channel.nio.NioEventLoop.processSelectedKeys(NioEventLoop.java:650)
	at io.netty.channel.nio.NioEventLoop.run(NioEventLoop.java:562)
	at io.netty.util.concurrent.SingleThreadEventExecutor$4.run(SingleThreadEventExecutor.java:997)
	at io.netty.util.internal.ThreadExecutorMap$2.run(ThreadExecutorMap.java:74)
	at io.netty.util.concurrent.FastThreadLocalRunnable.run(FastThreadLocalRunnable.java:30)
	at java.base/java.lang.Thread.run(Thread.java:1589)
11:16:08.959 [AsyncHttpClient-1-3] DEBUG org.asynchttpclient.netty.channel.ChannelManager - Closing Channel [id: 0x5dfb3eba, L:/127.0.0.1:64293 - R:localhost/127.0.0.1:64287] 
11:16:08.960 [AsyncHttpClient-1-3] DEBUG org.asynchttpclient.netty.handler.HttpHandler - Channel Closed: [id: 0x5dfb3eba, L:/127.0.0.1:64293 ! R:localhost/127.0.0.1:64287] with attribute DISCARD
11:16:08.967 [AsyncHttpClient-1-2] DEBUG org.asynchttpclient.netty.handler.HttpHandler - 

Request DefaultFullHttpRequest(decodeResult: success, version: HTTP/1.1, content: EmptyByteBufBE)
DELETE /session/c2d42de92a345c0f7a4eda71ace5f8ad HTTP/1.1
User-Agent: selenium/4.7.1 (java windows)
Content-Type: application/json; charset=utf-8
host: localhost:16881
accept: */*

Response DefaultHttpResponse(decodeResult: success, version: HTTP/1.1)
HTTP/1.1 200 OK
Content-Type: application/json; charset=utf-8
cache-control: no-cache
content-length: 14

11:16:08.967 [AsyncHttpClient-1-2] DEBUG org.asynchttpclient.netty.channel.ChannelManager - Adding key: http://localhost:16881 for channel [id: 0x9d045e13, L:/127.0.0.1:64286 - R:localhost/127.0.0.1:16881]
11:16:08.995 [AsyncHttpClient-1-2] DEBUG org.asynchttpclient.netty.handler.HttpHandler - Channel Closed: [id: 0x9d045e13, L:/127.0.0.1:64286 ! R:localhost/127.0.0.1:16881] with attribute DISCARD
]]></system-out>
    <system-err><![CDATA[Starting ChromeDriver 110.0.5481.77 (65ed616c6e8ee3fe0ad64fe83796c020644d42af-refs/branch-heads/5481@{#839}) on port 16881
Only local connections are allowed.
Please see https://chromedriver.chromium.org/security-considerations for suggestions on keeping ChromeDriver safe.
ChromeDriver was started successfully.
[1677525353.694][WARNING]: virtual void DevToolsClientImpl::AddListener(DevToolsEventListener *) subscribing a listener to the already connected DevToolsClient. Connection notification will not arrive.
Feb 27, 2023 11:15:54 AM org.openqa.selenium.devtools.CdpVersionFinder findNearestMatch
WARNING: Unable to find an exact match for CDP version 110, so returning the closest version found: 108
]]></system-err>
  </testcase>
  <testcase name="Login with locked_out_user and verify locked out message" classname="SwagLabs Login tests" time="8.223">
    <system-out><![CDATA[
Scenario: Login with locked_out_user and verify locked out message &amp#27;[90m# src/test/resources/features/SwagLabs.feature:11&amp#27;[0m
11:16:09.053 [main] INFO io.cucumber.core.plugin.SerenityReporter - Running feature from file:///C:/Users/esaug/OneDrive%20-%20advancio.com/Documents/GitHub/Final-Project---SeleniumCourse/src/test/resources/features/SwagLabs.feature
11:16:09.055 [main] INFO  - 
  _____   ___   ___   _____     ___   _____     _     ___   _____   ___   ___  
 |_   _| | __| / __| |_   _|   / __| |_   _|   /_\   | _ \ |_   _| | __| |   \ 
   | |   | _|  \__ \   | |     \__ \   | |    / _ \  |   /   | |   | _|  | |) |
   |_|   |___| |___/   |_|     |___/   |_|   /_/ \_\ |_|_\   |_|   |___| |___/ 

Login with locked_out_user and verify locked out message(swaglabs-login-tests;login-with-locked-out-user-and-verify-locked-out-message)
--------------------------------------------------------------------------------
11:16:09.387 [main] INFO net.serenitybdd.core.webdriver.driverproviders.ChromeDriverProvider - Starting Chrome driver instance with capabilities:
11:16:09.387 [main] INFO net.serenitybdd.core.webdriver.driverproviders.ChromeDriverProvider - Capabilities {acceptInsecureCerts: false, browserName: chrome, goog:chromeOptions: {args: [--window-size=1920,1080, --headless], extensions: []}}
11:16:09.523 [AsyncHttpClient-1-5] DEBUG org.asynchttpclient.netty.channel.NettyConnectListener - Using new Channel '[id: 0x15369f23, L:/127.0.0.1:64309 - R:localhost/127.0.0.1:12502]' for 'POST' to '/session'
11:16:09.979 [AsyncHttpClient-1-1] DEBUG org.asynchttpclient.netty.channel.DefaultChannelPool - Entry count for : http://localhost:16881 : 1
11:16:09.979 [AsyncHttpClient-1-1] DEBUG org.asynchttpclient.netty.channel.DefaultChannelPool - Entry count for : http://localhost:64287 : 1
11:16:09.979 [AsyncHttpClient-1-1] DEBUG org.asynchttpclient.netty.channel.DefaultChannelPool - Adding Candidate expired Channel [id: 0x9d045e13, L:/127.0.0.1:64286 ! R:localhost/127.0.0.1:16881] isIdleTimeoutExpired=false isRemotelyClosed=true isTtlExpired=false
11:16:09.979 [AsyncHttpClient-1-1] DEBUG org.asynchttpclient.netty.channel.DefaultChannelPool - Closing Idle Channel [id: 0x9d045e13, L:/127.0.0.1:64286 ! R:localhost/127.0.0.1:16881]
11:16:09.980 [AsyncHttpClient-1-1] DEBUG org.asynchttpclient.netty.channel.DefaultChannelPool - Adding Candidate expired Channel [id: 0x5dfb3eba, L:/127.0.0.1:64293 ! R:localhost/127.0.0.1:64287] isIdleTimeoutExpired=false isRemotelyClosed=true isTtlExpired=false
11:16:09.980 [AsyncHttpClient-1-1] DEBUG org.asynchttpclient.netty.channel.DefaultChannelPool - Closing Idle Channel [id: 0x5dfb3eba, L:/127.0.0.1:64293 ! R:localhost/127.0.0.1:64287]
11:16:09.980 [AsyncHttpClient-1-1] DEBUG org.asynchttpclient.netty.channel.DefaultChannelPool - Closed 2 connections out of 2 in 1 ms
11:16:10.063 [AsyncHttpClient-1-5] DEBUG org.asynchttpclient.netty.handler.HttpHandler - 

Request DefaultHttpRequest(decodeResult: success, version: HTTP/1.1)
POST /session HTTP/1.1
User-Agent: selenium/4.7.1 (java windows)
Content-Length: 557
Content-Type: application/json; charset=utf-8
host: localhost:12502
accept: */*

Response DefaultHttpResponse(decodeResult: success, version: HTTP/1.1)
HTTP/1.1 200 OK
Content-Type: application/json; charset=utf-8
cache-control: no-cache
content-length: 790

11:16:10.063 [AsyncHttpClient-1-5] DEBUG org.asynchttpclient.netty.channel.ChannelManager - Adding key: http://localhost:12502 for channel [id: 0x15369f23, L:/127.0.0.1:64309 - R:localhost/127.0.0.1:12502]
11:16:10.069 [AsyncHttpClient-1-6] DEBUG org.asynchttpclient.netty.channel.NettyConnectListener - Using new Channel '[id: 0x9a063de0, L:/127.0.0.1:64315 - R:localhost/127.0.0.1:64310]' for 'GET' to '/json/version'
11:16:10.070 [AsyncHttpClient-1-6] DEBUG org.asynchttpclient.netty.handler.HttpHandler - 

Request DefaultFullHttpRequest(decodeResult: success, version: HTTP/1.1, content: EmptyByteBufBE)
GET /json/version HTTP/1.1
User-Agent: selenium/4.7.1 (java windows)
host: localhost:64310
accept: */*

Response DefaultHttpResponse(decodeResult: success, version: HTTP/1.1)
HTTP/1.1 200 OK
Content-Security-Policy: frame-ancestors 'none'
Content-Type: application/json; charset=UTF-8
content-length: 445

11:16:10.071 [AsyncHttpClient-1-6] DEBUG org.asynchttpclient.netty.channel.ChannelManager - Adding key: http://localhost:64310 for channel [id: 0x9a063de0, L:/127.0.0.1:64315 - R:localhost/127.0.0.1:64310]
11:16:10.072 [AsyncHttpClient-1-7] DEBUG org.asynchttpclient.netty.channel.NettyConnectListener - Using new Channel '[id: 0xe5cc1381, L:/127.0.0.1:64316 - R:localhost/127.0.0.1:64310]' for 'GET' to '/devtools/browser/3673b45c-bde0-4b58-bdbe-88883db725da'
11:16:10.074 [AsyncHttpClient-1-7] DEBUG org.asynchttpclient.netty.handler.WebSocketHandler - 

Request DefaultFullHttpRequest(decodeResult: success, version: HTTP/1.1, content: EmptyByteBufBE)
GET /devtools/browser/3673b45c-bde0-4b58-bdbe-88883db725da HTTP/1.1
upgrade: websocket
connection: upgrade
sec-websocket-key: OBKGv/5Yb7XWpXe0Rhi24Q==
sec-websocket-version: 13
origin: http://localhost:64310
host: localhost:64310
accept: */*
user-agent: AHC/2.1

Response DefaultHttpResponse(decodeResult: success, version: HTTP/1.1)
HTTP/1.1 101 WebSocket Protocol Handshake
Upgrade: WebSocket
Connection: Upgrade
Sec-WebSocket-Accept: UoD0bjLAegcyTNz1kczYK8hdbRg=

11:16:10.079 [Forwarding maximizeCurrentWindow on session 9f9099991cf54d73a17c069a381ef480 to remote] DEBUG org.asynchttpclient.netty.request.NettyRequestSender - Using pooled Channel '[id: 0x15369f23, L:/127.0.0.1:64309 - R:localhost/127.0.0.1:12502]' for 'POST' to 'http://localhost:12502/session/9f9099991cf54d73a17c069a381ef480/window/maximize'
11:16:10.079 [Forwarding maximizeCurrentWindow on session 9f9099991cf54d73a17c069a381ef480 to remote] DEBUG org.asynchttpclient.netty.request.NettyRequestSender - Using open Channel [id: 0x15369f23, L:/127.0.0.1:64309 - R:localhost/127.0.0.1:12502] for POST '/session/9f9099991cf54d73a17c069a381ef480/window/maximize'
11:16:10.201 [AsyncHttpClient-1-5] DEBUG org.asynchttpclient.netty.handler.HttpHandler - 

Request DefaultHttpRequest(decodeResult: success, version: HTTP/1.1)
POST /session/9f9099991cf54d73a17c069a381ef480/window/maximize HTTP/1.1
User-Agent: selenium/4.7.1 (java windows)
Content-Length: 3
Content-Type: application/json; charset=utf-8
host: localhost:12502
accept: */*

Response DefaultHttpResponse(decodeResult: success, version: HTTP/1.1)
HTTP/1.1 200 OK
Content-Type: application/json; charset=utf-8
cache-control: no-cache
content-length: 50

11:16:10.202 [AsyncHttpClient-1-5] DEBUG org.asynchttpclient.netty.channel.ChannelManager - Adding key: http://localhost:12502 for channel [id: 0x15369f23, L:/127.0.0.1:64309 - R:localhost/127.0.0.1:12502]
11:16:10.214 [Forwarding get on session 9f9099991cf54d73a17c069a381ef480 to remote] DEBUG org.asynchttpclient.netty.request.NettyRequestSender - Using pooled Channel '[id: 0x15369f23, L:/127.0.0.1:64309 - R:localhost/127.0.0.1:12502]' for 'POST' to 'http://localhost:12502/session/9f9099991cf54d73a17c069a381ef480/url'
11:16:10.215 [Forwarding get on session 9f9099991cf54d73a17c069a381ef480 to remote] DEBUG org.asynchttpclient.netty.request.NettyRequestSender - Using open Channel [id: 0x15369f23, L:/127.0.0.1:64309 - R:localhost/127.0.0.1:12502] for POST '/session/9f9099991cf54d73a17c069a381ef480/url'
11:16:10.518 [AsyncHttpClient-1-5] DEBUG org.asynchttpclient.netty.handler.HttpHandler - 

Request DefaultHttpRequest(decodeResult: success, version: HTTP/1.1)
POST /session/9f9099991cf54d73a17c069a381ef480/url HTTP/1.1
User-Agent: selenium/4.7.1 (java windows)
Content-Length: 56
Content-Type: application/json; charset=utf-8
host: localhost:12502
accept: */*

Response DefaultHttpResponse(decodeResult: success, version: HTTP/1.1)
HTTP/1.1 200 OK
Content-Type: application/json; charset=utf-8
cache-control: no-cache
content-length: 14

11:16:10.518 [AsyncHttpClient-1-5] DEBUG org.asynchttpclient.netty.channel.ChannelManager - Adding key: http://localhost:12502 for channel [id: 0x15369f23, L:/127.0.0.1:64309 - R:localhost/127.0.0.1:12502]
11:16:10.519 [Forwarding setTimeout on session 9f9099991cf54d73a17c069a381ef480 to remote] DEBUG org.asynchttpclient.netty.request.NettyRequestSender - Using pooled Channel '[id: 0x15369f23, L:/127.0.0.1:64309 - R:localhost/127.0.0.1:12502]' for 'POST' to 'http://localhost:12502/session/9f9099991cf54d73a17c069a381ef480/timeouts'
11:16:10.519 [Forwarding setTimeout on session 9f9099991cf54d73a17c069a381ef480 to remote] DEBUG org.asynchttpclient.netty.request.NettyRequestSender - Using open Channel [id: 0x15369f23, L:/127.0.0.1:64309 - R:localhost/127.0.0.1:12502] for POST '/session/9f9099991cf54d73a17c069a381ef480/timeouts'
11:16:10.520 [AsyncHttpClient-1-5] DEBUG org.asynchttpclient.netty.handler.HttpHandler - 

Request DefaultHttpRequest(decodeResult: success, version: HTTP/1.1)
POST /session/9f9099991cf54d73a17c069a381ef480/timeouts HTTP/1.1
User-Agent: selenium/4.7.1 (java windows)
Content-Length: 22
Content-Type: application/json; charset=utf-8
host: localhost:12502
accept: */*

Response DefaultHttpResponse(decodeResult: success, version: HTTP/1.1)
HTTP/1.1 200 OK
Content-Type: application/json; charset=utf-8
cache-control: no-cache
content-length: 14

11:16:10.520 [AsyncHttpClient-1-5] DEBUG org.asynchttpclient.netty.channel.ChannelManager - Adding key: http://localhost:12502 for channel [id: 0x15369f23, L:/127.0.0.1:64309 - R:localhost/127.0.0.1:12502]
  &amp#27;[32mGiven &amp#27;[0m&amp#27;[32mI go to &amp#27;[0m&amp#27;[32m&amp#27;[1m"https://www.saucedemo.com/"&amp#27;[0m                       &amp#27;[90m# Class6BDD.steps.CommonSteps.fillCrossDockSection(java.lang.String)&amp#27;[0m
11:16:10.526 [Forwarding getCurrentWindowHandle on session 9f9099991cf54d73a17c069a381ef480 to remote] DEBUG org.asynchttpclient.netty.request.NettyRequestSender - Using pooled Channel '[id: 0x15369f23, L:/127.0.0.1:64309 - R:localhost/127.0.0.1:12502]' for 'GET' to 'http://localhost:12502/session/9f9099991cf54d73a17c069a381ef480/window'
11:16:10.526 [Forwarding getCurrentWindowHandle on session 9f9099991cf54d73a17c069a381ef480 to remote] DEBUG org.asynchttpclient.netty.request.NettyRequestSender - Using open Channel [id: 0x15369f23, L:/127.0.0.1:64309 - R:localhost/127.0.0.1:12502] for GET '/session/9f9099991cf54d73a17c069a381ef480/window'
11:16:10.527 [AsyncHttpClient-1-5] DEBUG org.asynchttpclient.netty.handler.HttpHandler - 

Request DefaultFullHttpRequest(decodeResult: success, version: HTTP/1.1, content: EmptyByteBufBE)
GET /session/9f9099991cf54d73a17c069a381ef480/window HTTP/1.1
User-Agent: selenium/4.7.1 (java windows)
Cache-Control: no-cache
Content-Type: application/json; charset=utf-8
host: localhost:12502
accept: */*

Response DefaultHttpResponse(decodeResult: success, version: HTTP/1.1)
HTTP/1.1 200 OK
Content-Type: application/json; charset=utf-8
cache-control: no-cache
content-length: 53

11:16:10.527 [AsyncHttpClient-1-5] DEBUG org.asynchttpclient.netty.channel.ChannelManager - Adding key: http://localhost:12502 for channel [id: 0x15369f23, L:/127.0.0.1:64309 - R:localhost/127.0.0.1:12502]
11:16:10.528 [Forwarding getAlertText on session 9f9099991cf54d73a17c069a381ef480 to remote] DEBUG org.asynchttpclient.netty.request.NettyRequestSender - Using pooled Channel '[id: 0x15369f23, L:/127.0.0.1:64309 - R:localhost/127.0.0.1:12502]' for 'GET' to 'http://localhost:12502/session/9f9099991cf54d73a17c069a381ef480/alert/text'
11:16:10.528 [Forwarding getAlertText on session 9f9099991cf54d73a17c069a381ef480 to remote] DEBUG org.asynchttpclient.netty.request.NettyRequestSender - Using open Channel [id: 0x15369f23, L:/127.0.0.1:64309 - R:localhost/127.0.0.1:12502] for GET '/session/9f9099991cf54d73a17c069a381ef480/alert/text'
11:16:10.530 [AsyncHttpClient-1-5] DEBUG org.asynchttpclient.netty.handler.HttpHandler - 

Request DefaultFullHttpRequest(decodeResult: success, version: HTTP/1.1, content: EmptyByteBufBE)
GET /session/9f9099991cf54d73a17c069a381ef480/alert/text HTTP/1.1
User-Agent: selenium/4.7.1 (java windows)
Cache-Control: no-cache
Content-Type: application/json; charset=utf-8
host: localhost:12502
accept: */*

Response DefaultHttpResponse(decodeResult: success, version: HTTP/1.1)
HTTP/1.1 404 Not Found
Content-Type: application/json; charset=utf-8
cache-control: no-cache
content-length: 834

11:16:10.530 [AsyncHttpClient-1-5] DEBUG org.asynchttpclient.netty.channel.ChannelManager - Adding key: http://localhost:12502 for channel [id: 0x15369f23, L:/127.0.0.1:64309 - R:localhost/127.0.0.1:12502]
11:16:10.532 [Forwarding switchToWindow on session 9f9099991cf54d73a17c069a381ef480 to remote] DEBUG org.asynchttpclient.netty.request.NettyRequestSender - Using pooled Channel '[id: 0x15369f23, L:/127.0.0.1:64309 - R:localhost/127.0.0.1:12502]' for 'POST' to 'http://localhost:12502/session/9f9099991cf54d73a17c069a381ef480/window'
11:16:10.532 [Forwarding switchToWindow on session 9f9099991cf54d73a17c069a381ef480 to remote] DEBUG org.asynchttpclient.netty.request.NettyRequestSender - Using open Channel [id: 0x15369f23, L:/127.0.0.1:64309 - R:localhost/127.0.0.1:12502] for POST '/session/9f9099991cf54d73a17c069a381ef480/window'
11:16:10.534 [AsyncHttpClient-1-5] DEBUG org.asynchttpclient.netty.handler.HttpHandler - 

Request DefaultHttpRequest(decodeResult: success, version: HTTP/1.1)
POST /session/9f9099991cf54d73a17c069a381ef480/window HTTP/1.1
User-Agent: selenium/4.7.1 (java windows)
Content-Length: 59
Content-Type: application/json; charset=utf-8
host: localhost:12502
accept: */*

Response DefaultHttpResponse(decodeResult: success, version: HTTP/1.1)
HTTP/1.1 200 OK
Content-Type: application/json; charset=utf-8
cache-control: no-cache
content-length: 14

11:16:10.534 [AsyncHttpClient-1-5] DEBUG org.asynchttpclient.netty.channel.ChannelManager - Adding key: http://localhost:12502 for channel [id: 0x15369f23, L:/127.0.0.1:64309 - R:localhost/127.0.0.1:12502]
11:16:10.535 [Forwarding getCurrentUrl on session 9f9099991cf54d73a17c069a381ef480 to remote] DEBUG org.asynchttpclient.netty.request.NettyRequestSender - Using pooled Channel '[id: 0x15369f23, L:/127.0.0.1:64309 - R:localhost/127.0.0.1:12502]' for 'GET' to 'http://localhost:12502/session/9f9099991cf54d73a17c069a381ef480/url'
11:16:10.535 [Forwarding getCurrentUrl on session 9f9099991cf54d73a17c069a381ef480 to remote] DEBUG org.asynchttpclient.netty.request.NettyRequestSender - Using open Channel [id: 0x15369f23, L:/127.0.0.1:64309 - R:localhost/127.0.0.1:12502] for GET '/session/9f9099991cf54d73a17c069a381ef480/url'
11:16:10.539 [AsyncHttpClient-1-5] DEBUG org.asynchttpclient.netty.handler.HttpHandler - 

Request DefaultFullHttpRequest(decodeResult: success, version: HTTP/1.1, content: EmptyByteBufBE)
GET /session/9f9099991cf54d73a17c069a381ef480/url HTTP/1.1
User-Agent: selenium/4.7.1 (java windows)
Cache-Control: no-cache
Content-Type: application/json; charset=utf-8
host: localhost:12502
accept: */*

Response DefaultHttpResponse(decodeResult: success, version: HTTP/1.1)
HTTP/1.1 200 OK
Content-Type: application/json; charset=utf-8
cache-control: no-cache
content-length: 38

11:16:10.539 [AsyncHttpClient-1-5] DEBUG org.asynchttpclient.netty.channel.ChannelManager - Adding key: http://localhost:12502 for channel [id: 0x15369f23, L:/127.0.0.1:64309 - R:localhost/127.0.0.1:12502]
11:16:10.541 [Forwarding screenshot on session 9f9099991cf54d73a17c069a381ef480 to remote] DEBUG org.asynchttpclient.netty.request.NettyRequestSender - Using pooled Channel '[id: 0x15369f23, L:/127.0.0.1:64309 - R:localhost/127.0.0.1:12502]' for 'GET' to 'http://localhost:12502/session/9f9099991cf54d73a17c069a381ef480/screenshot'
11:16:10.541 [Forwarding screenshot on session 9f9099991cf54d73a17c069a381ef480 to remote] DEBUG org.asynchttpclient.netty.request.NettyRequestSender - Using open Channel [id: 0x15369f23, L:/127.0.0.1:64309 - R:localhost/127.0.0.1:12502] for GET '/session/9f9099991cf54d73a17c069a381ef480/screenshot'
11:16:10.722 [AsyncHttpClient-1-5] DEBUG org.asynchttpclient.netty.handler.HttpHandler - 

Request DefaultFullHttpRequest(decodeResult: success, version: HTTP/1.1, content: EmptyByteBufBE)
GET /session/9f9099991cf54d73a17c069a381ef480/screenshot HTTP/1.1
User-Agent: selenium/4.7.1 (java windows)
Cache-Control: no-cache
Content-Type: application/json; charset=utf-8
host: localhost:12502
accept: */*

Response DefaultHttpResponse(decodeResult: success, version: HTTP/1.1)
HTTP/1.1 200 OK
Content-Type: application/json; charset=utf-8
cache-control: no-cache
content-length: 80692

11:16:10.723 [AsyncHttpClient-1-5] DEBUG org.asynchttpclient.netty.channel.ChannelManager - Adding key: http://localhost:12502 for channel [id: 0x15369f23, L:/127.0.0.1:64309 - R:localhost/127.0.0.1:12502]
11:16:10.726 [main] DEBUG net.serenitybdd.core.photography.Darkroom - Send negative for processing for target\site\serenity\15a7514d6fa104e3b1d014195f40b59ecdad25387af39f26ebf9f7e5154565c1.png
11:16:10.731 [Forwarding getPageSource on session 9f9099991cf54d73a17c069a381ef480 to remote] DEBUG org.asynchttpclient.netty.request.NettyRequestSender - Using pooled Channel '[id: 0x15369f23, L:/127.0.0.1:64309 - R:localhost/127.0.0.1:12502]' for 'POST' to 'http://localhost:12502/session/9f9099991cf54d73a17c069a381ef480/execute/sync'
11:16:10.731 [Forwarding getPageSource on session 9f9099991cf54d73a17c069a381ef480 to remote] DEBUG org.asynchttpclient.netty.request.NettyRequestSender - Using open Channel [id: 0x15369f23, L:/127.0.0.1:64309 - R:localhost/127.0.0.1:12502] for POST '/session/9f9099991cf54d73a17c069a381ef480/execute/sync'
11:16:10.736 [AsyncHttpClient-1-5] DEBUG org.asynchttpclient.netty.handler.HttpHandler - 

Request DefaultHttpRequest(decodeResult: success, version: HTTP/1.1)
POST /session/9f9099991cf54d73a17c069a381ef480/execute/sync HTTP/1.1
User-Agent: selenium/4.7.1 (java windows)
Content-Length: 176
Content-Type: application/json; charset=utf-8
host: localhost:12502
accept: */*

Response DefaultHttpResponse(decodeResult: success, version: HTTP/1.1)
HTTP/1.1 200 OK
Content-Type: application/json; charset=utf-8
cache-control: no-cache
content-length: 4160

11:16:10.736 [AsyncHttpClient-1-5] DEBUG org.asynchttpclient.netty.channel.ChannelManager - Adding key: http://localhost:12502 for channel [id: 0x15369f23, L:/127.0.0.1:64309 - R:localhost/127.0.0.1:12502]
11:16:10.738 [Forwarding getCurrentUrl on session 9f9099991cf54d73a17c069a381ef480 to remote] DEBUG org.asynchttpclient.netty.request.NettyRequestSender - Using pooled Channel '[id: 0x15369f23, L:/127.0.0.1:64309 - R:localhost/127.0.0.1:12502]' for 'GET' to 'http://localhost:12502/session/9f9099991cf54d73a17c069a381ef480/url'
11:16:10.738 [Forwarding getCurrentUrl on session 9f9099991cf54d73a17c069a381ef480 to remote] DEBUG org.asynchttpclient.netty.request.NettyRequestSender - Using open Channel [id: 0x15369f23, L:/127.0.0.1:64309 - R:localhost/127.0.0.1:12502] for GET '/session/9f9099991cf54d73a17c069a381ef480/url'
11:16:10.740 [AsyncHttpClient-1-5] DEBUG org.asynchttpclient.netty.handler.HttpHandler - 

Request DefaultFullHttpRequest(decodeResult: success, version: HTTP/1.1, content: EmptyByteBufBE)
GET /session/9f9099991cf54d73a17c069a381ef480/url HTTP/1.1
User-Agent: selenium/4.7.1 (java windows)
Cache-Control: no-cache
Content-Type: application/json; charset=utf-8
host: localhost:12502
accept: */*

Response DefaultHttpResponse(decodeResult: success, version: HTTP/1.1)
HTTP/1.1 200 OK
Content-Type: application/json; charset=utf-8
cache-control: no-cache
content-length: 38

11:16:10.740 [AsyncHttpClient-1-5] DEBUG org.asynchttpclient.netty.channel.ChannelManager - Adding key: http://localhost:12502 for channel [id: 0x15369f23, L:/127.0.0.1:64309 - R:localhost/127.0.0.1:12502]
11:16:10.745 [Forwarding maximizeCurrentWindow on session 9f9099991cf54d73a17c069a381ef480 to remote] DEBUG org.asynchttpclient.netty.request.NettyRequestSender - Using pooled Channel '[id: 0x15369f23, L:/127.0.0.1:64309 - R:localhost/127.0.0.1:12502]' for 'POST' to 'http://localhost:12502/session/9f9099991cf54d73a17c069a381ef480/window/maximize'
11:16:10.745 [Forwarding maximizeCurrentWindow on session 9f9099991cf54d73a17c069a381ef480 to remote] DEBUG org.asynchttpclient.netty.request.NettyRequestSender - Using open Channel [id: 0x15369f23, L:/127.0.0.1:64309 - R:localhost/127.0.0.1:12502] for POST '/session/9f9099991cf54d73a17c069a381ef480/window/maximize'
11:16:10.748 [AsyncHttpClient-1-5] DEBUG org.asynchttpclient.netty.handler.HttpHandler - 

Request DefaultHttpRequest(decodeResult: success, version: HTTP/1.1)
POST /session/9f9099991cf54d73a17c069a381ef480/window/maximize HTTP/1.1
User-Agent: selenium/4.7.1 (java windows)
Content-Length: 3
Content-Type: application/json; charset=utf-8
host: localhost:12502
accept: */*

Response DefaultHttpResponse(decodeResult: success, version: HTTP/1.1)
HTTP/1.1 200 OK
Content-Type: application/json; charset=utf-8
cache-control: no-cache
content-length: 50

11:16:10.748 [AsyncHttpClient-1-5] DEBUG org.asynchttpclient.netty.channel.ChannelManager - Adding key: http://localhost:12502 for channel [id: 0x15369f23, L:/127.0.0.1:64309 - R:localhost/127.0.0.1:12502]
11:16:10.752 [Forwarding findElement on session 9f9099991cf54d73a17c069a381ef480 to remote] DEBUG org.asynchttpclient.netty.request.NettyRequestSender - Using pooled Channel '[id: 0x15369f23, L:/127.0.0.1:64309 - R:localhost/127.0.0.1:12502]' for 'POST' to 'http://localhost:12502/session/9f9099991cf54d73a17c069a381ef480/element'
11:16:10.753 [Forwarding findElement on session 9f9099991cf54d73a17c069a381ef480 to remote] DEBUG org.asynchttpclient.netty.request.NettyRequestSender - Using open Channel [id: 0x15369f23, L:/127.0.0.1:64309 - R:localhost/127.0.0.1:12502] for POST '/session/9f9099991cf54d73a17c069a381ef480/element'
11:16:10.764 [AsyncHttpClient-1-5] DEBUG org.asynchttpclient.netty.handler.HttpHandler - 

Request DefaultHttpRequest(decodeResult: success, version: HTTP/1.1)
POST /session/9f9099991cf54d73a17c069a381ef480/element HTTP/1.1
User-Agent: selenium/4.7.1 (java windows)
Content-Length: 56
Content-Type: application/json; charset=utf-8
host: localhost:12502
accept: */*

Response DefaultHttpResponse(decodeResult: success, version: HTTP/1.1)
HTTP/1.1 200 OK
Content-Type: application/json; charset=utf-8
cache-control: no-cache
content-length: 88

11:16:10.764 [AsyncHttpClient-1-5] DEBUG org.asynchttpclient.netty.channel.ChannelManager - Adding key: http://localhost:12502 for channel [id: 0x15369f23, L:/127.0.0.1:64309 - R:localhost/127.0.0.1:12502]
11:16:10.766 [Forwarding sendKeysToElement on session 9f9099991cf54d73a17c069a381ef480 to remote] DEBUG org.asynchttpclient.netty.request.NettyRequestSender - Using pooled Channel '[id: 0x15369f23, L:/127.0.0.1:64309 - R:localhost/127.0.0.1:12502]' for 'POST' to 'http://localhost:12502/session/9f9099991cf54d73a17c069a381ef480/element/0c0e88f7-f56e-453a-81db-9ce17ecde97f/value'
11:16:10.766 [Forwarding sendKeysToElement on session 9f9099991cf54d73a17c069a381ef480 to remote] DEBUG org.asynchttpclient.netty.request.NettyRequestSender - Using open Channel [id: 0x15369f23, L:/127.0.0.1:64309 - R:localhost/127.0.0.1:12502] for POST '/session/9f9099991cf54d73a17c069a381ef480/element/0c0e88f7-f56e-453a-81db-9ce17ecde97f/value'
11:16:10.835 [AsyncHttpClient-1-5] DEBUG org.asynchttpclient.netty.handler.HttpHandler - 

Request DefaultHttpRequest(decodeResult: success, version: HTTP/1.1)
POST /session/9f9099991cf54d73a17c069a381ef480/element/0c0e88f7-f56e-453a-81db-9ce17ecde97f/value HTTP/1.1
User-Agent: selenium/4.7.1 (java windows)
Content-Length: 231
Content-Type: application/json; charset=utf-8
host: localhost:12502
accept: */*

Response DefaultHttpResponse(decodeResult: success, version: HTTP/1.1)
HTTP/1.1 200 OK
Content-Type: application/json; charset=utf-8
cache-control: no-cache
content-length: 14

11:16:10.835 [AsyncHttpClient-1-5] DEBUG org.asynchttpclient.netty.channel.ChannelManager - Adding key: http://localhost:12502 for channel [id: 0x15369f23, L:/127.0.0.1:64309 - R:localhost/127.0.0.1:12502]
  &amp#27;[32mThen &amp#27;[0m&amp#27;[32mI fill username &amp#27;[0m&amp#27;[32m&amp#27;[1m"locked_out_user"&amp#27;[0m                           &amp#27;[90m# Class6BDD.steps.LoginSteps.iFillUsername(java.lang.String)&amp#27;[0m
11:16:10.841 [Forwarding getCurrentWindowHandle on session 9f9099991cf54d73a17c069a381ef480 to remote] DEBUG org.asynchttpclient.netty.request.NettyRequestSender - Using pooled Channel '[id: 0x15369f23, L:/127.0.0.1:64309 - R:localhost/127.0.0.1:12502]' for 'GET' to 'http://localhost:12502/session/9f9099991cf54d73a17c069a381ef480/window'
11:16:10.841 [Forwarding getCurrentWindowHandle on session 9f9099991cf54d73a17c069a381ef480 to remote] DEBUG org.asynchttpclient.netty.request.NettyRequestSender - Using open Channel [id: 0x15369f23, L:/127.0.0.1:64309 - R:localhost/127.0.0.1:12502] for GET '/session/9f9099991cf54d73a17c069a381ef480/window'
11:16:10.842 [AsyncHttpClient-1-5] DEBUG org.asynchttpclient.netty.handler.HttpHandler - 

Request DefaultFullHttpRequest(decodeResult: success, version: HTTP/1.1, content: EmptyByteBufBE)
GET /session/9f9099991cf54d73a17c069a381ef480/window HTTP/1.1
User-Agent: selenium/4.7.1 (java windows)
Cache-Control: no-cache
Content-Type: application/json; charset=utf-8
host: localhost:12502
accept: */*

Response DefaultHttpResponse(decodeResult: success, version: HTTP/1.1)
HTTP/1.1 200 OK
Content-Type: application/json; charset=utf-8
cache-control: no-cache
content-length: 53

11:16:10.843 [AsyncHttpClient-1-5] DEBUG org.asynchttpclient.netty.channel.ChannelManager - Adding key: http://localhost:12502 for channel [id: 0x15369f23, L:/127.0.0.1:64309 - R:localhost/127.0.0.1:12502]
11:16:10.844 [Forwarding getAlertText on session 9f9099991cf54d73a17c069a381ef480 to remote] DEBUG org.asynchttpclient.netty.request.NettyRequestSender - Using pooled Channel '[id: 0x15369f23, L:/127.0.0.1:64309 - R:localhost/127.0.0.1:12502]' for 'GET' to 'http://localhost:12502/session/9f9099991cf54d73a17c069a381ef480/alert/text'
11:16:10.844 [Forwarding getAlertText on session 9f9099991cf54d73a17c069a381ef480 to remote] DEBUG org.asynchttpclient.netty.request.NettyRequestSender - Using open Channel [id: 0x15369f23, L:/127.0.0.1:64309 - R:localhost/127.0.0.1:12502] for GET '/session/9f9099991cf54d73a17c069a381ef480/alert/text'
11:16:10.846 [AsyncHttpClient-1-5] DEBUG org.asynchttpclient.netty.handler.HttpHandler - 

Request DefaultFullHttpRequest(decodeResult: success, version: HTTP/1.1, content: EmptyByteBufBE)
GET /session/9f9099991cf54d73a17c069a381ef480/alert/text HTTP/1.1
User-Agent: selenium/4.7.1 (java windows)
Cache-Control: no-cache
Content-Type: application/json; charset=utf-8
host: localhost:12502
accept: */*

Response DefaultHttpResponse(decodeResult: success, version: HTTP/1.1)
HTTP/1.1 404 Not Found
Content-Type: application/json; charset=utf-8
cache-control: no-cache
content-length: 834

11:16:10.847 [AsyncHttpClient-1-5] DEBUG org.asynchttpclient.netty.channel.ChannelManager - Adding key: http://localhost:12502 for channel [id: 0x15369f23, L:/127.0.0.1:64309 - R:localhost/127.0.0.1:12502]
11:16:10.849 [Forwarding switchToWindow on session 9f9099991cf54d73a17c069a381ef480 to remote] DEBUG org.asynchttpclient.netty.request.NettyRequestSender - Using pooled Channel '[id: 0x15369f23, L:/127.0.0.1:64309 - R:localhost/127.0.0.1:12502]' for 'POST' to 'http://localhost:12502/session/9f9099991cf54d73a17c069a381ef480/window'
11:16:10.849 [Forwarding switchToWindow on session 9f9099991cf54d73a17c069a381ef480 to remote] DEBUG org.asynchttpclient.netty.request.NettyRequestSender - Using open Channel [id: 0x15369f23, L:/127.0.0.1:64309 - R:localhost/127.0.0.1:12502] for POST '/session/9f9099991cf54d73a17c069a381ef480/window'
11:16:10.851 [AsyncHttpClient-1-5] DEBUG org.asynchttpclient.netty.handler.HttpHandler - 

Request DefaultHttpRequest(decodeResult: success, version: HTTP/1.1)
POST /session/9f9099991cf54d73a17c069a381ef480/window HTTP/1.1
User-Agent: selenium/4.7.1 (java windows)
Content-Length: 59
Content-Type: application/json; charset=utf-8
host: localhost:12502
accept: */*

Response DefaultHttpResponse(decodeResult: success, version: HTTP/1.1)
HTTP/1.1 200 OK
Content-Type: application/json; charset=utf-8
cache-control: no-cache
content-length: 14

11:16:10.851 [AsyncHttpClient-1-5] DEBUG org.asynchttpclient.netty.channel.ChannelManager - Adding key: http://localhost:12502 for channel [id: 0x15369f23, L:/127.0.0.1:64309 - R:localhost/127.0.0.1:12502]
11:16:10.853 [Forwarding getCurrentUrl on session 9f9099991cf54d73a17c069a381ef480 to remote] DEBUG org.asynchttpclient.netty.request.NettyRequestSender - Using pooled Channel '[id: 0x15369f23, L:/127.0.0.1:64309 - R:localhost/127.0.0.1:12502]' for 'GET' to 'http://localhost:12502/session/9f9099991cf54d73a17c069a381ef480/url'
11:16:10.853 [Forwarding getCurrentUrl on session 9f9099991cf54d73a17c069a381ef480 to remote] DEBUG org.asynchttpclient.netty.request.NettyRequestSender - Using open Channel [id: 0x15369f23, L:/127.0.0.1:64309 - R:localhost/127.0.0.1:12502] for GET '/session/9f9099991cf54d73a17c069a381ef480/url'
11:16:10.856 [AsyncHttpClient-1-5] DEBUG org.asynchttpclient.netty.handler.HttpHandler - 

Request DefaultFullHttpRequest(decodeResult: success, version: HTTP/1.1, content: EmptyByteBufBE)
GET /session/9f9099991cf54d73a17c069a381ef480/url HTTP/1.1
User-Agent: selenium/4.7.1 (java windows)
Cache-Control: no-cache
Content-Type: application/json; charset=utf-8
host: localhost:12502
accept: */*

Response DefaultHttpResponse(decodeResult: success, version: HTTP/1.1)
HTTP/1.1 200 OK
Content-Type: application/json; charset=utf-8
cache-control: no-cache
content-length: 38

11:16:10.857 [AsyncHttpClient-1-5] DEBUG org.asynchttpclient.netty.channel.ChannelManager - Adding key: http://localhost:12502 for channel [id: 0x15369f23, L:/127.0.0.1:64309 - R:localhost/127.0.0.1:12502]
11:16:10.858 [Forwarding screenshot on session 9f9099991cf54d73a17c069a381ef480 to remote] DEBUG org.asynchttpclient.netty.request.NettyRequestSender - Using pooled Channel '[id: 0x15369f23, L:/127.0.0.1:64309 - R:localhost/127.0.0.1:12502]' for 'GET' to 'http://localhost:12502/session/9f9099991cf54d73a17c069a381ef480/screenshot'
11:16:10.858 [Forwarding screenshot on session 9f9099991cf54d73a17c069a381ef480 to remote] DEBUG org.asynchttpclient.netty.request.NettyRequestSender - Using open Channel [id: 0x15369f23, L:/127.0.0.1:64309 - R:localhost/127.0.0.1:12502] for GET '/session/9f9099991cf54d73a17c069a381ef480/screenshot'
11:16:10.970 [AsyncHttpClient-1-5] DEBUG org.asynchttpclient.netty.handler.HttpHandler - 

Request DefaultFullHttpRequest(decodeResult: success, version: HTTP/1.1, content: EmptyByteBufBE)
GET /session/9f9099991cf54d73a17c069a381ef480/screenshot HTTP/1.1
User-Agent: selenium/4.7.1 (java windows)
Cache-Control: no-cache
Content-Type: application/json; charset=utf-8
host: localhost:12502
accept: */*

Response DefaultHttpResponse(decodeResult: success, version: HTTP/1.1)
HTTP/1.1 200 OK
Content-Type: application/json; charset=utf-8
cache-control: no-cache
content-length: 82224

11:16:10.971 [AsyncHttpClient-1-5] DEBUG org.asynchttpclient.netty.channel.ChannelManager - Adding key: http://localhost:12502 for channel [id: 0x15369f23, L:/127.0.0.1:64309 - R:localhost/127.0.0.1:12502]
11:16:10.974 [main] DEBUG net.serenitybdd.core.photography.Darkroom - Send negative for processing for target\site\serenity\db3307ac2f6b2973c695d103ff49f3b2b7260f078c0701aad55ffbb6f29ec532.png
11:16:10.974 [Darkroom Processing Line] DEBUG net.serenitybdd.core.photography.DarkroomProcessingLine - Processing screenshot image in /var/screenshots/screenshot-17821680659298391630
11:16:10.974 [Darkroom Processing Line] DEBUG net.serenitybdd.core.photography.DarkroomProcessingLine - Saving screenshot to target\site\serenity\db3307ac2f6b2973c695d103ff49f3b2b7260f078c0701aad55ffbb6f29ec532.png
11:16:10.981 [Forwarding getPageSource on session 9f9099991cf54d73a17c069a381ef480 to remote] DEBUG org.asynchttpclient.netty.request.NettyRequestSender - Using pooled Channel '[id: 0x15369f23, L:/127.0.0.1:64309 - R:localhost/127.0.0.1:12502]' for 'POST' to 'http://localhost:12502/session/9f9099991cf54d73a17c069a381ef480/execute/sync'
11:16:10.981 [Forwarding getPageSource on session 9f9099991cf54d73a17c069a381ef480 to remote] DEBUG org.asynchttpclient.netty.request.NettyRequestSender - Using open Channel [id: 0x15369f23, L:/127.0.0.1:64309 - R:localhost/127.0.0.1:12502] for POST '/session/9f9099991cf54d73a17c069a381ef480/execute/sync'
11:16:10.984 [AsyncHttpClient-1-5] DEBUG org.asynchttpclient.netty.handler.HttpHandler - 

Request DefaultHttpRequest(decodeResult: success, version: HTTP/1.1)
POST /session/9f9099991cf54d73a17c069a381ef480/execute/sync HTTP/1.1
User-Agent: selenium/4.7.1 (java windows)
Content-Length: 176
Content-Type: application/json; charset=utf-8
host: localhost:12502
accept: */*

Response DefaultHttpResponse(decodeResult: success, version: HTTP/1.1)
HTTP/1.1 200 OK
Content-Type: application/json; charset=utf-8
cache-control: no-cache
content-length: 4175

11:16:10.985 [AsyncHttpClient-1-5] DEBUG org.asynchttpclient.netty.channel.ChannelManager - Adding key: http://localhost:12502 for channel [id: 0x15369f23, L:/127.0.0.1:64309 - R:localhost/127.0.0.1:12502]
11:16:10.988 [Forwarding getCurrentUrl on session 9f9099991cf54d73a17c069a381ef480 to remote] DEBUG org.asynchttpclient.netty.request.NettyRequestSender - Using pooled Channel '[id: 0x15369f23, L:/127.0.0.1:64309 - R:localhost/127.0.0.1:12502]' for 'GET' to 'http://localhost:12502/session/9f9099991cf54d73a17c069a381ef480/url'
11:16:10.988 [Forwarding getCurrentUrl on session 9f9099991cf54d73a17c069a381ef480 to remote] DEBUG org.asynchttpclient.netty.request.NettyRequestSender - Using open Channel [id: 0x15369f23, L:/127.0.0.1:64309 - R:localhost/127.0.0.1:12502] for GET '/session/9f9099991cf54d73a17c069a381ef480/url'
11:16:10.993 [AsyncHttpClient-1-5] DEBUG org.asynchttpclient.netty.handler.HttpHandler - 

Request DefaultFullHttpRequest(decodeResult: success, version: HTTP/1.1, content: EmptyByteBufBE)
GET /session/9f9099991cf54d73a17c069a381ef480/url HTTP/1.1
User-Agent: selenium/4.7.1 (java windows)
Cache-Control: no-cache
Content-Type: application/json; charset=utf-8
host: localhost:12502
accept: */*

Response DefaultHttpResponse(decodeResult: success, version: HTTP/1.1)
HTTP/1.1 200 OK
Content-Type: application/json; charset=utf-8
cache-control: no-cache
content-length: 38

11:16:10.993 [AsyncHttpClient-1-5] DEBUG org.asynchttpclient.netty.channel.ChannelManager - Adding key: http://localhost:12502 for channel [id: 0x15369f23, L:/127.0.0.1:64309 - R:localhost/127.0.0.1:12502]
11:16:10.998 [Forwarding findElement on session 9f9099991cf54d73a17c069a381ef480 to remote] DEBUG org.asynchttpclient.netty.request.NettyRequestSender - Using pooled Channel '[id: 0x15369f23, L:/127.0.0.1:64309 - R:localhost/127.0.0.1:12502]' for 'POST' to 'http://localhost:12502/session/9f9099991cf54d73a17c069a381ef480/element'
11:16:10.998 [Forwarding findElement on session 9f9099991cf54d73a17c069a381ef480 to remote] DEBUG org.asynchttpclient.netty.request.NettyRequestSender - Using open Channel [id: 0x15369f23, L:/127.0.0.1:64309 - R:localhost/127.0.0.1:12502] for POST '/session/9f9099991cf54d73a17c069a381ef480/element'
11:16:11.012 [AsyncHttpClient-1-5] DEBUG org.asynchttpclient.netty.handler.HttpHandler - 

Request DefaultHttpRequest(decodeResult: success, version: HTTP/1.1)
POST /session/9f9099991cf54d73a17c069a381ef480/element HTTP/1.1
User-Agent: selenium/4.7.1 (java windows)
Content-Length: 53
Content-Type: application/json; charset=utf-8
host: localhost:12502
accept: */*

Response DefaultHttpResponse(decodeResult: success, version: HTTP/1.1)
HTTP/1.1 200 OK
Content-Type: application/json; charset=utf-8
cache-control: no-cache
content-length: 88

11:16:11.014 [AsyncHttpClient-1-5] DEBUG org.asynchttpclient.netty.channel.ChannelManager - Adding key: http://localhost:12502 for channel [id: 0x15369f23, L:/127.0.0.1:64309 - R:localhost/127.0.0.1:12502]
11:16:11.016 [Forwarding sendKeysToElement on session 9f9099991cf54d73a17c069a381ef480 to remote] DEBUG org.asynchttpclient.netty.request.NettyRequestSender - Using pooled Channel '[id: 0x15369f23, L:/127.0.0.1:64309 - R:localhost/127.0.0.1:12502]' for 'POST' to 'http://localhost:12502/session/9f9099991cf54d73a17c069a381ef480/element/da26aa57-0db6-424d-b6ab-1f405a61522f/value'
11:16:11.016 [Forwarding sendKeysToElement on session 9f9099991cf54d73a17c069a381ef480 to remote] DEBUG org.asynchttpclient.netty.request.NettyRequestSender - Using open Channel [id: 0x15369f23, L:/127.0.0.1:64309 - R:localhost/127.0.0.1:12502] for POST '/session/9f9099991cf54d73a17c069a381ef480/element/da26aa57-0db6-424d-b6ab-1f405a61522f/value'
11:16:11.083 [AsyncHttpClient-1-1] DEBUG org.asynchttpclient.netty.channel.DefaultChannelPool - Entry count for : http://localhost:64310 : 1
11:16:11.102 [AsyncHttpClient-1-5] DEBUG org.asynchttpclient.netty.handler.HttpHandler - 

Request DefaultHttpRequest(decodeResult: success, version: HTTP/1.1)
POST /session/9f9099991cf54d73a17c069a381ef480/element/da26aa57-0db6-424d-b6ab-1f405a61522f/value HTTP/1.1
User-Agent: selenium/4.7.1 (java windows)
Content-Length: 201
Content-Type: application/json; charset=utf-8
host: localhost:12502
accept: */*

Response DefaultHttpResponse(decodeResult: success, version: HTTP/1.1)
HTTP/1.1 200 OK
Content-Type: application/json; charset=utf-8
cache-control: no-cache
content-length: 14

11:16:11.102 [AsyncHttpClient-1-5] DEBUG org.asynchttpclient.netty.channel.ChannelManager - Adding key: http://localhost:12502 for channel [id: 0x15369f23, L:/127.0.0.1:64309 - R:localhost/127.0.0.1:12502]
  &amp#27;[32mThen &amp#27;[0m&amp#27;[32mI fill password &amp#27;[0m&amp#27;[32m&amp#27;[1m"secret_sauce"&amp#27;[0m                              &amp#27;[90m# Class6BDD.steps.LoginSteps.iFillPassword(java.lang.String)&amp#27;[0m
11:16:11.107 [Forwarding getCurrentWindowHandle on session 9f9099991cf54d73a17c069a381ef480 to remote] DEBUG org.asynchttpclient.netty.request.NettyRequestSender - Using pooled Channel '[id: 0x15369f23, L:/127.0.0.1:64309 - R:localhost/127.0.0.1:12502]' for 'GET' to 'http://localhost:12502/session/9f9099991cf54d73a17c069a381ef480/window'
11:16:11.107 [Forwarding getCurrentWindowHandle on session 9f9099991cf54d73a17c069a381ef480 to remote] DEBUG org.asynchttpclient.netty.request.NettyRequestSender - Using open Channel [id: 0x15369f23, L:/127.0.0.1:64309 - R:localhost/127.0.0.1:12502] for GET '/session/9f9099991cf54d73a17c069a381ef480/window'
11:16:11.108 [AsyncHttpClient-1-5] DEBUG org.asynchttpclient.netty.handler.HttpHandler - 

Request DefaultFullHttpRequest(decodeResult: success, version: HTTP/1.1, content: EmptyByteBufBE)
GET /session/9f9099991cf54d73a17c069a381ef480/window HTTP/1.1
User-Agent: selenium/4.7.1 (java windows)
Cache-Control: no-cache
Content-Type: application/json; charset=utf-8
host: localhost:12502
accept: */*

Response DefaultHttpResponse(decodeResult: success, version: HTTP/1.1)
HTTP/1.1 200 OK
Content-Type: application/json; charset=utf-8
cache-control: no-cache
content-length: 53

11:16:11.108 [AsyncHttpClient-1-5] DEBUG org.asynchttpclient.netty.channel.ChannelManager - Adding key: http://localhost:12502 for channel [id: 0x15369f23, L:/127.0.0.1:64309 - R:localhost/127.0.0.1:12502]
11:16:11.110 [Forwarding getAlertText on session 9f9099991cf54d73a17c069a381ef480 to remote] DEBUG org.asynchttpclient.netty.request.NettyRequestSender - Using pooled Channel '[id: 0x15369f23, L:/127.0.0.1:64309 - R:localhost/127.0.0.1:12502]' for 'GET' to 'http://localhost:12502/session/9f9099991cf54d73a17c069a381ef480/alert/text'
11:16:11.110 [Forwarding getAlertText on session 9f9099991cf54d73a17c069a381ef480 to remote] DEBUG org.asynchttpclient.netty.request.NettyRequestSender - Using open Channel [id: 0x15369f23, L:/127.0.0.1:64309 - R:localhost/127.0.0.1:12502] for GET '/session/9f9099991cf54d73a17c069a381ef480/alert/text'
11:16:11.110 [AsyncHttpClient-1-5] DEBUG org.asynchttpclient.netty.handler.HttpHandler - 

Request DefaultFullHttpRequest(decodeResult: success, version: HTTP/1.1, content: EmptyByteBufBE)
GET /session/9f9099991cf54d73a17c069a381ef480/alert/text HTTP/1.1
User-Agent: selenium/4.7.1 (java windows)
Cache-Control: no-cache
Content-Type: application/json; charset=utf-8
host: localhost:12502
accept: */*

Response DefaultHttpResponse(decodeResult: success, version: HTTP/1.1)
HTTP/1.1 404 Not Found
Content-Type: application/json; charset=utf-8
cache-control: no-cache
content-length: 834

11:16:11.111 [AsyncHttpClient-1-5] DEBUG org.asynchttpclient.netty.channel.ChannelManager - Adding key: http://localhost:12502 for channel [id: 0x15369f23, L:/127.0.0.1:64309 - R:localhost/127.0.0.1:12502]
11:16:11.112 [Forwarding switchToWindow on session 9f9099991cf54d73a17c069a381ef480 to remote] DEBUG org.asynchttpclient.netty.request.NettyRequestSender - Using pooled Channel '[id: 0x15369f23, L:/127.0.0.1:64309 - R:localhost/127.0.0.1:12502]' for 'POST' to 'http://localhost:12502/session/9f9099991cf54d73a17c069a381ef480/window'
11:16:11.112 [Forwarding switchToWindow on session 9f9099991cf54d73a17c069a381ef480 to remote] DEBUG org.asynchttpclient.netty.request.NettyRequestSender - Using open Channel [id: 0x15369f23, L:/127.0.0.1:64309 - R:localhost/127.0.0.1:12502] for POST '/session/9f9099991cf54d73a17c069a381ef480/window'
11:16:11.114 [AsyncHttpClient-1-5] DEBUG org.asynchttpclient.netty.handler.HttpHandler - 

Request DefaultHttpRequest(decodeResult: success, version: HTTP/1.1)
POST /session/9f9099991cf54d73a17c069a381ef480/window HTTP/1.1
User-Agent: selenium/4.7.1 (java windows)
Content-Length: 59
Content-Type: application/json; charset=utf-8
host: localhost:12502
accept: */*

Response DefaultHttpResponse(decodeResult: success, version: HTTP/1.1)
HTTP/1.1 200 OK
Content-Type: application/json; charset=utf-8
cache-control: no-cache
content-length: 14

11:16:11.114 [AsyncHttpClient-1-5] DEBUG org.asynchttpclient.netty.channel.ChannelManager - Adding key: http://localhost:12502 for channel [id: 0x15369f23, L:/127.0.0.1:64309 - R:localhost/127.0.0.1:12502]
11:16:11.115 [Forwarding getCurrentUrl on session 9f9099991cf54d73a17c069a381ef480 to remote] DEBUG org.asynchttpclient.netty.request.NettyRequestSender - Using pooled Channel '[id: 0x15369f23, L:/127.0.0.1:64309 - R:localhost/127.0.0.1:12502]' for 'GET' to 'http://localhost:12502/session/9f9099991cf54d73a17c069a381ef480/url'
11:16:11.115 [Forwarding getCurrentUrl on session 9f9099991cf54d73a17c069a381ef480 to remote] DEBUG org.asynchttpclient.netty.request.NettyRequestSender - Using open Channel [id: 0x15369f23, L:/127.0.0.1:64309 - R:localhost/127.0.0.1:12502] for GET '/session/9f9099991cf54d73a17c069a381ef480/url'
11:16:11.118 [AsyncHttpClient-1-5] DEBUG org.asynchttpclient.netty.handler.HttpHandler - 

Request DefaultFullHttpRequest(decodeResult: success, version: HTTP/1.1, content: EmptyByteBufBE)
GET /session/9f9099991cf54d73a17c069a381ef480/url HTTP/1.1
User-Agent: selenium/4.7.1 (java windows)
Cache-Control: no-cache
Content-Type: application/json; charset=utf-8
host: localhost:12502
accept: */*

Response DefaultHttpResponse(decodeResult: success, version: HTTP/1.1)
HTTP/1.1 200 OK
Content-Type: application/json; charset=utf-8
cache-control: no-cache
content-length: 38

11:16:11.118 [AsyncHttpClient-1-5] DEBUG org.asynchttpclient.netty.channel.ChannelManager - Adding key: http://localhost:12502 for channel [id: 0x15369f23, L:/127.0.0.1:64309 - R:localhost/127.0.0.1:12502]
11:16:11.119 [Forwarding screenshot on session 9f9099991cf54d73a17c069a381ef480 to remote] DEBUG org.asynchttpclient.netty.request.NettyRequestSender - Using pooled Channel '[id: 0x15369f23, L:/127.0.0.1:64309 - R:localhost/127.0.0.1:12502]' for 'GET' to 'http://localhost:12502/session/9f9099991cf54d73a17c069a381ef480/screenshot'
11:16:11.119 [Forwarding screenshot on session 9f9099991cf54d73a17c069a381ef480 to remote] DEBUG org.asynchttpclient.netty.request.NettyRequestSender - Using open Channel [id: 0x15369f23, L:/127.0.0.1:64309 - R:localhost/127.0.0.1:12502] for GET '/session/9f9099991cf54d73a17c069a381ef480/screenshot'
11:16:11.281 [AsyncHttpClient-1-5] DEBUG org.asynchttpclient.netty.handler.HttpHandler - 

Request DefaultFullHttpRequest(decodeResult: success, version: HTTP/1.1, content: EmptyByteBufBE)
GET /session/9f9099991cf54d73a17c069a381ef480/screenshot HTTP/1.1
User-Agent: selenium/4.7.1 (java windows)
Cache-Control: no-cache
Content-Type: application/json; charset=utf-8
host: localhost:12502
accept: */*

Response DefaultHttpResponse(decodeResult: success, version: HTTP/1.1)
HTTP/1.1 200 OK
Content-Type: application/json; charset=utf-8
cache-control: no-cache
content-length: 80300

11:16:11.282 [AsyncHttpClient-1-5] DEBUG org.asynchttpclient.netty.channel.ChannelManager - Adding key: http://localhost:12502 for channel [id: 0x15369f23, L:/127.0.0.1:64309 - R:localhost/127.0.0.1:12502]
11:16:11.285 [main] DEBUG net.serenitybdd.core.photography.Darkroom - Send negative for processing for target\site\serenity\a406c996e58380dbbb30bef6decd692342da1582da1b8b7da93010f1e69cfec6.png
11:16:11.286 [Darkroom Processing Line] DEBUG net.serenitybdd.core.photography.DarkroomProcessingLine - Processing screenshot image in /var/screenshots/screenshot-9480805518731855804
11:16:11.286 [Darkroom Processing Line] DEBUG net.serenitybdd.core.photography.DarkroomProcessingLine - Saving screenshot to target\site\serenity\a406c996e58380dbbb30bef6decd692342da1582da1b8b7da93010f1e69cfec6.png
11:16:11.291 [Forwarding getPageSource on session 9f9099991cf54d73a17c069a381ef480 to remote] DEBUG org.asynchttpclient.netty.request.NettyRequestSender - Using pooled Channel '[id: 0x15369f23, L:/127.0.0.1:64309 - R:localhost/127.0.0.1:12502]' for 'POST' to 'http://localhost:12502/session/9f9099991cf54d73a17c069a381ef480/execute/sync'
11:16:11.291 [Forwarding getPageSource on session 9f9099991cf54d73a17c069a381ef480 to remote] DEBUG org.asynchttpclient.netty.request.NettyRequestSender - Using open Channel [id: 0x15369f23, L:/127.0.0.1:64309 - R:localhost/127.0.0.1:12502] for POST '/session/9f9099991cf54d73a17c069a381ef480/execute/sync'
11:16:11.294 [AsyncHttpClient-1-5] DEBUG org.asynchttpclient.netty.handler.HttpHandler - 

Request DefaultHttpRequest(decodeResult: success, version: HTTP/1.1)
POST /session/9f9099991cf54d73a17c069a381ef480/execute/sync HTTP/1.1
User-Agent: selenium/4.7.1 (java windows)
Content-Length: 176
Content-Type: application/json; charset=utf-8
host: localhost:12502
accept: */*

Response DefaultHttpResponse(decodeResult: success, version: HTTP/1.1)
HTTP/1.1 200 OK
Content-Type: application/json; charset=utf-8
cache-control: no-cache
content-length: 4187

11:16:11.295 [AsyncHttpClient-1-5] DEBUG org.asynchttpclient.netty.channel.ChannelManager - Adding key: http://localhost:12502 for channel [id: 0x15369f23, L:/127.0.0.1:64309 - R:localhost/127.0.0.1:12502]
11:16:11.298 [Forwarding getCurrentUrl on session 9f9099991cf54d73a17c069a381ef480 to remote] DEBUG org.asynchttpclient.netty.request.NettyRequestSender - Using pooled Channel '[id: 0x15369f23, L:/127.0.0.1:64309 - R:localhost/127.0.0.1:12502]' for 'GET' to 'http://localhost:12502/session/9f9099991cf54d73a17c069a381ef480/url'
11:16:11.298 [Forwarding getCurrentUrl on session 9f9099991cf54d73a17c069a381ef480 to remote] DEBUG org.asynchttpclient.netty.request.NettyRequestSender - Using open Channel [id: 0x15369f23, L:/127.0.0.1:64309 - R:localhost/127.0.0.1:12502] for GET '/session/9f9099991cf54d73a17c069a381ef480/url'
11:16:11.302 [AsyncHttpClient-1-5] DEBUG org.asynchttpclient.netty.handler.HttpHandler - 

Request DefaultFullHttpRequest(decodeResult: success, version: HTTP/1.1, content: EmptyByteBufBE)
GET /session/9f9099991cf54d73a17c069a381ef480/url HTTP/1.1
User-Agent: selenium/4.7.1 (java windows)
Cache-Control: no-cache
Content-Type: application/json; charset=utf-8
host: localhost:12502
accept: */*

Response DefaultHttpResponse(decodeResult: success, version: HTTP/1.1)
HTTP/1.1 200 OK
Content-Type: application/json; charset=utf-8
cache-control: no-cache
content-length: 38

11:16:11.302 [AsyncHttpClient-1-5] DEBUG org.asynchttpclient.netty.channel.ChannelManager - Adding key: http://localhost:12502 for channel [id: 0x15369f23, L:/127.0.0.1:64309 - R:localhost/127.0.0.1:12502]
11:16:11.306 [Forwarding findElement on session 9f9099991cf54d73a17c069a381ef480 to remote] DEBUG org.asynchttpclient.netty.request.NettyRequestSender - Using pooled Channel '[id: 0x15369f23, L:/127.0.0.1:64309 - R:localhost/127.0.0.1:12502]' for 'POST' to 'http://localhost:12502/session/9f9099991cf54d73a17c069a381ef480/element'
11:16:11.306 [Forwarding findElement on session 9f9099991cf54d73a17c069a381ef480 to remote] DEBUG org.asynchttpclient.netty.request.NettyRequestSender - Using open Channel [id: 0x15369f23, L:/127.0.0.1:64309 - R:localhost/127.0.0.1:12502] for POST '/session/9f9099991cf54d73a17c069a381ef480/element'
11:16:11.317 [AsyncHttpClient-1-5] DEBUG org.asynchttpclient.netty.handler.HttpHandler - 

Request DefaultHttpRequest(decodeResult: success, version: HTTP/1.1)
POST /session/9f9099991cf54d73a17c069a381ef480/element HTTP/1.1
User-Agent: selenium/4.7.1 (java windows)
Content-Length: 59
Content-Type: application/json; charset=utf-8
host: localhost:12502
accept: */*

Response DefaultHttpResponse(decodeResult: success, version: HTTP/1.1)
HTTP/1.1 200 OK
Content-Type: application/json; charset=utf-8
cache-control: no-cache
content-length: 88

11:16:11.317 [AsyncHttpClient-1-5] DEBUG org.asynchttpclient.netty.channel.ChannelManager - Adding key: http://localhost:12502 for channel [id: 0x15369f23, L:/127.0.0.1:64309 - R:localhost/127.0.0.1:12502]
11:16:11.319 [Forwarding clickElement on session 9f9099991cf54d73a17c069a381ef480 to remote] DEBUG org.asynchttpclient.netty.request.NettyRequestSender - Using pooled Channel '[id: 0x15369f23, L:/127.0.0.1:64309 - R:localhost/127.0.0.1:12502]' for 'POST' to 'http://localhost:12502/session/9f9099991cf54d73a17c069a381ef480/element/a0761191-b1d8-46dd-a314-0132b10f7102/click'
11:16:11.319 [Forwarding clickElement on session 9f9099991cf54d73a17c069a381ef480 to remote] DEBUG org.asynchttpclient.netty.request.NettyRequestSender - Using open Channel [id: 0x15369f23, L:/127.0.0.1:64309 - R:localhost/127.0.0.1:12502] for POST '/session/9f9099991cf54d73a17c069a381ef480/element/a0761191-b1d8-46dd-a314-0132b10f7102/click'
11:16:11.414 [AsyncHttpClient-1-5] DEBUG org.asynchttpclient.netty.handler.HttpHandler - 

Request DefaultHttpRequest(decodeResult: success, version: HTTP/1.1)
POST /session/9f9099991cf54d73a17c069a381ef480/element/a0761191-b1d8-46dd-a314-0132b10f7102/click HTTP/1.1
User-Agent: selenium/4.7.1 (java windows)
Content-Length: 50
Content-Type: application/json; charset=utf-8
host: localhost:12502
accept: */*

Response DefaultHttpResponse(decodeResult: success, version: HTTP/1.1)
HTTP/1.1 200 OK
Content-Type: application/json; charset=utf-8
cache-control: no-cache
content-length: 14

11:16:11.414 [AsyncHttpClient-1-5] DEBUG org.asynchttpclient.netty.channel.ChannelManager - Adding key: http://localhost:12502 for channel [id: 0x15369f23, L:/127.0.0.1:64309 - R:localhost/127.0.0.1:12502]
  &amp#27;[32mThen &amp#27;[0m&amp#27;[32mI click on Login&amp#27;[0m                                            &amp#27;[90m# Class6BDD.steps.LoginSteps.IClickLoginButton()&amp#27;[0m
11:16:11.421 [Forwarding getCurrentWindowHandle on session 9f9099991cf54d73a17c069a381ef480 to remote] DEBUG org.asynchttpclient.netty.request.NettyRequestSender - Using pooled Channel '[id: 0x15369f23, L:/127.0.0.1:64309 - R:localhost/127.0.0.1:12502]' for 'GET' to 'http://localhost:12502/session/9f9099991cf54d73a17c069a381ef480/window'
11:16:11.421 [Forwarding getCurrentWindowHandle on session 9f9099991cf54d73a17c069a381ef480 to remote] DEBUG org.asynchttpclient.netty.request.NettyRequestSender - Using open Channel [id: 0x15369f23, L:/127.0.0.1:64309 - R:localhost/127.0.0.1:12502] for GET '/session/9f9099991cf54d73a17c069a381ef480/window'
11:16:11.422 [AsyncHttpClient-1-5] DEBUG org.asynchttpclient.netty.handler.HttpHandler - 

Request DefaultFullHttpRequest(decodeResult: success, version: HTTP/1.1, content: EmptyByteBufBE)
GET /session/9f9099991cf54d73a17c069a381ef480/window HTTP/1.1
User-Agent: selenium/4.7.1 (java windows)
Cache-Control: no-cache
Content-Type: application/json; charset=utf-8
host: localhost:12502
accept: */*

Response DefaultHttpResponse(decodeResult: success, version: HTTP/1.1)
HTTP/1.1 200 OK
Content-Type: application/json; charset=utf-8
cache-control: no-cache
content-length: 53

11:16:11.423 [AsyncHttpClient-1-5] DEBUG org.asynchttpclient.netty.channel.ChannelManager - Adding key: http://localhost:12502 for channel [id: 0x15369f23, L:/127.0.0.1:64309 - R:localhost/127.0.0.1:12502]
11:16:11.424 [Forwarding getAlertText on session 9f9099991cf54d73a17c069a381ef480 to remote] DEBUG org.asynchttpclient.netty.request.NettyRequestSender - Using pooled Channel '[id: 0x15369f23, L:/127.0.0.1:64309 - R:localhost/127.0.0.1:12502]' for 'GET' to 'http://localhost:12502/session/9f9099991cf54d73a17c069a381ef480/alert/text'
11:16:11.424 [Forwarding getAlertText on session 9f9099991cf54d73a17c069a381ef480 to remote] DEBUG org.asynchttpclient.netty.request.NettyRequestSender - Using open Channel [id: 0x15369f23, L:/127.0.0.1:64309 - R:localhost/127.0.0.1:12502] for GET '/session/9f9099991cf54d73a17c069a381ef480/alert/text'
11:16:11.426 [AsyncHttpClient-1-5] DEBUG org.asynchttpclient.netty.handler.HttpHandler - 

Request DefaultFullHttpRequest(decodeResult: success, version: HTTP/1.1, content: EmptyByteBufBE)
GET /session/9f9099991cf54d73a17c069a381ef480/alert/text HTTP/1.1
User-Agent: selenium/4.7.1 (java windows)
Cache-Control: no-cache
Content-Type: application/json; charset=utf-8
host: localhost:12502
accept: */*

Response DefaultHttpResponse(decodeResult: success, version: HTTP/1.1)
HTTP/1.1 404 Not Found
Content-Type: application/json; charset=utf-8
cache-control: no-cache
content-length: 834

11:16:11.426 [AsyncHttpClient-1-5] DEBUG org.asynchttpclient.netty.channel.ChannelManager - Adding key: http://localhost:12502 for channel [id: 0x15369f23, L:/127.0.0.1:64309 - R:localhost/127.0.0.1:12502]
11:16:11.429 [Forwarding switchToWindow on session 9f9099991cf54d73a17c069a381ef480 to remote] DEBUG org.asynchttpclient.netty.request.NettyRequestSender - Using pooled Channel '[id: 0x15369f23, L:/127.0.0.1:64309 - R:localhost/127.0.0.1:12502]' for 'POST' to 'http://localhost:12502/session/9f9099991cf54d73a17c069a381ef480/window'
11:16:11.429 [Forwarding switchToWindow on session 9f9099991cf54d73a17c069a381ef480 to remote] DEBUG org.asynchttpclient.netty.request.NettyRequestSender - Using open Channel [id: 0x15369f23, L:/127.0.0.1:64309 - R:localhost/127.0.0.1:12502] for POST '/session/9f9099991cf54d73a17c069a381ef480/window'
11:16:11.432 [AsyncHttpClient-1-5] DEBUG org.asynchttpclient.netty.handler.HttpHandler - 

Request DefaultHttpRequest(decodeResult: success, version: HTTP/1.1)
POST /session/9f9099991cf54d73a17c069a381ef480/window HTTP/1.1
User-Agent: selenium/4.7.1 (java windows)
Content-Length: 59
Content-Type: application/json; charset=utf-8
host: localhost:12502
accept: */*

Response DefaultHttpResponse(decodeResult: success, version: HTTP/1.1)
HTTP/1.1 200 OK
Content-Type: application/json; charset=utf-8
cache-control: no-cache
content-length: 14

11:16:11.432 [AsyncHttpClient-1-5] DEBUG org.asynchttpclient.netty.channel.ChannelManager - Adding key: http://localhost:12502 for channel [id: 0x15369f23, L:/127.0.0.1:64309 - R:localhost/127.0.0.1:12502]
11:16:11.433 [Forwarding getCurrentUrl on session 9f9099991cf54d73a17c069a381ef480 to remote] DEBUG org.asynchttpclient.netty.request.NettyRequestSender - Using pooled Channel '[id: 0x15369f23, L:/127.0.0.1:64309 - R:localhost/127.0.0.1:12502]' for 'GET' to 'http://localhost:12502/session/9f9099991cf54d73a17c069a381ef480/url'
11:16:11.433 [Forwarding getCurrentUrl on session 9f9099991cf54d73a17c069a381ef480 to remote] DEBUG org.asynchttpclient.netty.request.NettyRequestSender - Using open Channel [id: 0x15369f23, L:/127.0.0.1:64309 - R:localhost/127.0.0.1:12502] for GET '/session/9f9099991cf54d73a17c069a381ef480/url'
11:16:11.439 [AsyncHttpClient-1-5] DEBUG org.asynchttpclient.netty.handler.HttpHandler - 

Request DefaultFullHttpRequest(decodeResult: success, version: HTTP/1.1, content: EmptyByteBufBE)
GET /session/9f9099991cf54d73a17c069a381ef480/url HTTP/1.1
User-Agent: selenium/4.7.1 (java windows)
Cache-Control: no-cache
Content-Type: application/json; charset=utf-8
host: localhost:12502
accept: */*

Response DefaultHttpResponse(decodeResult: success, version: HTTP/1.1)
HTTP/1.1 200 OK
Content-Type: application/json; charset=utf-8
cache-control: no-cache
content-length: 38

11:16:11.440 [AsyncHttpClient-1-5] DEBUG org.asynchttpclient.netty.channel.ChannelManager - Adding key: http://localhost:12502 for channel [id: 0x15369f23, L:/127.0.0.1:64309 - R:localhost/127.0.0.1:12502]
11:16:11.441 [Forwarding screenshot on session 9f9099991cf54d73a17c069a381ef480 to remote] DEBUG org.asynchttpclient.netty.request.NettyRequestSender - Using pooled Channel '[id: 0x15369f23, L:/127.0.0.1:64309 - R:localhost/127.0.0.1:12502]' for 'GET' to 'http://localhost:12502/session/9f9099991cf54d73a17c069a381ef480/screenshot'
11:16:11.441 [Forwarding screenshot on session 9f9099991cf54d73a17c069a381ef480 to remote] DEBUG org.asynchttpclient.netty.request.NettyRequestSender - Using open Channel [id: 0x15369f23, L:/127.0.0.1:64309 - R:localhost/127.0.0.1:12502] for GET '/session/9f9099991cf54d73a17c069a381ef480/screenshot'
11:16:11.636 [AsyncHttpClient-1-5] DEBUG org.asynchttpclient.netty.handler.HttpHandler - 

Request DefaultFullHttpRequest(decodeResult: success, version: HTTP/1.1, content: EmptyByteBufBE)
GET /session/9f9099991cf54d73a17c069a381ef480/screenshot HTTP/1.1
User-Agent: selenium/4.7.1 (java windows)
Cache-Control: no-cache
Content-Type: application/json; charset=utf-8
host: localhost:12502
accept: */*

Response DefaultHttpResponse(decodeResult: success, version: HTTP/1.1)
HTTP/1.1 200 OK
Content-Type: application/json; charset=utf-8
cache-control: no-cache
content-length: 88704

11:16:11.637 [AsyncHttpClient-1-5] DEBUG org.asynchttpclient.netty.channel.ChannelManager - Adding key: http://localhost:12502 for channel [id: 0x15369f23, L:/127.0.0.1:64309 - R:localhost/127.0.0.1:12502]
11:16:11.641 [main] DEBUG net.serenitybdd.core.photography.Darkroom - Send negative for processing for target\site\serenity\eadb56efb0d93fabfe0af4ccbc32b398622a37e55e9aae59394ac614df292cff.png
11:16:11.641 [Darkroom Processing Line] DEBUG net.serenitybdd.core.photography.DarkroomProcessingLine - Processing screenshot image in /var/screenshots/screenshot-11355915159878013305
11:16:11.641 [Darkroom Processing Line] DEBUG net.serenitybdd.core.photography.DarkroomProcessingLine - Saving screenshot to target\site\serenity\eadb56efb0d93fabfe0af4ccbc32b398622a37e55e9aae59394ac614df292cff.png
11:16:11.649 [Forwarding getPageSource on session 9f9099991cf54d73a17c069a381ef480 to remote] DEBUG org.asynchttpclient.netty.request.NettyRequestSender - Using pooled Channel '[id: 0x15369f23, L:/127.0.0.1:64309 - R:localhost/127.0.0.1:12502]' for 'POST' to 'http://localhost:12502/session/9f9099991cf54d73a17c069a381ef480/execute/sync'
11:16:11.650 [Forwarding getPageSource on session 9f9099991cf54d73a17c069a381ef480 to remote] DEBUG org.asynchttpclient.netty.request.NettyRequestSender - Using open Channel [id: 0x15369f23, L:/127.0.0.1:64309 - R:localhost/127.0.0.1:12502] for POST '/session/9f9099991cf54d73a17c069a381ef480/execute/sync'
11:16:11.655 [AsyncHttpClient-1-5] DEBUG org.asynchttpclient.netty.handler.HttpHandler - 

Request DefaultHttpRequest(decodeResult: success, version: HTTP/1.1)
POST /session/9f9099991cf54d73a17c069a381ef480/execute/sync HTTP/1.1
User-Agent: selenium/4.7.1 (java windows)
Content-Length: 176
Content-Type: application/json; charset=utf-8
host: localhost:12502
accept: */*

Response DefaultHttpResponse(decodeResult: success, version: HTTP/1.1)
HTTP/1.1 200 OK
Content-Type: application/json; charset=utf-8
cache-control: no-cache
content-length: 14674

11:16:11.655 [AsyncHttpClient-1-5] DEBUG org.asynchttpclient.netty.channel.ChannelManager - Adding key: http://localhost:12502 for channel [id: 0x15369f23, L:/127.0.0.1:64309 - R:localhost/127.0.0.1:12502]
11:16:11.661 [Forwarding getCurrentUrl on session 9f9099991cf54d73a17c069a381ef480 to remote] DEBUG org.asynchttpclient.netty.request.NettyRequestSender - Using pooled Channel '[id: 0x15369f23, L:/127.0.0.1:64309 - R:localhost/127.0.0.1:12502]' for 'GET' to 'http://localhost:12502/session/9f9099991cf54d73a17c069a381ef480/url'
11:16:11.661 [Forwarding getCurrentUrl on session 9f9099991cf54d73a17c069a381ef480 to remote] DEBUG org.asynchttpclient.netty.request.NettyRequestSender - Using open Channel [id: 0x15369f23, L:/127.0.0.1:64309 - R:localhost/127.0.0.1:12502] for GET '/session/9f9099991cf54d73a17c069a381ef480/url'
11:16:11.665 [AsyncHttpClient-1-5] DEBUG org.asynchttpclient.netty.handler.HttpHandler - 

Request DefaultFullHttpRequest(decodeResult: success, version: HTTP/1.1, content: EmptyByteBufBE)
GET /session/9f9099991cf54d73a17c069a381ef480/url HTTP/1.1
User-Agent: selenium/4.7.1 (java windows)
Cache-Control: no-cache
Content-Type: application/json; charset=utf-8
host: localhost:12502
accept: */*

Response DefaultHttpResponse(decodeResult: success, version: HTTP/1.1)
HTTP/1.1 200 OK
Content-Type: application/json; charset=utf-8
cache-control: no-cache
content-length: 38

11:16:11.665 [AsyncHttpClient-1-5] DEBUG org.asynchttpclient.netty.channel.ChannelManager - Adding key: http://localhost:12502 for channel [id: 0x15369f23, L:/127.0.0.1:64309 - R:localhost/127.0.0.1:12502]
11:16:11.672 [Forwarding findElement on session 9f9099991cf54d73a17c069a381ef480 to remote] DEBUG org.asynchttpclient.netty.request.NettyRequestSender - Using pooled Channel '[id: 0x15369f23, L:/127.0.0.1:64309 - R:localhost/127.0.0.1:12502]' for 'POST' to 'http://localhost:12502/session/9f9099991cf54d73a17c069a381ef480/element'
11:16:11.672 [Forwarding findElement on session 9f9099991cf54d73a17c069a381ef480 to remote] DEBUG org.asynchttpclient.netty.request.NettyRequestSender - Using open Channel [id: 0x15369f23, L:/127.0.0.1:64309 - R:localhost/127.0.0.1:12502] for POST '/session/9f9099991cf54d73a17c069a381ef480/element'
11:16:11.686 [AsyncHttpClient-1-5] DEBUG org.asynchttpclient.netty.handler.HttpHandler - 

Request DefaultHttpRequest(decodeResult: success, version: HTTP/1.1)
POST /session/9f9099991cf54d73a17c069a381ef480/element HTTP/1.1
User-Agent: selenium/4.7.1 (java windows)
Content-Length: 121
Content-Type: application/json; charset=utf-8
host: localhost:12502
accept: */*

Response DefaultHttpResponse(decodeResult: success, version: HTTP/1.1)
HTTP/1.1 200 OK
Content-Type: application/json; charset=utf-8
cache-control: no-cache
content-length: 88

11:16:11.686 [AsyncHttpClient-1-5] DEBUG org.asynchttpclient.netty.channel.ChannelManager - Adding key: http://localhost:12502 for channel [id: 0x15369f23, L:/127.0.0.1:64309 - R:localhost/127.0.0.1:12502]
11:16:11.687 [Forwarding getElementText on session 9f9099991cf54d73a17c069a381ef480 to remote] DEBUG org.asynchttpclient.netty.request.NettyRequestSender - Using pooled Channel '[id: 0x15369f23, L:/127.0.0.1:64309 - R:localhost/127.0.0.1:12502]' for 'GET' to 'http://localhost:12502/session/9f9099991cf54d73a17c069a381ef480/element/a334b145-88b3-48b3-b535-e10378a79457/text'
11:16:11.687 [Forwarding getElementText on session 9f9099991cf54d73a17c069a381ef480 to remote] DEBUG org.asynchttpclient.netty.request.NettyRequestSender - Using open Channel [id: 0x15369f23, L:/127.0.0.1:64309 - R:localhost/127.0.0.1:12502] for GET '/session/9f9099991cf54d73a17c069a381ef480/element/a334b145-88b3-48b3-b535-e10378a79457/text'
11:16:11.705 [AsyncHttpClient-1-5] DEBUG org.asynchttpclient.netty.handler.HttpHandler - 

Request DefaultFullHttpRequest(decodeResult: success, version: HTTP/1.1, content: EmptyByteBufBE)
GET /session/9f9099991cf54d73a17c069a381ef480/element/a334b145-88b3-48b3-b535-e10378a79457/text HTTP/1.1
User-Agent: selenium/4.7.1 (java windows)
Cache-Control: no-cache
Content-Type: application/json; charset=utf-8
host: localhost:12502
accept: */*

Response DefaultHttpResponse(decodeResult: success, version: HTTP/1.1)
HTTP/1.1 200 OK
Content-Type: application/json; charset=utf-8
cache-control: no-cache
content-length: 63

11:16:11.705 [AsyncHttpClient-1-5] DEBUG org.asynchttpclient.netty.channel.ChannelManager - Adding key: http://localhost:12502 for channel [id: 0x15369f23, L:/127.0.0.1:64309 - R:localhost/127.0.0.1:12502]
  &amp#27;[32mThen &amp#27;[0m&amp#27;[32mI verify error text&amp#27;[0m                                         &amp#27;[90m# Class6BDD.steps.LoginSteps.IVerifyErrorMessage()&amp#27;[0m
11:16:11.715 [Forwarding getCurrentWindowHandle on session 9f9099991cf54d73a17c069a381ef480 to remote] DEBUG org.asynchttpclient.netty.request.NettyRequestSender - Using pooled Channel '[id: 0x15369f23, L:/127.0.0.1:64309 - R:localhost/127.0.0.1:12502]' for 'GET' to 'http://localhost:12502/session/9f9099991cf54d73a17c069a381ef480/window'
11:16:11.715 [Forwarding getCurrentWindowHandle on session 9f9099991cf54d73a17c069a381ef480 to remote] DEBUG org.asynchttpclient.netty.request.NettyRequestSender - Using open Channel [id: 0x15369f23, L:/127.0.0.1:64309 - R:localhost/127.0.0.1:12502] for GET '/session/9f9099991cf54d73a17c069a381ef480/window'
11:16:11.716 [AsyncHttpClient-1-5] DEBUG org.asynchttpclient.netty.handler.HttpHandler - 

Request DefaultFullHttpRequest(decodeResult: success, version: HTTP/1.1, content: EmptyByteBufBE)
GET /session/9f9099991cf54d73a17c069a381ef480/window HTTP/1.1
User-Agent: selenium/4.7.1 (java windows)
Cache-Control: no-cache
Content-Type: application/json; charset=utf-8
host: localhost:12502
accept: */*

Response DefaultHttpResponse(decodeResult: success, version: HTTP/1.1)
HTTP/1.1 200 OK
Content-Type: application/json; charset=utf-8
cache-control: no-cache
content-length: 53

11:16:11.716 [AsyncHttpClient-1-5] DEBUG org.asynchttpclient.netty.channel.ChannelManager - Adding key: http://localhost:12502 for channel [id: 0x15369f23, L:/127.0.0.1:64309 - R:localhost/127.0.0.1:12502]
11:16:11.718 [Forwarding getAlertText on session 9f9099991cf54d73a17c069a381ef480 to remote] DEBUG org.asynchttpclient.netty.request.NettyRequestSender - Using pooled Channel '[id: 0x15369f23, L:/127.0.0.1:64309 - R:localhost/127.0.0.1:12502]' for 'GET' to 'http://localhost:12502/session/9f9099991cf54d73a17c069a381ef480/alert/text'
11:16:11.719 [Forwarding getAlertText on session 9f9099991cf54d73a17c069a381ef480 to remote] DEBUG org.asynchttpclient.netty.request.NettyRequestSender - Using open Channel [id: 0x15369f23, L:/127.0.0.1:64309 - R:localhost/127.0.0.1:12502] for GET '/session/9f9099991cf54d73a17c069a381ef480/alert/text'
11:16:11.721 [AsyncHttpClient-1-5] DEBUG org.asynchttpclient.netty.handler.HttpHandler - 

Request DefaultFullHttpRequest(decodeResult: success, version: HTTP/1.1, content: EmptyByteBufBE)
GET /session/9f9099991cf54d73a17c069a381ef480/alert/text HTTP/1.1
User-Agent: selenium/4.7.1 (java windows)
Cache-Control: no-cache
Content-Type: application/json; charset=utf-8
host: localhost:12502
accept: */*

Response DefaultHttpResponse(decodeResult: success, version: HTTP/1.1)
HTTP/1.1 404 Not Found
Content-Type: application/json; charset=utf-8
cache-control: no-cache
content-length: 834

11:16:11.721 [AsyncHttpClient-1-5] DEBUG org.asynchttpclient.netty.channel.ChannelManager - Adding key: http://localhost:12502 for channel [id: 0x15369f23, L:/127.0.0.1:64309 - R:localhost/127.0.0.1:12502]
11:16:11.725 [Forwarding switchToWindow on session 9f9099991cf54d73a17c069a381ef480 to remote] DEBUG org.asynchttpclient.netty.request.NettyRequestSender - Using pooled Channel '[id: 0x15369f23, L:/127.0.0.1:64309 - R:localhost/127.0.0.1:12502]' for 'POST' to 'http://localhost:12502/session/9f9099991cf54d73a17c069a381ef480/window'
11:16:11.725 [Forwarding switchToWindow on session 9f9099991cf54d73a17c069a381ef480 to remote] DEBUG org.asynchttpclient.netty.request.NettyRequestSender - Using open Channel [id: 0x15369f23, L:/127.0.0.1:64309 - R:localhost/127.0.0.1:12502] for POST '/session/9f9099991cf54d73a17c069a381ef480/window'
11:16:11.732 [AsyncHttpClient-1-5] DEBUG org.asynchttpclient.netty.handler.HttpHandler - 

Request DefaultHttpRequest(decodeResult: success, version: HTTP/1.1)
POST /session/9f9099991cf54d73a17c069a381ef480/window HTTP/1.1
User-Agent: selenium/4.7.1 (java windows)
Content-Length: 59
Content-Type: application/json; charset=utf-8
host: localhost:12502
accept: */*

Response DefaultHttpResponse(decodeResult: success, version: HTTP/1.1)
HTTP/1.1 200 OK
Content-Type: application/json; charset=utf-8
cache-control: no-cache
content-length: 14

11:16:11.732 [AsyncHttpClient-1-5] DEBUG org.asynchttpclient.netty.channel.ChannelManager - Adding key: http://localhost:12502 for channel [id: 0x15369f23, L:/127.0.0.1:64309 - R:localhost/127.0.0.1:12502]
11:16:11.734 [Forwarding getCurrentUrl on session 9f9099991cf54d73a17c069a381ef480 to remote] DEBUG org.asynchttpclient.netty.request.NettyRequestSender - Using pooled Channel '[id: 0x15369f23, L:/127.0.0.1:64309 - R:localhost/127.0.0.1:12502]' for 'GET' to 'http://localhost:12502/session/9f9099991cf54d73a17c069a381ef480/url'
11:16:11.734 [Forwarding getCurrentUrl on session 9f9099991cf54d73a17c069a381ef480 to remote] DEBUG org.asynchttpclient.netty.request.NettyRequestSender - Using open Channel [id: 0x15369f23, L:/127.0.0.1:64309 - R:localhost/127.0.0.1:12502] for GET '/session/9f9099991cf54d73a17c069a381ef480/url'
11:16:11.737 [AsyncHttpClient-1-5] DEBUG org.asynchttpclient.netty.handler.HttpHandler - 

Request DefaultFullHttpRequest(decodeResult: success, version: HTTP/1.1, content: EmptyByteBufBE)
GET /session/9f9099991cf54d73a17c069a381ef480/url HTTP/1.1
User-Agent: selenium/4.7.1 (java windows)
Cache-Control: no-cache
Content-Type: application/json; charset=utf-8
host: localhost:12502
accept: */*

Response DefaultHttpResponse(decodeResult: success, version: HTTP/1.1)
HTTP/1.1 200 OK
Content-Type: application/json; charset=utf-8
cache-control: no-cache
content-length: 38

11:16:11.737 [AsyncHttpClient-1-5] DEBUG org.asynchttpclient.netty.channel.ChannelManager - Adding key: http://localhost:12502 for channel [id: 0x15369f23, L:/127.0.0.1:64309 - R:localhost/127.0.0.1:12502]
11:16:11.739 [Forwarding screenshot on session 9f9099991cf54d73a17c069a381ef480 to remote] DEBUG org.asynchttpclient.netty.request.NettyRequestSender - Using pooled Channel '[id: 0x15369f23, L:/127.0.0.1:64309 - R:localhost/127.0.0.1:12502]' for 'GET' to 'http://localhost:12502/session/9f9099991cf54d73a17c069a381ef480/screenshot'
11:16:11.739 [Forwarding screenshot on session 9f9099991cf54d73a17c069a381ef480 to remote] DEBUG org.asynchttpclient.netty.request.NettyRequestSender - Using open Channel [id: 0x15369f23, L:/127.0.0.1:64309 - R:localhost/127.0.0.1:12502] for GET '/session/9f9099991cf54d73a17c069a381ef480/screenshot'
11:16:11.936 [AsyncHttpClient-1-5] DEBUG org.asynchttpclient.netty.handler.HttpHandler - 

Request DefaultFullHttpRequest(decodeResult: success, version: HTTP/1.1, content: EmptyByteBufBE)
GET /session/9f9099991cf54d73a17c069a381ef480/screenshot HTTP/1.1
User-Agent: selenium/4.7.1 (java windows)
Cache-Control: no-cache
Content-Type: application/json; charset=utf-8
host: localhost:12502
accept: */*

Response DefaultHttpResponse(decodeResult: success, version: HTTP/1.1)
HTTP/1.1 200 OK
Content-Type: application/json; charset=utf-8
cache-control: no-cache
content-length: 88704

11:16:11.937 [AsyncHttpClient-1-5] DEBUG org.asynchttpclient.netty.channel.ChannelManager - Adding key: http://localhost:12502 for channel [id: 0x15369f23, L:/127.0.0.1:64309 - R:localhost/127.0.0.1:12502]
11:16:11.940 [main] DEBUG net.serenitybdd.core.photography.Darkroom - Send negative for processing for target\site\serenity\eadb56efb0d93fabfe0af4ccbc32b398622a37e55e9aae59394ac614df292cff.png
11:16:11.947 [Forwarding getPageSource on session 9f9099991cf54d73a17c069a381ef480 to remote] DEBUG org.asynchttpclient.netty.request.NettyRequestSender - Using pooled Channel '[id: 0x15369f23, L:/127.0.0.1:64309 - R:localhost/127.0.0.1:12502]' for 'POST' to 'http://localhost:12502/session/9f9099991cf54d73a17c069a381ef480/execute/sync'
11:16:11.947 [Forwarding getPageSource on session 9f9099991cf54d73a17c069a381ef480 to remote] DEBUG org.asynchttpclient.netty.request.NettyRequestSender - Using open Channel [id: 0x15369f23, L:/127.0.0.1:64309 - R:localhost/127.0.0.1:12502] for POST '/session/9f9099991cf54d73a17c069a381ef480/execute/sync'
11:16:11.950 [AsyncHttpClient-1-5] DEBUG org.asynchttpclient.netty.handler.HttpHandler - 

Request DefaultHttpRequest(decodeResult: success, version: HTTP/1.1)
POST /session/9f9099991cf54d73a17c069a381ef480/execute/sync HTTP/1.1
User-Agent: selenium/4.7.1 (java windows)
Content-Length: 176
Content-Type: application/json; charset=utf-8
host: localhost:12502
accept: */*

Response DefaultHttpResponse(decodeResult: success, version: HTTP/1.1)
HTTP/1.1 200 OK
Content-Type: application/json; charset=utf-8
cache-control: no-cache
content-length: 14674

11:16:11.951 [AsyncHttpClient-1-5] DEBUG org.asynchttpclient.netty.channel.ChannelManager - Adding key: http://localhost:12502 for channel [id: 0x15369f23, L:/127.0.0.1:64309 - R:localhost/127.0.0.1:12502]
11:16:11.956 [Forwarding getCurrentUrl on session 9f9099991cf54d73a17c069a381ef480 to remote] DEBUG org.asynchttpclient.netty.request.NettyRequestSender - Using pooled Channel '[id: 0x15369f23, L:/127.0.0.1:64309 - R:localhost/127.0.0.1:12502]' for 'GET' to 'http://localhost:12502/session/9f9099991cf54d73a17c069a381ef480/url'
11:16:11.956 [Forwarding getCurrentUrl on session 9f9099991cf54d73a17c069a381ef480 to remote] DEBUG org.asynchttpclient.netty.request.NettyRequestSender - Using open Channel [id: 0x15369f23, L:/127.0.0.1:64309 - R:localhost/127.0.0.1:12502] for GET '/session/9f9099991cf54d73a17c069a381ef480/url'
11:16:11.959 [AsyncHttpClient-1-5] DEBUG org.asynchttpclient.netty.handler.HttpHandler - 

Request DefaultFullHttpRequest(decodeResult: success, version: HTTP/1.1, content: EmptyByteBufBE)
GET /session/9f9099991cf54d73a17c069a381ef480/url HTTP/1.1
User-Agent: selenium/4.7.1 (java windows)
Cache-Control: no-cache
Content-Type: application/json; charset=utf-8
host: localhost:12502
accept: */*

Response DefaultHttpResponse(decodeResult: success, version: HTTP/1.1)
HTTP/1.1 200 OK
Content-Type: application/json; charset=utf-8
cache-control: no-cache
content-length: 38

11:16:11.959 [AsyncHttpClient-1-5] DEBUG org.asynchttpclient.netty.channel.ChannelManager - Adding key: http://localhost:12502 for channel [id: 0x15369f23, L:/127.0.0.1:64309 - R:localhost/127.0.0.1:12502]
11:16:12.177 [AsyncHttpClient-1-1] DEBUG org.asynchttpclient.netty.channel.DefaultChannelPool - Entry count for : http://localhost:12502 : 1
11:16:12.177 [AsyncHttpClient-1-1] DEBUG org.asynchttpclient.netty.channel.DefaultChannelPool - Entry count for : http://localhost:64310 : 1
11:16:13.292 [AsyncHttpClient-1-1] DEBUG org.asynchttpclient.netty.channel.DefaultChannelPool - Entry count for : http://localhost:12502 : 1
11:16:13.292 [AsyncHttpClient-1-1] DEBUG org.asynchttpclient.netty.channel.DefaultChannelPool - Entry count for : http://localhost:64310 : 1
11:16:14.379 [AsyncHttpClient-1-1] DEBUG org.asynchttpclient.netty.channel.DefaultChannelPool - Entry count for : http://localhost:12502 : 1
11:16:14.379 [AsyncHttpClient-1-1] DEBUG org.asynchttpclient.netty.channel.DefaultChannelPool - Entry count for : http://localhost:64310 : 1
11:16:15.486 [AsyncHttpClient-1-1] DEBUG org.asynchttpclient.netty.channel.DefaultChannelPool - Entry count for : http://localhost:12502 : 1
11:16:15.486 [AsyncHttpClient-1-1] DEBUG org.asynchttpclient.netty.channel.DefaultChannelPool - Entry count for : http://localhost:64310 : 1
11:16:16.585 [AsyncHttpClient-1-1] DEBUG org.asynchttpclient.netty.channel.DefaultChannelPool - Entry count for : http://localhost:12502 : 1
11:16:16.585 [AsyncHttpClient-1-1] DEBUG org.asynchttpclient.netty.channel.DefaultChannelPool - Entry count for : http://localhost:64310 : 1
  &amp#27;[32mThen &amp#27;[0m&amp#27;[32mJust wait &amp#27;[0m&amp#27;[32m&amp#27;[1m5000&amp#27;[0m                                              &amp#27;[90m# Class6BDD.steps.CommonSteps.justWait(int)&amp#27;[0m
11:16:16.988 [Forwarding getCurrentWindowHandle on session 9f9099991cf54d73a17c069a381ef480 to remote] DEBUG org.asynchttpclient.netty.request.NettyRequestSender - Using pooled Channel '[id: 0x15369f23, L:/127.0.0.1:64309 - R:localhost/127.0.0.1:12502]' for 'GET' to 'http://localhost:12502/session/9f9099991cf54d73a17c069a381ef480/window'
11:16:16.989 [Forwarding getCurrentWindowHandle on session 9f9099991cf54d73a17c069a381ef480 to remote] DEBUG org.asynchttpclient.netty.request.NettyRequestSender - Using open Channel [id: 0x15369f23, L:/127.0.0.1:64309 - R:localhost/127.0.0.1:12502] for GET '/session/9f9099991cf54d73a17c069a381ef480/window'
11:16:16.990 [AsyncHttpClient-1-5] DEBUG org.asynchttpclient.netty.handler.HttpHandler - 

Request DefaultFullHttpRequest(decodeResult: success, version: HTTP/1.1, content: EmptyByteBufBE)
GET /session/9f9099991cf54d73a17c069a381ef480/window HTTP/1.1
User-Agent: selenium/4.7.1 (java windows)
Cache-Control: no-cache
Content-Type: application/json; charset=utf-8
host: localhost:12502
accept: */*

Response DefaultHttpResponse(decodeResult: success, version: HTTP/1.1)
HTTP/1.1 200 OK
Content-Type: application/json; charset=utf-8
cache-control: no-cache
content-length: 53

11:16:16.990 [AsyncHttpClient-1-5] DEBUG org.asynchttpclient.netty.channel.ChannelManager - Adding key: http://localhost:12502 for channel [id: 0x15369f23, L:/127.0.0.1:64309 - R:localhost/127.0.0.1:12502]
11:16:16.991 [Forwarding getAlertText on session 9f9099991cf54d73a17c069a381ef480 to remote] DEBUG org.asynchttpclient.netty.request.NettyRequestSender - Using pooled Channel '[id: 0x15369f23, L:/127.0.0.1:64309 - R:localhost/127.0.0.1:12502]' for 'GET' to 'http://localhost:12502/session/9f9099991cf54d73a17c069a381ef480/alert/text'
11:16:16.991 [Forwarding getAlertText on session 9f9099991cf54d73a17c069a381ef480 to remote] DEBUG org.asynchttpclient.netty.request.NettyRequestSender - Using open Channel [id: 0x15369f23, L:/127.0.0.1:64309 - R:localhost/127.0.0.1:12502] for GET '/session/9f9099991cf54d73a17c069a381ef480/alert/text'
11:16:16.993 [AsyncHttpClient-1-5] DEBUG org.asynchttpclient.netty.handler.HttpHandler - 

Request DefaultFullHttpRequest(decodeResult: success, version: HTTP/1.1, content: EmptyByteBufBE)
GET /session/9f9099991cf54d73a17c069a381ef480/alert/text HTTP/1.1
User-Agent: selenium/4.7.1 (java windows)
Cache-Control: no-cache
Content-Type: application/json; charset=utf-8
host: localhost:12502
accept: */*

Response DefaultHttpResponse(decodeResult: success, version: HTTP/1.1)
HTTP/1.1 404 Not Found
Content-Type: application/json; charset=utf-8
cache-control: no-cache
content-length: 834

11:16:16.993 [AsyncHttpClient-1-5] DEBUG org.asynchttpclient.netty.channel.ChannelManager - Adding key: http://localhost:12502 for channel [id: 0x15369f23, L:/127.0.0.1:64309 - R:localhost/127.0.0.1:12502]
11:16:16.997 [Forwarding switchToWindow on session 9f9099991cf54d73a17c069a381ef480 to remote] DEBUG org.asynchttpclient.netty.request.NettyRequestSender - Using pooled Channel '[id: 0x15369f23, L:/127.0.0.1:64309 - R:localhost/127.0.0.1:12502]' for 'POST' to 'http://localhost:12502/session/9f9099991cf54d73a17c069a381ef480/window'
11:16:16.997 [Forwarding switchToWindow on session 9f9099991cf54d73a17c069a381ef480 to remote] DEBUG org.asynchttpclient.netty.request.NettyRequestSender - Using open Channel [id: 0x15369f23, L:/127.0.0.1:64309 - R:localhost/127.0.0.1:12502] for POST '/session/9f9099991cf54d73a17c069a381ef480/window'
11:16:16.998 [AsyncHttpClient-1-5] DEBUG org.asynchttpclient.netty.handler.HttpHandler - 

Request DefaultHttpRequest(decodeResult: success, version: HTTP/1.1)
POST /session/9f9099991cf54d73a17c069a381ef480/window HTTP/1.1
User-Agent: selenium/4.7.1 (java windows)
Content-Length: 59
Content-Type: application/json; charset=utf-8
host: localhost:12502
accept: */*

Response DefaultHttpResponse(decodeResult: success, version: HTTP/1.1)
HTTP/1.1 200 OK
Content-Type: application/json; charset=utf-8
cache-control: no-cache
content-length: 14

11:16:16.999 [AsyncHttpClient-1-5] DEBUG org.asynchttpclient.netty.channel.ChannelManager - Adding key: http://localhost:12502 for channel [id: 0x15369f23, L:/127.0.0.1:64309 - R:localhost/127.0.0.1:12502]
11:16:17.000 [Forwarding getCurrentUrl on session 9f9099991cf54d73a17c069a381ef480 to remote] DEBUG org.asynchttpclient.netty.request.NettyRequestSender - Using pooled Channel '[id: 0x15369f23, L:/127.0.0.1:64309 - R:localhost/127.0.0.1:12502]' for 'GET' to 'http://localhost:12502/session/9f9099991cf54d73a17c069a381ef480/url'
11:16:17.000 [Forwarding getCurrentUrl on session 9f9099991cf54d73a17c069a381ef480 to remote] DEBUG org.asynchttpclient.netty.request.NettyRequestSender - Using open Channel [id: 0x15369f23, L:/127.0.0.1:64309 - R:localhost/127.0.0.1:12502] for GET '/session/9f9099991cf54d73a17c069a381ef480/url'
11:16:17.003 [AsyncHttpClient-1-5] DEBUG org.asynchttpclient.netty.handler.HttpHandler - 

Request DefaultFullHttpRequest(decodeResult: success, version: HTTP/1.1, content: EmptyByteBufBE)
GET /session/9f9099991cf54d73a17c069a381ef480/url HTTP/1.1
User-Agent: selenium/4.7.1 (java windows)
Cache-Control: no-cache
Content-Type: application/json; charset=utf-8
host: localhost:12502
accept: */*

Response DefaultHttpResponse(decodeResult: success, version: HTTP/1.1)
HTTP/1.1 200 OK
Content-Type: application/json; charset=utf-8
cache-control: no-cache
content-length: 38

11:16:17.003 [AsyncHttpClient-1-5] DEBUG org.asynchttpclient.netty.channel.ChannelManager - Adding key: http://localhost:12502 for channel [id: 0x15369f23, L:/127.0.0.1:64309 - R:localhost/127.0.0.1:12502]
11:16:17.004 [Forwarding screenshot on session 9f9099991cf54d73a17c069a381ef480 to remote] DEBUG org.asynchttpclient.netty.request.NettyRequestSender - Using pooled Channel '[id: 0x15369f23, L:/127.0.0.1:64309 - R:localhost/127.0.0.1:12502]' for 'GET' to 'http://localhost:12502/session/9f9099991cf54d73a17c069a381ef480/screenshot'
11:16:17.004 [Forwarding screenshot on session 9f9099991cf54d73a17c069a381ef480 to remote] DEBUG org.asynchttpclient.netty.request.NettyRequestSender - Using open Channel [id: 0x15369f23, L:/127.0.0.1:64309 - R:localhost/127.0.0.1:12502] for GET '/session/9f9099991cf54d73a17c069a381ef480/screenshot'
11:16:17.137 [AsyncHttpClient-1-5] DEBUG org.asynchttpclient.netty.handler.HttpHandler - 

Request DefaultFullHttpRequest(decodeResult: success, version: HTTP/1.1, content: EmptyByteBufBE)
GET /session/9f9099991cf54d73a17c069a381ef480/screenshot HTTP/1.1
User-Agent: selenium/4.7.1 (java windows)
Cache-Control: no-cache
Content-Type: application/json; charset=utf-8
host: localhost:12502
accept: */*

Response DefaultHttpResponse(decodeResult: success, version: HTTP/1.1)
HTTP/1.1 200 OK
Content-Type: application/json; charset=utf-8
cache-control: no-cache
content-length: 88704

11:16:17.138 [AsyncHttpClient-1-5] DEBUG org.asynchttpclient.netty.channel.ChannelManager - Adding key: http://localhost:12502 for channel [id: 0x15369f23, L:/127.0.0.1:64309 - R:localhost/127.0.0.1:12502]
11:16:17.140 [main] DEBUG net.serenitybdd.core.photography.Darkroom - Send negative for processing for target\site\serenity\eadb56efb0d93fabfe0af4ccbc32b398622a37e55e9aae59394ac614df292cff.png
11:16:17.141 [main] INFO  - 
  _____   ___   ___   _____     ___     _     ___   ___   ___   ___  
 |_   _| | __| / __| |_   _|   | _ \   /_\   / __| / __| | __| |   \ 
   | |   | _|  \__ \   | |     |  _/  / _ \  \__ \ \__ \ | _|  | |) |
   |_|   |___| |___/   |_|     |_|   /_/ \_\ |___/ |___/ |___| |___/ 

Login with locked_out_user and verify locked out message
----------------------------------------------------------------------
11:16:17.142 [AsyncHttpClient-1-7] DEBUG org.asynchttpclient.netty.handler.WebSocketHandler - Channel Closed: [id: 0xe5cc1381, L:/127.0.0.1:64316 ! R:localhost/127.0.0.1:64310] with attribute NettyResponseFuture{currentRetry=0,
	isDone=1,
	isCancelled=0,
	asyncHandler=org.asynchttpclient.ws.WebSocketUpgradeHandler@560729e1,
	nettyRequest=org.asynchttpclient.netty.request.NettyRequest@1305ad45,
	future=java.util.concurrent.CompletableFuture@35c88e7e[Completed normally],
	uri=ws://localhost:64310/devtools/browser/3673b45c-bde0-4b58-bdbe-88883db725da,
	keepAlive=true,
	redirectCount=0,
	timeoutsHolder=null,
	inAuth=0,
	touch=1677525370075}
11:16:17.142 [AsyncHttpClient-1-7] DEBUG org.asynchttpclient.netty.channel.ChannelManager - Closing Channel [id: 0xe5cc1381, L:/127.0.0.1:64316 ! R:localhost/127.0.0.1:64310] 
11:16:17.142 [Driver Command Executor] DEBUG org.asynchttpclient.netty.request.NettyRequestSender - Using pooled Channel '[id: 0x15369f23, L:/127.0.0.1:64309 - R:localhost/127.0.0.1:12502]' for 'DELETE' to 'http://localhost:12502/session/9f9099991cf54d73a17c069a381ef480'
11:16:17.143 [Driver Command Executor] DEBUG org.asynchttpclient.netty.request.NettyRequestSender - Using open Channel [id: 0x15369f23, L:/127.0.0.1:64309 - R:localhost/127.0.0.1:12502] for DELETE '/session/9f9099991cf54d73a17c069a381ef480'
11:16:17.153 [AsyncHttpClient-1-6] DEBUG org.asynchttpclient.netty.handler.HttpHandler - Unexpected I/O exception on channel [id: 0x9a063de0, L:/127.0.0.1:64315 - R:localhost/127.0.0.1:64310]
java.net.SocketException: Connection reset
	at java.base/sun.nio.ch.SocketChannelImpl.throwConnectionReset(SocketChannelImpl.java:401)
	at java.base/sun.nio.ch.SocketChannelImpl.read(SocketChannelImpl.java:434)
	at io.netty.buffer.PooledByteBuf.setBytes(PooledByteBuf.java:259)
	at io.netty.buffer.AbstractByteBuf.writeBytes(AbstractByteBuf.java:1132)
	at io.netty.channel.socket.nio.NioSocketChannel.doReadBytes(NioSocketChannel.java:357)
	at io.netty.channel.nio.AbstractNioByteChannel$NioByteUnsafe.read(AbstractNioByteChannel.java:151)
	at io.netty.channel.nio.NioEventLoop.processSelectedKey(NioEventLoop.java:788)
	at io.netty.channel.nio.NioEventLoop.processSelectedKeysOptimized(NioEventLoop.java:724)
	at io.netty.channel.nio.NioEventLoop.processSelectedKeys(NioEventLoop.java:650)
	at io.netty.channel.nio.NioEventLoop.run(NioEventLoop.java:562)
	at io.netty.util.concurrent.SingleThreadEventExecutor$4.run(SingleThreadEventExecutor.java:997)
	at io.netty.util.internal.ThreadExecutorMap$2.run(ThreadExecutorMap.java:74)
	at io.netty.util.concurrent.FastThreadLocalRunnable.run(FastThreadLocalRunnable.java:30)
	at java.base/java.lang.Thread.run(Thread.java:1589)
11:16:17.154 [AsyncHttpClient-1-6] DEBUG org.asynchttpclient.netty.channel.ChannelManager - Closing Channel [id: 0x9a063de0, L:/127.0.0.1:64315 - R:localhost/127.0.0.1:64310] 
11:16:17.154 [AsyncHttpClient-1-6] DEBUG org.asynchttpclient.netty.handler.HttpHandler - Channel Closed: [id: 0x9a063de0, L:/127.0.0.1:64315 ! R:localhost/127.0.0.1:64310] with attribute DISCARD
11:16:17.160 [AsyncHttpClient-1-5] DEBUG org.asynchttpclient.netty.handler.HttpHandler - 

Request DefaultFullHttpRequest(decodeResult: success, version: HTTP/1.1, content: EmptyByteBufBE)
DELETE /session/9f9099991cf54d73a17c069a381ef480 HTTP/1.1
User-Agent: selenium/4.7.1 (java windows)
Content-Type: application/json; charset=utf-8
host: localhost:12502
accept: */*

Response DefaultHttpResponse(decodeResult: success, version: HTTP/1.1)
HTTP/1.1 200 OK
Content-Type: application/json; charset=utf-8
cache-control: no-cache
content-length: 14

11:16:17.160 [AsyncHttpClient-1-5] DEBUG org.asynchttpclient.netty.channel.ChannelManager - Adding key: http://localhost:12502 for channel [id: 0x15369f23, L:/127.0.0.1:64309 - R:localhost/127.0.0.1:12502]
11:16:17.215 [AsyncHttpClient-1-5] DEBUG org.asynchttpclient.netty.handler.HttpHandler - Channel Closed: [id: 0x15369f23, L:/127.0.0.1:64309 ! R:localhost/127.0.0.1:12502] with attribute DISCARD
]]></system-out>
    <system-err><![CDATA[Starting ChromeDriver 110.0.5481.77 (65ed616c6e8ee3fe0ad64fe83796c020644d42af-refs/branch-heads/5481@{#839}) on port 12502
Only local connections are allowed.
Please see https://chromedriver.chromium.org/security-considerations for suggestions on keeping ChromeDriver safe.
ChromeDriver was started successfully.
[1677525370.054][WARNING]: virtual void DevToolsClientImpl::AddListener(DevToolsEventListener *) subscribing a listener to the already connected DevToolsClient. Connection notification will not arrive.
Feb 27, 2023 11:16:10 AM org.openqa.selenium.devtools.CdpVersionFinder findNearestMatch
WARNING: Unable to find an exact match for CDP version 110, so returning the closest version found: 108
]]></system-err>
  </testcase>
  <testcase name="Cart Scenario" classname="SwagLabs Login tests" time="9.785">
    <system-out><![CDATA[
Scenario: Cart Scenario                               &amp#27;[90m# src/test/resources/features/SwagLabs.feature:20&amp#27;[0m
11:16:17.290 [main] INFO io.cucumber.core.plugin.SerenityReporter - Running feature from file:///C:/Users/esaug/OneDrive%20-%20advancio.com/Documents/GitHub/Final-Project---SeleniumCourse/src/test/resources/features/SwagLabs.feature
11:16:17.294 [main] INFO  - 
  _____   ___   ___   _____     ___   _____     _     ___   _____   ___   ___  
 |_   _| | __| / __| |_   _|   / __| |_   _|   /_\   | _ \ |_   _| | __| |   \ 
   | |   | _|  \__ \   | |     \__ \   | |    / _ \  |   /   | |   | _|  | |) |
   |_|   |___| |___/   |_|     |___/   |_|   /_/ \_\ |_|_\   |_|   |___| |___/ 

Cart Scenario(swaglabs-login-tests;cart-scenario)
--------------------------------------------------------------------------------
11:16:17.661 [main] INFO net.serenitybdd.core.webdriver.driverproviders.ChromeDriverProvider - Starting Chrome driver instance with capabilities:
11:16:17.661 [main] INFO net.serenitybdd.core.webdriver.driverproviders.ChromeDriverProvider - Capabilities {acceptInsecureCerts: false, browserName: chrome, goog:chromeOptions: {args: [--window-size=1920,1080, --headless], extensions: []}}
11:16:17.689 [AsyncHttpClient-1-1] DEBUG org.asynchttpclient.netty.channel.DefaultChannelPool - Entry count for : http://localhost:12502 : 1
11:16:17.689 [AsyncHttpClient-1-1] DEBUG org.asynchttpclient.netty.channel.DefaultChannelPool - Entry count for : http://localhost:64310 : 1
11:16:17.689 [AsyncHttpClient-1-1] DEBUG org.asynchttpclient.netty.channel.DefaultChannelPool - Adding Candidate expired Channel [id: 0x15369f23, L:/127.0.0.1:64309 ! R:localhost/127.0.0.1:12502] isIdleTimeoutExpired=false isRemotelyClosed=true isTtlExpired=false
11:16:17.689 [AsyncHttpClient-1-1] DEBUG org.asynchttpclient.netty.channel.DefaultChannelPool - Closing Idle Channel [id: 0x15369f23, L:/127.0.0.1:64309 ! R:localhost/127.0.0.1:12502]
11:16:17.689 [AsyncHttpClient-1-1] DEBUG org.asynchttpclient.netty.channel.DefaultChannelPool - Adding Candidate expired Channel [id: 0x9a063de0, L:/127.0.0.1:64315 ! R:localhost/127.0.0.1:64310] isIdleTimeoutExpired=false isRemotelyClosed=true isTtlExpired=false
11:16:17.689 [AsyncHttpClient-1-1] DEBUG org.asynchttpclient.netty.channel.DefaultChannelPool - Closing Idle Channel [id: 0x9a063de0, L:/127.0.0.1:64315 ! R:localhost/127.0.0.1:64310]
11:16:17.690 [AsyncHttpClient-1-1] DEBUG org.asynchttpclient.netty.channel.DefaultChannelPool - Closed 2 connections out of 2 in 1 ms
11:16:17.837 [AsyncHttpClient-1-8] DEBUG org.asynchttpclient.netty.channel.NettyConnectListener - Using new Channel '[id: 0x27535f86, L:/127.0.0.1:64330 - R:localhost/127.0.0.1:23284]' for 'POST' to '/session'
11:16:18.368 [AsyncHttpClient-1-8] DEBUG org.asynchttpclient.netty.handler.HttpHandler - 

Request DefaultHttpRequest(decodeResult: success, version: HTTP/1.1)
POST /session HTTP/1.1
User-Agent: selenium/4.7.1 (java windows)
Content-Length: 557
Content-Type: application/json; charset=utf-8
host: localhost:23284
accept: */*

Response DefaultHttpResponse(decodeResult: success, version: HTTP/1.1)
HTTP/1.1 200 OK
Content-Type: application/json; charset=utf-8
cache-control: no-cache
content-length: 791

11:16:18.368 [AsyncHttpClient-1-8] DEBUG org.asynchttpclient.netty.channel.ChannelManager - Adding key: http://localhost:23284 for channel [id: 0x27535f86, L:/127.0.0.1:64330 - R:localhost/127.0.0.1:23284]
11:16:18.374 [AsyncHttpClient-1-9] DEBUG org.asynchttpclient.netty.channel.NettyConnectListener - Using new Channel '[id: 0xa7f63d79, L:/127.0.0.1:64336 - R:localhost/127.0.0.1:64331]' for 'GET' to '/json/version'
11:16:18.375 [AsyncHttpClient-1-9] DEBUG org.asynchttpclient.netty.handler.HttpHandler - 

Request DefaultFullHttpRequest(decodeResult: success, version: HTTP/1.1, content: EmptyByteBufBE)
GET /json/version HTTP/1.1
User-Agent: selenium/4.7.1 (java windows)
host: localhost:64331
accept: */*

Response DefaultHttpResponse(decodeResult: success, version: HTTP/1.1)
HTTP/1.1 200 OK
Content-Security-Policy: frame-ancestors 'none'
Content-Type: application/json; charset=UTF-8
content-length: 445

11:16:18.375 [AsyncHttpClient-1-9] DEBUG org.asynchttpclient.netty.channel.ChannelManager - Adding key: http://localhost:64331 for channel [id: 0xa7f63d79, L:/127.0.0.1:64336 - R:localhost/127.0.0.1:64331]
11:16:18.377 [AsyncHttpClient-1-10] DEBUG org.asynchttpclient.netty.channel.NettyConnectListener - Using new Channel '[id: 0x477ad509, L:/127.0.0.1:64337 - R:localhost/127.0.0.1:64331]' for 'GET' to '/devtools/browser/d604cf16-6072-4614-9cbc-a1f489aaa399'
11:16:18.380 [AsyncHttpClient-1-10] DEBUG org.asynchttpclient.netty.handler.WebSocketHandler - 

Request DefaultFullHttpRequest(decodeResult: success, version: HTTP/1.1, content: EmptyByteBufBE)
GET /devtools/browser/d604cf16-6072-4614-9cbc-a1f489aaa399 HTTP/1.1
upgrade: websocket
connection: upgrade
sec-websocket-key: L1CpqcuV6QQjvfJorbnahg==
sec-websocket-version: 13
origin: http://localhost:64331
host: localhost:64331
accept: */*
user-agent: AHC/2.1

Response DefaultHttpResponse(decodeResult: success, version: HTTP/1.1)
HTTP/1.1 101 WebSocket Protocol Handshake
Upgrade: WebSocket
Connection: Upgrade
Sec-WebSocket-Accept: 8g6WrVjZbI04L2BrPdGrsEfgmTM=

11:16:18.383 [Forwarding maximizeCurrentWindow on session 830d92b298b49522c4491844a68d5079 to remote] DEBUG org.asynchttpclient.netty.request.NettyRequestSender - Using pooled Channel '[id: 0x27535f86, L:/127.0.0.1:64330 - R:localhost/127.0.0.1:23284]' for 'POST' to 'http://localhost:23284/session/830d92b298b49522c4491844a68d5079/window/maximize'
11:16:18.383 [Forwarding maximizeCurrentWindow on session 830d92b298b49522c4491844a68d5079 to remote] DEBUG org.asynchttpclient.netty.request.NettyRequestSender - Using open Channel [id: 0x27535f86, L:/127.0.0.1:64330 - R:localhost/127.0.0.1:23284] for POST '/session/830d92b298b49522c4491844a68d5079/window/maximize'
11:16:18.494 [AsyncHttpClient-1-8] DEBUG org.asynchttpclient.netty.handler.HttpHandler - 

Request DefaultHttpRequest(decodeResult: success, version: HTTP/1.1)
POST /session/830d92b298b49522c4491844a68d5079/window/maximize HTTP/1.1
User-Agent: selenium/4.7.1 (java windows)
Content-Length: 3
Content-Type: application/json; charset=utf-8
host: localhost:23284
accept: */*

Response DefaultHttpResponse(decodeResult: success, version: HTTP/1.1)
HTTP/1.1 200 OK
Content-Type: application/json; charset=utf-8
cache-control: no-cache
content-length: 50

11:16:18.494 [AsyncHttpClient-1-8] DEBUG org.asynchttpclient.netty.channel.ChannelManager - Adding key: http://localhost:23284 for channel [id: 0x27535f86, L:/127.0.0.1:64330 - R:localhost/127.0.0.1:23284]
11:16:18.497 [Forwarding get on session 830d92b298b49522c4491844a68d5079 to remote] DEBUG org.asynchttpclient.netty.request.NettyRequestSender - Using pooled Channel '[id: 0x27535f86, L:/127.0.0.1:64330 - R:localhost/127.0.0.1:23284]' for 'POST' to 'http://localhost:23284/session/830d92b298b49522c4491844a68d5079/url'
11:16:18.497 [Forwarding get on session 830d92b298b49522c4491844a68d5079 to remote] DEBUG org.asynchttpclient.netty.request.NettyRequestSender - Using open Channel [id: 0x27535f86, L:/127.0.0.1:64330 - R:localhost/127.0.0.1:23284] for POST '/session/830d92b298b49522c4491844a68d5079/url'
11:16:18.775 [AsyncHttpClient-1-8] DEBUG org.asynchttpclient.netty.handler.HttpHandler - 

Request DefaultHttpRequest(decodeResult: success, version: HTTP/1.1)
POST /session/830d92b298b49522c4491844a68d5079/url HTTP/1.1
User-Agent: selenium/4.7.1 (java windows)
Content-Length: 56
Content-Type: application/json; charset=utf-8
host: localhost:23284
accept: */*

Response DefaultHttpResponse(decodeResult: success, version: HTTP/1.1)
HTTP/1.1 200 OK
Content-Type: application/json; charset=utf-8
cache-control: no-cache
content-length: 14

11:16:18.775 [AsyncHttpClient-1-8] DEBUG org.asynchttpclient.netty.channel.ChannelManager - Adding key: http://localhost:23284 for channel [id: 0x27535f86, L:/127.0.0.1:64330 - R:localhost/127.0.0.1:23284]
11:16:18.777 [Forwarding setTimeout on session 830d92b298b49522c4491844a68d5079 to remote] DEBUG org.asynchttpclient.netty.request.NettyRequestSender - Using pooled Channel '[id: 0x27535f86, L:/127.0.0.1:64330 - R:localhost/127.0.0.1:23284]' for 'POST' to 'http://localhost:23284/session/830d92b298b49522c4491844a68d5079/timeouts'
11:16:18.777 [Forwarding setTimeout on session 830d92b298b49522c4491844a68d5079 to remote] DEBUG org.asynchttpclient.netty.request.NettyRequestSender - Using open Channel [id: 0x27535f86, L:/127.0.0.1:64330 - R:localhost/127.0.0.1:23284] for POST '/session/830d92b298b49522c4491844a68d5079/timeouts'
11:16:18.778 [AsyncHttpClient-1-1] DEBUG org.asynchttpclient.netty.channel.DefaultChannelPool - Entry count for : http://localhost:64331 : 1
11:16:18.779 [AsyncHttpClient-1-8] DEBUG org.asynchttpclient.netty.handler.HttpHandler - 

Request DefaultHttpRequest(decodeResult: success, version: HTTP/1.1)
POST /session/830d92b298b49522c4491844a68d5079/timeouts HTTP/1.1
User-Agent: selenium/4.7.1 (java windows)
Content-Length: 22
Content-Type: application/json; charset=utf-8
host: localhost:23284
accept: */*

Response DefaultHttpResponse(decodeResult: success, version: HTTP/1.1)
HTTP/1.1 200 OK
Content-Type: application/json; charset=utf-8
cache-control: no-cache
content-length: 14

11:16:18.779 [AsyncHttpClient-1-8] DEBUG org.asynchttpclient.netty.channel.ChannelManager - Adding key: http://localhost:23284 for channel [id: 0x27535f86, L:/127.0.0.1:64330 - R:localhost/127.0.0.1:23284]
  &amp#27;[32mGiven &amp#27;[0m&amp#27;[32mI go to &amp#27;[0m&amp#27;[32m&amp#27;[1m"https://www.saucedemo.com/"&amp#27;[0m          &amp#27;[90m# Class6BDD.steps.CommonSteps.fillCrossDockSection(java.lang.String)&amp#27;[0m
11:16:18.787 [Forwarding getCurrentWindowHandle on session 830d92b298b49522c4491844a68d5079 to remote] DEBUG org.asynchttpclient.netty.request.NettyRequestSender - Using pooled Channel '[id: 0x27535f86, L:/127.0.0.1:64330 - R:localhost/127.0.0.1:23284]' for 'GET' to 'http://localhost:23284/session/830d92b298b49522c4491844a68d5079/window'
11:16:18.787 [Forwarding getCurrentWindowHandle on session 830d92b298b49522c4491844a68d5079 to remote] DEBUG org.asynchttpclient.netty.request.NettyRequestSender - Using open Channel [id: 0x27535f86, L:/127.0.0.1:64330 - R:localhost/127.0.0.1:23284] for GET '/session/830d92b298b49522c4491844a68d5079/window'
11:16:18.788 [AsyncHttpClient-1-8] DEBUG org.asynchttpclient.netty.handler.HttpHandler - 

Request DefaultFullHttpRequest(decodeResult: success, version: HTTP/1.1, content: EmptyByteBufBE)
GET /session/830d92b298b49522c4491844a68d5079/window HTTP/1.1
User-Agent: selenium/4.7.1 (java windows)
Cache-Control: no-cache
Content-Type: application/json; charset=utf-8
host: localhost:23284
accept: */*

Response DefaultHttpResponse(decodeResult: success, version: HTTP/1.1)
HTTP/1.1 200 OK
Content-Type: application/json; charset=utf-8
cache-control: no-cache
content-length: 53

11:16:18.788 [AsyncHttpClient-1-8] DEBUG org.asynchttpclient.netty.channel.ChannelManager - Adding key: http://localhost:23284 for channel [id: 0x27535f86, L:/127.0.0.1:64330 - R:localhost/127.0.0.1:23284]
11:16:18.789 [Forwarding getAlertText on session 830d92b298b49522c4491844a68d5079 to remote] DEBUG org.asynchttpclient.netty.request.NettyRequestSender - Using pooled Channel '[id: 0x27535f86, L:/127.0.0.1:64330 - R:localhost/127.0.0.1:23284]' for 'GET' to 'http://localhost:23284/session/830d92b298b49522c4491844a68d5079/alert/text'
11:16:18.789 [Forwarding getAlertText on session 830d92b298b49522c4491844a68d5079 to remote] DEBUG org.asynchttpclient.netty.request.NettyRequestSender - Using open Channel [id: 0x27535f86, L:/127.0.0.1:64330 - R:localhost/127.0.0.1:23284] for GET '/session/830d92b298b49522c4491844a68d5079/alert/text'
11:16:18.791 [AsyncHttpClient-1-8] DEBUG org.asynchttpclient.netty.handler.HttpHandler - 

Request DefaultFullHttpRequest(decodeResult: success, version: HTTP/1.1, content: EmptyByteBufBE)
GET /session/830d92b298b49522c4491844a68d5079/alert/text HTTP/1.1
User-Agent: selenium/4.7.1 (java windows)
Cache-Control: no-cache
Content-Type: application/json; charset=utf-8
host: localhost:23284
accept: */*

Response DefaultHttpResponse(decodeResult: success, version: HTTP/1.1)
HTTP/1.1 404 Not Found
Content-Type: application/json; charset=utf-8
cache-control: no-cache
content-length: 834

11:16:18.791 [AsyncHttpClient-1-8] DEBUG org.asynchttpclient.netty.channel.ChannelManager - Adding key: http://localhost:23284 for channel [id: 0x27535f86, L:/127.0.0.1:64330 - R:localhost/127.0.0.1:23284]
11:16:18.793 [Forwarding switchToWindow on session 830d92b298b49522c4491844a68d5079 to remote] DEBUG org.asynchttpclient.netty.request.NettyRequestSender - Using pooled Channel '[id: 0x27535f86, L:/127.0.0.1:64330 - R:localhost/127.0.0.1:23284]' for 'POST' to 'http://localhost:23284/session/830d92b298b49522c4491844a68d5079/window'
11:16:18.793 [Forwarding switchToWindow on session 830d92b298b49522c4491844a68d5079 to remote] DEBUG org.asynchttpclient.netty.request.NettyRequestSender - Using open Channel [id: 0x27535f86, L:/127.0.0.1:64330 - R:localhost/127.0.0.1:23284] for POST '/session/830d92b298b49522c4491844a68d5079/window'
11:16:18.796 [AsyncHttpClient-1-8] DEBUG org.asynchttpclient.netty.handler.HttpHandler - 

Request DefaultHttpRequest(decodeResult: success, version: HTTP/1.1)
POST /session/830d92b298b49522c4491844a68d5079/window HTTP/1.1
User-Agent: selenium/4.7.1 (java windows)
Content-Length: 59
Content-Type: application/json; charset=utf-8
host: localhost:23284
accept: */*

Response DefaultHttpResponse(decodeResult: success, version: HTTP/1.1)
HTTP/1.1 200 OK
Content-Type: application/json; charset=utf-8
cache-control: no-cache
content-length: 14

11:16:18.796 [AsyncHttpClient-1-8] DEBUG org.asynchttpclient.netty.channel.ChannelManager - Adding key: http://localhost:23284 for channel [id: 0x27535f86, L:/127.0.0.1:64330 - R:localhost/127.0.0.1:23284]
11:16:18.797 [Forwarding getCurrentUrl on session 830d92b298b49522c4491844a68d5079 to remote] DEBUG org.asynchttpclient.netty.request.NettyRequestSender - Using pooled Channel '[id: 0x27535f86, L:/127.0.0.1:64330 - R:localhost/127.0.0.1:23284]' for 'GET' to 'http://localhost:23284/session/830d92b298b49522c4491844a68d5079/url'
11:16:18.797 [Forwarding getCurrentUrl on session 830d92b298b49522c4491844a68d5079 to remote] DEBUG org.asynchttpclient.netty.request.NettyRequestSender - Using open Channel [id: 0x27535f86, L:/127.0.0.1:64330 - R:localhost/127.0.0.1:23284] for GET '/session/830d92b298b49522c4491844a68d5079/url'
11:16:18.801 [AsyncHttpClient-1-8] DEBUG org.asynchttpclient.netty.handler.HttpHandler - 

Request DefaultFullHttpRequest(decodeResult: success, version: HTTP/1.1, content: EmptyByteBufBE)
GET /session/830d92b298b49522c4491844a68d5079/url HTTP/1.1
User-Agent: selenium/4.7.1 (java windows)
Cache-Control: no-cache
Content-Type: application/json; charset=utf-8
host: localhost:23284
accept: */*

Response DefaultHttpResponse(decodeResult: success, version: HTTP/1.1)
HTTP/1.1 200 OK
Content-Type: application/json; charset=utf-8
cache-control: no-cache
content-length: 38

11:16:18.801 [AsyncHttpClient-1-8] DEBUG org.asynchttpclient.netty.channel.ChannelManager - Adding key: http://localhost:23284 for channel [id: 0x27535f86, L:/127.0.0.1:64330 - R:localhost/127.0.0.1:23284]
11:16:18.803 [Forwarding screenshot on session 830d92b298b49522c4491844a68d5079 to remote] DEBUG org.asynchttpclient.netty.request.NettyRequestSender - Using pooled Channel '[id: 0x27535f86, L:/127.0.0.1:64330 - R:localhost/127.0.0.1:23284]' for 'GET' to 'http://localhost:23284/session/830d92b298b49522c4491844a68d5079/screenshot'
11:16:18.803 [Forwarding screenshot on session 830d92b298b49522c4491844a68d5079 to remote] DEBUG org.asynchttpclient.netty.request.NettyRequestSender - Using open Channel [id: 0x27535f86, L:/127.0.0.1:64330 - R:localhost/127.0.0.1:23284] for GET '/session/830d92b298b49522c4491844a68d5079/screenshot'
11:16:18.953 [AsyncHttpClient-1-8] DEBUG org.asynchttpclient.netty.handler.HttpHandler - 

Request DefaultFullHttpRequest(decodeResult: success, version: HTTP/1.1, content: EmptyByteBufBE)
GET /session/830d92b298b49522c4491844a68d5079/screenshot HTTP/1.1
User-Agent: selenium/4.7.1 (java windows)
Cache-Control: no-cache
Content-Type: application/json; charset=utf-8
host: localhost:23284
accept: */*

Response DefaultHttpResponse(decodeResult: success, version: HTTP/1.1)
HTTP/1.1 200 OK
Content-Type: application/json; charset=utf-8
cache-control: no-cache
content-length: 80692

11:16:18.953 [AsyncHttpClient-1-8] DEBUG org.asynchttpclient.netty.channel.ChannelManager - Adding key: http://localhost:23284 for channel [id: 0x27535f86, L:/127.0.0.1:64330 - R:localhost/127.0.0.1:23284]
11:16:18.955 [main] DEBUG net.serenitybdd.core.photography.Darkroom - Send negative for processing for target\site\serenity\15a7514d6fa104e3b1d014195f40b59ecdad25387af39f26ebf9f7e5154565c1.png
11:16:18.961 [Forwarding getPageSource on session 830d92b298b49522c4491844a68d5079 to remote] DEBUG org.asynchttpclient.netty.request.NettyRequestSender - Using pooled Channel '[id: 0x27535f86, L:/127.0.0.1:64330 - R:localhost/127.0.0.1:23284]' for 'POST' to 'http://localhost:23284/session/830d92b298b49522c4491844a68d5079/execute/sync'
11:16:18.961 [Forwarding getPageSource on session 830d92b298b49522c4491844a68d5079 to remote] DEBUG org.asynchttpclient.netty.request.NettyRequestSender - Using open Channel [id: 0x27535f86, L:/127.0.0.1:64330 - R:localhost/127.0.0.1:23284] for POST '/session/830d92b298b49522c4491844a68d5079/execute/sync'
11:16:18.965 [AsyncHttpClient-1-8] DEBUG org.asynchttpclient.netty.handler.HttpHandler - 

Request DefaultHttpRequest(decodeResult: success, version: HTTP/1.1)
POST /session/830d92b298b49522c4491844a68d5079/execute/sync HTTP/1.1
User-Agent: selenium/4.7.1 (java windows)
Content-Length: 176
Content-Type: application/json; charset=utf-8
host: localhost:23284
accept: */*

Response DefaultHttpResponse(decodeResult: success, version: HTTP/1.1)
HTTP/1.1 200 OK
Content-Type: application/json; charset=utf-8
cache-control: no-cache
content-length: 4160

11:16:18.966 [AsyncHttpClient-1-8] DEBUG org.asynchttpclient.netty.channel.ChannelManager - Adding key: http://localhost:23284 for channel [id: 0x27535f86, L:/127.0.0.1:64330 - R:localhost/127.0.0.1:23284]
11:16:18.968 [Forwarding getCurrentUrl on session 830d92b298b49522c4491844a68d5079 to remote] DEBUG org.asynchttpclient.netty.request.NettyRequestSender - Using pooled Channel '[id: 0x27535f86, L:/127.0.0.1:64330 - R:localhost/127.0.0.1:23284]' for 'GET' to 'http://localhost:23284/session/830d92b298b49522c4491844a68d5079/url'
11:16:18.968 [Forwarding getCurrentUrl on session 830d92b298b49522c4491844a68d5079 to remote] DEBUG org.asynchttpclient.netty.request.NettyRequestSender - Using open Channel [id: 0x27535f86, L:/127.0.0.1:64330 - R:localhost/127.0.0.1:23284] for GET '/session/830d92b298b49522c4491844a68d5079/url'
11:16:18.971 [AsyncHttpClient-1-8] DEBUG org.asynchttpclient.netty.handler.HttpHandler - 

Request DefaultFullHttpRequest(decodeResult: success, version: HTTP/1.1, content: EmptyByteBufBE)
GET /session/830d92b298b49522c4491844a68d5079/url HTTP/1.1
User-Agent: selenium/4.7.1 (java windows)
Cache-Control: no-cache
Content-Type: application/json; charset=utf-8
host: localhost:23284
accept: */*

Response DefaultHttpResponse(decodeResult: success, version: HTTP/1.1)
HTTP/1.1 200 OK
Content-Type: application/json; charset=utf-8
cache-control: no-cache
content-length: 38

11:16:18.972 [AsyncHttpClient-1-8] DEBUG org.asynchttpclient.netty.channel.ChannelManager - Adding key: http://localhost:23284 for channel [id: 0x27535f86, L:/127.0.0.1:64330 - R:localhost/127.0.0.1:23284]
11:16:18.976 [Forwarding maximizeCurrentWindow on session 830d92b298b49522c4491844a68d5079 to remote] DEBUG org.asynchttpclient.netty.request.NettyRequestSender - Using pooled Channel '[id: 0x27535f86, L:/127.0.0.1:64330 - R:localhost/127.0.0.1:23284]' for 'POST' to 'http://localhost:23284/session/830d92b298b49522c4491844a68d5079/window/maximize'
11:16:18.976 [Forwarding maximizeCurrentWindow on session 830d92b298b49522c4491844a68d5079 to remote] DEBUG org.asynchttpclient.netty.request.NettyRequestSender - Using open Channel [id: 0x27535f86, L:/127.0.0.1:64330 - R:localhost/127.0.0.1:23284] for POST '/session/830d92b298b49522c4491844a68d5079/window/maximize'
11:16:18.979 [AsyncHttpClient-1-8] DEBUG org.asynchttpclient.netty.handler.HttpHandler - 

Request DefaultHttpRequest(decodeResult: success, version: HTTP/1.1)
POST /session/830d92b298b49522c4491844a68d5079/window/maximize HTTP/1.1
User-Agent: selenium/4.7.1 (java windows)
Content-Length: 3
Content-Type: application/json; charset=utf-8
host: localhost:23284
accept: */*

Response DefaultHttpResponse(decodeResult: success, version: HTTP/1.1)
HTTP/1.1 200 OK
Content-Type: application/json; charset=utf-8
cache-control: no-cache
content-length: 50

11:16:18.979 [AsyncHttpClient-1-8] DEBUG org.asynchttpclient.netty.channel.ChannelManager - Adding key: http://localhost:23284 for channel [id: 0x27535f86, L:/127.0.0.1:64330 - R:localhost/127.0.0.1:23284]
11:16:18.982 [Forwarding findElement on session 830d92b298b49522c4491844a68d5079 to remote] DEBUG org.asynchttpclient.netty.request.NettyRequestSender - Using pooled Channel '[id: 0x27535f86, L:/127.0.0.1:64330 - R:localhost/127.0.0.1:23284]' for 'POST' to 'http://localhost:23284/session/830d92b298b49522c4491844a68d5079/element'
11:16:18.982 [Forwarding findElement on session 830d92b298b49522c4491844a68d5079 to remote] DEBUG org.asynchttpclient.netty.request.NettyRequestSender - Using open Channel [id: 0x27535f86, L:/127.0.0.1:64330 - R:localhost/127.0.0.1:23284] for POST '/session/830d92b298b49522c4491844a68d5079/element'
11:16:18.993 [AsyncHttpClient-1-8] DEBUG org.asynchttpclient.netty.handler.HttpHandler - 

Request DefaultHttpRequest(decodeResult: success, version: HTTP/1.1)
POST /session/830d92b298b49522c4491844a68d5079/element HTTP/1.1
User-Agent: selenium/4.7.1 (java windows)
Content-Length: 56
Content-Type: application/json; charset=utf-8
host: localhost:23284
accept: */*

Response DefaultHttpResponse(decodeResult: success, version: HTTP/1.1)
HTTP/1.1 200 OK
Content-Type: application/json; charset=utf-8
cache-control: no-cache
content-length: 88

11:16:18.993 [AsyncHttpClient-1-8] DEBUG org.asynchttpclient.netty.channel.ChannelManager - Adding key: http://localhost:23284 for channel [id: 0x27535f86, L:/127.0.0.1:64330 - R:localhost/127.0.0.1:23284]
11:16:18.994 [Forwarding sendKeysToElement on session 830d92b298b49522c4491844a68d5079 to remote] DEBUG org.asynchttpclient.netty.request.NettyRequestSender - Using pooled Channel '[id: 0x27535f86, L:/127.0.0.1:64330 - R:localhost/127.0.0.1:23284]' for 'POST' to 'http://localhost:23284/session/830d92b298b49522c4491844a68d5079/element/8c538060-d6f8-4d76-b7d0-411fc0e234aa/value'
11:16:18.994 [Forwarding sendKeysToElement on session 830d92b298b49522c4491844a68d5079 to remote] DEBUG org.asynchttpclient.netty.request.NettyRequestSender - Using open Channel [id: 0x27535f86, L:/127.0.0.1:64330 - R:localhost/127.0.0.1:23284] for POST '/session/830d92b298b49522c4491844a68d5079/element/8c538060-d6f8-4d76-b7d0-411fc0e234aa/value'
11:16:19.077 [AsyncHttpClient-1-8] DEBUG org.asynchttpclient.netty.handler.HttpHandler - 

Request DefaultHttpRequest(decodeResult: success, version: HTTP/1.1)
POST /session/830d92b298b49522c4491844a68d5079/element/8c538060-d6f8-4d76-b7d0-411fc0e234aa/value HTTP/1.1
User-Agent: selenium/4.7.1 (java windows)
Content-Length: 211
Content-Type: application/json; charset=utf-8
host: localhost:23284
accept: */*

Response DefaultHttpResponse(decodeResult: success, version: HTTP/1.1)
HTTP/1.1 200 OK
Content-Type: application/json; charset=utf-8
cache-control: no-cache
content-length: 14

11:16:19.077 [AsyncHttpClient-1-8] DEBUG org.asynchttpclient.netty.channel.ChannelManager - Adding key: http://localhost:23284 for channel [id: 0x27535f86, L:/127.0.0.1:64330 - R:localhost/127.0.0.1:23284]
  &amp#27;[32mThen &amp#27;[0m&amp#27;[32mI fill username &amp#27;[0m&amp#27;[32m&amp#27;[1m"standard_user"&amp#27;[0m                &amp#27;[90m# Class6BDD.steps.LoginSteps.iFillUsername(java.lang.String)&amp#27;[0m
11:16:19.084 [Forwarding getCurrentWindowHandle on session 830d92b298b49522c4491844a68d5079 to remote] DEBUG org.asynchttpclient.netty.request.NettyRequestSender - Using pooled Channel '[id: 0x27535f86, L:/127.0.0.1:64330 - R:localhost/127.0.0.1:23284]' for 'GET' to 'http://localhost:23284/session/830d92b298b49522c4491844a68d5079/window'
11:16:19.084 [Forwarding getCurrentWindowHandle on session 830d92b298b49522c4491844a68d5079 to remote] DEBUG org.asynchttpclient.netty.request.NettyRequestSender - Using open Channel [id: 0x27535f86, L:/127.0.0.1:64330 - R:localhost/127.0.0.1:23284] for GET '/session/830d92b298b49522c4491844a68d5079/window'
11:16:19.084 [AsyncHttpClient-1-8] DEBUG org.asynchttpclient.netty.handler.HttpHandler - 

Request DefaultFullHttpRequest(decodeResult: success, version: HTTP/1.1, content: EmptyByteBufBE)
GET /session/830d92b298b49522c4491844a68d5079/window HTTP/1.1
User-Agent: selenium/4.7.1 (java windows)
Cache-Control: no-cache
Content-Type: application/json; charset=utf-8
host: localhost:23284
accept: */*

Response DefaultHttpResponse(decodeResult: success, version: HTTP/1.1)
HTTP/1.1 200 OK
Content-Type: application/json; charset=utf-8
cache-control: no-cache
content-length: 53

11:16:19.085 [AsyncHttpClient-1-8] DEBUG org.asynchttpclient.netty.channel.ChannelManager - Adding key: http://localhost:23284 for channel [id: 0x27535f86, L:/127.0.0.1:64330 - R:localhost/127.0.0.1:23284]
11:16:19.085 [Forwarding getAlertText on session 830d92b298b49522c4491844a68d5079 to remote] DEBUG org.asynchttpclient.netty.request.NettyRequestSender - Using pooled Channel '[id: 0x27535f86, L:/127.0.0.1:64330 - R:localhost/127.0.0.1:23284]' for 'GET' to 'http://localhost:23284/session/830d92b298b49522c4491844a68d5079/alert/text'
11:16:19.087 [Forwarding getAlertText on session 830d92b298b49522c4491844a68d5079 to remote] DEBUG org.asynchttpclient.netty.request.NettyRequestSender - Using open Channel [id: 0x27535f86, L:/127.0.0.1:64330 - R:localhost/127.0.0.1:23284] for GET '/session/830d92b298b49522c4491844a68d5079/alert/text'
11:16:19.087 [AsyncHttpClient-1-8] DEBUG org.asynchttpclient.netty.handler.HttpHandler - 

Request DefaultFullHttpRequest(decodeResult: success, version: HTTP/1.1, content: EmptyByteBufBE)
GET /session/830d92b298b49522c4491844a68d5079/alert/text HTTP/1.1
User-Agent: selenium/4.7.1 (java windows)
Cache-Control: no-cache
Content-Type: application/json; charset=utf-8
host: localhost:23284
accept: */*

Response DefaultHttpResponse(decodeResult: success, version: HTTP/1.1)
HTTP/1.1 404 Not Found
Content-Type: application/json; charset=utf-8
cache-control: no-cache
content-length: 834

11:16:19.087 [AsyncHttpClient-1-8] DEBUG org.asynchttpclient.netty.channel.ChannelManager - Adding key: http://localhost:23284 for channel [id: 0x27535f86, L:/127.0.0.1:64330 - R:localhost/127.0.0.1:23284]
11:16:19.089 [Forwarding switchToWindow on session 830d92b298b49522c4491844a68d5079 to remote] DEBUG org.asynchttpclient.netty.request.NettyRequestSender - Using pooled Channel '[id: 0x27535f86, L:/127.0.0.1:64330 - R:localhost/127.0.0.1:23284]' for 'POST' to 'http://localhost:23284/session/830d92b298b49522c4491844a68d5079/window'
11:16:19.089 [Forwarding switchToWindow on session 830d92b298b49522c4491844a68d5079 to remote] DEBUG org.asynchttpclient.netty.request.NettyRequestSender - Using open Channel [id: 0x27535f86, L:/127.0.0.1:64330 - R:localhost/127.0.0.1:23284] for POST '/session/830d92b298b49522c4491844a68d5079/window'
11:16:19.091 [AsyncHttpClient-1-8] DEBUG org.asynchttpclient.netty.handler.HttpHandler - 

Request DefaultHttpRequest(decodeResult: success, version: HTTP/1.1)
POST /session/830d92b298b49522c4491844a68d5079/window HTTP/1.1
User-Agent: selenium/4.7.1 (java windows)
Content-Length: 59
Content-Type: application/json; charset=utf-8
host: localhost:23284
accept: */*

Response DefaultHttpResponse(decodeResult: success, version: HTTP/1.1)
HTTP/1.1 200 OK
Content-Type: application/json; charset=utf-8
cache-control: no-cache
content-length: 14

11:16:19.091 [AsyncHttpClient-1-8] DEBUG org.asynchttpclient.netty.channel.ChannelManager - Adding key: http://localhost:23284 for channel [id: 0x27535f86, L:/127.0.0.1:64330 - R:localhost/127.0.0.1:23284]
11:16:19.092 [Forwarding getCurrentUrl on session 830d92b298b49522c4491844a68d5079 to remote] DEBUG org.asynchttpclient.netty.request.NettyRequestSender - Using pooled Channel '[id: 0x27535f86, L:/127.0.0.1:64330 - R:localhost/127.0.0.1:23284]' for 'GET' to 'http://localhost:23284/session/830d92b298b49522c4491844a68d5079/url'
11:16:19.092 [Forwarding getCurrentUrl on session 830d92b298b49522c4491844a68d5079 to remote] DEBUG org.asynchttpclient.netty.request.NettyRequestSender - Using open Channel [id: 0x27535f86, L:/127.0.0.1:64330 - R:localhost/127.0.0.1:23284] for GET '/session/830d92b298b49522c4491844a68d5079/url'
11:16:19.095 [AsyncHttpClient-1-8] DEBUG org.asynchttpclient.netty.handler.HttpHandler - 

Request DefaultFullHttpRequest(decodeResult: success, version: HTTP/1.1, content: EmptyByteBufBE)
GET /session/830d92b298b49522c4491844a68d5079/url HTTP/1.1
User-Agent: selenium/4.7.1 (java windows)
Cache-Control: no-cache
Content-Type: application/json; charset=utf-8
host: localhost:23284
accept: */*

Response DefaultHttpResponse(decodeResult: success, version: HTTP/1.1)
HTTP/1.1 200 OK
Content-Type: application/json; charset=utf-8
cache-control: no-cache
content-length: 38

11:16:19.095 [AsyncHttpClient-1-8] DEBUG org.asynchttpclient.netty.channel.ChannelManager - Adding key: http://localhost:23284 for channel [id: 0x27535f86, L:/127.0.0.1:64330 - R:localhost/127.0.0.1:23284]
11:16:19.096 [Forwarding screenshot on session 830d92b298b49522c4491844a68d5079 to remote] DEBUG org.asynchttpclient.netty.request.NettyRequestSender - Using pooled Channel '[id: 0x27535f86, L:/127.0.0.1:64330 - R:localhost/127.0.0.1:23284]' for 'GET' to 'http://localhost:23284/session/830d92b298b49522c4491844a68d5079/screenshot'
11:16:19.096 [Forwarding screenshot on session 830d92b298b49522c4491844a68d5079 to remote] DEBUG org.asynchttpclient.netty.request.NettyRequestSender - Using open Channel [id: 0x27535f86, L:/127.0.0.1:64330 - R:localhost/127.0.0.1:23284] for GET '/session/830d92b298b49522c4491844a68d5079/screenshot'
11:16:19.246 [AsyncHttpClient-1-8] DEBUG org.asynchttpclient.netty.handler.HttpHandler - 

Request DefaultFullHttpRequest(decodeResult: success, version: HTTP/1.1, content: EmptyByteBufBE)
GET /session/830d92b298b49522c4491844a68d5079/screenshot HTTP/1.1
User-Agent: selenium/4.7.1 (java windows)
Cache-Control: no-cache
Content-Type: application/json; charset=utf-8
host: localhost:23284
accept: */*

Response DefaultHttpResponse(decodeResult: success, version: HTTP/1.1)
HTTP/1.1 200 OK
Content-Type: application/json; charset=utf-8
cache-control: no-cache
content-length: 81524

11:16:19.246 [AsyncHttpClient-1-8] DEBUG org.asynchttpclient.netty.channel.ChannelManager - Adding key: http://localhost:23284 for channel [id: 0x27535f86, L:/127.0.0.1:64330 - R:localhost/127.0.0.1:23284]
11:16:19.249 [main] DEBUG net.serenitybdd.core.photography.Darkroom - Send negative for processing for target\site\serenity\4d348736925d136719aeae1b6214215cd9df14df0a0e9287ede36be35ff0d279.png
11:16:19.253 [Forwarding getPageSource on session 830d92b298b49522c4491844a68d5079 to remote] DEBUG org.asynchttpclient.netty.request.NettyRequestSender - Using pooled Channel '[id: 0x27535f86, L:/127.0.0.1:64330 - R:localhost/127.0.0.1:23284]' for 'POST' to 'http://localhost:23284/session/830d92b298b49522c4491844a68d5079/execute/sync'
11:16:19.253 [Forwarding getPageSource on session 830d92b298b49522c4491844a68d5079 to remote] DEBUG org.asynchttpclient.netty.request.NettyRequestSender - Using open Channel [id: 0x27535f86, L:/127.0.0.1:64330 - R:localhost/127.0.0.1:23284] for POST '/session/830d92b298b49522c4491844a68d5079/execute/sync'
11:16:19.259 [AsyncHttpClient-1-8] DEBUG org.asynchttpclient.netty.handler.HttpHandler - 

Request DefaultHttpRequest(decodeResult: success, version: HTTP/1.1)
POST /session/830d92b298b49522c4491844a68d5079/execute/sync HTTP/1.1
User-Agent: selenium/4.7.1 (java windows)
Content-Length: 176
Content-Type: application/json; charset=utf-8
host: localhost:23284
accept: */*

Response DefaultHttpResponse(decodeResult: success, version: HTTP/1.1)
HTTP/1.1 200 OK
Content-Type: application/json; charset=utf-8
cache-control: no-cache
content-length: 4173

11:16:19.259 [AsyncHttpClient-1-8] DEBUG org.asynchttpclient.netty.channel.ChannelManager - Adding key: http://localhost:23284 for channel [id: 0x27535f86, L:/127.0.0.1:64330 - R:localhost/127.0.0.1:23284]
11:16:19.261 [Forwarding getCurrentUrl on session 830d92b298b49522c4491844a68d5079 to remote] DEBUG org.asynchttpclient.netty.request.NettyRequestSender - Using pooled Channel '[id: 0x27535f86, L:/127.0.0.1:64330 - R:localhost/127.0.0.1:23284]' for 'GET' to 'http://localhost:23284/session/830d92b298b49522c4491844a68d5079/url'
11:16:19.261 [Forwarding getCurrentUrl on session 830d92b298b49522c4491844a68d5079 to remote] DEBUG org.asynchttpclient.netty.request.NettyRequestSender - Using open Channel [id: 0x27535f86, L:/127.0.0.1:64330 - R:localhost/127.0.0.1:23284] for GET '/session/830d92b298b49522c4491844a68d5079/url'
11:16:19.264 [AsyncHttpClient-1-8] DEBUG org.asynchttpclient.netty.handler.HttpHandler - 

Request DefaultFullHttpRequest(decodeResult: success, version: HTTP/1.1, content: EmptyByteBufBE)
GET /session/830d92b298b49522c4491844a68d5079/url HTTP/1.1
User-Agent: selenium/4.7.1 (java windows)
Cache-Control: no-cache
Content-Type: application/json; charset=utf-8
host: localhost:23284
accept: */*

Response DefaultHttpResponse(decodeResult: success, version: HTTP/1.1)
HTTP/1.1 200 OK
Content-Type: application/json; charset=utf-8
cache-control: no-cache
content-length: 38

11:16:19.264 [AsyncHttpClient-1-8] DEBUG org.asynchttpclient.netty.channel.ChannelManager - Adding key: http://localhost:23284 for channel [id: 0x27535f86, L:/127.0.0.1:64330 - R:localhost/127.0.0.1:23284]
11:16:19.267 [Forwarding findElement on session 830d92b298b49522c4491844a68d5079 to remote] DEBUG org.asynchttpclient.netty.request.NettyRequestSender - Using pooled Channel '[id: 0x27535f86, L:/127.0.0.1:64330 - R:localhost/127.0.0.1:23284]' for 'POST' to 'http://localhost:23284/session/830d92b298b49522c4491844a68d5079/element'
11:16:19.267 [Forwarding findElement on session 830d92b298b49522c4491844a68d5079 to remote] DEBUG org.asynchttpclient.netty.request.NettyRequestSender - Using open Channel [id: 0x27535f86, L:/127.0.0.1:64330 - R:localhost/127.0.0.1:23284] for POST '/session/830d92b298b49522c4491844a68d5079/element'
11:16:19.278 [AsyncHttpClient-1-8] DEBUG org.asynchttpclient.netty.handler.HttpHandler - 

Request DefaultHttpRequest(decodeResult: success, version: HTTP/1.1)
POST /session/830d92b298b49522c4491844a68d5079/element HTTP/1.1
User-Agent: selenium/4.7.1 (java windows)
Content-Length: 53
Content-Type: application/json; charset=utf-8
host: localhost:23284
accept: */*

Response DefaultHttpResponse(decodeResult: success, version: HTTP/1.1)
HTTP/1.1 200 OK
Content-Type: application/json; charset=utf-8
cache-control: no-cache
content-length: 88

11:16:19.278 [AsyncHttpClient-1-8] DEBUG org.asynchttpclient.netty.channel.ChannelManager - Adding key: http://localhost:23284 for channel [id: 0x27535f86, L:/127.0.0.1:64330 - R:localhost/127.0.0.1:23284]
11:16:19.280 [Forwarding sendKeysToElement on session 830d92b298b49522c4491844a68d5079 to remote] DEBUG org.asynchttpclient.netty.request.NettyRequestSender - Using pooled Channel '[id: 0x27535f86, L:/127.0.0.1:64330 - R:localhost/127.0.0.1:23284]' for 'POST' to 'http://localhost:23284/session/830d92b298b49522c4491844a68d5079/element/7a9d35d5-f9e1-4a52-8a77-66d990b6eea9/value'
11:16:19.280 [Forwarding sendKeysToElement on session 830d92b298b49522c4491844a68d5079 to remote] DEBUG org.asynchttpclient.netty.request.NettyRequestSender - Using open Channel [id: 0x27535f86, L:/127.0.0.1:64330 - R:localhost/127.0.0.1:23284] for POST '/session/830d92b298b49522c4491844a68d5079/element/7a9d35d5-f9e1-4a52-8a77-66d990b6eea9/value'
11:16:19.327 [AsyncHttpClient-1-8] DEBUG org.asynchttpclient.netty.handler.HttpHandler - 

Request DefaultHttpRequest(decodeResult: success, version: HTTP/1.1)
POST /session/830d92b298b49522c4491844a68d5079/element/7a9d35d5-f9e1-4a52-8a77-66d990b6eea9/value HTTP/1.1
User-Agent: selenium/4.7.1 (java windows)
Content-Length: 201
Content-Type: application/json; charset=utf-8
host: localhost:23284
accept: */*

Response DefaultHttpResponse(decodeResult: success, version: HTTP/1.1)
HTTP/1.1 200 OK
Content-Type: application/json; charset=utf-8
cache-control: no-cache
content-length: 14

11:16:19.327 [AsyncHttpClient-1-8] DEBUG org.asynchttpclient.netty.channel.ChannelManager - Adding key: http://localhost:23284 for channel [id: 0x27535f86, L:/127.0.0.1:64330 - R:localhost/127.0.0.1:23284]
  &amp#27;[32mThen &amp#27;[0m&amp#27;[32mI fill password &amp#27;[0m&amp#27;[32m&amp#27;[1m"secret_sauce"&amp#27;[0m                 &amp#27;[90m# Class6BDD.steps.LoginSteps.iFillPassword(java.lang.String)&amp#27;[0m
11:16:19.333 [Forwarding getCurrentWindowHandle on session 830d92b298b49522c4491844a68d5079 to remote] DEBUG org.asynchttpclient.netty.request.NettyRequestSender - Using pooled Channel '[id: 0x27535f86, L:/127.0.0.1:64330 - R:localhost/127.0.0.1:23284]' for 'GET' to 'http://localhost:23284/session/830d92b298b49522c4491844a68d5079/window'
11:16:19.333 [Forwarding getCurrentWindowHandle on session 830d92b298b49522c4491844a68d5079 to remote] DEBUG org.asynchttpclient.netty.request.NettyRequestSender - Using open Channel [id: 0x27535f86, L:/127.0.0.1:64330 - R:localhost/127.0.0.1:23284] for GET '/session/830d92b298b49522c4491844a68d5079/window'
11:16:19.335 [AsyncHttpClient-1-8] DEBUG org.asynchttpclient.netty.handler.HttpHandler - 

Request DefaultFullHttpRequest(decodeResult: success, version: HTTP/1.1, content: EmptyByteBufBE)
GET /session/830d92b298b49522c4491844a68d5079/window HTTP/1.1
User-Agent: selenium/4.7.1 (java windows)
Cache-Control: no-cache
Content-Type: application/json; charset=utf-8
host: localhost:23284
accept: */*

Response DefaultHttpResponse(decodeResult: success, version: HTTP/1.1)
HTTP/1.1 200 OK
Content-Type: application/json; charset=utf-8
cache-control: no-cache
content-length: 53

11:16:19.335 [AsyncHttpClient-1-8] DEBUG org.asynchttpclient.netty.channel.ChannelManager - Adding key: http://localhost:23284 for channel [id: 0x27535f86, L:/127.0.0.1:64330 - R:localhost/127.0.0.1:23284]
11:16:19.336 [Forwarding getAlertText on session 830d92b298b49522c4491844a68d5079 to remote] DEBUG org.asynchttpclient.netty.request.NettyRequestSender - Using pooled Channel '[id: 0x27535f86, L:/127.0.0.1:64330 - R:localhost/127.0.0.1:23284]' for 'GET' to 'http://localhost:23284/session/830d92b298b49522c4491844a68d5079/alert/text'
11:16:19.336 [Forwarding getAlertText on session 830d92b298b49522c4491844a68d5079 to remote] DEBUG org.asynchttpclient.netty.request.NettyRequestSender - Using open Channel [id: 0x27535f86, L:/127.0.0.1:64330 - R:localhost/127.0.0.1:23284] for GET '/session/830d92b298b49522c4491844a68d5079/alert/text'
11:16:19.338 [AsyncHttpClient-1-8] DEBUG org.asynchttpclient.netty.handler.HttpHandler - 

Request DefaultFullHttpRequest(decodeResult: success, version: HTTP/1.1, content: EmptyByteBufBE)
GET /session/830d92b298b49522c4491844a68d5079/alert/text HTTP/1.1
User-Agent: selenium/4.7.1 (java windows)
Cache-Control: no-cache
Content-Type: application/json; charset=utf-8
host: localhost:23284
accept: */*

Response DefaultHttpResponse(decodeResult: success, version: HTTP/1.1)
HTTP/1.1 404 Not Found
Content-Type: application/json; charset=utf-8
cache-control: no-cache
content-length: 834

11:16:19.338 [AsyncHttpClient-1-8] DEBUG org.asynchttpclient.netty.channel.ChannelManager - Adding key: http://localhost:23284 for channel [id: 0x27535f86, L:/127.0.0.1:64330 - R:localhost/127.0.0.1:23284]
11:16:19.340 [Forwarding switchToWindow on session 830d92b298b49522c4491844a68d5079 to remote] DEBUG org.asynchttpclient.netty.request.NettyRequestSender - Using pooled Channel '[id: 0x27535f86, L:/127.0.0.1:64330 - R:localhost/127.0.0.1:23284]' for 'POST' to 'http://localhost:23284/session/830d92b298b49522c4491844a68d5079/window'
11:16:19.340 [Forwarding switchToWindow on session 830d92b298b49522c4491844a68d5079 to remote] DEBUG org.asynchttpclient.netty.request.NettyRequestSender - Using open Channel [id: 0x27535f86, L:/127.0.0.1:64330 - R:localhost/127.0.0.1:23284] for POST '/session/830d92b298b49522c4491844a68d5079/window'
11:16:19.342 [AsyncHttpClient-1-8] DEBUG org.asynchttpclient.netty.handler.HttpHandler - 

Request DefaultHttpRequest(decodeResult: success, version: HTTP/1.1)
POST /session/830d92b298b49522c4491844a68d5079/window HTTP/1.1
User-Agent: selenium/4.7.1 (java windows)
Content-Length: 59
Content-Type: application/json; charset=utf-8
host: localhost:23284
accept: */*

Response DefaultHttpResponse(decodeResult: success, version: HTTP/1.1)
HTTP/1.1 200 OK
Content-Type: application/json; charset=utf-8
cache-control: no-cache
content-length: 14

11:16:19.342 [AsyncHttpClient-1-8] DEBUG org.asynchttpclient.netty.channel.ChannelManager - Adding key: http://localhost:23284 for channel [id: 0x27535f86, L:/127.0.0.1:64330 - R:localhost/127.0.0.1:23284]
11:16:19.342 [Forwarding getCurrentUrl on session 830d92b298b49522c4491844a68d5079 to remote] DEBUG org.asynchttpclient.netty.request.NettyRequestSender - Using pooled Channel '[id: 0x27535f86, L:/127.0.0.1:64330 - R:localhost/127.0.0.1:23284]' for 'GET' to 'http://localhost:23284/session/830d92b298b49522c4491844a68d5079/url'
11:16:19.342 [Forwarding getCurrentUrl on session 830d92b298b49522c4491844a68d5079 to remote] DEBUG org.asynchttpclient.netty.request.NettyRequestSender - Using open Channel [id: 0x27535f86, L:/127.0.0.1:64330 - R:localhost/127.0.0.1:23284] for GET '/session/830d92b298b49522c4491844a68d5079/url'
11:16:19.345 [AsyncHttpClient-1-8] DEBUG org.asynchttpclient.netty.handler.HttpHandler - 

Request DefaultFullHttpRequest(decodeResult: success, version: HTTP/1.1, content: EmptyByteBufBE)
GET /session/830d92b298b49522c4491844a68d5079/url HTTP/1.1
User-Agent: selenium/4.7.1 (java windows)
Cache-Control: no-cache
Content-Type: application/json; charset=utf-8
host: localhost:23284
accept: */*

Response DefaultHttpResponse(decodeResult: success, version: HTTP/1.1)
HTTP/1.1 200 OK
Content-Type: application/json; charset=utf-8
cache-control: no-cache
content-length: 38

11:16:19.345 [AsyncHttpClient-1-8] DEBUG org.asynchttpclient.netty.channel.ChannelManager - Adding key: http://localhost:23284 for channel [id: 0x27535f86, L:/127.0.0.1:64330 - R:localhost/127.0.0.1:23284]
11:16:19.346 [Forwarding screenshot on session 830d92b298b49522c4491844a68d5079 to remote] DEBUG org.asynchttpclient.netty.request.NettyRequestSender - Using pooled Channel '[id: 0x27535f86, L:/127.0.0.1:64330 - R:localhost/127.0.0.1:23284]' for 'GET' to 'http://localhost:23284/session/830d92b298b49522c4491844a68d5079/screenshot'
11:16:19.346 [Forwarding screenshot on session 830d92b298b49522c4491844a68d5079 to remote] DEBUG org.asynchttpclient.netty.request.NettyRequestSender - Using open Channel [id: 0x27535f86, L:/127.0.0.1:64330 - R:localhost/127.0.0.1:23284] for GET '/session/830d92b298b49522c4491844a68d5079/screenshot'
11:16:19.535 [AsyncHttpClient-1-8] DEBUG org.asynchttpclient.netty.handler.HttpHandler - 

Request DefaultFullHttpRequest(decodeResult: success, version: HTTP/1.1, content: EmptyByteBufBE)
GET /session/830d92b298b49522c4491844a68d5079/screenshot HTTP/1.1
User-Agent: selenium/4.7.1 (java windows)
Cache-Control: no-cache
Content-Type: application/json; charset=utf-8
host: localhost:23284
accept: */*

Response DefaultHttpResponse(decodeResult: success, version: HTTP/1.1)
HTTP/1.1 200 OK
Content-Type: application/json; charset=utf-8
cache-control: no-cache
content-length: 79692

11:16:19.535 [AsyncHttpClient-1-8] DEBUG org.asynchttpclient.netty.channel.ChannelManager - Adding key: http://localhost:23284 for channel [id: 0x27535f86, L:/127.0.0.1:64330 - R:localhost/127.0.0.1:23284]
11:16:19.538 [main] DEBUG net.serenitybdd.core.photography.Darkroom - Send negative for processing for target\site\serenity\8c6f63fcb14352919fcdb8c076bcd1b21379ad33d10ce6571f23fa6472357aea.png
11:16:19.544 [Forwarding getPageSource on session 830d92b298b49522c4491844a68d5079 to remote] DEBUG org.asynchttpclient.netty.request.NettyRequestSender - Using pooled Channel '[id: 0x27535f86, L:/127.0.0.1:64330 - R:localhost/127.0.0.1:23284]' for 'POST' to 'http://localhost:23284/session/830d92b298b49522c4491844a68d5079/execute/sync'
11:16:19.544 [Forwarding getPageSource on session 830d92b298b49522c4491844a68d5079 to remote] DEBUG org.asynchttpclient.netty.request.NettyRequestSender - Using open Channel [id: 0x27535f86, L:/127.0.0.1:64330 - R:localhost/127.0.0.1:23284] for POST '/session/830d92b298b49522c4491844a68d5079/execute/sync'
11:16:19.548 [AsyncHttpClient-1-8] DEBUG org.asynchttpclient.netty.handler.HttpHandler - 

Request DefaultHttpRequest(decodeResult: success, version: HTTP/1.1)
POST /session/830d92b298b49522c4491844a68d5079/execute/sync HTTP/1.1
User-Agent: selenium/4.7.1 (java windows)
Content-Length: 176
Content-Type: application/json; charset=utf-8
host: localhost:23284
accept: */*

Response DefaultHttpResponse(decodeResult: success, version: HTTP/1.1)
HTTP/1.1 200 OK
Content-Type: application/json; charset=utf-8
cache-control: no-cache
content-length: 4185

11:16:19.548 [AsyncHttpClient-1-8] DEBUG org.asynchttpclient.netty.channel.ChannelManager - Adding key: http://localhost:23284 for channel [id: 0x27535f86, L:/127.0.0.1:64330 - R:localhost/127.0.0.1:23284]
11:16:19.550 [Forwarding getCurrentUrl on session 830d92b298b49522c4491844a68d5079 to remote] DEBUG org.asynchttpclient.netty.request.NettyRequestSender - Using pooled Channel '[id: 0x27535f86, L:/127.0.0.1:64330 - R:localhost/127.0.0.1:23284]' for 'GET' to 'http://localhost:23284/session/830d92b298b49522c4491844a68d5079/url'
11:16:19.550 [Forwarding getCurrentUrl on session 830d92b298b49522c4491844a68d5079 to remote] DEBUG org.asynchttpclient.netty.request.NettyRequestSender - Using open Channel [id: 0x27535f86, L:/127.0.0.1:64330 - R:localhost/127.0.0.1:23284] for GET '/session/830d92b298b49522c4491844a68d5079/url'
11:16:19.553 [AsyncHttpClient-1-8] DEBUG org.asynchttpclient.netty.handler.HttpHandler - 

Request DefaultFullHttpRequest(decodeResult: success, version: HTTP/1.1, content: EmptyByteBufBE)
GET /session/830d92b298b49522c4491844a68d5079/url HTTP/1.1
User-Agent: selenium/4.7.1 (java windows)
Cache-Control: no-cache
Content-Type: application/json; charset=utf-8
host: localhost:23284
accept: */*

Response DefaultHttpResponse(decodeResult: success, version: HTTP/1.1)
HTTP/1.1 200 OK
Content-Type: application/json; charset=utf-8
cache-control: no-cache
content-length: 38

11:16:19.554 [AsyncHttpClient-1-8] DEBUG org.asynchttpclient.netty.channel.ChannelManager - Adding key: http://localhost:23284 for channel [id: 0x27535f86, L:/127.0.0.1:64330 - R:localhost/127.0.0.1:23284]
11:16:19.557 [Forwarding findElement on session 830d92b298b49522c4491844a68d5079 to remote] DEBUG org.asynchttpclient.netty.request.NettyRequestSender - Using pooled Channel '[id: 0x27535f86, L:/127.0.0.1:64330 - R:localhost/127.0.0.1:23284]' for 'POST' to 'http://localhost:23284/session/830d92b298b49522c4491844a68d5079/element'
11:16:19.557 [Forwarding findElement on session 830d92b298b49522c4491844a68d5079 to remote] DEBUG org.asynchttpclient.netty.request.NettyRequestSender - Using open Channel [id: 0x27535f86, L:/127.0.0.1:64330 - R:localhost/127.0.0.1:23284] for POST '/session/830d92b298b49522c4491844a68d5079/element'
11:16:19.564 [AsyncHttpClient-1-8] DEBUG org.asynchttpclient.netty.handler.HttpHandler - 

Request DefaultHttpRequest(decodeResult: success, version: HTTP/1.1)
POST /session/830d92b298b49522c4491844a68d5079/element HTTP/1.1
User-Agent: selenium/4.7.1 (java windows)
Content-Length: 59
Content-Type: application/json; charset=utf-8
host: localhost:23284
accept: */*

Response DefaultHttpResponse(decodeResult: success, version: HTTP/1.1)
HTTP/1.1 200 OK
Content-Type: application/json; charset=utf-8
cache-control: no-cache
content-length: 88

11:16:19.565 [AsyncHttpClient-1-8] DEBUG org.asynchttpclient.netty.channel.ChannelManager - Adding key: http://localhost:23284 for channel [id: 0x27535f86, L:/127.0.0.1:64330 - R:localhost/127.0.0.1:23284]
11:16:19.566 [Forwarding clickElement on session 830d92b298b49522c4491844a68d5079 to remote] DEBUG org.asynchttpclient.netty.request.NettyRequestSender - Using pooled Channel '[id: 0x27535f86, L:/127.0.0.1:64330 - R:localhost/127.0.0.1:23284]' for 'POST' to 'http://localhost:23284/session/830d92b298b49522c4491844a68d5079/element/d408fc38-633f-4443-a490-29f6a02ff951/click'
11:16:19.566 [Forwarding clickElement on session 830d92b298b49522c4491844a68d5079 to remote] DEBUG org.asynchttpclient.netty.request.NettyRequestSender - Using open Channel [id: 0x27535f86, L:/127.0.0.1:64330 - R:localhost/127.0.0.1:23284] for POST '/session/830d92b298b49522c4491844a68d5079/element/d408fc38-633f-4443-a490-29f6a02ff951/click'
11:16:19.651 [AsyncHttpClient-1-8] DEBUG org.asynchttpclient.netty.handler.HttpHandler - 

Request DefaultHttpRequest(decodeResult: success, version: HTTP/1.1)
POST /session/830d92b298b49522c4491844a68d5079/element/d408fc38-633f-4443-a490-29f6a02ff951/click HTTP/1.1
User-Agent: selenium/4.7.1 (java windows)
Content-Length: 50
Content-Type: application/json; charset=utf-8
host: localhost:23284
accept: */*

Response DefaultHttpResponse(decodeResult: success, version: HTTP/1.1)
HTTP/1.1 200 OK
Content-Type: application/json; charset=utf-8
cache-control: no-cache
content-length: 14

11:16:19.651 [AsyncHttpClient-1-8] DEBUG org.asynchttpclient.netty.channel.ChannelManager - Adding key: http://localhost:23284 for channel [id: 0x27535f86, L:/127.0.0.1:64330 - R:localhost/127.0.0.1:23284]
  &amp#27;[32mThen &amp#27;[0m&amp#27;[32mI click on Login&amp#27;[0m                               &amp#27;[90m# Class6BDD.steps.LoginSteps.IClickLoginButton()&amp#27;[0m
11:16:19.657 [Forwarding getCurrentWindowHandle on session 830d92b298b49522c4491844a68d5079 to remote] DEBUG org.asynchttpclient.netty.request.NettyRequestSender - Using pooled Channel '[id: 0x27535f86, L:/127.0.0.1:64330 - R:localhost/127.0.0.1:23284]' for 'GET' to 'http://localhost:23284/session/830d92b298b49522c4491844a68d5079/window'
11:16:19.657 [Forwarding getCurrentWindowHandle on session 830d92b298b49522c4491844a68d5079 to remote] DEBUG org.asynchttpclient.netty.request.NettyRequestSender - Using open Channel [id: 0x27535f86, L:/127.0.0.1:64330 - R:localhost/127.0.0.1:23284] for GET '/session/830d92b298b49522c4491844a68d5079/window'
11:16:19.658 [AsyncHttpClient-1-8] DEBUG org.asynchttpclient.netty.handler.HttpHandler - 

Request DefaultFullHttpRequest(decodeResult: success, version: HTTP/1.1, content: EmptyByteBufBE)
GET /session/830d92b298b49522c4491844a68d5079/window HTTP/1.1
User-Agent: selenium/4.7.1 (java windows)
Cache-Control: no-cache
Content-Type: application/json; charset=utf-8
host: localhost:23284
accept: */*

Response DefaultHttpResponse(decodeResult: success, version: HTTP/1.1)
HTTP/1.1 200 OK
Content-Type: application/json; charset=utf-8
cache-control: no-cache
content-length: 53

11:16:19.658 [AsyncHttpClient-1-8] DEBUG org.asynchttpclient.netty.channel.ChannelManager - Adding key: http://localhost:23284 for channel [id: 0x27535f86, L:/127.0.0.1:64330 - R:localhost/127.0.0.1:23284]
11:16:19.659 [Forwarding getAlertText on session 830d92b298b49522c4491844a68d5079 to remote] DEBUG org.asynchttpclient.netty.request.NettyRequestSender - Using pooled Channel '[id: 0x27535f86, L:/127.0.0.1:64330 - R:localhost/127.0.0.1:23284]' for 'GET' to 'http://localhost:23284/session/830d92b298b49522c4491844a68d5079/alert/text'
11:16:19.659 [Forwarding getAlertText on session 830d92b298b49522c4491844a68d5079 to remote] DEBUG org.asynchttpclient.netty.request.NettyRequestSender - Using open Channel [id: 0x27535f86, L:/127.0.0.1:64330 - R:localhost/127.0.0.1:23284] for GET '/session/830d92b298b49522c4491844a68d5079/alert/text'
11:16:19.660 [AsyncHttpClient-1-8] DEBUG org.asynchttpclient.netty.handler.HttpHandler - 

Request DefaultFullHttpRequest(decodeResult: success, version: HTTP/1.1, content: EmptyByteBufBE)
GET /session/830d92b298b49522c4491844a68d5079/alert/text HTTP/1.1
User-Agent: selenium/4.7.1 (java windows)
Cache-Control: no-cache
Content-Type: application/json; charset=utf-8
host: localhost:23284
accept: */*

Response DefaultHttpResponse(decodeResult: success, version: HTTP/1.1)
HTTP/1.1 404 Not Found
Content-Type: application/json; charset=utf-8
cache-control: no-cache
content-length: 834

11:16:19.660 [AsyncHttpClient-1-8] DEBUG org.asynchttpclient.netty.channel.ChannelManager - Adding key: http://localhost:23284 for channel [id: 0x27535f86, L:/127.0.0.1:64330 - R:localhost/127.0.0.1:23284]
11:16:19.661 [Forwarding switchToWindow on session 830d92b298b49522c4491844a68d5079 to remote] DEBUG org.asynchttpclient.netty.request.NettyRequestSender - Using pooled Channel '[id: 0x27535f86, L:/127.0.0.1:64330 - R:localhost/127.0.0.1:23284]' for 'POST' to 'http://localhost:23284/session/830d92b298b49522c4491844a68d5079/window'
11:16:19.661 [Forwarding switchToWindow on session 830d92b298b49522c4491844a68d5079 to remote] DEBUG org.asynchttpclient.netty.request.NettyRequestSender - Using open Channel [id: 0x27535f86, L:/127.0.0.1:64330 - R:localhost/127.0.0.1:23284] for POST '/session/830d92b298b49522c4491844a68d5079/window'
11:16:19.663 [AsyncHttpClient-1-8] DEBUG org.asynchttpclient.netty.handler.HttpHandler - 

Request DefaultHttpRequest(decodeResult: success, version: HTTP/1.1)
POST /session/830d92b298b49522c4491844a68d5079/window HTTP/1.1
User-Agent: selenium/4.7.1 (java windows)
Content-Length: 59
Content-Type: application/json; charset=utf-8
host: localhost:23284
accept: */*

Response DefaultHttpResponse(decodeResult: success, version: HTTP/1.1)
HTTP/1.1 200 OK
Content-Type: application/json; charset=utf-8
cache-control: no-cache
content-length: 14

11:16:19.663 [AsyncHttpClient-1-8] DEBUG org.asynchttpclient.netty.channel.ChannelManager - Adding key: http://localhost:23284 for channel [id: 0x27535f86, L:/127.0.0.1:64330 - R:localhost/127.0.0.1:23284]
11:16:19.663 [Forwarding getCurrentUrl on session 830d92b298b49522c4491844a68d5079 to remote] DEBUG org.asynchttpclient.netty.request.NettyRequestSender - Using pooled Channel '[id: 0x27535f86, L:/127.0.0.1:64330 - R:localhost/127.0.0.1:23284]' for 'GET' to 'http://localhost:23284/session/830d92b298b49522c4491844a68d5079/url'
11:16:19.663 [Forwarding getCurrentUrl on session 830d92b298b49522c4491844a68d5079 to remote] DEBUG org.asynchttpclient.netty.request.NettyRequestSender - Using open Channel [id: 0x27535f86, L:/127.0.0.1:64330 - R:localhost/127.0.0.1:23284] for GET '/session/830d92b298b49522c4491844a68d5079/url'
11:16:19.666 [AsyncHttpClient-1-8] DEBUG org.asynchttpclient.netty.handler.HttpHandler - 

Request DefaultFullHttpRequest(decodeResult: success, version: HTTP/1.1, content: EmptyByteBufBE)
GET /session/830d92b298b49522c4491844a68d5079/url HTTP/1.1
User-Agent: selenium/4.7.1 (java windows)
Cache-Control: no-cache
Content-Type: application/json; charset=utf-8
host: localhost:23284
accept: */*

Response DefaultHttpResponse(decodeResult: success, version: HTTP/1.1)
HTTP/1.1 200 OK
Content-Type: application/json; charset=utf-8
cache-control: no-cache
content-length: 52

11:16:19.666 [AsyncHttpClient-1-8] DEBUG org.asynchttpclient.netty.channel.ChannelManager - Adding key: http://localhost:23284 for channel [id: 0x27535f86, L:/127.0.0.1:64330 - R:localhost/127.0.0.1:23284]
11:16:19.666 [Forwarding screenshot on session 830d92b298b49522c4491844a68d5079 to remote] DEBUG org.asynchttpclient.netty.request.NettyRequestSender - Using pooled Channel '[id: 0x27535f86, L:/127.0.0.1:64330 - R:localhost/127.0.0.1:23284]' for 'GET' to 'http://localhost:23284/session/830d92b298b49522c4491844a68d5079/screenshot'
11:16:19.666 [Forwarding screenshot on session 830d92b298b49522c4491844a68d5079 to remote] DEBUG org.asynchttpclient.netty.request.NettyRequestSender - Using open Channel [id: 0x27535f86, L:/127.0.0.1:64330 - R:localhost/127.0.0.1:23284] for GET '/session/830d92b298b49522c4491844a68d5079/screenshot'
11:16:19.886 [AsyncHttpClient-1-1] DEBUG org.asynchttpclient.netty.channel.DefaultChannelPool - Entry count for : http://localhost:64331 : 1
11:16:20.066 [AsyncHttpClient-1-8] DEBUG org.asynchttpclient.netty.handler.HttpHandler - 

Request DefaultFullHttpRequest(decodeResult: success, version: HTTP/1.1, content: EmptyByteBufBE)
GET /session/830d92b298b49522c4491844a68d5079/screenshot HTTP/1.1
User-Agent: selenium/4.7.1 (java windows)
Cache-Control: no-cache
Content-Type: application/json; charset=utf-8
host: localhost:23284
accept: */*

Response DefaultHttpResponse(decodeResult: success, version: HTTP/1.1)
HTTP/1.1 200 OK
Content-Type: application/json; charset=utf-8
cache-control: no-cache
content-length: 864432

11:16:20.073 [AsyncHttpClient-1-8] DEBUG org.asynchttpclient.netty.channel.ChannelManager - Adding key: http://localhost:23284 for channel [id: 0x27535f86, L:/127.0.0.1:64330 - R:localhost/127.0.0.1:23284]
11:16:20.095 [main] DEBUG net.serenitybdd.core.photography.Darkroom - Send negative for processing for target\site\serenity\6c97ac4a99088a602f07984e966d0ef82e4e8c88bd79fe2d507860854f688f2b.png
11:16:20.100 [Forwarding getPageSource on session 830d92b298b49522c4491844a68d5079 to remote] DEBUG org.asynchttpclient.netty.request.NettyRequestSender - Using pooled Channel '[id: 0x27535f86, L:/127.0.0.1:64330 - R:localhost/127.0.0.1:23284]' for 'POST' to 'http://localhost:23284/session/830d92b298b49522c4491844a68d5079/execute/sync'
11:16:20.100 [Forwarding getPageSource on session 830d92b298b49522c4491844a68d5079 to remote] DEBUG org.asynchttpclient.netty.request.NettyRequestSender - Using open Channel [id: 0x27535f86, L:/127.0.0.1:64330 - R:localhost/127.0.0.1:23284] for POST '/session/830d92b298b49522c4491844a68d5079/execute/sync'
11:16:20.104 [AsyncHttpClient-1-8] DEBUG org.asynchttpclient.netty.handler.HttpHandler - 

Request DefaultHttpRequest(decodeResult: success, version: HTTP/1.1)
POST /session/830d92b298b49522c4491844a68d5079/execute/sync HTTP/1.1
User-Agent: selenium/4.7.1 (java windows)
Content-Length: 176
Content-Type: application/json; charset=utf-8
host: localhost:23284
accept: */*

Response DefaultHttpResponse(decodeResult: success, version: HTTP/1.1)
HTTP/1.1 200 OK
Content-Type: application/json; charset=utf-8
cache-control: no-cache
content-length: 15254

11:16:20.104 [AsyncHttpClient-1-8] DEBUG org.asynchttpclient.netty.channel.ChannelManager - Adding key: http://localhost:23284 for channel [id: 0x27535f86, L:/127.0.0.1:64330 - R:localhost/127.0.0.1:23284]
11:16:20.107 [Forwarding getCurrentUrl on session 830d92b298b49522c4491844a68d5079 to remote] DEBUG org.asynchttpclient.netty.request.NettyRequestSender - Using pooled Channel '[id: 0x27535f86, L:/127.0.0.1:64330 - R:localhost/127.0.0.1:23284]' for 'GET' to 'http://localhost:23284/session/830d92b298b49522c4491844a68d5079/url'
11:16:20.107 [Forwarding getCurrentUrl on session 830d92b298b49522c4491844a68d5079 to remote] DEBUG org.asynchttpclient.netty.request.NettyRequestSender - Using open Channel [id: 0x27535f86, L:/127.0.0.1:64330 - R:localhost/127.0.0.1:23284] for GET '/session/830d92b298b49522c4491844a68d5079/url'
11:16:20.111 [AsyncHttpClient-1-8] DEBUG org.asynchttpclient.netty.handler.HttpHandler - 

Request DefaultFullHttpRequest(decodeResult: success, version: HTTP/1.1, content: EmptyByteBufBE)
GET /session/830d92b298b49522c4491844a68d5079/url HTTP/1.1
User-Agent: selenium/4.7.1 (java windows)
Cache-Control: no-cache
Content-Type: application/json; charset=utf-8
host: localhost:23284
accept: */*

Response DefaultHttpResponse(decodeResult: success, version: HTTP/1.1)
HTTP/1.1 200 OK
Content-Type: application/json; charset=utf-8
cache-control: no-cache
content-length: 52

11:16:20.111 [AsyncHttpClient-1-8] DEBUG org.asynchttpclient.netty.channel.ChannelManager - Adding key: http://localhost:23284 for channel [id: 0x27535f86, L:/127.0.0.1:64330 - R:localhost/127.0.0.1:23284]
11:16:20.114 [Forwarding maximizeCurrentWindow on session 830d92b298b49522c4491844a68d5079 to remote] DEBUG org.asynchttpclient.netty.request.NettyRequestSender - Using pooled Channel '[id: 0x27535f86, L:/127.0.0.1:64330 - R:localhost/127.0.0.1:23284]' for 'POST' to 'http://localhost:23284/session/830d92b298b49522c4491844a68d5079/window/maximize'
11:16:20.114 [Forwarding maximizeCurrentWindow on session 830d92b298b49522c4491844a68d5079 to remote] DEBUG org.asynchttpclient.netty.request.NettyRequestSender - Using open Channel [id: 0x27535f86, L:/127.0.0.1:64330 - R:localhost/127.0.0.1:23284] for POST '/session/830d92b298b49522c4491844a68d5079/window/maximize'
11:16:20.117 [AsyncHttpClient-1-8] DEBUG org.asynchttpclient.netty.handler.HttpHandler - 

Request DefaultHttpRequest(decodeResult: success, version: HTTP/1.1)
POST /session/830d92b298b49522c4491844a68d5079/window/maximize HTTP/1.1
User-Agent: selenium/4.7.1 (java windows)
Content-Length: 3
Content-Type: application/json; charset=utf-8
host: localhost:23284
accept: */*

Response DefaultHttpResponse(decodeResult: success, version: HTTP/1.1)
HTTP/1.1 200 OK
Content-Type: application/json; charset=utf-8
cache-control: no-cache
content-length: 50

11:16:20.118 [AsyncHttpClient-1-8] DEBUG org.asynchttpclient.netty.channel.ChannelManager - Adding key: http://localhost:23284 for channel [id: 0x27535f86, L:/127.0.0.1:64330 - R:localhost/127.0.0.1:23284]
11:16:20.133 [Forwarding findElement on session 830d92b298b49522c4491844a68d5079 to remote] DEBUG org.asynchttpclient.netty.request.NettyRequestSender - Using pooled Channel '[id: 0x27535f86, L:/127.0.0.1:64330 - R:localhost/127.0.0.1:23284]' for 'POST' to 'http://localhost:23284/session/830d92b298b49522c4491844a68d5079/element'
11:16:20.133 [Forwarding findElement on session 830d92b298b49522c4491844a68d5079 to remote] DEBUG org.asynchttpclient.netty.request.NettyRequestSender - Using open Channel [id: 0x27535f86, L:/127.0.0.1:64330 - R:localhost/127.0.0.1:23284] for POST '/session/830d92b298b49522c4491844a68d5079/element'
11:16:20.145 [AsyncHttpClient-1-8] DEBUG org.asynchttpclient.netty.handler.HttpHandler - 

Request DefaultHttpRequest(decodeResult: success, version: HTTP/1.1)
POST /session/830d92b298b49522c4491844a68d5079/element HTTP/1.1
User-Agent: selenium/4.7.1 (java windows)
Content-Length: 91
Content-Type: application/json; charset=utf-8
host: localhost:23284
accept: */*

Response DefaultHttpResponse(decodeResult: success, version: HTTP/1.1)
HTTP/1.1 200 OK
Content-Type: application/json; charset=utf-8
cache-control: no-cache
content-length: 88

11:16:20.146 [AsyncHttpClient-1-8] DEBUG org.asynchttpclient.netty.channel.ChannelManager - Adding key: http://localhost:23284 for channel [id: 0x27535f86, L:/127.0.0.1:64330 - R:localhost/127.0.0.1:23284]
11:16:20.150 [Forwarding isElementDisplayed on session 830d92b298b49522c4491844a68d5079 to remote] DEBUG org.asynchttpclient.netty.request.NettyRequestSender - Using pooled Channel '[id: 0x27535f86, L:/127.0.0.1:64330 - R:localhost/127.0.0.1:23284]' for 'POST' to 'http://localhost:23284/session/830d92b298b49522c4491844a68d5079/execute/sync'
11:16:20.150 [Forwarding isElementDisplayed on session 830d92b298b49522c4491844a68d5079 to remote] DEBUG org.asynchttpclient.netty.request.NettyRequestSender - Using open Channel [id: 0x27535f86, L:/127.0.0.1:64330 - R:localhost/127.0.0.1:23284] for POST '/session/830d92b298b49522c4491844a68d5079/execute/sync'
11:16:20.159 [AsyncHttpClient-1-8] DEBUG org.asynchttpclient.netty.handler.HttpHandler - 

Request DefaultHttpRequest(decodeResult: success, version: HTTP/1.1)
POST /session/830d92b298b49522c4491844a68d5079/execute/sync HTTP/1.1
User-Agent: selenium/4.7.1 (java windows)
Content-Length: 48780
Content-Type: application/json; charset=utf-8
host: localhost:23284
accept: */*

Response DefaultHttpResponse(decodeResult: success, version: HTTP/1.1)
HTTP/1.1 200 OK
Content-Type: application/json; charset=utf-8
cache-control: no-cache
content-length: 14

11:16:20.159 [AsyncHttpClient-1-8] DEBUG org.asynchttpclient.netty.channel.ChannelManager - Adding key: http://localhost:23284 for channel [id: 0x27535f86, L:/127.0.0.1:64330 - R:localhost/127.0.0.1:23284]
11:16:20.161 [Forwarding findElement on session 830d92b298b49522c4491844a68d5079 to remote] DEBUG org.asynchttpclient.netty.request.NettyRequestSender - Using pooled Channel '[id: 0x27535f86, L:/127.0.0.1:64330 - R:localhost/127.0.0.1:23284]' for 'POST' to 'http://localhost:23284/session/830d92b298b49522c4491844a68d5079/element'
11:16:20.161 [Forwarding findElement on session 830d92b298b49522c4491844a68d5079 to remote] DEBUG org.asynchttpclient.netty.request.NettyRequestSender - Using open Channel [id: 0x27535f86, L:/127.0.0.1:64330 - R:localhost/127.0.0.1:23284] for POST '/session/830d92b298b49522c4491844a68d5079/element'
11:16:20.167 [AsyncHttpClient-1-8] DEBUG org.asynchttpclient.netty.handler.HttpHandler - 

Request DefaultHttpRequest(decodeResult: success, version: HTTP/1.1)
POST /session/830d92b298b49522c4491844a68d5079/element HTTP/1.1
User-Agent: selenium/4.7.1 (java windows)
Content-Length: 91
Content-Type: application/json; charset=utf-8
host: localhost:23284
accept: */*

Response DefaultHttpResponse(decodeResult: success, version: HTTP/1.1)
HTTP/1.1 200 OK
Content-Type: application/json; charset=utf-8
cache-control: no-cache
content-length: 88

11:16:20.167 [AsyncHttpClient-1-8] DEBUG org.asynchttpclient.netty.channel.ChannelManager - Adding key: http://localhost:23284 for channel [id: 0x27535f86, L:/127.0.0.1:64330 - R:localhost/127.0.0.1:23284]
11:16:20.168 [Forwarding isElementEnabled on session 830d92b298b49522c4491844a68d5079 to remote] DEBUG org.asynchttpclient.netty.request.NettyRequestSender - Using pooled Channel '[id: 0x27535f86, L:/127.0.0.1:64330 - R:localhost/127.0.0.1:23284]' for 'GET' to 'http://localhost:23284/session/830d92b298b49522c4491844a68d5079/element/aaddd6df-953f-474d-9d81-8637137584b0/enabled'
11:16:20.168 [Forwarding isElementEnabled on session 830d92b298b49522c4491844a68d5079 to remote] DEBUG org.asynchttpclient.netty.request.NettyRequestSender - Using open Channel [id: 0x27535f86, L:/127.0.0.1:64330 - R:localhost/127.0.0.1:23284] for GET '/session/830d92b298b49522c4491844a68d5079/element/aaddd6df-953f-474d-9d81-8637137584b0/enabled'
11:16:20.176 [AsyncHttpClient-1-8] DEBUG org.asynchttpclient.netty.handler.HttpHandler - 

Request DefaultFullHttpRequest(decodeResult: success, version: HTTP/1.1, content: EmptyByteBufBE)
GET /session/830d92b298b49522c4491844a68d5079/element/aaddd6df-953f-474d-9d81-8637137584b0/enabled HTTP/1.1
User-Agent: selenium/4.7.1 (java windows)
Cache-Control: no-cache
Content-Type: application/json; charset=utf-8
host: localhost:23284
accept: */*

Response DefaultHttpResponse(decodeResult: success, version: HTTP/1.1)
HTTP/1.1 200 OK
Content-Type: application/json; charset=utf-8
cache-control: no-cache
content-length: 14

11:16:20.176 [AsyncHttpClient-1-8] DEBUG org.asynchttpclient.netty.channel.ChannelManager - Adding key: http://localhost:23284 for channel [id: 0x27535f86, L:/127.0.0.1:64330 - R:localhost/127.0.0.1:23284]
11:16:20.177 [Forwarding findElement on session 830d92b298b49522c4491844a68d5079 to remote] DEBUG org.asynchttpclient.netty.request.NettyRequestSender - Using pooled Channel '[id: 0x27535f86, L:/127.0.0.1:64330 - R:localhost/127.0.0.1:23284]' for 'POST' to 'http://localhost:23284/session/830d92b298b49522c4491844a68d5079/element'
11:16:20.178 [Forwarding findElement on session 830d92b298b49522c4491844a68d5079 to remote] DEBUG org.asynchttpclient.netty.request.NettyRequestSender - Using open Channel [id: 0x27535f86, L:/127.0.0.1:64330 - R:localhost/127.0.0.1:23284] for POST '/session/830d92b298b49522c4491844a68d5079/element'
11:16:20.184 [AsyncHttpClient-1-8] DEBUG org.asynchttpclient.netty.handler.HttpHandler - 

Request DefaultHttpRequest(decodeResult: success, version: HTTP/1.1)
POST /session/830d92b298b49522c4491844a68d5079/element HTTP/1.1
User-Agent: selenium/4.7.1 (java windows)
Content-Length: 91
Content-Type: application/json; charset=utf-8
host: localhost:23284
accept: */*

Response DefaultHttpResponse(decodeResult: success, version: HTTP/1.1)
HTTP/1.1 200 OK
Content-Type: application/json; charset=utf-8
cache-control: no-cache
content-length: 88

11:16:20.184 [AsyncHttpClient-1-8] DEBUG org.asynchttpclient.netty.channel.ChannelManager - Adding key: http://localhost:23284 for channel [id: 0x27535f86, L:/127.0.0.1:64330 - R:localhost/127.0.0.1:23284]
11:16:20.186 [Forwarding clickElement on session 830d92b298b49522c4491844a68d5079 to remote] DEBUG org.asynchttpclient.netty.request.NettyRequestSender - Using pooled Channel '[id: 0x27535f86, L:/127.0.0.1:64330 - R:localhost/127.0.0.1:23284]' for 'POST' to 'http://localhost:23284/session/830d92b298b49522c4491844a68d5079/element/aaddd6df-953f-474d-9d81-8637137584b0/click'
11:16:20.186 [Forwarding clickElement on session 830d92b298b49522c4491844a68d5079 to remote] DEBUG org.asynchttpclient.netty.request.NettyRequestSender - Using open Channel [id: 0x27535f86, L:/127.0.0.1:64330 - R:localhost/127.0.0.1:23284] for POST '/session/830d92b298b49522c4491844a68d5079/element/aaddd6df-953f-474d-9d81-8637137584b0/click'
11:16:20.216 [AsyncHttpClient-1-8] DEBUG org.asynchttpclient.netty.handler.HttpHandler - 

Request DefaultHttpRequest(decodeResult: success, version: HTTP/1.1)
POST /session/830d92b298b49522c4491844a68d5079/element/aaddd6df-953f-474d-9d81-8637137584b0/click HTTP/1.1
User-Agent: selenium/4.7.1 (java windows)
Content-Length: 50
Content-Type: application/json; charset=utf-8
host: localhost:23284
accept: */*

Response DefaultHttpResponse(decodeResult: success, version: HTTP/1.1)
HTTP/1.1 200 OK
Content-Type: application/json; charset=utf-8
cache-control: no-cache
content-length: 14

11:16:20.216 [AsyncHttpClient-1-8] DEBUG org.asynchttpclient.netty.channel.ChannelManager - Adding key: http://localhost:23284 for channel [id: 0x27535f86, L:/127.0.0.1:64330 - R:localhost/127.0.0.1:23284]
  &amp#27;[32mThen &amp#27;[0m&amp#27;[32mI click on Sauce Labs Backpack&amp#27;[0m                 &amp#27;[90m# Class6BDD.steps.ProductSteps.iClickOnSauceLabsBackpack()&amp#27;[0m
11:16:20.221 [Forwarding getCurrentWindowHandle on session 830d92b298b49522c4491844a68d5079 to remote] DEBUG org.asynchttpclient.netty.request.NettyRequestSender - Using pooled Channel '[id: 0x27535f86, L:/127.0.0.1:64330 - R:localhost/127.0.0.1:23284]' for 'GET' to 'http://localhost:23284/session/830d92b298b49522c4491844a68d5079/window'
11:16:20.221 [Forwarding getCurrentWindowHandle on session 830d92b298b49522c4491844a68d5079 to remote] DEBUG org.asynchttpclient.netty.request.NettyRequestSender - Using open Channel [id: 0x27535f86, L:/127.0.0.1:64330 - R:localhost/127.0.0.1:23284] for GET '/session/830d92b298b49522c4491844a68d5079/window'
11:16:20.222 [AsyncHttpClient-1-8] DEBUG org.asynchttpclient.netty.handler.HttpHandler - 

Request DefaultFullHttpRequest(decodeResult: success, version: HTTP/1.1, content: EmptyByteBufBE)
GET /session/830d92b298b49522c4491844a68d5079/window HTTP/1.1
User-Agent: selenium/4.7.1 (java windows)
Cache-Control: no-cache
Content-Type: application/json; charset=utf-8
host: localhost:23284
accept: */*

Response DefaultHttpResponse(decodeResult: success, version: HTTP/1.1)
HTTP/1.1 200 OK
Content-Type: application/json; charset=utf-8
cache-control: no-cache
content-length: 53

11:16:20.222 [AsyncHttpClient-1-8] DEBUG org.asynchttpclient.netty.channel.ChannelManager - Adding key: http://localhost:23284 for channel [id: 0x27535f86, L:/127.0.0.1:64330 - R:localhost/127.0.0.1:23284]
11:16:20.223 [Forwarding getAlertText on session 830d92b298b49522c4491844a68d5079 to remote] DEBUG org.asynchttpclient.netty.request.NettyRequestSender - Using pooled Channel '[id: 0x27535f86, L:/127.0.0.1:64330 - R:localhost/127.0.0.1:23284]' for 'GET' to 'http://localhost:23284/session/830d92b298b49522c4491844a68d5079/alert/text'
11:16:20.223 [Forwarding getAlertText on session 830d92b298b49522c4491844a68d5079 to remote] DEBUG org.asynchttpclient.netty.request.NettyRequestSender - Using open Channel [id: 0x27535f86, L:/127.0.0.1:64330 - R:localhost/127.0.0.1:23284] for GET '/session/830d92b298b49522c4491844a68d5079/alert/text'
11:16:20.225 [AsyncHttpClient-1-8] DEBUG org.asynchttpclient.netty.handler.HttpHandler - 

Request DefaultFullHttpRequest(decodeResult: success, version: HTTP/1.1, content: EmptyByteBufBE)
GET /session/830d92b298b49522c4491844a68d5079/alert/text HTTP/1.1
User-Agent: selenium/4.7.1 (java windows)
Cache-Control: no-cache
Content-Type: application/json; charset=utf-8
host: localhost:23284
accept: */*

Response DefaultHttpResponse(decodeResult: success, version: HTTP/1.1)
HTTP/1.1 404 Not Found
Content-Type: application/json; charset=utf-8
cache-control: no-cache
content-length: 834

11:16:20.225 [AsyncHttpClient-1-8] DEBUG org.asynchttpclient.netty.channel.ChannelManager - Adding key: http://localhost:23284 for channel [id: 0x27535f86, L:/127.0.0.1:64330 - R:localhost/127.0.0.1:23284]
11:16:20.227 [Forwarding switchToWindow on session 830d92b298b49522c4491844a68d5079 to remote] DEBUG org.asynchttpclient.netty.request.NettyRequestSender - Using pooled Channel '[id: 0x27535f86, L:/127.0.0.1:64330 - R:localhost/127.0.0.1:23284]' for 'POST' to 'http://localhost:23284/session/830d92b298b49522c4491844a68d5079/window'
11:16:20.227 [Forwarding switchToWindow on session 830d92b298b49522c4491844a68d5079 to remote] DEBUG org.asynchttpclient.netty.request.NettyRequestSender - Using open Channel [id: 0x27535f86, L:/127.0.0.1:64330 - R:localhost/127.0.0.1:23284] for POST '/session/830d92b298b49522c4491844a68d5079/window'
11:16:20.228 [AsyncHttpClient-1-8] DEBUG org.asynchttpclient.netty.handler.HttpHandler - 

Request DefaultHttpRequest(decodeResult: success, version: HTTP/1.1)
POST /session/830d92b298b49522c4491844a68d5079/window HTTP/1.1
User-Agent: selenium/4.7.1 (java windows)
Content-Length: 59
Content-Type: application/json; charset=utf-8
host: localhost:23284
accept: */*

Response DefaultHttpResponse(decodeResult: success, version: HTTP/1.1)
HTTP/1.1 200 OK
Content-Type: application/json; charset=utf-8
cache-control: no-cache
content-length: 14

11:16:20.229 [AsyncHttpClient-1-8] DEBUG org.asynchttpclient.netty.channel.ChannelManager - Adding key: http://localhost:23284 for channel [id: 0x27535f86, L:/127.0.0.1:64330 - R:localhost/127.0.0.1:23284]
11:16:20.230 [Forwarding getCurrentUrl on session 830d92b298b49522c4491844a68d5079 to remote] DEBUG org.asynchttpclient.netty.request.NettyRequestSender - Using pooled Channel '[id: 0x27535f86, L:/127.0.0.1:64330 - R:localhost/127.0.0.1:23284]' for 'GET' to 'http://localhost:23284/session/830d92b298b49522c4491844a68d5079/url'
11:16:20.230 [Forwarding getCurrentUrl on session 830d92b298b49522c4491844a68d5079 to remote] DEBUG org.asynchttpclient.netty.request.NettyRequestSender - Using open Channel [id: 0x27535f86, L:/127.0.0.1:64330 - R:localhost/127.0.0.1:23284] for GET '/session/830d92b298b49522c4491844a68d5079/url'
11:16:20.233 [AsyncHttpClient-1-8] DEBUG org.asynchttpclient.netty.handler.HttpHandler - 

Request DefaultFullHttpRequest(decodeResult: success, version: HTTP/1.1, content: EmptyByteBufBE)
GET /session/830d92b298b49522c4491844a68d5079/url HTTP/1.1
User-Agent: selenium/4.7.1 (java windows)
Cache-Control: no-cache
Content-Type: application/json; charset=utf-8
host: localhost:23284
accept: */*

Response DefaultHttpResponse(decodeResult: success, version: HTTP/1.1)
HTTP/1.1 200 OK
Content-Type: application/json; charset=utf-8
cache-control: no-cache
content-length: 52

11:16:20.233 [AsyncHttpClient-1-8] DEBUG org.asynchttpclient.netty.channel.ChannelManager - Adding key: http://localhost:23284 for channel [id: 0x27535f86, L:/127.0.0.1:64330 - R:localhost/127.0.0.1:23284]
11:16:20.234 [Forwarding screenshot on session 830d92b298b49522c4491844a68d5079 to remote] DEBUG org.asynchttpclient.netty.request.NettyRequestSender - Using pooled Channel '[id: 0x27535f86, L:/127.0.0.1:64330 - R:localhost/127.0.0.1:23284]' for 'GET' to 'http://localhost:23284/session/830d92b298b49522c4491844a68d5079/screenshot'
11:16:20.234 [Forwarding screenshot on session 830d92b298b49522c4491844a68d5079 to remote] DEBUG org.asynchttpclient.netty.request.NettyRequestSender - Using open Channel [id: 0x27535f86, L:/127.0.0.1:64330 - R:localhost/127.0.0.1:23284] for GET '/session/830d92b298b49522c4491844a68d5079/screenshot'
11:16:20.500 [AsyncHttpClient-1-8] DEBUG org.asynchttpclient.netty.handler.HttpHandler - 

Request DefaultFullHttpRequest(decodeResult: success, version: HTTP/1.1, content: EmptyByteBufBE)
GET /session/830d92b298b49522c4491844a68d5079/screenshot HTTP/1.1
User-Agent: selenium/4.7.1 (java windows)
Cache-Control: no-cache
Content-Type: application/json; charset=utf-8
host: localhost:23284
accept: */*

Response DefaultHttpResponse(decodeResult: success, version: HTTP/1.1)
HTTP/1.1 200 OK
Content-Type: application/json; charset=utf-8
cache-control: no-cache
content-length: 865624

11:16:20.503 [AsyncHttpClient-1-8] DEBUG org.asynchttpclient.netty.channel.ChannelManager - Adding key: http://localhost:23284 for channel [id: 0x27535f86, L:/127.0.0.1:64330 - R:localhost/127.0.0.1:23284]
11:16:20.517 [main] DEBUG net.serenitybdd.core.photography.Darkroom - Send negative for processing for target\site\serenity\96559d48b71841caaa38346ae72b0feb03f88cb231a399a3ee8aa7d642e2434a.png
11:16:20.517 [Darkroom Processing Line] DEBUG net.serenitybdd.core.photography.DarkroomProcessingLine - Processing screenshot image in /var/screenshots/screenshot-396078110984964922
11:16:20.517 [Darkroom Processing Line] DEBUG net.serenitybdd.core.photography.DarkroomProcessingLine - Saving screenshot to target\site\serenity\96559d48b71841caaa38346ae72b0feb03f88cb231a399a3ee8aa7d642e2434a.png
11:16:20.521 [Forwarding getPageSource on session 830d92b298b49522c4491844a68d5079 to remote] DEBUG org.asynchttpclient.netty.request.NettyRequestSender - Using pooled Channel '[id: 0x27535f86, L:/127.0.0.1:64330 - R:localhost/127.0.0.1:23284]' for 'POST' to 'http://localhost:23284/session/830d92b298b49522c4491844a68d5079/execute/sync'
11:16:20.521 [Forwarding getPageSource on session 830d92b298b49522c4491844a68d5079 to remote] DEBUG org.asynchttpclient.netty.request.NettyRequestSender - Using open Channel [id: 0x27535f86, L:/127.0.0.1:64330 - R:localhost/127.0.0.1:23284] for POST '/session/830d92b298b49522c4491844a68d5079/execute/sync'
11:16:20.526 [AsyncHttpClient-1-8] DEBUG org.asynchttpclient.netty.handler.HttpHandler - 

Request DefaultHttpRequest(decodeResult: success, version: HTTP/1.1)
POST /session/830d92b298b49522c4491844a68d5079/execute/sync HTTP/1.1
User-Agent: selenium/4.7.1 (java windows)
Content-Length: 176
Content-Type: application/json; charset=utf-8
host: localhost:23284
accept: */*

Response DefaultHttpResponse(decodeResult: success, version: HTTP/1.1)
HTTP/1.1 200 OK
Content-Type: application/json; charset=utf-8
cache-control: no-cache
content-length: 15306

11:16:20.526 [AsyncHttpClient-1-8] DEBUG org.asynchttpclient.netty.channel.ChannelManager - Adding key: http://localhost:23284 for channel [id: 0x27535f86, L:/127.0.0.1:64330 - R:localhost/127.0.0.1:23284]
11:16:20.530 [Forwarding getCurrentUrl on session 830d92b298b49522c4491844a68d5079 to remote] DEBUG org.asynchttpclient.netty.request.NettyRequestSender - Using pooled Channel '[id: 0x27535f86, L:/127.0.0.1:64330 - R:localhost/127.0.0.1:23284]' for 'GET' to 'http://localhost:23284/session/830d92b298b49522c4491844a68d5079/url'
11:16:20.530 [Forwarding getCurrentUrl on session 830d92b298b49522c4491844a68d5079 to remote] DEBUG org.asynchttpclient.netty.request.NettyRequestSender - Using open Channel [id: 0x27535f86, L:/127.0.0.1:64330 - R:localhost/127.0.0.1:23284] for GET '/session/830d92b298b49522c4491844a68d5079/url'
11:16:20.532 [AsyncHttpClient-1-8] DEBUG org.asynchttpclient.netty.handler.HttpHandler - 

Request DefaultFullHttpRequest(decodeResult: success, version: HTTP/1.1, content: EmptyByteBufBE)
GET /session/830d92b298b49522c4491844a68d5079/url HTTP/1.1
User-Agent: selenium/4.7.1 (java windows)
Cache-Control: no-cache
Content-Type: application/json; charset=utf-8
host: localhost:23284
accept: */*

Response DefaultHttpResponse(decodeResult: success, version: HTTP/1.1)
HTTP/1.1 200 OK
Content-Type: application/json; charset=utf-8
cache-control: no-cache
content-length: 52

11:16:20.532 [AsyncHttpClient-1-8] DEBUG org.asynchttpclient.netty.channel.ChannelManager - Adding key: http://localhost:23284 for channel [id: 0x27535f86, L:/127.0.0.1:64330 - R:localhost/127.0.0.1:23284]
11:16:20.539 [Forwarding findElement on session 830d92b298b49522c4491844a68d5079 to remote] DEBUG org.asynchttpclient.netty.request.NettyRequestSender - Using pooled Channel '[id: 0x27535f86, L:/127.0.0.1:64330 - R:localhost/127.0.0.1:23284]' for 'POST' to 'http://localhost:23284/session/830d92b298b49522c4491844a68d5079/element'
11:16:20.539 [Forwarding findElement on session 830d92b298b49522c4491844a68d5079 to remote] DEBUG org.asynchttpclient.netty.request.NettyRequestSender - Using open Channel [id: 0x27535f86, L:/127.0.0.1:64330 - R:localhost/127.0.0.1:23284] for POST '/session/830d92b298b49522c4491844a68d5079/element'
11:16:20.547 [AsyncHttpClient-1-8] DEBUG org.asynchttpclient.netty.handler.HttpHandler - 

Request DefaultHttpRequest(decodeResult: success, version: HTTP/1.1)
POST /session/830d92b298b49522c4491844a68d5079/element HTTP/1.1
User-Agent: selenium/4.7.1 (java windows)
Content-Length: 86
Content-Type: application/json; charset=utf-8
host: localhost:23284
accept: */*

Response DefaultHttpResponse(decodeResult: success, version: HTTP/1.1)
HTTP/1.1 200 OK
Content-Type: application/json; charset=utf-8
cache-control: no-cache
content-length: 88

11:16:20.547 [AsyncHttpClient-1-8] DEBUG org.asynchttpclient.netty.channel.ChannelManager - Adding key: http://localhost:23284 for channel [id: 0x27535f86, L:/127.0.0.1:64330 - R:localhost/127.0.0.1:23284]
11:16:20.548 [Forwarding getElementText on session 830d92b298b49522c4491844a68d5079 to remote] DEBUG org.asynchttpclient.netty.request.NettyRequestSender - Using pooled Channel '[id: 0x27535f86, L:/127.0.0.1:64330 - R:localhost/127.0.0.1:23284]' for 'GET' to 'http://localhost:23284/session/830d92b298b49522c4491844a68d5079/element/b5033fd9-1484-435b-b93d-238c68c4b48d/text'
11:16:20.548 [Forwarding getElementText on session 830d92b298b49522c4491844a68d5079 to remote] DEBUG org.asynchttpclient.netty.request.NettyRequestSender - Using open Channel [id: 0x27535f86, L:/127.0.0.1:64330 - R:localhost/127.0.0.1:23284] for GET '/session/830d92b298b49522c4491844a68d5079/element/b5033fd9-1484-435b-b93d-238c68c4b48d/text'
11:16:20.557 [AsyncHttpClient-1-8] DEBUG org.asynchttpclient.netty.handler.HttpHandler - 

Request DefaultFullHttpRequest(decodeResult: success, version: HTTP/1.1, content: EmptyByteBufBE)
GET /session/830d92b298b49522c4491844a68d5079/element/b5033fd9-1484-435b-b93d-238c68c4b48d/text HTTP/1.1
User-Agent: selenium/4.7.1 (java windows)
Cache-Control: no-cache
Content-Type: application/json; charset=utf-8
host: localhost:23284
accept: */*

Response DefaultHttpResponse(decodeResult: success, version: HTTP/1.1)
HTTP/1.1 200 OK
Content-Type: application/json; charset=utf-8
cache-control: no-cache
content-length: 18

11:16:20.557 [AsyncHttpClient-1-8] DEBUG org.asynchttpclient.netty.channel.ChannelManager - Adding key: http://localhost:23284 for channel [id: 0x27535f86, L:/127.0.0.1:64330 - R:localhost/127.0.0.1:23284]
  &amp#27;[32mThen &amp#27;[0m&amp#27;[32mI check Sauce Labs Backpack change to &amp#27;[0m&amp#27;[32m&amp#27;[1m"REMOVE"&amp#27;[0m &amp#27;[90m# Class6BDD.steps.ProductSteps.iCheckSauceLabsBackpackChangeTo(java.lang.String)&amp#27;[0m
11:16:20.565 [Forwarding getPageSource on session 830d92b298b49522c4491844a68d5079 to remote] DEBUG org.asynchttpclient.netty.request.NettyRequestSender - Using pooled Channel '[id: 0x27535f86, L:/127.0.0.1:64330 - R:localhost/127.0.0.1:23284]' for 'POST' to 'http://localhost:23284/session/830d92b298b49522c4491844a68d5079/execute/sync'
11:16:20.565 [Forwarding getPageSource on session 830d92b298b49522c4491844a68d5079 to remote] DEBUG org.asynchttpclient.netty.request.NettyRequestSender - Using open Channel [id: 0x27535f86, L:/127.0.0.1:64330 - R:localhost/127.0.0.1:23284] for POST '/session/830d92b298b49522c4491844a68d5079/execute/sync'
11:16:20.570 [AsyncHttpClient-1-8] DEBUG org.asynchttpclient.netty.handler.HttpHandler - 

Request DefaultHttpRequest(decodeResult: success, version: HTTP/1.1)
POST /session/830d92b298b49522c4491844a68d5079/execute/sync HTTP/1.1
User-Agent: selenium/4.7.1 (java windows)
Content-Length: 176
Content-Type: application/json; charset=utf-8
host: localhost:23284
accept: */*

Response DefaultHttpResponse(decodeResult: success, version: HTTP/1.1)
HTTP/1.1 200 OK
Content-Type: application/json; charset=utf-8
cache-control: no-cache
content-length: 15306

11:16:20.570 [AsyncHttpClient-1-8] DEBUG org.asynchttpclient.netty.channel.ChannelManager - Adding key: http://localhost:23284 for channel [id: 0x27535f86, L:/127.0.0.1:64330 - R:localhost/127.0.0.1:23284]
11:16:20.572 [Forwarding getCurrentUrl on session 830d92b298b49522c4491844a68d5079 to remote] DEBUG org.asynchttpclient.netty.request.NettyRequestSender - Using pooled Channel '[id: 0x27535f86, L:/127.0.0.1:64330 - R:localhost/127.0.0.1:23284]' for 'GET' to 'http://localhost:23284/session/830d92b298b49522c4491844a68d5079/url'
11:16:20.572 [Forwarding getCurrentUrl on session 830d92b298b49522c4491844a68d5079 to remote] DEBUG org.asynchttpclient.netty.request.NettyRequestSender - Using open Channel [id: 0x27535f86, L:/127.0.0.1:64330 - R:localhost/127.0.0.1:23284] for GET '/session/830d92b298b49522c4491844a68d5079/url'
11:16:20.574 [AsyncHttpClient-1-8] DEBUG org.asynchttpclient.netty.handler.HttpHandler - 

Request DefaultFullHttpRequest(decodeResult: success, version: HTTP/1.1, content: EmptyByteBufBE)
GET /session/830d92b298b49522c4491844a68d5079/url HTTP/1.1
User-Agent: selenium/4.7.1 (java windows)
Cache-Control: no-cache
Content-Type: application/json; charset=utf-8
host: localhost:23284
accept: */*

Response DefaultHttpResponse(decodeResult: success, version: HTTP/1.1)
HTTP/1.1 200 OK
Content-Type: application/json; charset=utf-8
cache-control: no-cache
content-length: 52

11:16:20.575 [AsyncHttpClient-1-8] DEBUG org.asynchttpclient.netty.channel.ChannelManager - Adding key: http://localhost:23284 for channel [id: 0x27535f86, L:/127.0.0.1:64330 - R:localhost/127.0.0.1:23284]
11:16:20.578 [Forwarding findElement on session 830d92b298b49522c4491844a68d5079 to remote] DEBUG org.asynchttpclient.netty.request.NettyRequestSender - Using pooled Channel '[id: 0x27535f86, L:/127.0.0.1:64330 - R:localhost/127.0.0.1:23284]' for 'POST' to 'http://localhost:23284/session/830d92b298b49522c4491844a68d5079/element'
11:16:20.578 [Forwarding findElement on session 830d92b298b49522c4491844a68d5079 to remote] DEBUG org.asynchttpclient.netty.request.NettyRequestSender - Using open Channel [id: 0x27535f86, L:/127.0.0.1:64330 - R:localhost/127.0.0.1:23284] for POST '/session/830d92b298b49522c4491844a68d5079/element'
11:16:20.593 [AsyncHttpClient-1-8] DEBUG org.asynchttpclient.netty.handler.HttpHandler - 

Request DefaultHttpRequest(decodeResult: success, version: HTTP/1.1)
POST /session/830d92b298b49522c4491844a68d5079/element HTTP/1.1
User-Agent: selenium/4.7.1 (java windows)
Content-Length: 90
Content-Type: application/json; charset=utf-8
host: localhost:23284
accept: */*

Response DefaultHttpResponse(decodeResult: success, version: HTTP/1.1)
HTTP/1.1 200 OK
Content-Type: application/json; charset=utf-8
cache-control: no-cache
content-length: 88

11:16:20.594 [AsyncHttpClient-1-8] DEBUG org.asynchttpclient.netty.channel.ChannelManager - Adding key: http://localhost:23284 for channel [id: 0x27535f86, L:/127.0.0.1:64330 - R:localhost/127.0.0.1:23284]
11:16:20.603 [Forwarding isElementDisplayed on session 830d92b298b49522c4491844a68d5079 to remote] DEBUG org.asynchttpclient.netty.request.NettyRequestSender - Using pooled Channel '[id: 0x27535f86, L:/127.0.0.1:64330 - R:localhost/127.0.0.1:23284]' for 'POST' to 'http://localhost:23284/session/830d92b298b49522c4491844a68d5079/execute/sync'
11:16:20.603 [Forwarding isElementDisplayed on session 830d92b298b49522c4491844a68d5079 to remote] DEBUG org.asynchttpclient.netty.request.NettyRequestSender - Using open Channel [id: 0x27535f86, L:/127.0.0.1:64330 - R:localhost/127.0.0.1:23284] for POST '/session/830d92b298b49522c4491844a68d5079/execute/sync'
11:16:20.622 [AsyncHttpClient-1-8] DEBUG org.asynchttpclient.netty.handler.HttpHandler - 

Request DefaultHttpRequest(decodeResult: success, version: HTTP/1.1)
POST /session/830d92b298b49522c4491844a68d5079/execute/sync HTTP/1.1
User-Agent: selenium/4.7.1 (java windows)
Content-Length: 48780
Content-Type: application/json; charset=utf-8
host: localhost:23284
accept: */*

Response DefaultHttpResponse(decodeResult: success, version: HTTP/1.1)
HTTP/1.1 200 OK
Content-Type: application/json; charset=utf-8
cache-control: no-cache
content-length: 14

11:16:20.622 [AsyncHttpClient-1-8] DEBUG org.asynchttpclient.netty.channel.ChannelManager - Adding key: http://localhost:23284 for channel [id: 0x27535f86, L:/127.0.0.1:64330 - R:localhost/127.0.0.1:23284]
11:16:20.624 [Forwarding findElement on session 830d92b298b49522c4491844a68d5079 to remote] DEBUG org.asynchttpclient.netty.request.NettyRequestSender - Using pooled Channel '[id: 0x27535f86, L:/127.0.0.1:64330 - R:localhost/127.0.0.1:23284]' for 'POST' to 'http://localhost:23284/session/830d92b298b49522c4491844a68d5079/element'
11:16:20.624 [Forwarding findElement on session 830d92b298b49522c4491844a68d5079 to remote] DEBUG org.asynchttpclient.netty.request.NettyRequestSender - Using open Channel [id: 0x27535f86, L:/127.0.0.1:64330 - R:localhost/127.0.0.1:23284] for POST '/session/830d92b298b49522c4491844a68d5079/element'
11:16:20.630 [AsyncHttpClient-1-8] DEBUG org.asynchttpclient.netty.handler.HttpHandler - 

Request DefaultHttpRequest(decodeResult: success, version: HTTP/1.1)
POST /session/830d92b298b49522c4491844a68d5079/element HTTP/1.1
User-Agent: selenium/4.7.1 (java windows)
Content-Length: 90
Content-Type: application/json; charset=utf-8
host: localhost:23284
accept: */*

Response DefaultHttpResponse(decodeResult: success, version: HTTP/1.1)
HTTP/1.1 200 OK
Content-Type: application/json; charset=utf-8
cache-control: no-cache
content-length: 88

11:16:20.630 [AsyncHttpClient-1-8] DEBUG org.asynchttpclient.netty.channel.ChannelManager - Adding key: http://localhost:23284 for channel [id: 0x27535f86, L:/127.0.0.1:64330 - R:localhost/127.0.0.1:23284]
11:16:20.631 [Forwarding isElementEnabled on session 830d92b298b49522c4491844a68d5079 to remote] DEBUG org.asynchttpclient.netty.request.NettyRequestSender - Using pooled Channel '[id: 0x27535f86, L:/127.0.0.1:64330 - R:localhost/127.0.0.1:23284]' for 'GET' to 'http://localhost:23284/session/830d92b298b49522c4491844a68d5079/element/6386c0bf-b57b-4061-a015-3187c4291d3c/enabled'
11:16:20.631 [Forwarding isElementEnabled on session 830d92b298b49522c4491844a68d5079 to remote] DEBUG org.asynchttpclient.netty.request.NettyRequestSender - Using open Channel [id: 0x27535f86, L:/127.0.0.1:64330 - R:localhost/127.0.0.1:23284] for GET '/session/830d92b298b49522c4491844a68d5079/element/6386c0bf-b57b-4061-a015-3187c4291d3c/enabled'
11:16:20.638 [AsyncHttpClient-1-8] DEBUG org.asynchttpclient.netty.handler.HttpHandler - 

Request DefaultFullHttpRequest(decodeResult: success, version: HTTP/1.1, content: EmptyByteBufBE)
GET /session/830d92b298b49522c4491844a68d5079/element/6386c0bf-b57b-4061-a015-3187c4291d3c/enabled HTTP/1.1
User-Agent: selenium/4.7.1 (java windows)
Cache-Control: no-cache
Content-Type: application/json; charset=utf-8
host: localhost:23284
accept: */*

Response DefaultHttpResponse(decodeResult: success, version: HTTP/1.1)
HTTP/1.1 200 OK
Content-Type: application/json; charset=utf-8
cache-control: no-cache
content-length: 14

11:16:20.638 [AsyncHttpClient-1-8] DEBUG org.asynchttpclient.netty.channel.ChannelManager - Adding key: http://localhost:23284 for channel [id: 0x27535f86, L:/127.0.0.1:64330 - R:localhost/127.0.0.1:23284]
11:16:20.639 [Forwarding findElement on session 830d92b298b49522c4491844a68d5079 to remote] DEBUG org.asynchttpclient.netty.request.NettyRequestSender - Using pooled Channel '[id: 0x27535f86, L:/127.0.0.1:64330 - R:localhost/127.0.0.1:23284]' for 'POST' to 'http://localhost:23284/session/830d92b298b49522c4491844a68d5079/element'
11:16:20.639 [Forwarding findElement on session 830d92b298b49522c4491844a68d5079 to remote] DEBUG org.asynchttpclient.netty.request.NettyRequestSender - Using open Channel [id: 0x27535f86, L:/127.0.0.1:64330 - R:localhost/127.0.0.1:23284] for POST '/session/830d92b298b49522c4491844a68d5079/element'
11:16:20.644 [AsyncHttpClient-1-8] DEBUG org.asynchttpclient.netty.handler.HttpHandler - 

Request DefaultHttpRequest(decodeResult: success, version: HTTP/1.1)
POST /session/830d92b298b49522c4491844a68d5079/element HTTP/1.1
User-Agent: selenium/4.7.1 (java windows)
Content-Length: 90
Content-Type: application/json; charset=utf-8
host: localhost:23284
accept: */*

Response DefaultHttpResponse(decodeResult: success, version: HTTP/1.1)
HTTP/1.1 200 OK
Content-Type: application/json; charset=utf-8
cache-control: no-cache
content-length: 88

11:16:20.644 [AsyncHttpClient-1-8] DEBUG org.asynchttpclient.netty.channel.ChannelManager - Adding key: http://localhost:23284 for channel [id: 0x27535f86, L:/127.0.0.1:64330 - R:localhost/127.0.0.1:23284]
11:16:20.645 [Forwarding clickElement on session 830d92b298b49522c4491844a68d5079 to remote] DEBUG org.asynchttpclient.netty.request.NettyRequestSender - Using pooled Channel '[id: 0x27535f86, L:/127.0.0.1:64330 - R:localhost/127.0.0.1:23284]' for 'POST' to 'http://localhost:23284/session/830d92b298b49522c4491844a68d5079/element/6386c0bf-b57b-4061-a015-3187c4291d3c/click'
11:16:20.645 [Forwarding clickElement on session 830d92b298b49522c4491844a68d5079 to remote] DEBUG org.asynchttpclient.netty.request.NettyRequestSender - Using open Channel [id: 0x27535f86, L:/127.0.0.1:64330 - R:localhost/127.0.0.1:23284] for POST '/session/830d92b298b49522c4491844a68d5079/element/6386c0bf-b57b-4061-a015-3187c4291d3c/click'
11:16:20.697 [AsyncHttpClient-1-8] DEBUG org.asynchttpclient.netty.handler.HttpHandler - 

Request DefaultHttpRequest(decodeResult: success, version: HTTP/1.1)
POST /session/830d92b298b49522c4491844a68d5079/element/6386c0bf-b57b-4061-a015-3187c4291d3c/click HTTP/1.1
User-Agent: selenium/4.7.1 (java windows)
Content-Length: 50
Content-Type: application/json; charset=utf-8
host: localhost:23284
accept: */*

Response DefaultHttpResponse(decodeResult: success, version: HTTP/1.1)
HTTP/1.1 200 OK
Content-Type: application/json; charset=utf-8
cache-control: no-cache
content-length: 14

11:16:20.697 [AsyncHttpClient-1-8] DEBUG org.asynchttpclient.netty.channel.ChannelManager - Adding key: http://localhost:23284 for channel [id: 0x27535f86, L:/127.0.0.1:64330 - R:localhost/127.0.0.1:23284]
  &amp#27;[32mThen &amp#27;[0m&amp#27;[32mI click on Cart button&amp#27;[0m                         &amp#27;[90m# Class6BDD.steps.ProductSteps.iClickOnCartButton()&amp#27;[0m
11:16:20.703 [Forwarding getCurrentWindowHandle on session 830d92b298b49522c4491844a68d5079 to remote] DEBUG org.asynchttpclient.netty.request.NettyRequestSender - Using pooled Channel '[id: 0x27535f86, L:/127.0.0.1:64330 - R:localhost/127.0.0.1:23284]' for 'GET' to 'http://localhost:23284/session/830d92b298b49522c4491844a68d5079/window'
11:16:20.703 [Forwarding getCurrentWindowHandle on session 830d92b298b49522c4491844a68d5079 to remote] DEBUG org.asynchttpclient.netty.request.NettyRequestSender - Using open Channel [id: 0x27535f86, L:/127.0.0.1:64330 - R:localhost/127.0.0.1:23284] for GET '/session/830d92b298b49522c4491844a68d5079/window'
11:16:20.704 [AsyncHttpClient-1-8] DEBUG org.asynchttpclient.netty.handler.HttpHandler - 

Request DefaultFullHttpRequest(decodeResult: success, version: HTTP/1.1, content: EmptyByteBufBE)
GET /session/830d92b298b49522c4491844a68d5079/window HTTP/1.1
User-Agent: selenium/4.7.1 (java windows)
Cache-Control: no-cache
Content-Type: application/json; charset=utf-8
host: localhost:23284
accept: */*

Response DefaultHttpResponse(decodeResult: success, version: HTTP/1.1)
HTTP/1.1 200 OK
Content-Type: application/json; charset=utf-8
cache-control: no-cache
content-length: 53

11:16:20.704 [AsyncHttpClient-1-8] DEBUG org.asynchttpclient.netty.channel.ChannelManager - Adding key: http://localhost:23284 for channel [id: 0x27535f86, L:/127.0.0.1:64330 - R:localhost/127.0.0.1:23284]
11:16:20.705 [Forwarding getAlertText on session 830d92b298b49522c4491844a68d5079 to remote] DEBUG org.asynchttpclient.netty.request.NettyRequestSender - Using pooled Channel '[id: 0x27535f86, L:/127.0.0.1:64330 - R:localhost/127.0.0.1:23284]' for 'GET' to 'http://localhost:23284/session/830d92b298b49522c4491844a68d5079/alert/text'
11:16:20.705 [Forwarding getAlertText on session 830d92b298b49522c4491844a68d5079 to remote] DEBUG org.asynchttpclient.netty.request.NettyRequestSender - Using open Channel [id: 0x27535f86, L:/127.0.0.1:64330 - R:localhost/127.0.0.1:23284] for GET '/session/830d92b298b49522c4491844a68d5079/alert/text'
11:16:20.706 [AsyncHttpClient-1-8] DEBUG org.asynchttpclient.netty.handler.HttpHandler - 

Request DefaultFullHttpRequest(decodeResult: success, version: HTTP/1.1, content: EmptyByteBufBE)
GET /session/830d92b298b49522c4491844a68d5079/alert/text HTTP/1.1
User-Agent: selenium/4.7.1 (java windows)
Cache-Control: no-cache
Content-Type: application/json; charset=utf-8
host: localhost:23284
accept: */*

Response DefaultHttpResponse(decodeResult: success, version: HTTP/1.1)
HTTP/1.1 404 Not Found
Content-Type: application/json; charset=utf-8
cache-control: no-cache
content-length: 834

11:16:20.706 [AsyncHttpClient-1-8] DEBUG org.asynchttpclient.netty.channel.ChannelManager - Adding key: http://localhost:23284 for channel [id: 0x27535f86, L:/127.0.0.1:64330 - R:localhost/127.0.0.1:23284]
11:16:20.708 [Forwarding switchToWindow on session 830d92b298b49522c4491844a68d5079 to remote] DEBUG org.asynchttpclient.netty.request.NettyRequestSender - Using pooled Channel '[id: 0x27535f86, L:/127.0.0.1:64330 - R:localhost/127.0.0.1:23284]' for 'POST' to 'http://localhost:23284/session/830d92b298b49522c4491844a68d5079/window'
11:16:20.708 [Forwarding switchToWindow on session 830d92b298b49522c4491844a68d5079 to remote] DEBUG org.asynchttpclient.netty.request.NettyRequestSender - Using open Channel [id: 0x27535f86, L:/127.0.0.1:64330 - R:localhost/127.0.0.1:23284] for POST '/session/830d92b298b49522c4491844a68d5079/window'
11:16:20.710 [AsyncHttpClient-1-8] DEBUG org.asynchttpclient.netty.handler.HttpHandler - 

Request DefaultHttpRequest(decodeResult: success, version: HTTP/1.1)
POST /session/830d92b298b49522c4491844a68d5079/window HTTP/1.1
User-Agent: selenium/4.7.1 (java windows)
Content-Length: 59
Content-Type: application/json; charset=utf-8
host: localhost:23284
accept: */*

Response DefaultHttpResponse(decodeResult: success, version: HTTP/1.1)
HTTP/1.1 200 OK
Content-Type: application/json; charset=utf-8
cache-control: no-cache
content-length: 14

11:16:20.710 [AsyncHttpClient-1-8] DEBUG org.asynchttpclient.netty.channel.ChannelManager - Adding key: http://localhost:23284 for channel [id: 0x27535f86, L:/127.0.0.1:64330 - R:localhost/127.0.0.1:23284]
11:16:20.710 [Forwarding getCurrentUrl on session 830d92b298b49522c4491844a68d5079 to remote] DEBUG org.asynchttpclient.netty.request.NettyRequestSender - Using pooled Channel '[id: 0x27535f86, L:/127.0.0.1:64330 - R:localhost/127.0.0.1:23284]' for 'GET' to 'http://localhost:23284/session/830d92b298b49522c4491844a68d5079/url'
11:16:20.711 [Forwarding getCurrentUrl on session 830d92b298b49522c4491844a68d5079 to remote] DEBUG org.asynchttpclient.netty.request.NettyRequestSender - Using open Channel [id: 0x27535f86, L:/127.0.0.1:64330 - R:localhost/127.0.0.1:23284] for GET '/session/830d92b298b49522c4491844a68d5079/url'
11:16:20.714 [AsyncHttpClient-1-8] DEBUG org.asynchttpclient.netty.handler.HttpHandler - 

Request DefaultFullHttpRequest(decodeResult: success, version: HTTP/1.1, content: EmptyByteBufBE)
GET /session/830d92b298b49522c4491844a68d5079/url HTTP/1.1
User-Agent: selenium/4.7.1 (java windows)
Cache-Control: no-cache
Content-Type: application/json; charset=utf-8
host: localhost:23284
accept: */*

Response DefaultHttpResponse(decodeResult: success, version: HTTP/1.1)
HTTP/1.1 200 OK
Content-Type: application/json; charset=utf-8
cache-control: no-cache
content-length: 47

11:16:20.714 [AsyncHttpClient-1-8] DEBUG org.asynchttpclient.netty.channel.ChannelManager - Adding key: http://localhost:23284 for channel [id: 0x27535f86, L:/127.0.0.1:64330 - R:localhost/127.0.0.1:23284]
11:16:20.716 [Forwarding screenshot on session 830d92b298b49522c4491844a68d5079 to remote] DEBUG org.asynchttpclient.netty.request.NettyRequestSender - Using pooled Channel '[id: 0x27535f86, L:/127.0.0.1:64330 - R:localhost/127.0.0.1:23284]' for 'GET' to 'http://localhost:23284/session/830d92b298b49522c4491844a68d5079/screenshot'
11:16:20.716 [Forwarding screenshot on session 830d92b298b49522c4491844a68d5079 to remote] DEBUG org.asynchttpclient.netty.request.NettyRequestSender - Using open Channel [id: 0x27535f86, L:/127.0.0.1:64330 - R:localhost/127.0.0.1:23284] for GET '/session/830d92b298b49522c4491844a68d5079/screenshot'
11:16:20.890 [AsyncHttpClient-1-8] DEBUG org.asynchttpclient.netty.handler.HttpHandler - 

Request DefaultFullHttpRequest(decodeResult: success, version: HTTP/1.1, content: EmptyByteBufBE)
GET /session/830d92b298b49522c4491844a68d5079/screenshot HTTP/1.1
User-Agent: selenium/4.7.1 (java windows)
Cache-Control: no-cache
Content-Type: application/json; charset=utf-8
host: localhost:23284
accept: */*

Response DefaultHttpResponse(decodeResult: success, version: HTTP/1.1)
HTTP/1.1 200 OK
Content-Type: application/json; charset=utf-8
cache-control: no-cache
content-length: 121792

11:16:20.890 [AsyncHttpClient-1-8] DEBUG org.asynchttpclient.netty.channel.ChannelManager - Adding key: http://localhost:23284 for channel [id: 0x27535f86, L:/127.0.0.1:64330 - R:localhost/127.0.0.1:23284]
11:16:20.892 [main] DEBUG net.serenitybdd.core.photography.Darkroom - Send negative for processing for target\site\serenity\a0a234126478c172259d6dd85c4fd604aee9323dec203af1583792e73d9ccba9.png
11:16:20.892 [Darkroom Processing Line] DEBUG net.serenitybdd.core.photography.DarkroomProcessingLine - Processing screenshot image in /var/screenshots/screenshot-7248053564432890505
11:16:20.892 [Darkroom Processing Line] DEBUG net.serenitybdd.core.photography.DarkroomProcessingLine - Saving screenshot to target\site\serenity\a0a234126478c172259d6dd85c4fd604aee9323dec203af1583792e73d9ccba9.png
11:16:20.897 [Forwarding getPageSource on session 830d92b298b49522c4491844a68d5079 to remote] DEBUG org.asynchttpclient.netty.request.NettyRequestSender - Using pooled Channel '[id: 0x27535f86, L:/127.0.0.1:64330 - R:localhost/127.0.0.1:23284]' for 'POST' to 'http://localhost:23284/session/830d92b298b49522c4491844a68d5079/execute/sync'
11:16:20.897 [Forwarding getPageSource on session 830d92b298b49522c4491844a68d5079 to remote] DEBUG org.asynchttpclient.netty.request.NettyRequestSender - Using open Channel [id: 0x27535f86, L:/127.0.0.1:64330 - R:localhost/127.0.0.1:23284] for POST '/session/830d92b298b49522c4491844a68d5079/execute/sync'
11:16:20.901 [AsyncHttpClient-1-8] DEBUG org.asynchttpclient.netty.handler.HttpHandler - 

Request DefaultHttpRequest(decodeResult: success, version: HTTP/1.1)
POST /session/830d92b298b49522c4491844a68d5079/execute/sync HTTP/1.1
User-Agent: selenium/4.7.1 (java windows)
Content-Length: 176
Content-Type: application/json; charset=utf-8
host: localhost:23284
accept: */*

Response DefaultHttpResponse(decodeResult: success, version: HTTP/1.1)
HTTP/1.1 200 OK
Content-Type: application/json; charset=utf-8
cache-control: no-cache
content-length: 10121

11:16:20.901 [AsyncHttpClient-1-8] DEBUG org.asynchttpclient.netty.channel.ChannelManager - Adding key: http://localhost:23284 for channel [id: 0x27535f86, L:/127.0.0.1:64330 - R:localhost/127.0.0.1:23284]
11:16:20.902 [Forwarding getCurrentUrl on session 830d92b298b49522c4491844a68d5079 to remote] DEBUG org.asynchttpclient.netty.request.NettyRequestSender - Using pooled Channel '[id: 0x27535f86, L:/127.0.0.1:64330 - R:localhost/127.0.0.1:23284]' for 'GET' to 'http://localhost:23284/session/830d92b298b49522c4491844a68d5079/url'
11:16:20.902 [Forwarding getCurrentUrl on session 830d92b298b49522c4491844a68d5079 to remote] DEBUG org.asynchttpclient.netty.request.NettyRequestSender - Using open Channel [id: 0x27535f86, L:/127.0.0.1:64330 - R:localhost/127.0.0.1:23284] for GET '/session/830d92b298b49522c4491844a68d5079/url'
11:16:20.905 [AsyncHttpClient-1-8] DEBUG org.asynchttpclient.netty.handler.HttpHandler - 

Request DefaultFullHttpRequest(decodeResult: success, version: HTTP/1.1, content: EmptyByteBufBE)
GET /session/830d92b298b49522c4491844a68d5079/url HTTP/1.1
User-Agent: selenium/4.7.1 (java windows)
Cache-Control: no-cache
Content-Type: application/json; charset=utf-8
host: localhost:23284
accept: */*

Response DefaultHttpResponse(decodeResult: success, version: HTTP/1.1)
HTTP/1.1 200 OK
Content-Type: application/json; charset=utf-8
cache-control: no-cache
content-length: 47

11:16:20.905 [AsyncHttpClient-1-8] DEBUG org.asynchttpclient.netty.channel.ChannelManager - Adding key: http://localhost:23284 for channel [id: 0x27535f86, L:/127.0.0.1:64330 - R:localhost/127.0.0.1:23284]
11:16:20.908 [Forwarding maximizeCurrentWindow on session 830d92b298b49522c4491844a68d5079 to remote] DEBUG org.asynchttpclient.netty.request.NettyRequestSender - Using pooled Channel '[id: 0x27535f86, L:/127.0.0.1:64330 - R:localhost/127.0.0.1:23284]' for 'POST' to 'http://localhost:23284/session/830d92b298b49522c4491844a68d5079/window/maximize'
11:16:20.908 [Forwarding maximizeCurrentWindow on session 830d92b298b49522c4491844a68d5079 to remote] DEBUG org.asynchttpclient.netty.request.NettyRequestSender - Using open Channel [id: 0x27535f86, L:/127.0.0.1:64330 - R:localhost/127.0.0.1:23284] for POST '/session/830d92b298b49522c4491844a68d5079/window/maximize'
11:16:20.911 [AsyncHttpClient-1-8] DEBUG org.asynchttpclient.netty.handler.HttpHandler - 

Request DefaultHttpRequest(decodeResult: success, version: HTTP/1.1)
POST /session/830d92b298b49522c4491844a68d5079/window/maximize HTTP/1.1
User-Agent: selenium/4.7.1 (java windows)
Content-Length: 3
Content-Type: application/json; charset=utf-8
host: localhost:23284
accept: */*

Response DefaultHttpResponse(decodeResult: success, version: HTTP/1.1)
HTTP/1.1 200 OK
Content-Type: application/json; charset=utf-8
cache-control: no-cache
content-length: 50

11:16:20.911 [AsyncHttpClient-1-8] DEBUG org.asynchttpclient.netty.channel.ChannelManager - Adding key: http://localhost:23284 for channel [id: 0x27535f86, L:/127.0.0.1:64330 - R:localhost/127.0.0.1:23284]
11:16:20.914 [Forwarding findElement on session 830d92b298b49522c4491844a68d5079 to remote] DEBUG org.asynchttpclient.netty.request.NettyRequestSender - Using pooled Channel '[id: 0x27535f86, L:/127.0.0.1:64330 - R:localhost/127.0.0.1:23284]' for 'POST' to 'http://localhost:23284/session/830d92b298b49522c4491844a68d5079/element'
11:16:20.914 [Forwarding findElement on session 830d92b298b49522c4491844a68d5079 to remote] DEBUG org.asynchttpclient.netty.request.NettyRequestSender - Using open Channel [id: 0x27535f86, L:/127.0.0.1:64330 - R:localhost/127.0.0.1:23284] for POST '/session/830d92b298b49522c4491844a68d5079/element'
11:16:20.923 [AsyncHttpClient-1-8] DEBUG org.asynchttpclient.netty.handler.HttpHandler - 

Request DefaultHttpRequest(decodeResult: success, version: HTTP/1.1)
POST /session/830d92b298b49522c4491844a68d5079/element HTTP/1.1
User-Agent: selenium/4.7.1 (java windows)
Content-Length: 86
Content-Type: application/json; charset=utf-8
host: localhost:23284
accept: */*

Response DefaultHttpResponse(decodeResult: success, version: HTTP/1.1)
HTTP/1.1 200 OK
Content-Type: application/json; charset=utf-8
cache-control: no-cache
content-length: 88

11:16:20.923 [AsyncHttpClient-1-8] DEBUG org.asynchttpclient.netty.channel.ChannelManager - Adding key: http://localhost:23284 for channel [id: 0x27535f86, L:/127.0.0.1:64330 - R:localhost/127.0.0.1:23284]
11:16:20.923 [Forwarding getElementText on session 830d92b298b49522c4491844a68d5079 to remote] DEBUG org.asynchttpclient.netty.request.NettyRequestSender - Using pooled Channel '[id: 0x27535f86, L:/127.0.0.1:64330 - R:localhost/127.0.0.1:23284]' for 'GET' to 'http://localhost:23284/session/830d92b298b49522c4491844a68d5079/element/53a1d042-e5c1-435e-ae95-54e40f49fe43/text'
11:16:20.923 [Forwarding getElementText on session 830d92b298b49522c4491844a68d5079 to remote] DEBUG org.asynchttpclient.netty.request.NettyRequestSender - Using open Channel [id: 0x27535f86, L:/127.0.0.1:64330 - R:localhost/127.0.0.1:23284] for GET '/session/830d92b298b49522c4491844a68d5079/element/53a1d042-e5c1-435e-ae95-54e40f49fe43/text'
11:16:20.932 [AsyncHttpClient-1-8] DEBUG org.asynchttpclient.netty.handler.HttpHandler - 

Request DefaultFullHttpRequest(decodeResult: success, version: HTTP/1.1, content: EmptyByteBufBE)
GET /session/830d92b298b49522c4491844a68d5079/element/53a1d042-e5c1-435e-ae95-54e40f49fe43/text HTTP/1.1
User-Agent: selenium/4.7.1 (java windows)
Cache-Control: no-cache
Content-Type: application/json; charset=utf-8
host: localhost:23284
accept: */*

Response DefaultHttpResponse(decodeResult: success, version: HTTP/1.1)
HTTP/1.1 200 OK
Content-Type: application/json; charset=utf-8
cache-control: no-cache
content-length: 31

11:16:20.932 [AsyncHttpClient-1-8] DEBUG org.asynchttpclient.netty.channel.ChannelManager - Adding key: http://localhost:23284 for channel [id: 0x27535f86, L:/127.0.0.1:64330 - R:localhost/127.0.0.1:23284]
  &amp#27;[32mThen &amp#27;[0m&amp#27;[32mI check on cart &amp#27;[0m&amp#27;[32m&amp#27;[1m"Sauce Labs Backpack"&amp#27;[0m          &amp#27;[90m# Class6BDD.steps.CartSteps.iCheckOnCart(java.lang.String)&amp#27;[0m
11:16:20.943 [Forwarding getPageSource on session 830d92b298b49522c4491844a68d5079 to remote] DEBUG org.asynchttpclient.netty.request.NettyRequestSender - Using pooled Channel '[id: 0x27535f86, L:/127.0.0.1:64330 - R:localhost/127.0.0.1:23284]' for 'POST' to 'http://localhost:23284/session/830d92b298b49522c4491844a68d5079/execute/sync'
11:16:20.943 [Forwarding getPageSource on session 830d92b298b49522c4491844a68d5079 to remote] DEBUG org.asynchttpclient.netty.request.NettyRequestSender - Using open Channel [id: 0x27535f86, L:/127.0.0.1:64330 - R:localhost/127.0.0.1:23284] for POST '/session/830d92b298b49522c4491844a68d5079/execute/sync'
11:16:20.958 [AsyncHttpClient-1-8] DEBUG org.asynchttpclient.netty.handler.HttpHandler - 

Request DefaultHttpRequest(decodeResult: success, version: HTTP/1.1)
POST /session/830d92b298b49522c4491844a68d5079/execute/sync HTTP/1.1
User-Agent: selenium/4.7.1 (java windows)
Content-Length: 176
Content-Type: application/json; charset=utf-8
host: localhost:23284
accept: */*

Response DefaultHttpResponse(decodeResult: success, version: HTTP/1.1)
HTTP/1.1 200 OK
Content-Type: application/json; charset=utf-8
cache-control: no-cache
content-length: 10121

11:16:20.958 [AsyncHttpClient-1-8] DEBUG org.asynchttpclient.netty.channel.ChannelManager - Adding key: http://localhost:23284 for channel [id: 0x27535f86, L:/127.0.0.1:64330 - R:localhost/127.0.0.1:23284]
11:16:20.962 [Forwarding getCurrentUrl on session 830d92b298b49522c4491844a68d5079 to remote] DEBUG org.asynchttpclient.netty.request.NettyRequestSender - Using pooled Channel '[id: 0x27535f86, L:/127.0.0.1:64330 - R:localhost/127.0.0.1:23284]' for 'GET' to 'http://localhost:23284/session/830d92b298b49522c4491844a68d5079/url'
11:16:20.962 [Forwarding getCurrentUrl on session 830d92b298b49522c4491844a68d5079 to remote] DEBUG org.asynchttpclient.netty.request.NettyRequestSender - Using open Channel [id: 0x27535f86, L:/127.0.0.1:64330 - R:localhost/127.0.0.1:23284] for GET '/session/830d92b298b49522c4491844a68d5079/url'
11:16:20.966 [AsyncHttpClient-1-8] DEBUG org.asynchttpclient.netty.handler.HttpHandler - 

Request DefaultFullHttpRequest(decodeResult: success, version: HTTP/1.1, content: EmptyByteBufBE)
GET /session/830d92b298b49522c4491844a68d5079/url HTTP/1.1
User-Agent: selenium/4.7.1 (java windows)
Cache-Control: no-cache
Content-Type: application/json; charset=utf-8
host: localhost:23284
accept: */*

Response DefaultHttpResponse(decodeResult: success, version: HTTP/1.1)
HTTP/1.1 200 OK
Content-Type: application/json; charset=utf-8
cache-control: no-cache
content-length: 47

11:16:20.966 [AsyncHttpClient-1-8] DEBUG org.asynchttpclient.netty.channel.ChannelManager - Adding key: http://localhost:23284 for channel [id: 0x27535f86, L:/127.0.0.1:64330 - R:localhost/127.0.0.1:23284]
11:16:20.972 [Forwarding findElement on session 830d92b298b49522c4491844a68d5079 to remote] DEBUG org.asynchttpclient.netty.request.NettyRequestSender - Using pooled Channel '[id: 0x27535f86, L:/127.0.0.1:64330 - R:localhost/127.0.0.1:23284]' for 'POST' to 'http://localhost:23284/session/830d92b298b49522c4491844a68d5079/element'
11:16:20.972 [Forwarding findElement on session 830d92b298b49522c4491844a68d5079 to remote] DEBUG org.asynchttpclient.netty.request.NettyRequestSender - Using open Channel [id: 0x27535f86, L:/127.0.0.1:64330 - R:localhost/127.0.0.1:23284] for POST '/session/830d92b298b49522c4491844a68d5079/element'
11:16:20.982 [AsyncHttpClient-1-8] DEBUG org.asynchttpclient.netty.handler.HttpHandler - 

Request DefaultHttpRequest(decodeResult: success, version: HTTP/1.1)
POST /session/830d92b298b49522c4491844a68d5079/element HTTP/1.1
User-Agent: selenium/4.7.1 (java windows)
Content-Length: 77
Content-Type: application/json; charset=utf-8
host: localhost:23284
accept: */*

Response DefaultHttpResponse(decodeResult: success, version: HTTP/1.1)
HTTP/1.1 200 OK
Content-Type: application/json; charset=utf-8
cache-control: no-cache
content-length: 88

11:16:20.982 [AsyncHttpClient-1-8] DEBUG org.asynchttpclient.netty.channel.ChannelManager - Adding key: http://localhost:23284 for channel [id: 0x27535f86, L:/127.0.0.1:64330 - R:localhost/127.0.0.1:23284]
11:16:20.985 [AsyncHttpClient-1-1] DEBUG org.asynchttpclient.netty.channel.DefaultChannelPool - Entry count for : http://localhost:23284 : 1
11:16:20.985 [AsyncHttpClient-1-1] DEBUG org.asynchttpclient.netty.channel.DefaultChannelPool - Entry count for : http://localhost:64331 : 1
11:16:20.985 [Forwarding isElementDisplayed on session 830d92b298b49522c4491844a68d5079 to remote] DEBUG org.asynchttpclient.netty.request.NettyRequestSender - Using pooled Channel '[id: 0x27535f86, L:/127.0.0.1:64330 - R:localhost/127.0.0.1:23284]' for 'POST' to 'http://localhost:23284/session/830d92b298b49522c4491844a68d5079/execute/sync'
11:16:20.985 [Forwarding isElementDisplayed on session 830d92b298b49522c4491844a68d5079 to remote] DEBUG org.asynchttpclient.netty.request.NettyRequestSender - Using open Channel [id: 0x27535f86, L:/127.0.0.1:64330 - R:localhost/127.0.0.1:23284] for POST '/session/830d92b298b49522c4491844a68d5079/execute/sync'
11:16:20.992 [AsyncHttpClient-1-8] DEBUG org.asynchttpclient.netty.handler.HttpHandler - 

Request DefaultHttpRequest(decodeResult: success, version: HTTP/1.1)
POST /session/830d92b298b49522c4491844a68d5079/execute/sync HTTP/1.1
User-Agent: selenium/4.7.1 (java windows)
Content-Length: 48780
Content-Type: application/json; charset=utf-8
host: localhost:23284
accept: */*

Response DefaultHttpResponse(decodeResult: success, version: HTTP/1.1)
HTTP/1.1 200 OK
Content-Type: application/json; charset=utf-8
cache-control: no-cache
content-length: 14

11:16:20.993 [AsyncHttpClient-1-8] DEBUG org.asynchttpclient.netty.channel.ChannelManager - Adding key: http://localhost:23284 for channel [id: 0x27535f86, L:/127.0.0.1:64330 - R:localhost/127.0.0.1:23284]
11:16:20.995 [Forwarding findElement on session 830d92b298b49522c4491844a68d5079 to remote] DEBUG org.asynchttpclient.netty.request.NettyRequestSender - Using pooled Channel '[id: 0x27535f86, L:/127.0.0.1:64330 - R:localhost/127.0.0.1:23284]' for 'POST' to 'http://localhost:23284/session/830d92b298b49522c4491844a68d5079/element'
11:16:20.995 [Forwarding findElement on session 830d92b298b49522c4491844a68d5079 to remote] DEBUG org.asynchttpclient.netty.request.NettyRequestSender - Using open Channel [id: 0x27535f86, L:/127.0.0.1:64330 - R:localhost/127.0.0.1:23284] for POST '/session/830d92b298b49522c4491844a68d5079/element'
11:16:21.000 [AsyncHttpClient-1-8] DEBUG org.asynchttpclient.netty.handler.HttpHandler - 

Request DefaultHttpRequest(decodeResult: success, version: HTTP/1.1)
POST /session/830d92b298b49522c4491844a68d5079/element HTTP/1.1
User-Agent: selenium/4.7.1 (java windows)
Content-Length: 77
Content-Type: application/json; charset=utf-8
host: localhost:23284
accept: */*

Response DefaultHttpResponse(decodeResult: success, version: HTTP/1.1)
HTTP/1.1 200 OK
Content-Type: application/json; charset=utf-8
cache-control: no-cache
content-length: 88

11:16:21.000 [AsyncHttpClient-1-8] DEBUG org.asynchttpclient.netty.channel.ChannelManager - Adding key: http://localhost:23284 for channel [id: 0x27535f86, L:/127.0.0.1:64330 - R:localhost/127.0.0.1:23284]
11:16:21.001 [Forwarding isElementEnabled on session 830d92b298b49522c4491844a68d5079 to remote] DEBUG org.asynchttpclient.netty.request.NettyRequestSender - Using pooled Channel '[id: 0x27535f86, L:/127.0.0.1:64330 - R:localhost/127.0.0.1:23284]' for 'GET' to 'http://localhost:23284/session/830d92b298b49522c4491844a68d5079/element/8f0a6386-2800-4b64-88b8-9031a7ff2335/enabled'
11:16:21.001 [Forwarding isElementEnabled on session 830d92b298b49522c4491844a68d5079 to remote] DEBUG org.asynchttpclient.netty.request.NettyRequestSender - Using open Channel [id: 0x27535f86, L:/127.0.0.1:64330 - R:localhost/127.0.0.1:23284] for GET '/session/830d92b298b49522c4491844a68d5079/element/8f0a6386-2800-4b64-88b8-9031a7ff2335/enabled'
11:16:21.007 [AsyncHttpClient-1-8] DEBUG org.asynchttpclient.netty.handler.HttpHandler - 

Request DefaultFullHttpRequest(decodeResult: success, version: HTTP/1.1, content: EmptyByteBufBE)
GET /session/830d92b298b49522c4491844a68d5079/element/8f0a6386-2800-4b64-88b8-9031a7ff2335/enabled HTTP/1.1
User-Agent: selenium/4.7.1 (java windows)
Cache-Control: no-cache
Content-Type: application/json; charset=utf-8
host: localhost:23284
accept: */*

Response DefaultHttpResponse(decodeResult: success, version: HTTP/1.1)
HTTP/1.1 200 OK
Content-Type: application/json; charset=utf-8
cache-control: no-cache
content-length: 14

11:16:21.007 [AsyncHttpClient-1-8] DEBUG org.asynchttpclient.netty.channel.ChannelManager - Adding key: http://localhost:23284 for channel [id: 0x27535f86, L:/127.0.0.1:64330 - R:localhost/127.0.0.1:23284]
11:16:21.008 [Forwarding findElement on session 830d92b298b49522c4491844a68d5079 to remote] DEBUG org.asynchttpclient.netty.request.NettyRequestSender - Using pooled Channel '[id: 0x27535f86, L:/127.0.0.1:64330 - R:localhost/127.0.0.1:23284]' for 'POST' to 'http://localhost:23284/session/830d92b298b49522c4491844a68d5079/element'
11:16:21.008 [Forwarding findElement on session 830d92b298b49522c4491844a68d5079 to remote] DEBUG org.asynchttpclient.netty.request.NettyRequestSender - Using open Channel [id: 0x27535f86, L:/127.0.0.1:64330 - R:localhost/127.0.0.1:23284] for POST '/session/830d92b298b49522c4491844a68d5079/element'
11:16:21.013 [AsyncHttpClient-1-8] DEBUG org.asynchttpclient.netty.handler.HttpHandler - 

Request DefaultHttpRequest(decodeResult: success, version: HTTP/1.1)
POST /session/830d92b298b49522c4491844a68d5079/element HTTP/1.1
User-Agent: selenium/4.7.1 (java windows)
Content-Length: 77
Content-Type: application/json; charset=utf-8
host: localhost:23284
accept: */*

Response DefaultHttpResponse(decodeResult: success, version: HTTP/1.1)
HTTP/1.1 200 OK
Content-Type: application/json; charset=utf-8
cache-control: no-cache
content-length: 88

11:16:21.013 [AsyncHttpClient-1-8] DEBUG org.asynchttpclient.netty.channel.ChannelManager - Adding key: http://localhost:23284 for channel [id: 0x27535f86, L:/127.0.0.1:64330 - R:localhost/127.0.0.1:23284]
11:16:21.014 [Forwarding clickElement on session 830d92b298b49522c4491844a68d5079 to remote] DEBUG org.asynchttpclient.netty.request.NettyRequestSender - Using pooled Channel '[id: 0x27535f86, L:/127.0.0.1:64330 - R:localhost/127.0.0.1:23284]' for 'POST' to 'http://localhost:23284/session/830d92b298b49522c4491844a68d5079/element/8f0a6386-2800-4b64-88b8-9031a7ff2335/click'
11:16:21.014 [Forwarding clickElement on session 830d92b298b49522c4491844a68d5079 to remote] DEBUG org.asynchttpclient.netty.request.NettyRequestSender - Using open Channel [id: 0x27535f86, L:/127.0.0.1:64330 - R:localhost/127.0.0.1:23284] for POST '/session/830d92b298b49522c4491844a68d5079/element/8f0a6386-2800-4b64-88b8-9031a7ff2335/click'
11:16:21.082 [AsyncHttpClient-1-8] DEBUG org.asynchttpclient.netty.handler.HttpHandler - 

Request DefaultHttpRequest(decodeResult: success, version: HTTP/1.1)
POST /session/830d92b298b49522c4491844a68d5079/element/8f0a6386-2800-4b64-88b8-9031a7ff2335/click HTTP/1.1
User-Agent: selenium/4.7.1 (java windows)
Content-Length: 50
Content-Type: application/json; charset=utf-8
host: localhost:23284
accept: */*

Response DefaultHttpResponse(decodeResult: success, version: HTTP/1.1)
HTTP/1.1 200 OK
Content-Type: application/json; charset=utf-8
cache-control: no-cache
content-length: 14

11:16:21.083 [AsyncHttpClient-1-8] DEBUG org.asynchttpclient.netty.channel.ChannelManager - Adding key: http://localhost:23284 for channel [id: 0x27535f86, L:/127.0.0.1:64330 - R:localhost/127.0.0.1:23284]
  &amp#27;[32mThen &amp#27;[0m&amp#27;[32mI click on Continue Shopping&amp#27;[0m                   &amp#27;[90m# Class6BDD.steps.CartSteps.iClickOnContinueShopping()&amp#27;[0m
11:16:21.088 [Forwarding getCurrentWindowHandle on session 830d92b298b49522c4491844a68d5079 to remote] DEBUG org.asynchttpclient.netty.request.NettyRequestSender - Using pooled Channel '[id: 0x27535f86, L:/127.0.0.1:64330 - R:localhost/127.0.0.1:23284]' for 'GET' to 'http://localhost:23284/session/830d92b298b49522c4491844a68d5079/window'
11:16:21.088 [Forwarding getCurrentWindowHandle on session 830d92b298b49522c4491844a68d5079 to remote] DEBUG org.asynchttpclient.netty.request.NettyRequestSender - Using open Channel [id: 0x27535f86, L:/127.0.0.1:64330 - R:localhost/127.0.0.1:23284] for GET '/session/830d92b298b49522c4491844a68d5079/window'
11:16:21.089 [AsyncHttpClient-1-8] DEBUG org.asynchttpclient.netty.handler.HttpHandler - 

Request DefaultFullHttpRequest(decodeResult: success, version: HTTP/1.1, content: EmptyByteBufBE)
GET /session/830d92b298b49522c4491844a68d5079/window HTTP/1.1
User-Agent: selenium/4.7.1 (java windows)
Cache-Control: no-cache
Content-Type: application/json; charset=utf-8
host: localhost:23284
accept: */*

Response DefaultHttpResponse(decodeResult: success, version: HTTP/1.1)
HTTP/1.1 200 OK
Content-Type: application/json; charset=utf-8
cache-control: no-cache
content-length: 53

11:16:21.089 [AsyncHttpClient-1-8] DEBUG org.asynchttpclient.netty.channel.ChannelManager - Adding key: http://localhost:23284 for channel [id: 0x27535f86, L:/127.0.0.1:64330 - R:localhost/127.0.0.1:23284]
11:16:21.090 [Forwarding getAlertText on session 830d92b298b49522c4491844a68d5079 to remote] DEBUG org.asynchttpclient.netty.request.NettyRequestSender - Using pooled Channel '[id: 0x27535f86, L:/127.0.0.1:64330 - R:localhost/127.0.0.1:23284]' for 'GET' to 'http://localhost:23284/session/830d92b298b49522c4491844a68d5079/alert/text'
11:16:21.090 [Forwarding getAlertText on session 830d92b298b49522c4491844a68d5079 to remote] DEBUG org.asynchttpclient.netty.request.NettyRequestSender - Using open Channel [id: 0x27535f86, L:/127.0.0.1:64330 - R:localhost/127.0.0.1:23284] for GET '/session/830d92b298b49522c4491844a68d5079/alert/text'
11:16:21.091 [AsyncHttpClient-1-8] DEBUG org.asynchttpclient.netty.handler.HttpHandler - 

Request DefaultFullHttpRequest(decodeResult: success, version: HTTP/1.1, content: EmptyByteBufBE)
GET /session/830d92b298b49522c4491844a68d5079/alert/text HTTP/1.1
User-Agent: selenium/4.7.1 (java windows)
Cache-Control: no-cache
Content-Type: application/json; charset=utf-8
host: localhost:23284
accept: */*

Response DefaultHttpResponse(decodeResult: success, version: HTTP/1.1)
HTTP/1.1 404 Not Found
Content-Type: application/json; charset=utf-8
cache-control: no-cache
content-length: 834

11:16:21.091 [AsyncHttpClient-1-8] DEBUG org.asynchttpclient.netty.channel.ChannelManager - Adding key: http://localhost:23284 for channel [id: 0x27535f86, L:/127.0.0.1:64330 - R:localhost/127.0.0.1:23284]
11:16:21.093 [Forwarding switchToWindow on session 830d92b298b49522c4491844a68d5079 to remote] DEBUG org.asynchttpclient.netty.request.NettyRequestSender - Using pooled Channel '[id: 0x27535f86, L:/127.0.0.1:64330 - R:localhost/127.0.0.1:23284]' for 'POST' to 'http://localhost:23284/session/830d92b298b49522c4491844a68d5079/window'
11:16:21.093 [Forwarding switchToWindow on session 830d92b298b49522c4491844a68d5079 to remote] DEBUG org.asynchttpclient.netty.request.NettyRequestSender - Using open Channel [id: 0x27535f86, L:/127.0.0.1:64330 - R:localhost/127.0.0.1:23284] for POST '/session/830d92b298b49522c4491844a68d5079/window'
11:16:21.094 [AsyncHttpClient-1-8] DEBUG org.asynchttpclient.netty.handler.HttpHandler - 

Request DefaultHttpRequest(decodeResult: success, version: HTTP/1.1)
POST /session/830d92b298b49522c4491844a68d5079/window HTTP/1.1
User-Agent: selenium/4.7.1 (java windows)
Content-Length: 59
Content-Type: application/json; charset=utf-8
host: localhost:23284
accept: */*

Response DefaultHttpResponse(decodeResult: success, version: HTTP/1.1)
HTTP/1.1 200 OK
Content-Type: application/json; charset=utf-8
cache-control: no-cache
content-length: 14

11:16:21.094 [AsyncHttpClient-1-8] DEBUG org.asynchttpclient.netty.channel.ChannelManager - Adding key: http://localhost:23284 for channel [id: 0x27535f86, L:/127.0.0.1:64330 - R:localhost/127.0.0.1:23284]
11:16:21.095 [Forwarding getCurrentUrl on session 830d92b298b49522c4491844a68d5079 to remote] DEBUG org.asynchttpclient.netty.request.NettyRequestSender - Using pooled Channel '[id: 0x27535f86, L:/127.0.0.1:64330 - R:localhost/127.0.0.1:23284]' for 'GET' to 'http://localhost:23284/session/830d92b298b49522c4491844a68d5079/url'
11:16:21.095 [Forwarding getCurrentUrl on session 830d92b298b49522c4491844a68d5079 to remote] DEBUG org.asynchttpclient.netty.request.NettyRequestSender - Using open Channel [id: 0x27535f86, L:/127.0.0.1:64330 - R:localhost/127.0.0.1:23284] for GET '/session/830d92b298b49522c4491844a68d5079/url'
11:16:21.098 [AsyncHttpClient-1-8] DEBUG org.asynchttpclient.netty.handler.HttpHandler - 

Request DefaultFullHttpRequest(decodeResult: success, version: HTTP/1.1, content: EmptyByteBufBE)
GET /session/830d92b298b49522c4491844a68d5079/url HTTP/1.1
User-Agent: selenium/4.7.1 (java windows)
Cache-Control: no-cache
Content-Type: application/json; charset=utf-8
host: localhost:23284
accept: */*

Response DefaultHttpResponse(decodeResult: success, version: HTTP/1.1)
HTTP/1.1 200 OK
Content-Type: application/json; charset=utf-8
cache-control: no-cache
content-length: 52

11:16:21.098 [AsyncHttpClient-1-8] DEBUG org.asynchttpclient.netty.channel.ChannelManager - Adding key: http://localhost:23284 for channel [id: 0x27535f86, L:/127.0.0.1:64330 - R:localhost/127.0.0.1:23284]
11:16:21.099 [Forwarding screenshot on session 830d92b298b49522c4491844a68d5079 to remote] DEBUG org.asynchttpclient.netty.request.NettyRequestSender - Using pooled Channel '[id: 0x27535f86, L:/127.0.0.1:64330 - R:localhost/127.0.0.1:23284]' for 'GET' to 'http://localhost:23284/session/830d92b298b49522c4491844a68d5079/screenshot'
11:16:21.099 [Forwarding screenshot on session 830d92b298b49522c4491844a68d5079 to remote] DEBUG org.asynchttpclient.netty.request.NettyRequestSender - Using open Channel [id: 0x27535f86, L:/127.0.0.1:64330 - R:localhost/127.0.0.1:23284] for GET '/session/830d92b298b49522c4491844a68d5079/screenshot'
11:16:21.378 [AsyncHttpClient-1-8] DEBUG org.asynchttpclient.netty.handler.HttpHandler - 

Request DefaultFullHttpRequest(decodeResult: success, version: HTTP/1.1, content: EmptyByteBufBE)
GET /session/830d92b298b49522c4491844a68d5079/screenshot HTTP/1.1
User-Agent: selenium/4.7.1 (java windows)
Cache-Control: no-cache
Content-Type: application/json; charset=utf-8
host: localhost:23284
accept: */*

Response DefaultHttpResponse(decodeResult: success, version: HTTP/1.1)
HTTP/1.1 200 OK
Content-Type: application/json; charset=utf-8
cache-control: no-cache
content-length: 865624

11:16:21.380 [AsyncHttpClient-1-8] DEBUG org.asynchttpclient.netty.channel.ChannelManager - Adding key: http://localhost:23284 for channel [id: 0x27535f86, L:/127.0.0.1:64330 - R:localhost/127.0.0.1:23284]
11:16:21.404 [main] DEBUG net.serenitybdd.core.photography.Darkroom - Send negative for processing for target\site\serenity\96559d48b71841caaa38346ae72b0feb03f88cb231a399a3ee8aa7d642e2434a.png
11:16:21.422 [Forwarding getPageSource on session 830d92b298b49522c4491844a68d5079 to remote] DEBUG org.asynchttpclient.netty.request.NettyRequestSender - Using pooled Channel '[id: 0x27535f86, L:/127.0.0.1:64330 - R:localhost/127.0.0.1:23284]' for 'POST' to 'http://localhost:23284/session/830d92b298b49522c4491844a68d5079/execute/sync'
11:16:21.422 [Forwarding getPageSource on session 830d92b298b49522c4491844a68d5079 to remote] DEBUG org.asynchttpclient.netty.request.NettyRequestSender - Using open Channel [id: 0x27535f86, L:/127.0.0.1:64330 - R:localhost/127.0.0.1:23284] for POST '/session/830d92b298b49522c4491844a68d5079/execute/sync'
11:16:21.430 [AsyncHttpClient-1-8] DEBUG org.asynchttpclient.netty.handler.HttpHandler - 

Request DefaultHttpRequest(decodeResult: success, version: HTTP/1.1)
POST /session/830d92b298b49522c4491844a68d5079/execute/sync HTTP/1.1
User-Agent: selenium/4.7.1 (java windows)
Content-Length: 176
Content-Type: application/json; charset=utf-8
host: localhost:23284
accept: */*

Response DefaultHttpResponse(decodeResult: success, version: HTTP/1.1)
HTTP/1.1 200 OK
Content-Type: application/json; charset=utf-8
cache-control: no-cache
content-length: 15306

11:16:21.431 [AsyncHttpClient-1-8] DEBUG org.asynchttpclient.netty.channel.ChannelManager - Adding key: http://localhost:23284 for channel [id: 0x27535f86, L:/127.0.0.1:64330 - R:localhost/127.0.0.1:23284]
11:16:21.435 [Forwarding getCurrentUrl on session 830d92b298b49522c4491844a68d5079 to remote] DEBUG org.asynchttpclient.netty.request.NettyRequestSender - Using pooled Channel '[id: 0x27535f86, L:/127.0.0.1:64330 - R:localhost/127.0.0.1:23284]' for 'GET' to 'http://localhost:23284/session/830d92b298b49522c4491844a68d5079/url'
11:16:21.435 [Forwarding getCurrentUrl on session 830d92b298b49522c4491844a68d5079 to remote] DEBUG org.asynchttpclient.netty.request.NettyRequestSender - Using open Channel [id: 0x27535f86, L:/127.0.0.1:64330 - R:localhost/127.0.0.1:23284] for GET '/session/830d92b298b49522c4491844a68d5079/url'
11:16:21.438 [AsyncHttpClient-1-8] DEBUG org.asynchttpclient.netty.handler.HttpHandler - 

Request DefaultFullHttpRequest(decodeResult: success, version: HTTP/1.1, content: EmptyByteBufBE)
GET /session/830d92b298b49522c4491844a68d5079/url HTTP/1.1
User-Agent: selenium/4.7.1 (java windows)
Cache-Control: no-cache
Content-Type: application/json; charset=utf-8
host: localhost:23284
accept: */*

Response DefaultHttpResponse(decodeResult: success, version: HTTP/1.1)
HTTP/1.1 200 OK
Content-Type: application/json; charset=utf-8
cache-control: no-cache
content-length: 52

11:16:21.438 [AsyncHttpClient-1-8] DEBUG org.asynchttpclient.netty.channel.ChannelManager - Adding key: http://localhost:23284 for channel [id: 0x27535f86, L:/127.0.0.1:64330 - R:localhost/127.0.0.1:23284]
11:16:21.443 [Forwarding findElement on session 830d92b298b49522c4491844a68d5079 to remote] DEBUG org.asynchttpclient.netty.request.NettyRequestSender - Using pooled Channel '[id: 0x27535f86, L:/127.0.0.1:64330 - R:localhost/127.0.0.1:23284]' for 'POST' to 'http://localhost:23284/session/830d92b298b49522c4491844a68d5079/element'
11:16:21.443 [Forwarding findElement on session 830d92b298b49522c4491844a68d5079 to remote] DEBUG org.asynchttpclient.netty.request.NettyRequestSender - Using open Channel [id: 0x27535f86, L:/127.0.0.1:64330 - R:localhost/127.0.0.1:23284] for POST '/session/830d92b298b49522c4491844a68d5079/element'
11:16:21.450 [AsyncHttpClient-1-8] DEBUG org.asynchttpclient.netty.handler.HttpHandler - 

Request DefaultHttpRequest(decodeResult: success, version: HTTP/1.1)
POST /session/830d92b298b49522c4491844a68d5079/element HTTP/1.1
User-Agent: selenium/4.7.1 (java windows)
Content-Length: 90
Content-Type: application/json; charset=utf-8
host: localhost:23284
accept: */*

Response DefaultHttpResponse(decodeResult: success, version: HTTP/1.1)
HTTP/1.1 200 OK
Content-Type: application/json; charset=utf-8
cache-control: no-cache
content-length: 88

11:16:21.450 [AsyncHttpClient-1-8] DEBUG org.asynchttpclient.netty.channel.ChannelManager - Adding key: http://localhost:23284 for channel [id: 0x27535f86, L:/127.0.0.1:64330 - R:localhost/127.0.0.1:23284]
11:16:21.452 [Forwarding isElementDisplayed on session 830d92b298b49522c4491844a68d5079 to remote] DEBUG org.asynchttpclient.netty.request.NettyRequestSender - Using pooled Channel '[id: 0x27535f86, L:/127.0.0.1:64330 - R:localhost/127.0.0.1:23284]' for 'POST' to 'http://localhost:23284/session/830d92b298b49522c4491844a68d5079/execute/sync'
11:16:21.452 [Forwarding isElementDisplayed on session 830d92b298b49522c4491844a68d5079 to remote] DEBUG org.asynchttpclient.netty.request.NettyRequestSender - Using open Channel [id: 0x27535f86, L:/127.0.0.1:64330 - R:localhost/127.0.0.1:23284] for POST '/session/830d92b298b49522c4491844a68d5079/execute/sync'
11:16:21.459 [AsyncHttpClient-1-8] DEBUG org.asynchttpclient.netty.handler.HttpHandler - 

Request DefaultHttpRequest(decodeResult: success, version: HTTP/1.1)
POST /session/830d92b298b49522c4491844a68d5079/execute/sync HTTP/1.1
User-Agent: selenium/4.7.1 (java windows)
Content-Length: 48780
Content-Type: application/json; charset=utf-8
host: localhost:23284
accept: */*

Response DefaultHttpResponse(decodeResult: success, version: HTTP/1.1)
HTTP/1.1 200 OK
Content-Type: application/json; charset=utf-8
cache-control: no-cache
content-length: 14

11:16:21.459 [AsyncHttpClient-1-8] DEBUG org.asynchttpclient.netty.channel.ChannelManager - Adding key: http://localhost:23284 for channel [id: 0x27535f86, L:/127.0.0.1:64330 - R:localhost/127.0.0.1:23284]
11:16:21.460 [Forwarding findElement on session 830d92b298b49522c4491844a68d5079 to remote] DEBUG org.asynchttpclient.netty.request.NettyRequestSender - Using pooled Channel '[id: 0x27535f86, L:/127.0.0.1:64330 - R:localhost/127.0.0.1:23284]' for 'POST' to 'http://localhost:23284/session/830d92b298b49522c4491844a68d5079/element'
11:16:21.460 [Forwarding findElement on session 830d92b298b49522c4491844a68d5079 to remote] DEBUG org.asynchttpclient.netty.request.NettyRequestSender - Using open Channel [id: 0x27535f86, L:/127.0.0.1:64330 - R:localhost/127.0.0.1:23284] for POST '/session/830d92b298b49522c4491844a68d5079/element'
11:16:21.466 [AsyncHttpClient-1-8] DEBUG org.asynchttpclient.netty.handler.HttpHandler - 

Request DefaultHttpRequest(decodeResult: success, version: HTTP/1.1)
POST /session/830d92b298b49522c4491844a68d5079/element HTTP/1.1
User-Agent: selenium/4.7.1 (java windows)
Content-Length: 90
Content-Type: application/json; charset=utf-8
host: localhost:23284
accept: */*

Response DefaultHttpResponse(decodeResult: success, version: HTTP/1.1)
HTTP/1.1 200 OK
Content-Type: application/json; charset=utf-8
cache-control: no-cache
content-length: 88

11:16:21.466 [AsyncHttpClient-1-8] DEBUG org.asynchttpclient.netty.channel.ChannelManager - Adding key: http://localhost:23284 for channel [id: 0x27535f86, L:/127.0.0.1:64330 - R:localhost/127.0.0.1:23284]
11:16:21.466 [Forwarding isElementEnabled on session 830d92b298b49522c4491844a68d5079 to remote] DEBUG org.asynchttpclient.netty.request.NettyRequestSender - Using pooled Channel '[id: 0x27535f86, L:/127.0.0.1:64330 - R:localhost/127.0.0.1:23284]' for 'GET' to 'http://localhost:23284/session/830d92b298b49522c4491844a68d5079/element/aaa9eea6-9958-4a02-9954-43eacebaff95/enabled'
11:16:21.466 [Forwarding isElementEnabled on session 830d92b298b49522c4491844a68d5079 to remote] DEBUG org.asynchttpclient.netty.request.NettyRequestSender - Using open Channel [id: 0x27535f86, L:/127.0.0.1:64330 - R:localhost/127.0.0.1:23284] for GET '/session/830d92b298b49522c4491844a68d5079/element/aaa9eea6-9958-4a02-9954-43eacebaff95/enabled'
11:16:21.472 [AsyncHttpClient-1-8] DEBUG org.asynchttpclient.netty.handler.HttpHandler - 

Request DefaultFullHttpRequest(decodeResult: success, version: HTTP/1.1, content: EmptyByteBufBE)
GET /session/830d92b298b49522c4491844a68d5079/element/aaa9eea6-9958-4a02-9954-43eacebaff95/enabled HTTP/1.1
User-Agent: selenium/4.7.1 (java windows)
Cache-Control: no-cache
Content-Type: application/json; charset=utf-8
host: localhost:23284
accept: */*

Response DefaultHttpResponse(decodeResult: success, version: HTTP/1.1)
HTTP/1.1 200 OK
Content-Type: application/json; charset=utf-8
cache-control: no-cache
content-length: 14

11:16:21.472 [AsyncHttpClient-1-8] DEBUG org.asynchttpclient.netty.channel.ChannelManager - Adding key: http://localhost:23284 for channel [id: 0x27535f86, L:/127.0.0.1:64330 - R:localhost/127.0.0.1:23284]
11:16:21.474 [Forwarding findElement on session 830d92b298b49522c4491844a68d5079 to remote] DEBUG org.asynchttpclient.netty.request.NettyRequestSender - Using pooled Channel '[id: 0x27535f86, L:/127.0.0.1:64330 - R:localhost/127.0.0.1:23284]' for 'POST' to 'http://localhost:23284/session/830d92b298b49522c4491844a68d5079/element'
11:16:21.474 [Forwarding findElement on session 830d92b298b49522c4491844a68d5079 to remote] DEBUG org.asynchttpclient.netty.request.NettyRequestSender - Using open Channel [id: 0x27535f86, L:/127.0.0.1:64330 - R:localhost/127.0.0.1:23284] for POST '/session/830d92b298b49522c4491844a68d5079/element'
11:16:21.478 [AsyncHttpClient-1-8] DEBUG org.asynchttpclient.netty.handler.HttpHandler - 

Request DefaultHttpRequest(decodeResult: success, version: HTTP/1.1)
POST /session/830d92b298b49522c4491844a68d5079/element HTTP/1.1
User-Agent: selenium/4.7.1 (java windows)
Content-Length: 90
Content-Type: application/json; charset=utf-8
host: localhost:23284
accept: */*

Response DefaultHttpResponse(decodeResult: success, version: HTTP/1.1)
HTTP/1.1 200 OK
Content-Type: application/json; charset=utf-8
cache-control: no-cache
content-length: 88

11:16:21.479 [AsyncHttpClient-1-8] DEBUG org.asynchttpclient.netty.channel.ChannelManager - Adding key: http://localhost:23284 for channel [id: 0x27535f86, L:/127.0.0.1:64330 - R:localhost/127.0.0.1:23284]
11:16:21.481 [Forwarding clickElement on session 830d92b298b49522c4491844a68d5079 to remote] DEBUG org.asynchttpclient.netty.request.NettyRequestSender - Using pooled Channel '[id: 0x27535f86, L:/127.0.0.1:64330 - R:localhost/127.0.0.1:23284]' for 'POST' to 'http://localhost:23284/session/830d92b298b49522c4491844a68d5079/element/aaa9eea6-9958-4a02-9954-43eacebaff95/click'
11:16:21.481 [Forwarding clickElement on session 830d92b298b49522c4491844a68d5079 to remote] DEBUG org.asynchttpclient.netty.request.NettyRequestSender - Using open Channel [id: 0x27535f86, L:/127.0.0.1:64330 - R:localhost/127.0.0.1:23284] for POST '/session/830d92b298b49522c4491844a68d5079/element/aaa9eea6-9958-4a02-9954-43eacebaff95/click'
11:16:21.511 [AsyncHttpClient-1-8] DEBUG org.asynchttpclient.netty.handler.HttpHandler - 

Request DefaultHttpRequest(decodeResult: success, version: HTTP/1.1)
POST /session/830d92b298b49522c4491844a68d5079/element/aaa9eea6-9958-4a02-9954-43eacebaff95/click HTTP/1.1
User-Agent: selenium/4.7.1 (java windows)
Content-Length: 50
Content-Type: application/json; charset=utf-8
host: localhost:23284
accept: */*

Response DefaultHttpResponse(decodeResult: success, version: HTTP/1.1)
HTTP/1.1 200 OK
Content-Type: application/json; charset=utf-8
cache-control: no-cache
content-length: 14

11:16:21.512 [AsyncHttpClient-1-8] DEBUG org.asynchttpclient.netty.channel.ChannelManager - Adding key: http://localhost:23284 for channel [id: 0x27535f86, L:/127.0.0.1:64330 - R:localhost/127.0.0.1:23284]
  &amp#27;[32mThen &amp#27;[0m&amp#27;[32mI click on Cart button&amp#27;[0m                         &amp#27;[90m# Class6BDD.steps.ProductSteps.iClickOnCartButton()&amp#27;[0m
11:16:21.516 [Forwarding getCurrentWindowHandle on session 830d92b298b49522c4491844a68d5079 to remote] DEBUG org.asynchttpclient.netty.request.NettyRequestSender - Using pooled Channel '[id: 0x27535f86, L:/127.0.0.1:64330 - R:localhost/127.0.0.1:23284]' for 'GET' to 'http://localhost:23284/session/830d92b298b49522c4491844a68d5079/window'
11:16:21.516 [Forwarding getCurrentWindowHandle on session 830d92b298b49522c4491844a68d5079 to remote] DEBUG org.asynchttpclient.netty.request.NettyRequestSender - Using open Channel [id: 0x27535f86, L:/127.0.0.1:64330 - R:localhost/127.0.0.1:23284] for GET '/session/830d92b298b49522c4491844a68d5079/window'
11:16:21.517 [AsyncHttpClient-1-8] DEBUG org.asynchttpclient.netty.handler.HttpHandler - 

Request DefaultFullHttpRequest(decodeResult: success, version: HTTP/1.1, content: EmptyByteBufBE)
GET /session/830d92b298b49522c4491844a68d5079/window HTTP/1.1
User-Agent: selenium/4.7.1 (java windows)
Cache-Control: no-cache
Content-Type: application/json; charset=utf-8
host: localhost:23284
accept: */*

Response DefaultHttpResponse(decodeResult: success, version: HTTP/1.1)
HTTP/1.1 200 OK
Content-Type: application/json; charset=utf-8
cache-control: no-cache
content-length: 53

11:16:21.517 [AsyncHttpClient-1-8] DEBUG org.asynchttpclient.netty.channel.ChannelManager - Adding key: http://localhost:23284 for channel [id: 0x27535f86, L:/127.0.0.1:64330 - R:localhost/127.0.0.1:23284]
11:16:21.518 [Forwarding getAlertText on session 830d92b298b49522c4491844a68d5079 to remote] DEBUG org.asynchttpclient.netty.request.NettyRequestSender - Using pooled Channel '[id: 0x27535f86, L:/127.0.0.1:64330 - R:localhost/127.0.0.1:23284]' for 'GET' to 'http://localhost:23284/session/830d92b298b49522c4491844a68d5079/alert/text'
11:16:21.518 [Forwarding getAlertText on session 830d92b298b49522c4491844a68d5079 to remote] DEBUG org.asynchttpclient.netty.request.NettyRequestSender - Using open Channel [id: 0x27535f86, L:/127.0.0.1:64330 - R:localhost/127.0.0.1:23284] for GET '/session/830d92b298b49522c4491844a68d5079/alert/text'
11:16:21.518 [AsyncHttpClient-1-8] DEBUG org.asynchttpclient.netty.handler.HttpHandler - 

Request DefaultFullHttpRequest(decodeResult: success, version: HTTP/1.1, content: EmptyByteBufBE)
GET /session/830d92b298b49522c4491844a68d5079/alert/text HTTP/1.1
User-Agent: selenium/4.7.1 (java windows)
Cache-Control: no-cache
Content-Type: application/json; charset=utf-8
host: localhost:23284
accept: */*

Response DefaultHttpResponse(decodeResult: success, version: HTTP/1.1)
HTTP/1.1 404 Not Found
Content-Type: application/json; charset=utf-8
cache-control: no-cache
content-length: 834

11:16:21.518 [AsyncHttpClient-1-8] DEBUG org.asynchttpclient.netty.channel.ChannelManager - Adding key: http://localhost:23284 for channel [id: 0x27535f86, L:/127.0.0.1:64330 - R:localhost/127.0.0.1:23284]
11:16:21.519 [Forwarding switchToWindow on session 830d92b298b49522c4491844a68d5079 to remote] DEBUG org.asynchttpclient.netty.request.NettyRequestSender - Using pooled Channel '[id: 0x27535f86, L:/127.0.0.1:64330 - R:localhost/127.0.0.1:23284]' for 'POST' to 'http://localhost:23284/session/830d92b298b49522c4491844a68d5079/window'
11:16:21.519 [Forwarding switchToWindow on session 830d92b298b49522c4491844a68d5079 to remote] DEBUG org.asynchttpclient.netty.request.NettyRequestSender - Using open Channel [id: 0x27535f86, L:/127.0.0.1:64330 - R:localhost/127.0.0.1:23284] for POST '/session/830d92b298b49522c4491844a68d5079/window'
11:16:21.520 [AsyncHttpClient-1-8] DEBUG org.asynchttpclient.netty.handler.HttpHandler - 

Request DefaultHttpRequest(decodeResult: success, version: HTTP/1.1)
POST /session/830d92b298b49522c4491844a68d5079/window HTTP/1.1
User-Agent: selenium/4.7.1 (java windows)
Content-Length: 59
Content-Type: application/json; charset=utf-8
host: localhost:23284
accept: */*

Response DefaultHttpResponse(decodeResult: success, version: HTTP/1.1)
HTTP/1.1 200 OK
Content-Type: application/json; charset=utf-8
cache-control: no-cache
content-length: 14

11:16:21.520 [AsyncHttpClient-1-8] DEBUG org.asynchttpclient.netty.channel.ChannelManager - Adding key: http://localhost:23284 for channel [id: 0x27535f86, L:/127.0.0.1:64330 - R:localhost/127.0.0.1:23284]
11:16:21.521 [Forwarding getCurrentUrl on session 830d92b298b49522c4491844a68d5079 to remote] DEBUG org.asynchttpclient.netty.request.NettyRequestSender - Using pooled Channel '[id: 0x27535f86, L:/127.0.0.1:64330 - R:localhost/127.0.0.1:23284]' for 'GET' to 'http://localhost:23284/session/830d92b298b49522c4491844a68d5079/url'
11:16:21.521 [Forwarding getCurrentUrl on session 830d92b298b49522c4491844a68d5079 to remote] DEBUG org.asynchttpclient.netty.request.NettyRequestSender - Using open Channel [id: 0x27535f86, L:/127.0.0.1:64330 - R:localhost/127.0.0.1:23284] for GET '/session/830d92b298b49522c4491844a68d5079/url'
11:16:21.523 [AsyncHttpClient-1-8] DEBUG org.asynchttpclient.netty.handler.HttpHandler - 

Request DefaultFullHttpRequest(decodeResult: success, version: HTTP/1.1, content: EmptyByteBufBE)
GET /session/830d92b298b49522c4491844a68d5079/url HTTP/1.1
User-Agent: selenium/4.7.1 (java windows)
Cache-Control: no-cache
Content-Type: application/json; charset=utf-8
host: localhost:23284
accept: */*

Response DefaultHttpResponse(decodeResult: success, version: HTTP/1.1)
HTTP/1.1 200 OK
Content-Type: application/json; charset=utf-8
cache-control: no-cache
content-length: 47

11:16:21.523 [AsyncHttpClient-1-8] DEBUG org.asynchttpclient.netty.channel.ChannelManager - Adding key: http://localhost:23284 for channel [id: 0x27535f86, L:/127.0.0.1:64330 - R:localhost/127.0.0.1:23284]
11:16:21.523 [Forwarding screenshot on session 830d92b298b49522c4491844a68d5079 to remote] DEBUG org.asynchttpclient.netty.request.NettyRequestSender - Using pooled Channel '[id: 0x27535f86, L:/127.0.0.1:64330 - R:localhost/127.0.0.1:23284]' for 'GET' to 'http://localhost:23284/session/830d92b298b49522c4491844a68d5079/screenshot'
11:16:21.523 [Forwarding screenshot on session 830d92b298b49522c4491844a68d5079 to remote] DEBUG org.asynchttpclient.netty.request.NettyRequestSender - Using open Channel [id: 0x27535f86, L:/127.0.0.1:64330 - R:localhost/127.0.0.1:23284] for GET '/session/830d92b298b49522c4491844a68d5079/screenshot'
11:16:21.702 [AsyncHttpClient-1-8] DEBUG org.asynchttpclient.netty.handler.HttpHandler - 

Request DefaultFullHttpRequest(decodeResult: success, version: HTTP/1.1, content: EmptyByteBufBE)
GET /session/830d92b298b49522c4491844a68d5079/screenshot HTTP/1.1
User-Agent: selenium/4.7.1 (java windows)
Cache-Control: no-cache
Content-Type: application/json; charset=utf-8
host: localhost:23284
accept: */*

Response DefaultHttpResponse(decodeResult: success, version: HTTP/1.1)
HTTP/1.1 200 OK
Content-Type: application/json; charset=utf-8
cache-control: no-cache
content-length: 121792

11:16:21.703 [AsyncHttpClient-1-8] DEBUG org.asynchttpclient.netty.channel.ChannelManager - Adding key: http://localhost:23284 for channel [id: 0x27535f86, L:/127.0.0.1:64330 - R:localhost/127.0.0.1:23284]
11:16:21.705 [main] DEBUG net.serenitybdd.core.photography.Darkroom - Send negative for processing for target\site\serenity\a0a234126478c172259d6dd85c4fd604aee9323dec203af1583792e73d9ccba9.png
11:16:21.710 [Forwarding getPageSource on session 830d92b298b49522c4491844a68d5079 to remote] DEBUG org.asynchttpclient.netty.request.NettyRequestSender - Using pooled Channel '[id: 0x27535f86, L:/127.0.0.1:64330 - R:localhost/127.0.0.1:23284]' for 'POST' to 'http://localhost:23284/session/830d92b298b49522c4491844a68d5079/execute/sync'
11:16:21.710 [Forwarding getPageSource on session 830d92b298b49522c4491844a68d5079 to remote] DEBUG org.asynchttpclient.netty.request.NettyRequestSender - Using open Channel [id: 0x27535f86, L:/127.0.0.1:64330 - R:localhost/127.0.0.1:23284] for POST '/session/830d92b298b49522c4491844a68d5079/execute/sync'
11:16:21.713 [AsyncHttpClient-1-8] DEBUG org.asynchttpclient.netty.handler.HttpHandler - 

Request DefaultHttpRequest(decodeResult: success, version: HTTP/1.1)
POST /session/830d92b298b49522c4491844a68d5079/execute/sync HTTP/1.1
User-Agent: selenium/4.7.1 (java windows)
Content-Length: 176
Content-Type: application/json; charset=utf-8
host: localhost:23284
accept: */*

Response DefaultHttpResponse(decodeResult: success, version: HTTP/1.1)
HTTP/1.1 200 OK
Content-Type: application/json; charset=utf-8
cache-control: no-cache
content-length: 10121

11:16:21.714 [AsyncHttpClient-1-8] DEBUG org.asynchttpclient.netty.channel.ChannelManager - Adding key: http://localhost:23284 for channel [id: 0x27535f86, L:/127.0.0.1:64330 - R:localhost/127.0.0.1:23284]
11:16:21.716 [Forwarding getCurrentUrl on session 830d92b298b49522c4491844a68d5079 to remote] DEBUG org.asynchttpclient.netty.request.NettyRequestSender - Using pooled Channel '[id: 0x27535f86, L:/127.0.0.1:64330 - R:localhost/127.0.0.1:23284]' for 'GET' to 'http://localhost:23284/session/830d92b298b49522c4491844a68d5079/url'
11:16:21.716 [Forwarding getCurrentUrl on session 830d92b298b49522c4491844a68d5079 to remote] DEBUG org.asynchttpclient.netty.request.NettyRequestSender - Using open Channel [id: 0x27535f86, L:/127.0.0.1:64330 - R:localhost/127.0.0.1:23284] for GET '/session/830d92b298b49522c4491844a68d5079/url'
11:16:21.719 [AsyncHttpClient-1-8] DEBUG org.asynchttpclient.netty.handler.HttpHandler - 

Request DefaultFullHttpRequest(decodeResult: success, version: HTTP/1.1, content: EmptyByteBufBE)
GET /session/830d92b298b49522c4491844a68d5079/url HTTP/1.1
User-Agent: selenium/4.7.1 (java windows)
Cache-Control: no-cache
Content-Type: application/json; charset=utf-8
host: localhost:23284
accept: */*

Response DefaultHttpResponse(decodeResult: success, version: HTTP/1.1)
HTTP/1.1 200 OK
Content-Type: application/json; charset=utf-8
cache-control: no-cache
content-length: 47

11:16:21.719 [AsyncHttpClient-1-8] DEBUG org.asynchttpclient.netty.channel.ChannelManager - Adding key: http://localhost:23284 for channel [id: 0x27535f86, L:/127.0.0.1:64330 - R:localhost/127.0.0.1:23284]
11:16:21.722 [Forwarding findElement on session 830d92b298b49522c4491844a68d5079 to remote] DEBUG org.asynchttpclient.netty.request.NettyRequestSender - Using pooled Channel '[id: 0x27535f86, L:/127.0.0.1:64330 - R:localhost/127.0.0.1:23284]' for 'POST' to 'http://localhost:23284/session/830d92b298b49522c4491844a68d5079/element'
11:16:21.722 [Forwarding findElement on session 830d92b298b49522c4491844a68d5079 to remote] DEBUG org.asynchttpclient.netty.request.NettyRequestSender - Using open Channel [id: 0x27535f86, L:/127.0.0.1:64330 - R:localhost/127.0.0.1:23284] for POST '/session/830d92b298b49522c4491844a68d5079/element'
11:16:21.727 [AsyncHttpClient-1-8] DEBUG org.asynchttpclient.netty.handler.HttpHandler - 

Request DefaultHttpRequest(decodeResult: success, version: HTTP/1.1)
POST /session/830d92b298b49522c4491844a68d5079/element HTTP/1.1
User-Agent: selenium/4.7.1 (java windows)
Content-Length: 86
Content-Type: application/json; charset=utf-8
host: localhost:23284
accept: */*

Response DefaultHttpResponse(decodeResult: success, version: HTTP/1.1)
HTTP/1.1 200 OK
Content-Type: application/json; charset=utf-8
cache-control: no-cache
content-length: 88

11:16:21.727 [AsyncHttpClient-1-8] DEBUG org.asynchttpclient.netty.channel.ChannelManager - Adding key: http://localhost:23284 for channel [id: 0x27535f86, L:/127.0.0.1:64330 - R:localhost/127.0.0.1:23284]
11:16:21.729 [Forwarding getElementText on session 830d92b298b49522c4491844a68d5079 to remote] DEBUG org.asynchttpclient.netty.request.NettyRequestSender - Using pooled Channel '[id: 0x27535f86, L:/127.0.0.1:64330 - R:localhost/127.0.0.1:23284]' for 'GET' to 'http://localhost:23284/session/830d92b298b49522c4491844a68d5079/element/dffc4c49-16ad-487c-ac62-4c2c6e994746/text'
11:16:21.729 [Forwarding getElementText on session 830d92b298b49522c4491844a68d5079 to remote] DEBUG org.asynchttpclient.netty.request.NettyRequestSender - Using open Channel [id: 0x27535f86, L:/127.0.0.1:64330 - R:localhost/127.0.0.1:23284] for GET '/session/830d92b298b49522c4491844a68d5079/element/dffc4c49-16ad-487c-ac62-4c2c6e994746/text'
11:16:21.739 [AsyncHttpClient-1-8] DEBUG org.asynchttpclient.netty.handler.HttpHandler - 

Request DefaultFullHttpRequest(decodeResult: success, version: HTTP/1.1, content: EmptyByteBufBE)
GET /session/830d92b298b49522c4491844a68d5079/element/dffc4c49-16ad-487c-ac62-4c2c6e994746/text HTTP/1.1
User-Agent: selenium/4.7.1 (java windows)
Cache-Control: no-cache
Content-Type: application/json; charset=utf-8
host: localhost:23284
accept: */*

Response DefaultHttpResponse(decodeResult: success, version: HTTP/1.1)
HTTP/1.1 200 OK
Content-Type: application/json; charset=utf-8
cache-control: no-cache
content-length: 31

11:16:21.739 [AsyncHttpClient-1-8] DEBUG org.asynchttpclient.netty.channel.ChannelManager - Adding key: http://localhost:23284 for channel [id: 0x27535f86, L:/127.0.0.1:64330 - R:localhost/127.0.0.1:23284]
  &amp#27;[32mThen &amp#27;[0m&amp#27;[32mI check on cart &amp#27;[0m&amp#27;[32m&amp#27;[1m"Sauce Labs Backpack"&amp#27;[0m          &amp#27;[90m# Class6BDD.steps.CartSteps.iCheckOnCart(java.lang.String)&amp#27;[0m
11:16:21.747 [Forwarding getPageSource on session 830d92b298b49522c4491844a68d5079 to remote] DEBUG org.asynchttpclient.netty.request.NettyRequestSender - Using pooled Channel '[id: 0x27535f86, L:/127.0.0.1:64330 - R:localhost/127.0.0.1:23284]' for 'POST' to 'http://localhost:23284/session/830d92b298b49522c4491844a68d5079/execute/sync'
11:16:21.747 [Forwarding getPageSource on session 830d92b298b49522c4491844a68d5079 to remote] DEBUG org.asynchttpclient.netty.request.NettyRequestSender - Using open Channel [id: 0x27535f86, L:/127.0.0.1:64330 - R:localhost/127.0.0.1:23284] for POST '/session/830d92b298b49522c4491844a68d5079/execute/sync'
11:16:21.750 [AsyncHttpClient-1-8] DEBUG org.asynchttpclient.netty.handler.HttpHandler - 

Request DefaultHttpRequest(decodeResult: success, version: HTTP/1.1)
POST /session/830d92b298b49522c4491844a68d5079/execute/sync HTTP/1.1
User-Agent: selenium/4.7.1 (java windows)
Content-Length: 176
Content-Type: application/json; charset=utf-8
host: localhost:23284
accept: */*

Response DefaultHttpResponse(decodeResult: success, version: HTTP/1.1)
HTTP/1.1 200 OK
Content-Type: application/json; charset=utf-8
cache-control: no-cache
content-length: 10121

11:16:21.750 [AsyncHttpClient-1-8] DEBUG org.asynchttpclient.netty.channel.ChannelManager - Adding key: http://localhost:23284 for channel [id: 0x27535f86, L:/127.0.0.1:64330 - R:localhost/127.0.0.1:23284]
11:16:21.752 [Forwarding getCurrentUrl on session 830d92b298b49522c4491844a68d5079 to remote] DEBUG org.asynchttpclient.netty.request.NettyRequestSender - Using pooled Channel '[id: 0x27535f86, L:/127.0.0.1:64330 - R:localhost/127.0.0.1:23284]' for 'GET' to 'http://localhost:23284/session/830d92b298b49522c4491844a68d5079/url'
11:16:21.753 [Forwarding getCurrentUrl on session 830d92b298b49522c4491844a68d5079 to remote] DEBUG org.asynchttpclient.netty.request.NettyRequestSender - Using open Channel [id: 0x27535f86, L:/127.0.0.1:64330 - R:localhost/127.0.0.1:23284] for GET '/session/830d92b298b49522c4491844a68d5079/url'
11:16:21.756 [AsyncHttpClient-1-8] DEBUG org.asynchttpclient.netty.handler.HttpHandler - 

Request DefaultFullHttpRequest(decodeResult: success, version: HTTP/1.1, content: EmptyByteBufBE)
GET /session/830d92b298b49522c4491844a68d5079/url HTTP/1.1
User-Agent: selenium/4.7.1 (java windows)
Cache-Control: no-cache
Content-Type: application/json; charset=utf-8
host: localhost:23284
accept: */*

Response DefaultHttpResponse(decodeResult: success, version: HTTP/1.1)
HTTP/1.1 200 OK
Content-Type: application/json; charset=utf-8
cache-control: no-cache
content-length: 47

11:16:21.756 [AsyncHttpClient-1-8] DEBUG org.asynchttpclient.netty.channel.ChannelManager - Adding key: http://localhost:23284 for channel [id: 0x27535f86, L:/127.0.0.1:64330 - R:localhost/127.0.0.1:23284]
11:16:22.086 [AsyncHttpClient-1-1] DEBUG org.asynchttpclient.netty.channel.DefaultChannelPool - Entry count for : http://localhost:23284 : 1
11:16:22.086 [AsyncHttpClient-1-1] DEBUG org.asynchttpclient.netty.channel.DefaultChannelPool - Entry count for : http://localhost:64331 : 1
11:16:23.179 [AsyncHttpClient-1-1] DEBUG org.asynchttpclient.netty.channel.DefaultChannelPool - Entry count for : http://localhost:23284 : 1
11:16:23.179 [AsyncHttpClient-1-1] DEBUG org.asynchttpclient.netty.channel.DefaultChannelPool - Entry count for : http://localhost:64331 : 1
11:16:24.278 [AsyncHttpClient-1-1] DEBUG org.asynchttpclient.netty.channel.DefaultChannelPool - Entry count for : http://localhost:23284 : 1
11:16:24.278 [AsyncHttpClient-1-1] DEBUG org.asynchttpclient.netty.channel.DefaultChannelPool - Entry count for : http://localhost:64331 : 1
11:16:25.378 [AsyncHttpClient-1-1] DEBUG org.asynchttpclient.netty.channel.DefaultChannelPool - Entry count for : http://localhost:23284 : 1
11:16:25.379 [AsyncHttpClient-1-1] DEBUG org.asynchttpclient.netty.channel.DefaultChannelPool - Entry count for : http://localhost:64331 : 1
11:16:26.479 [AsyncHttpClient-1-1] DEBUG org.asynchttpclient.netty.channel.DefaultChannelPool - Entry count for : http://localhost:23284 : 1
11:16:26.479 [AsyncHttpClient-1-1] DEBUG org.asynchttpclient.netty.channel.DefaultChannelPool - Entry count for : http://localhost:64331 : 1
  &amp#27;[32mThen &amp#27;[0m&amp#27;[32mJust wait &amp#27;[0m&amp#27;[32m&amp#27;[1m5000&amp#27;[0m                                 &amp#27;[90m# Class6BDD.steps.CommonSteps.justWait(int)&amp#27;[0m
11:16:26.778 [Forwarding getCurrentWindowHandle on session 830d92b298b49522c4491844a68d5079 to remote] DEBUG org.asynchttpclient.netty.request.NettyRequestSender - Using pooled Channel '[id: 0x27535f86, L:/127.0.0.1:64330 - R:localhost/127.0.0.1:23284]' for 'GET' to 'http://localhost:23284/session/830d92b298b49522c4491844a68d5079/window'
11:16:26.778 [Forwarding getCurrentWindowHandle on session 830d92b298b49522c4491844a68d5079 to remote] DEBUG org.asynchttpclient.netty.request.NettyRequestSender - Using open Channel [id: 0x27535f86, L:/127.0.0.1:64330 - R:localhost/127.0.0.1:23284] for GET '/session/830d92b298b49522c4491844a68d5079/window'
11:16:26.779 [AsyncHttpClient-1-8] DEBUG org.asynchttpclient.netty.handler.HttpHandler - 

Request DefaultFullHttpRequest(decodeResult: success, version: HTTP/1.1, content: EmptyByteBufBE)
GET /session/830d92b298b49522c4491844a68d5079/window HTTP/1.1
User-Agent: selenium/4.7.1 (java windows)
Cache-Control: no-cache
Content-Type: application/json; charset=utf-8
host: localhost:23284
accept: */*

Response DefaultHttpResponse(decodeResult: success, version: HTTP/1.1)
HTTP/1.1 200 OK
Content-Type: application/json; charset=utf-8
cache-control: no-cache
content-length: 53

11:16:26.779 [AsyncHttpClient-1-8] DEBUG org.asynchttpclient.netty.channel.ChannelManager - Adding key: http://localhost:23284 for channel [id: 0x27535f86, L:/127.0.0.1:64330 - R:localhost/127.0.0.1:23284]
11:16:26.780 [Forwarding getAlertText on session 830d92b298b49522c4491844a68d5079 to remote] DEBUG org.asynchttpclient.netty.request.NettyRequestSender - Using pooled Channel '[id: 0x27535f86, L:/127.0.0.1:64330 - R:localhost/127.0.0.1:23284]' for 'GET' to 'http://localhost:23284/session/830d92b298b49522c4491844a68d5079/alert/text'
11:16:26.780 [Forwarding getAlertText on session 830d92b298b49522c4491844a68d5079 to remote] DEBUG org.asynchttpclient.netty.request.NettyRequestSender - Using open Channel [id: 0x27535f86, L:/127.0.0.1:64330 - R:localhost/127.0.0.1:23284] for GET '/session/830d92b298b49522c4491844a68d5079/alert/text'
11:16:26.783 [AsyncHttpClient-1-8] DEBUG org.asynchttpclient.netty.handler.HttpHandler - 

Request DefaultFullHttpRequest(decodeResult: success, version: HTTP/1.1, content: EmptyByteBufBE)
GET /session/830d92b298b49522c4491844a68d5079/alert/text HTTP/1.1
User-Agent: selenium/4.7.1 (java windows)
Cache-Control: no-cache
Content-Type: application/json; charset=utf-8
host: localhost:23284
accept: */*

Response DefaultHttpResponse(decodeResult: success, version: HTTP/1.1)
HTTP/1.1 404 Not Found
Content-Type: application/json; charset=utf-8
cache-control: no-cache
content-length: 834

11:16:26.783 [AsyncHttpClient-1-8] DEBUG org.asynchttpclient.netty.channel.ChannelManager - Adding key: http://localhost:23284 for channel [id: 0x27535f86, L:/127.0.0.1:64330 - R:localhost/127.0.0.1:23284]
11:16:26.784 [Forwarding switchToWindow on session 830d92b298b49522c4491844a68d5079 to remote] DEBUG org.asynchttpclient.netty.request.NettyRequestSender - Using pooled Channel '[id: 0x27535f86, L:/127.0.0.1:64330 - R:localhost/127.0.0.1:23284]' for 'POST' to 'http://localhost:23284/session/830d92b298b49522c4491844a68d5079/window'
11:16:26.784 [Forwarding switchToWindow on session 830d92b298b49522c4491844a68d5079 to remote] DEBUG org.asynchttpclient.netty.request.NettyRequestSender - Using open Channel [id: 0x27535f86, L:/127.0.0.1:64330 - R:localhost/127.0.0.1:23284] for POST '/session/830d92b298b49522c4491844a68d5079/window'
11:16:26.786 [AsyncHttpClient-1-8] DEBUG org.asynchttpclient.netty.handler.HttpHandler - 

Request DefaultHttpRequest(decodeResult: success, version: HTTP/1.1)
POST /session/830d92b298b49522c4491844a68d5079/window HTTP/1.1
User-Agent: selenium/4.7.1 (java windows)
Content-Length: 59
Content-Type: application/json; charset=utf-8
host: localhost:23284
accept: */*

Response DefaultHttpResponse(decodeResult: success, version: HTTP/1.1)
HTTP/1.1 200 OK
Content-Type: application/json; charset=utf-8
cache-control: no-cache
content-length: 14

11:16:26.786 [AsyncHttpClient-1-8] DEBUG org.asynchttpclient.netty.channel.ChannelManager - Adding key: http://localhost:23284 for channel [id: 0x27535f86, L:/127.0.0.1:64330 - R:localhost/127.0.0.1:23284]
11:16:26.788 [Forwarding getCurrentUrl on session 830d92b298b49522c4491844a68d5079 to remote] DEBUG org.asynchttpclient.netty.request.NettyRequestSender - Using pooled Channel '[id: 0x27535f86, L:/127.0.0.1:64330 - R:localhost/127.0.0.1:23284]' for 'GET' to 'http://localhost:23284/session/830d92b298b49522c4491844a68d5079/url'
11:16:26.788 [Forwarding getCurrentUrl on session 830d92b298b49522c4491844a68d5079 to remote] DEBUG org.asynchttpclient.netty.request.NettyRequestSender - Using open Channel [id: 0x27535f86, L:/127.0.0.1:64330 - R:localhost/127.0.0.1:23284] for GET '/session/830d92b298b49522c4491844a68d5079/url'
11:16:26.791 [AsyncHttpClient-1-8] DEBUG org.asynchttpclient.netty.handler.HttpHandler - 

Request DefaultFullHttpRequest(decodeResult: success, version: HTTP/1.1, content: EmptyByteBufBE)
GET /session/830d92b298b49522c4491844a68d5079/url HTTP/1.1
User-Agent: selenium/4.7.1 (java windows)
Cache-Control: no-cache
Content-Type: application/json; charset=utf-8
host: localhost:23284
accept: */*

Response DefaultHttpResponse(decodeResult: success, version: HTTP/1.1)
HTTP/1.1 200 OK
Content-Type: application/json; charset=utf-8
cache-control: no-cache
content-length: 47

11:16:26.791 [AsyncHttpClient-1-8] DEBUG org.asynchttpclient.netty.channel.ChannelManager - Adding key: http://localhost:23284 for channel [id: 0x27535f86, L:/127.0.0.1:64330 - R:localhost/127.0.0.1:23284]
11:16:26.792 [Forwarding screenshot on session 830d92b298b49522c4491844a68d5079 to remote] DEBUG org.asynchttpclient.netty.request.NettyRequestSender - Using pooled Channel '[id: 0x27535f86, L:/127.0.0.1:64330 - R:localhost/127.0.0.1:23284]' for 'GET' to 'http://localhost:23284/session/830d92b298b49522c4491844a68d5079/screenshot'
11:16:26.792 [Forwarding screenshot on session 830d92b298b49522c4491844a68d5079 to remote] DEBUG org.asynchttpclient.netty.request.NettyRequestSender - Using open Channel [id: 0x27535f86, L:/127.0.0.1:64330 - R:localhost/127.0.0.1:23284] for GET '/session/830d92b298b49522c4491844a68d5079/screenshot'
11:16:26.930 [AsyncHttpClient-1-8] DEBUG org.asynchttpclient.netty.handler.HttpHandler - 

Request DefaultFullHttpRequest(decodeResult: success, version: HTTP/1.1, content: EmptyByteBufBE)
GET /session/830d92b298b49522c4491844a68d5079/screenshot HTTP/1.1
User-Agent: selenium/4.7.1 (java windows)
Cache-Control: no-cache
Content-Type: application/json; charset=utf-8
host: localhost:23284
accept: */*

Response DefaultHttpResponse(decodeResult: success, version: HTTP/1.1)
HTTP/1.1 200 OK
Content-Type: application/json; charset=utf-8
cache-control: no-cache
content-length: 121792

11:16:26.930 [AsyncHttpClient-1-8] DEBUG org.asynchttpclient.netty.channel.ChannelManager - Adding key: http://localhost:23284 for channel [id: 0x27535f86, L:/127.0.0.1:64330 - R:localhost/127.0.0.1:23284]
11:16:26.931 [main] DEBUG net.serenitybdd.core.photography.Darkroom - Send negative for processing for target\site\serenity\a0a234126478c172259d6dd85c4fd604aee9323dec203af1583792e73d9ccba9.png
11:16:26.932 [main] INFO  - 
  _____   ___   ___   _____     ___     _     ___   ___   ___   ___  
 |_   _| | __| / __| |_   _|   | _ \   /_\   / __| / __| | __| |   \ 
   | |   | _|  \__ \   | |     |  _/  / _ \  \__ \ \__ \ | _|  | |) |
   |_|   |___| |___/   |_|     |_|   /_/ \_\ |___/ |___/ |___| |___/ 

Cart Scenario
----------------------------------------------------------------------
11:16:26.933 [AsyncHttpClient-1-10] DEBUG org.asynchttpclient.netty.handler.WebSocketHandler - Channel Closed: [id: 0x477ad509, L:/127.0.0.1:64337 ! R:localhost/127.0.0.1:64331] with attribute NettyResponseFuture{currentRetry=0,
	isDone=1,
	isCancelled=0,
	asyncHandler=org.asynchttpclient.ws.WebSocketUpgradeHandler@564b08b2,
	nettyRequest=org.asynchttpclient.netty.request.NettyRequest@13498c1f,
	future=java.util.concurrent.CompletableFuture@54a350c7[Completed normally],
	uri=ws://localhost:64331/devtools/browser/d604cf16-6072-4614-9cbc-a1f489aaa399,
	keepAlive=true,
	redirectCount=0,
	timeoutsHolder=null,
	inAuth=0,
	touch=1677525378380}
11:16:26.933 [AsyncHttpClient-1-10] DEBUG org.asynchttpclient.netty.channel.ChannelManager - Closing Channel [id: 0x477ad509, L:/127.0.0.1:64337 ! R:localhost/127.0.0.1:64331] 
11:16:26.933 [Driver Command Executor] DEBUG org.asynchttpclient.netty.request.NettyRequestSender - Using pooled Channel '[id: 0x27535f86, L:/127.0.0.1:64330 - R:localhost/127.0.0.1:23284]' for 'DELETE' to 'http://localhost:23284/session/830d92b298b49522c4491844a68d5079'
11:16:26.933 [Driver Command Executor] DEBUG org.asynchttpclient.netty.request.NettyRequestSender - Using open Channel [id: 0x27535f86, L:/127.0.0.1:64330 - R:localhost/127.0.0.1:23284] for DELETE '/session/830d92b298b49522c4491844a68d5079'
11:16:26.940 [AsyncHttpClient-1-9] DEBUG org.asynchttpclient.netty.handler.HttpHandler - Unexpected I/O exception on channel [id: 0xa7f63d79, L:/127.0.0.1:64336 - R:localhost/127.0.0.1:64331]
java.net.SocketException: Connection reset
	at java.base/sun.nio.ch.SocketChannelImpl.throwConnectionReset(SocketChannelImpl.java:401)
	at java.base/sun.nio.ch.SocketChannelImpl.read(SocketChannelImpl.java:434)
	at io.netty.buffer.PooledByteBuf.setBytes(PooledByteBuf.java:259)
	at io.netty.buffer.AbstractByteBuf.writeBytes(AbstractByteBuf.java:1132)
	at io.netty.channel.socket.nio.NioSocketChannel.doReadBytes(NioSocketChannel.java:357)
	at io.netty.channel.nio.AbstractNioByteChannel$NioByteUnsafe.read(AbstractNioByteChannel.java:151)
	at io.netty.channel.nio.NioEventLoop.processSelectedKey(NioEventLoop.java:788)
	at io.netty.channel.nio.NioEventLoop.processSelectedKeysOptimized(NioEventLoop.java:724)
	at io.netty.channel.nio.NioEventLoop.processSelectedKeys(NioEventLoop.java:650)
	at io.netty.channel.nio.NioEventLoop.run(NioEventLoop.java:562)
	at io.netty.util.concurrent.SingleThreadEventExecutor$4.run(SingleThreadEventExecutor.java:997)
	at io.netty.util.internal.ThreadExecutorMap$2.run(ThreadExecutorMap.java:74)
	at io.netty.util.concurrent.FastThreadLocalRunnable.run(FastThreadLocalRunnable.java:30)
	at java.base/java.lang.Thread.run(Thread.java:1589)
11:16:26.940 [AsyncHttpClient-1-9] DEBUG org.asynchttpclient.netty.channel.ChannelManager - Closing Channel [id: 0xa7f63d79, L:/127.0.0.1:64336 - R:localhost/127.0.0.1:64331] 
11:16:26.940 [AsyncHttpClient-1-9] DEBUG org.asynchttpclient.netty.handler.HttpHandler - Channel Closed: [id: 0xa7f63d79, L:/127.0.0.1:64336 ! R:localhost/127.0.0.1:64331] with attribute DISCARD
11:16:26.947 [AsyncHttpClient-1-8] DEBUG org.asynchttpclient.netty.handler.HttpHandler - 

Request DefaultFullHttpRequest(decodeResult: success, version: HTTP/1.1, content: EmptyByteBufBE)
DELETE /session/830d92b298b49522c4491844a68d5079 HTTP/1.1
User-Agent: selenium/4.7.1 (java windows)
Content-Type: application/json; charset=utf-8
host: localhost:23284
accept: */*

Response DefaultHttpResponse(decodeResult: success, version: HTTP/1.1)
HTTP/1.1 200 OK
Content-Type: application/json; charset=utf-8
cache-control: no-cache
content-length: 14

11:16:26.947 [AsyncHttpClient-1-8] DEBUG org.asynchttpclient.netty.channel.ChannelManager - Adding key: http://localhost:23284 for channel [id: 0x27535f86, L:/127.0.0.1:64330 - R:localhost/127.0.0.1:23284]
11:16:26.972 [AsyncHttpClient-1-8] DEBUG org.asynchttpclient.netty.handler.HttpHandler - Channel Closed: [id: 0x27535f86, L:/127.0.0.1:64330 ! R:localhost/127.0.0.1:23284] with attribute DISCARD
]]></system-out>
    <system-err><![CDATA[Starting ChromeDriver 110.0.5481.77 (65ed616c6e8ee3fe0ad64fe83796c020644d42af-refs/branch-heads/5481@{#839}) on port 23284
Only local connections are allowed.
Please see https://chromedriver.chromium.org/security-considerations for suggestions on keeping ChromeDriver safe.
ChromeDriver was started successfully.
[1677525378.361][WARNING]: virtual void DevToolsClientImpl::AddListener(DevToolsEventListener *) subscribing a listener to the already connected DevToolsClient. Connection notification will not arrive.
Feb 27, 2023 11:16:18 AM org.openqa.selenium.devtools.CdpVersionFinder findNearestMatch
WARNING: Unable to find an exact match for CDP version 110, so returning the closest version found: 108
]]></system-err>
  </testcase>
</testsuite>